Log file open, 05/06/15 09:38:16
LogInit:Display: Running engine for game: MyProject
LogInit: Version: 4.7.6-2513093+++depot+UE4-Releases+4.7
LogInit: API Version: 2455222
LogInit: Compiled (64-bit): Apr 15 2015 12:09:54
LogInit: Compiled with Visual C++: 18.00.21005.01
LogInit: Build Configuration: Development
LogInit: Branch Name: ++depot+UE4-Releases+4.7
LogInit: Command line:  
LogInit: Base directory: C:/Program Files/Epic Games/4.7/Engine/Binaries/Win64/
LogInit: Rocket: 1
[2015.05.06-13.38.16:627][  0]LogTaskGraph: Started task graph with 3 named threads and 6 total threads.
[2015.05.06-13.38.16:682][  0]LogOnline:Warning: No default platform service specified for OnlineSubsystem
[2015.05.06-13.38.16:693][  0]LogInit: Presizing for 0 objects not considered by GC, pre-allocating 0 bytes.
[2015.05.06-13.38.16:702][  0]LogInit: Object subsystem initialized
[2015.05.06-13.38.16:704][  0]LogConsoleResponse:Warning: Skipping Unknown console variable: 'TranslucentSortAxis = (X=0.000000,Y=-1.000000,Z=0.000000)'
[2015.05.06-13.38.16:704][  0]LogConsoleResponse:Warning:   Found in ini file 'C:/Users/Philippe/Desktop/MyProject/Saved/Config/Windows/Engine.ini', in section '[/Script/Engine.RendererSettings]'
[2015.05.06-13.38.16:704][  0]LogConsoleResponse:Warning: Skipping Unknown console variable: 'UIScaleRule = ShortestSide'
[2015.05.06-13.38.16:704][  0]LogConsoleResponse:Warning:   Found in ini file 'C:/Users/Philippe/Desktop/MyProject/Saved/Config/Windows/Engine.ini', in section '[/Script/Engine.RendererSettings]'
[2015.05.06-13.38.16:704][  0]LogConsoleResponse:Warning: Skipping Unknown console variable: 'UIScaleCurve = (EditorCurveData=(Keys=),ExternalCurve=None)'
[2015.05.06-13.38.16:704][  0]LogConsoleResponse:Warning:   Found in ini file 'C:/Users/Philippe/Desktop/MyProject/Saved/Config/Windows/Engine.ini', in section '[/Script/Engine.RendererSettings]'
[2015.05.06-13.38.16:704][  0]LogInit: Selected Device Profile: [Windows]
[2015.05.06-13.38.16:704][  0]LogInit: Applying CVar settings loaded from the selected device profile: [Windows]
[2015.05.06-13.38.16:717][  0]LogInit: Computer: DADALPC
[2015.05.06-13.38.16:717][  0]LogInit: User: Philippe
[2015.05.06-13.38.16:717][  0]LogInit: CPU Page size=4096, Cores=4
[2015.05.06-13.38.16:717][  0]LogInit: High frequency timer resolution =2.143487 MHz
[2015.05.06-13.38.16:718][  0]LogMemory: Memory total: Physical=3.9GB (4GB approx) Virtual=131072.0GB
[2015.05.06-13.38.16:718][  0]LogMemory: Platform Memory Stats for Windows
[2015.05.06-13.38.16:718][  0]LogMemory: Process Physical Memory: 46.01 MB used, 46.01 MB peak
[2015.05.06-13.38.16:718][  0]LogMemory: Process Virtual Memory: 24.54 MB used, 24.55 MB peak
[2015.05.06-13.38.16:718][  0]LogMemory: Physical Memory: 2210.39 MB used, 4012.27 MB total
[2015.05.06-13.38.16:718][  0]LogMemory: Virtual Memory: 290.78 MB used, 134217728.00 MB total
[2015.05.06-13.38.17:071][  0]LogD3D11RHI: Found D3D11 adapter 0: Intel(R) HD Graphics 4600 (Feature Level 11_0)
[2015.05.06-13.38.17:071][  0]LogD3D11RHI: Adapter has 0MB of dedicated video memory, 0MB of dedicated system memory, and 1792MB of shared system memory, 1 output[s]
[2015.05.06-13.38.17:083][  0]LogD3D11RHI: Found D3D11 adapter 1: NVIDIA GeForce GTX 760M (Feature Level 11_0)
[2015.05.06-13.38.17:083][  0]LogD3D11RHI: Adapter has 1988MB of dedicated video memory, 0MB of dedicated system memory, and 2006MB of shared system memory, 0 output[s]
[2015.05.06-13.38.17:084][  0]LogD3D11RHI: Found D3D11 adapter 2: Microsoft Basic Render Driver (Feature Level 11_0)
[2015.05.06-13.38.17:084][  0]LogD3D11RHI: Adapter has 0MB of dedicated video memory, 0MB of dedicated system memory, and 256MB of shared system memory, 0 output[s]
[2015.05.06-13.38.17:084][  0]LogD3D11RHI: Chosen D3D11 Adapter Id = 0
[2015.05.06-13.38.17:088][  0]LogRHI: Texture pool is 1361 MB (70% of 1945 MB)
[2015.05.06-13.38.17:099][  0]LogD3D11RHI: Async texture creation enabled
[2015.05.06-13.38.17:159][  0]LogTextLocalizationManager: The requested culture ('en_CA') has no localization data; parent culture's ('en') localization data will be used.
[2015.05.06-13.38.17:240][  0]LogTextLocalizationManager:Warning: Loading localization resources contain conflicting entries for (Namespace:UICommands, Key:Save_ToolTip):
Resource: (C:/Program Files/Epic Games/4.7/Engine/Content/Localization/Editor/en/Editor.locres) Hash: (-29098895) String: (Saves the current level to disk)
Resource: (C:/Program Files/Epic Games/4.7/Engine/Content/Localization/Engine/en/Engine.locres) Hash: (-1280300587) String: (Save selected data to vlog file)
[2015.05.06-13.38.17:240][  0]LogTextLocalizationManager:Warning: Loading localization resources contain conflicting entries for (Namespace:ContentBrowser, Key:ImportAssetToolTip):
Resource: (C:/Program Files/Epic Games/4.7/Engine/Content/Localization/Editor/en/Editor.locres) Hash: (-630476809) String: (Import to {0}...)
Resource: (C:/Program Files/Epic Games/4.7/Engine/Content/Localization/Editor/en/Editor.locres) Hash: (1271782899) String: (Imports an asset from file to this folder.)
[2015.05.06-13.38.17:317][  0]LogContentStreaming: Texture pool size is 0.000000MB
[2015.05.06-13.38.20:044][  0]LogTargetPlatformManager:Display: Building Assets For Windows
[2015.05.06-13.38.20:541][  0]LogTargetPlatformManager:Display: Building Assets For Windows
[2015.05.06-13.38.20:598][  0]LogDerivedDataCache:Display: Max Cache Size: 512 MB
[2015.05.06-13.38.20:645][  0]LogDerivedDataCache: Loaded boot cache 0.05s 39MB C:/Users/Philippe/AppData/Local/UnrealEngine/4.7/DerivedDataCache/Boot.ddc.
[2015.05.06-13.38.20:645][  0]LogDerivedDataCache:Display: Loaded Boot cache: C:/Users/Philippe/AppData/Local/UnrealEngine/4.7/DerivedDataCache/Boot.ddc
[2015.05.06-13.38.20:645][  0]LogDerivedDataCache: FDerivedDataBackendGraph:  Pak pak cache file ../../../../../../Users/Philippe/Desktop/MyProject/DerivedDataCache/DDC.ddp not found, will not use a pak cache.
[2015.05.06-13.38.20:645][  0]LogDerivedDataCache: Unable to find inner node Pak for hierarchical cache Hierarchy.
[2015.05.06-13.38.20:759][  0]LogDerivedDataCache:Display: Pak cache opened for reading ../../../Engine/DerivedDataCache/Compressed.ddp.
[2015.05.06-13.38.20:771][  0]LogDerivedDataCache: Using Local data cache path C:/Users/Philippe/AppData/Local/UnrealEngine/Common/DerivedDataCache: Writable
[2015.05.06-13.38.21:033][  0]LogMeshUtilities: No automatic mesh reduction module available
[2015.05.06-13.38.21:033][  0]LogMeshUtilities: No automatic mesh merging module available
[2015.05.06-13.38.21:412][  0]LogInit: WinSock: version 1.1 (2.2), MaxSocks=32767, MaxUdp=65467
[2015.05.06-13.38.21:533][  0]LogSlate:Warning: Failed to load font data from '../../../Engine/Content/Slate/Fonts/Roboto-Italic.ttf'
[2015.05.06-13.38.34:277][  0]UdpMessaging: Initializing bridge on interface 0.0.0.0:0 to multicast group 230.0.0.1:6666.
[2015.05.06-13.38.34:618][  0]SourceControl: Info Source control is disabled
[2015.05.06-13.38.34:618][  0]SourceControl: Info Source control is disabled
[2015.05.06-13.38.34:618][  0]SourceControl: Info Source control is disabled
[2015.05.06-13.38.34:626][  0]SourceControl: Info Source control is disabled
[2015.05.06-13.38.35:018][  0]LogObj: 24232 objects as part of root set at end of initial load.
[2015.05.06-13.38.35:018][  0]LogUObjectAllocator: 5137176 out of 0 bytes used by permanent object pool.
[2015.05.06-13.38.35:093][  0]LogEngine: Initializing Engine...
[2015.05.06-13.38.37:249][  0]LogInit: XAudio2 using 'Haut-parleurs (2- Périphérique High Definition Audio)' : 2 channels at 44.1 kHz using 16 bits per sample (channel mask 0x3)
[2015.05.06-13.38.37:264][  0]LogInit: FAudioDevice initialized.
[2015.05.06-13.38.37:298][  0]LogAIModule: Creating AISystem for world NewWorld
[2015.05.06-13.38.37:323][  0]LogDerivedDataCache: Saved boot cache 0.02s 39MB C:/Users/Philippe/AppData/Local/UnrealEngine/4.7/DerivedDataCache/Boot.ddc.
[2015.05.06-13.38.37:329][  0]LogInit: Texture streaming: Enabled
[2015.05.06-13.38.37:411][  0]LogAnalytics: Creating configured Analytics provider AnalyticsET
[2015.05.06-13.38.37:411][  0]LogAnalytics: ET APIKey = Rocket.Release. APIServer = http://et2.epicgames.com/ET2/. AppVersion = 4.7.6-2513093+++depot+UE4-Releases+4.7
[2015.05.06-13.38.37:411][  0]LogAnalytics: ET APIKey = Rocket.Release. DataRouterUploadURL = https://datarouter-public-service-gamedev.ol.epicgames.net/datarouter/api/v1/public/data. AppVersion = 4.7.6-2513093+++depot+UE4-Releases+4.7
[2015.05.06-13.38.37:411][  0]LogAnalytics: SetUserId 0df459504838d697bb98a6bea833286a|795bd2c13c8c4949af8fb6ead4cba229|56f7e187-0e90-478e-80cd-3b59144cc71d
[2015.05.06-13.38.37:411][  0]LogAnalytics: AnalyticsET::StartSession [Rocket.Release]
[2015.05.06-13.38.37:431][  0]LogInit: Transaction tracking system initialized
[2015.05.06-13.38.37:585][  0]BlueprintLog: New page: Editor Load
[2015.05.06-13.38.37:618][  0]LogAssetRegistry: FAssetRegistry took 0.0109 seconds to start up
[2015.05.06-13.38.37:618][  0]LogDirectoryWatcher:Warning: Failed to begin reading directory changes for ../../../Engine/Plugins/Experimental/CharacterAI/Content/. Error: 0
[2015.05.06-13.38.38:163][  0]LogTargetPlatformManager:Display: Building Assets For Windows
[2015.05.06-13.38.38:522][  0]LogTargetPlatformManager:Display: Building Assets For Windows
[2015.05.06-13.38.38:760][  0]LogSlate:Warning: Failed to load font data from '../../../Engine/Content/Editor/Slate/Fonts/Roboto-Regular.ttf'
[2015.05.06-13.38.38:761][  0]LogSlate:Warning: Failed to load font data from '../../../Engine/Content/Editor/Slate/Fonts/Roboto-Bold.ttf'
[2015.05.06-13.38.38:827][  0]LogConsoleResponse:Display: 
[2015.05.06-13.38.38:970][  0]LogCook:Display: Done creating registry. It took  0.00s.
[2015.05.06-13.38.39:272][  0]SourceControl: Info Source control is disabled
[2015.05.06-13.38.39:272][  0]Cmd: MAP LOAD FILE="../../../../../../Users/Philippe/Desktop/MyProject/Content/FirstPersonBP/Maps/FirstPersonExampleMap.umap" TEMPLATE=0 SHOWPROGRESS=1 FEATURELEVEL=3
[2015.05.06-13.38.39:273][  0]LightingResults: New page: Lighting Build
[2015.05.06-13.38.39:288][  0]MapCheck: New page: Map Check
[2015.05.06-13.38.39:288][  0]LightingResults: New page: Lighting Build
[2015.05.06-13.38.39:299][  0]LogParticles: Destroying 0 GPU particle simulations for FXSystem 0x000000EE0BBE49A0
[2015.05.06-13.38.39:308][  0]LogLinker:Warning: Asset '../../../Engine/Content/EngineMeshes/Humanoid.uasset' has been saved with empty engine version. The asset will be loaded but may be incompatible.
[2015.05.06-13.38.40:920][  0]LogEditorServer: Finished looking for orphan Actors (0.000 secs)
[2015.05.06-13.38.40:929][  0]LogAIModule: Creating AISystem for world FirstPersonExampleMap
[2015.05.06-13.38.40:930][  0]Cmd: MAP CHECKDEP
[2015.05.06-13.38.40:930][  0]MapCheck: New page: FirstPersonExampleMap - May 6, 2015, 5:38:40 AM
[2015.05.06-13.38.41:010][  0]MapCheck: Info Map check complete: 0 Error(s), 0 Warning(s), took 80.136ms to complete.
[2015.05.06-13.38.41:010][  0]LogFileHelpers: Loading map 'FirstPersonExampleMap' took 1.738
[2015.05.06-13.38.41:196][  0]LogCollectionManager: Loaded 0 collections in 0.001638 seconds
[2015.05.06-13.38.41:206][  0]LogContentBrowser: Native class hierarchy populated in 0.0097 seconds. Added 1696 classes and 261 folders.
[2015.05.06-13.38.41:236][  0]LogContentBrowser: Native class hierarchy updated for 'SceneOutliner' in 0.0021 seconds. Added 1 classes and 2 folders.
[2015.05.06-13.38.41:278][  0]LogCrashTracker: Crashtracker disabled due to settings.
[2015.05.06-13.38.41:279][  0]LogSlate:Warning: Failed to load font data from 'Veranda'
[2015.05.06-13.38.41:283][  0]LogUObjectGlobals:Warning: Failed to find object 'Class None.'
[2015.05.06-13.38.41:312][  0]LogLoad: Full Startup: 26.67 seconds (BP compile: 0.69 seconds)
[2015.05.06-13.38.41:684][  0]LogContentBrowser:Verbose: The content browser source was changed by the sources view to '/Game/FirstPersonBP/Blueprints'
[2015.05.06-13.38.41:810][  0]LogRenderer:Warning: Reallocating scene render targets to support 32x32 (Frame:2).
[2015.05.06-13.38.41:890][  0]LogRenderer:Warning: Reallocating scene render targets to support 1008x440 (Frame:6).
[2015.05.06-13.38.43:062][  4]LogAssetRegistry: Asset discovery search completed in 5.4547 seconds
[2015.05.06-13.39.11:338][422]LogSourceControl: RunCommandInternalRaw: 'git version'
[2015.05.06-13.39.11:339][422]LogSourceControl: RunCommandInternalRaw: ExecProcess ReturnCode=2 OutResults=''
[2015.05.06-13.39.13:503][551]SourceControl:Error: Error Failed to connect to source control. Check your settings and connection then try again.
[2015.05.06-13.42.15:745][754]LogEditorViewport: Clicking on Actor (LMB): Cube_Blueprint_C (Cube_Blueprint)
[2015.05.06-13.42.16:657][755]LogEditorViewport: Clicking on Actor (LMB): Cube_Blueprint_C (Cube_Blueprint)
[2015.05.06-13.42.17:962][815]LogActorComponent: UnregisterComponent: (/Engine/Transient.ProjectileMovementComponent_40__A6522401) Not registered. Aborting.
[2015.05.06-13.42.17:962][815]LogActorComponent: UnregisterComponent: (/Engine/Transient.CharMoveComp) Not registered. Aborting.
[2015.05.06-13.42.19:913][816]Cmd: QUIT_EDITOR
[2015.05.06-13.42.20:144][816]LogExit: Preparing to exit.
[2015.05.06-13.42.20:446][816]LogExit: Editor shut down
[2015.05.06-13.42.20:447][816]LogExit: Transaction tracking system shut down
[2015.05.06-13.42.20:449][816]LogParticles: Destroying 0 GPU particle simulations for FXSystem 0x000000EE020B4220
[2015.05.06-13.42.20:449][816]LogParticles: Destroying 0 GPU particle simulations for FXSystem 0x000000EE0D85F560
[2015.05.06-13.42.20:449][816]LogParticles: Destroying 0 GPU particle simulations for FXSystem 0x000000EE1217AF20
[2015.05.06-13.42.20:450][816]LogParticles: Destroying 0 GPU particle simulations for FXSystem 0x000000EE1217A980
[2015.05.06-13.42.20:450][816]LogParticles: Destroying 0 GPU particle simulations for FXSystem 0x000000EE02FE4A40
[2015.05.06-13.42.20:512][816]LogParticles: Destroying 0 GPU particle simulations for FXSystem 0x000000EE13ED2200
[2015.05.06-13.42.20:512][816]LogExit: Object subsystem successfully closed.
[2015.05.06-13.42.20:563][816]LogModuleManager: Shutting down and abandoning module CrashTracker (177)
[2015.05.06-13.42.20:563][816]LogModuleManager: Shutting down and abandoning module SuperSearch (176)
[2015.05.06-13.42.20:563][816]LogModuleManager: Shutting down and abandoning module SceneOutliner (175)
[2015.05.06-13.42.20:563][816]LogModuleManager: Shutting down and abandoning module EditorWidgets (174)
[2015.05.06-13.42.20:563][816]LogModuleManager: Shutting down and abandoning module CollectionManager (173)
[2015.05.06-13.42.20:563][816]LogModuleManager: Shutting down and abandoning module StatsViewer (172)
[2015.05.06-13.42.20:563][816]LogModuleManager: Shutting down and abandoning module FoliageEdit (171)
[2015.05.06-13.42.20:563][816]LogModuleManager: Shutting down and abandoning module LandscapeEditor (170)
[2015.05.06-13.42.20:563][816]LogModuleManager: Shutting down and abandoning module MeshPaint (169)
[2015.05.06-13.42.20:563][816]LogModuleManager: Shutting down and abandoning module ActorPickerMode (168)
[2015.05.06-13.42.20:563][816]LogModuleManager: Shutting down and abandoning module GeometryMode (167)
[2015.05.06-13.42.20:563][816]LogModuleManager: Shutting down and abandoning module TextureAlignMode (166)
[2015.05.06-13.42.20:563][816]LogModuleManager: Shutting down and abandoning module BspMode (165)
[2015.05.06-13.42.20:563][816]LogModuleManager: Shutting down and abandoning module PlacementMode (164)
[2015.05.06-13.42.20:563][816]LogModuleManager: Shutting down and abandoning module AutomationWorker (163)
[2015.05.06-13.42.20:563][816]LogModuleManager: Shutting down and abandoning module CharacterAI (162)
[2015.05.06-13.42.20:563][816]LogModuleManager: Shutting down and abandoning module SmartSnapping (161)
[2015.05.06-13.42.20:563][816]LogModuleManager: Shutting down and abandoning module ViewportSnapping (160)
[2015.05.06-13.42.20:563][816]LogModuleManager: Shutting down and abandoning module LogVisualizer (159)
[2015.05.06-13.42.20:564][816]LogModuleManager: Shutting down and abandoning module GameProjectGeneration (158)
[2015.05.06-13.42.20:564][816]LogModuleManager: Shutting down and abandoning module IntroTutorials (157)
[2015.05.06-13.42.20:564][816]LogModuleManager: Shutting down and abandoning module EditorLiveStreaming (156)
[2015.05.06-13.42.20:564][816]LogModuleManager: Shutting down and abandoning module HardwareTargeting (155)
[2015.05.06-13.42.20:564][816]LogModuleManager: Shutting down and abandoning module DeviceProfileEditor (154)
[2015.05.06-13.42.20:564][816]LogModuleManager: Shutting down and abandoning module UndoHistory (153)
[2015.05.06-13.42.20:564][816]LogModuleManager: Shutting down and abandoning module GameplayTagsEditor (152)
[2015.05.06-13.42.20:564][816]LogModuleManager: Shutting down and abandoning module UserFeedback (151)
[2015.05.06-13.42.20:564][816]LogModuleManager: Shutting down and abandoning module XmlParser (150)
[2015.05.06-13.42.20:564][816]LogModuleManager: Shutting down and abandoning module Blutility (149)
[2015.05.06-13.42.20:564][816]LogModuleManager: Shutting down and abandoning module IOSPlatformEditor (148)
[2015.05.06-13.42.20:564][816]LogModuleManager: Shutting down and abandoning module IOSRuntimeSettings (147)
[2015.05.06-13.42.20:564][816]LogModuleManager: Shutting down and abandoning module AndroidDeviceDetection (146)
[2015.05.06-13.42.20:706][816]LogModuleManager: Shutting down and abandoning module AndroidPlatformEditor (145)
[2015.05.06-13.42.20:706][816]LogModuleManager: Shutting down and abandoning module AndroidRuntimeSettings (144)
[2015.05.06-13.42.20:706][816]LogModuleManager: Shutting down and abandoning module ProjectTargetPlatformEditor (143)
[2015.05.06-13.42.20:706][816]LogModuleManager: Shutting down and abandoning module ProjectSettingsViewer (142)
[2015.05.06-13.42.20:706][816]LogModuleManager: Shutting down and abandoning module InputBindingEditor (141)
[2015.05.06-13.42.20:706][816]LogModuleManager: Shutting down and abandoning module EditorSettingsViewer (140)
[2015.05.06-13.42.20:706][816]LogModuleManager: Shutting down and abandoning module SettingsEditor (139)
[2015.05.06-13.42.20:706][816]LogModuleManager: Shutting down and abandoning module ProjectLauncher (138)
[2015.05.06-13.42.20:706][816]LogModuleManager: Shutting down and abandoning module SessionFrontend (137)
[2015.05.06-13.42.20:706][816]LogModuleManager: Shutting down and abandoning module ProfilerClient (136)
[2015.05.06-13.42.20:706][816]LogModuleManager: Shutting down and abandoning module TargetDeviceServices (135)
[2015.05.06-13.42.20:706][816]LogModuleManager: Shutting down and abandoning module DeviceManager (134)
[2015.05.06-13.42.20:706][816]LogModuleManager: Shutting down and abandoning module AutomationController (133)
[2015.05.06-13.42.20:706][816]LogModuleManager: Shutting down and abandoning module AutomationWindow (132)
[2015.05.06-13.42.20:706][816]LogModuleManager: Shutting down and abandoning module Layers (131)
[2015.05.06-13.42.20:706][816]LogModuleManager: Shutting down and abandoning module ComponentVisualizers (130)
[2015.05.06-13.42.20:706][816]LogModuleManager: Shutting down and abandoning module DetailCustomizations (129)
[2015.05.06-13.42.20:706][816]LogModuleManager: Shutting down and abandoning module PackagesDialog (128)
[2015.05.06-13.42.20:706][816]LogModuleManager: Shutting down and abandoning module AssetRegistry (127)
[2015.05.06-13.42.20:759][816]LogModuleManager: Shutting down and abandoning module Persona (126)
[2015.05.06-13.42.20:759][816]LogModuleManager: Shutting down and abandoning module SlateReflector (125)
[2015.05.06-13.42.20:759][816]LogModuleManager: Shutting down and abandoning module LevelEditor (124)
[2015.05.06-13.42.20:760][816]LogModuleManager: Shutting down and abandoning module Kismet (123)
[2015.05.06-13.42.20:760][816]LogModuleManager: Shutting down and abandoning module GraphEditor (122)
[2015.05.06-13.42.20:760][816]LogModuleManager: Shutting down and abandoning module ClassViewer (121)
[2015.05.06-13.42.20:760][816]LogModuleManager: Shutting down and abandoning module Toolbox (120)
[2015.05.06-13.42.20:760][816]LogModuleManager: Shutting down and abandoning module ModuleUI (119)
[2015.05.06-13.42.20:760][816]LogModuleManager: Shutting down and abandoning module MovieSceneTools (118)
[2015.05.06-13.42.20:760][816]LogModuleManager: Shutting down and abandoning module OutputLog (117)
[2015.05.06-13.42.20:760][816]LogModuleManager: Shutting down and abandoning module GammaUI (116)
[2015.05.06-13.42.20:760][816]LogModuleManager: Shutting down and abandoning module Documentation (115)
[2015.05.06-13.42.20:760][816]LogModuleManager: Shutting down and abandoning module GameLiveStreaming (114)
[2015.05.06-13.42.20:760][816]LogModuleManager: Shutting down and abandoning module StreamingPauseRendering (113)
[2015.05.06-13.42.20:760][816]LogModuleManager: Shutting down and abandoning module HTTP (112)
[2015.05.06-13.42.20:760][816]LogModuleManager: Shutting down and abandoning module AnalyticsET (111)
[2015.05.06-13.42.20:760][816]LogModuleManager: Shutting down and abandoning module Analytics (110)
[2015.05.06-13.42.20:760][816]LogModuleManager: Shutting down and abandoning module AITestSuite (109)
[2015.05.06-13.42.20:760][816]LogModuleManager: Shutting down and abandoning module GameplayDebugger (108)
[2015.05.06-13.42.20:760][816]LogModuleManager: Shutting down and abandoning module AIModule (107)
[2015.05.06-13.42.20:760][816]LogModuleManager: Shutting down and abandoning module ProfilerService (106)
[2015.05.06-13.42.20:914][816]LogModuleManager: Shutting down and abandoning module TaskGraph (105)
[2015.05.06-13.42.20:914][816]LogModuleManager: Shutting down and abandoning module SlateRemote (104)
[2015.05.06-13.42.20:914][816]LogModuleManager: Shutting down and abandoning module ScriptEditorPlugin (103)
[2015.05.06-13.42.20:914][816]LogModuleManager: Shutting down and abandoning module CustomMeshComponent (102)
[2015.05.06-13.42.20:914][816]LogModuleManager: Shutting down and abandoning module CableComponent (101)
[2015.05.06-13.42.20:914][816]LogModuleManager: Shutting down and abandoning module MessagingDebugger (100)
[2015.05.06-13.42.20:914][816]LogModuleManager: Shutting down and abandoning module MediaPlayerEditor (99)
[2015.05.06-13.42.20:914][816]LogModuleManager: Shutting down and abandoning module SpeedTreeImporter (98)
[2015.05.06-13.42.20:914][816]LogModuleManager: Shutting down and abandoning module PluginsEditor (97)
[2015.05.06-13.42.20:914][816]LogModuleManager: Shutting down and abandoning module MainFrame (96)
[2015.05.06-13.42.20:914][816]LogModuleManager: Shutting down and abandoning module EpicSurvey (95)
[2015.05.06-13.42.20:914][816]LogModuleManager: Shutting down and abandoning module DesktopPlatform (94)
[2015.05.06-13.42.20:914][816]LogModuleManager: Shutting down and abandoning module DirectoryWatcher (93)
[2015.05.06-13.42.20:914][816]LogModuleManager: Shutting down and abandoning module HotReload (92)
[2015.05.06-13.42.20:914][816]LogModuleManager: Shutting down and abandoning module VisualStudioSourceCodeAccess (91)
[2015.05.06-13.42.20:914][816]LogModuleManager: Shutting down and abandoning module UObjectPlugin (90)
[2015.05.06-13.42.20:914][816]LogModuleManager: Shutting down and abandoning module SubversionSourceControl (89)
[2015.05.06-13.42.20:914][816]LogModuleManager: Shutting down and abandoning module PerforceSourceControl (88)
[2015.05.06-13.42.20:914][816]LogModuleManager: Shutting down and abandoning module SourceControl (87)
[2015.05.06-13.42.20:914][816]LogModuleManager: Shutting down and abandoning module GitSourceControl (86)
[2015.05.06-13.42.20:914][816]LogModuleManager: Shutting down and abandoning module BlankPlugin (85)
[2015.05.06-13.42.20:914][816]LogModuleManager: Shutting down and abandoning module PaperTiledImporter (84)
[2015.05.06-13.42.20:914][816]LogModuleManager: Shutting down and abandoning module PaperJsonImporter (83)
[2015.05.06-13.42.20:914][816]LogModuleManager: Shutting down and abandoning module ContentBrowser (82)
[2015.05.06-13.42.20:915][816]LogModuleManager: Shutting down and abandoning module Paper2DEditor (81)
[2015.05.06-13.42.20:915][816]LogModuleManager: Shutting down and abandoning module ScriptPlugin (80)
[2015.05.06-13.42.20:915][816]LogModuleManager: Shutting down and abandoning module UdpMessaging (79)
[2015.05.06-13.42.21:017][816]LogModuleManager: Shutting down and abandoning module Paper2D (78)
[2015.05.06-13.42.21:017][816]LogModuleManager: Shutting down and abandoning module WindowsMoviePlayer (77)
[2015.05.06-13.42.21:019][816]LogModuleManager: Shutting down and abandoning module Media (76)
[2015.05.06-13.42.21:019][816]LogModuleManager: Shutting down and abandoning module WmfMedia (75)
[2015.05.06-13.42.21:019][816]LogModuleManager: Shutting down and abandoning module OnlineBlueprintSupport (74)
[2015.05.06-13.42.21:019][816]LogModuleManager: Shutting down and abandoning module PropertyEditor (73)
[2015.05.06-13.42.21:019][816]LogModuleManager: Shutting down and abandoning module BehaviorTreeEditor (72)
[2015.05.06-13.42.21:019][816]LogModuleManager: Shutting down and abandoning module FunctionalTesting (71)
[2015.05.06-13.42.21:019][816]LogModuleManager: Shutting down and abandoning module CollisionAnalyzer (70)
[2015.05.06-13.42.21:019][816]LogModuleManager: Shutting down and abandoning module WorkspaceMenuStructure (69)
[2015.05.06-13.42.21:019][816]LogModuleManager: Shutting down and abandoning module MessageLog (68)
[2015.05.06-13.42.21:020][816]LogModuleManager: Shutting down and abandoning module Sequencer (67)
[2015.05.06-13.42.21:020][816]LogModuleManager: Shutting down and abandoning module AssetTools (66)
[2015.05.06-13.42.21:020][816]LogModuleManager: Shutting down and abandoning module UMGEditor (65)
[2015.05.06-13.42.21:020][816]LogModuleManager: Shutting down and abandoning module UMG (64)
[2015.05.06-13.42.21:020][816]LogModuleManager: Shutting down and abandoning module Slate (63)
[2015.05.06-13.42.21:020][816]LogModuleManager: Shutting down and abandoning module EditorStyle (62)
[2015.05.06-13.42.21:023][816]LogModuleManager: Shutting down and abandoning module SessionServices (61)
[2015.05.06-13.42.21:023][816]LogModuleManager: Shutting down and abandoning module SourceCodeAccess (60)
[2015.05.06-13.42.21:023][816]LogModuleManager: Shutting down and abandoning module HeadMountedDisplay (59)
[2015.05.06-13.42.21:023][816]LogModuleManager: Shutting down and abandoning module XAudio2 (58)
[2015.05.06-13.42.21:023][816]LogModuleManager: Shutting down and abandoning module Networking (56)
[2015.05.06-13.42.21:023][816]LogModuleManager: Shutting down and abandoning module Core (55)
[2015.05.06-13.42.21:023][816]LogModuleManager: Shutting down and abandoning module KismetCompiler (54)
[2015.05.06-13.42.21:023][816]LogModuleManager: Shutting down and abandoning module PhysXFormats (53)
[2015.05.06-13.42.21:023][816]LogModuleManager: Shutting down and abandoning module MeshUtilities (52)
[2015.05.06-13.42.21:023][816]LogModuleManager: Shutting down and abandoning module DerivedDataCache (51)
[2015.05.06-13.42.21:070][816]LogDerivedDataCache: Shutdown
[2015.05.06-13.42.21:070][816]LogModuleManager: Shutting down and abandoning module ShaderFormatOpenGL (50)
[2015.05.06-13.42.21:070][816]LogModuleManager: Shutting down and abandoning module ShaderFormatD3D (49)
[2015.05.06-13.42.21:070][816]LogModuleManager: Shutting down and abandoning module MetalShaderFormat (48)
[2015.05.06-13.42.21:070][816]LogModuleManager: Shutting down and abandoning module TextureFormatUncompressed (47)
[2015.05.06-13.42.21:070][816]LogModuleManager: Shutting down and abandoning module TextureFormatPVR (46)
[2015.05.06-13.42.21:070][816]LogModuleManager: Shutting down and abandoning module TextureFormatIntelISPCTexComp (45)
[2015.05.06-13.42.21:070][816]LogModuleManager: Shutting down and abandoning module TextureFormatDXT (44)
[2015.05.06-13.42.21:070][816]LogModuleManager: Shutting down and abandoning module ImageWrapper (43)
[2015.05.06-13.42.21:070][816]LogModuleManager: Shutting down and abandoning module TextureFormatASTC (42)
[2015.05.06-13.42.21:070][816]LogModuleManager: Shutting down and abandoning module TextureFormatAndroid (41)
[2015.05.06-13.42.21:070][816]LogModuleManager: Shutting down and abandoning module AudioFormatOpus (40)
[2015.05.06-13.42.21:070][816]LogModuleManager: Shutting down and abandoning module AudioFormatOgg (39)
[2015.05.06-13.42.21:070][816]LogModuleManager: Shutting down and abandoning module AudioFormatADPCM (38)
[2015.05.06-13.42.21:070][816]LogModuleManager: Shutting down and abandoning module LinuxTargetPlatform (37)
[2015.05.06-13.42.21:070][816]LogModuleManager: Shutting down and abandoning module LinuxServerTargetPlatform (36)
[2015.05.06-13.42.21:070][816]LogModuleManager: Shutting down and abandoning module LinuxNoEditorTargetPlatform (35)
[2015.05.06-13.42.21:070][816]LogModuleManager: Shutting down and abandoning module Messaging (34)
[2015.05.06-13.42.21:070][816]LogModuleManager: Shutting down and abandoning module IOSTargetPlatform (33)
[2015.05.06-13.42.21:070][816]LogModuleManager: Shutting down and abandoning module HTML5TargetPlatform (32)
[2015.05.06-13.42.21:070][816]LogModuleManager: Shutting down and abandoning module Android_PVRTCTargetPlatform (31)
[2015.05.06-13.42.21:070][816]LogModuleManager: Shutting down and abandoning module Android_ETC2TargetPlatform (30)
[2015.05.06-13.42.21:070][816]LogModuleManager: Shutting down and abandoning module Android_ETC1TargetPlatform (29)
[2015.05.06-13.42.21:070][816]LogModuleManager: Shutting down and abandoning module Android_ES31TargetPlatform (28)
[2015.05.06-13.42.21:070][816]LogModuleManager: Shutting down and abandoning module Android_DXTTargetPlatform (27)
[2015.05.06-13.42.21:070][816]LogModuleManager: Shutting down and abandoning module Android_ATCTargetPlatform (26)
[2015.05.06-13.42.21:070][816]LogModuleManager: Shutting down and abandoning module AndroidTargetPlatform (25)
[2015.05.06-13.42.21:070][816]LogModuleManager: Shutting down and abandoning module WindowsTargetPlatform (24)
[2015.05.06-13.42.21:070][816]LogModuleManager: Shutting down and abandoning module WindowsServerTargetPlatform (23)
[2015.05.06-13.42.21:070][816]LogModuleManager: Shutting down and abandoning module WindowsNoEditorTargetPlatform (22)
[2015.05.06-13.42.21:070][816]LogModuleManager: Shutting down and abandoning module WindowsClientTargetPlatform (21)
[2015.05.06-13.42.21:070][816]LogModuleManager: Shutting down and abandoning module TargetPlatform (20)
[2015.05.06-13.42.21:070][816]LogModuleManager: Shutting down and abandoning module InputCore (19)
[2015.05.06-13.42.21:070][816]LogModuleManager: Shutting down and abandoning module Settings (18)
[2015.05.06-13.42.21:070][816]LogModuleManager: Shutting down and abandoning module OnlineSubsystem (16)
[2015.05.06-13.42.21:070][816]LogModuleManager: Shutting down and abandoning module OculusRift (15)
[2015.05.06-13.42.21:070][816]LogModuleManager: Shutting down and abandoning module ExampleDeviceProfileSelector (14)
[2015.05.06-13.42.21:070][816]LogModuleManager: Shutting down and abandoning module TextureCompressor (13)
[2015.05.06-13.42.21:070][816]LogModuleManager: Shutting down and abandoning module ShaderCore (12)
[2015.05.06-13.42.21:070][816]LogModuleManager: Shutting down and abandoning module Landscape (11)
[2015.05.06-13.42.21:070][816]LogModuleManager: Shutting down and abandoning module SlateRHIRenderer (10)
[2015.05.06-13.42.21:071][816]LogModuleManager: Shutting down and abandoning module OpenGLDrv (9)
[2015.05.06-13.42.21:071][816]LogModuleManager: Shutting down and abandoning module D3D11RHI (8)
[2015.05.06-13.42.21:071][816]LogModuleManager: Shutting down and abandoning module Renderer (7)
[2015.05.06-13.42.21:071][816]LogModuleManager: Shutting down and abandoning module Engine (6)
[2015.05.06-13.42.21:071][816]LogModuleManager: Shutting down and abandoning module CoreUObject (5)
[2015.05.06-13.42.21:071][816]LogModuleManager: Shutting down and abandoning module NetworkFile (4)
[2015.05.06-13.42.21:071][816]LogModuleManager: Shutting down and abandoning module StreamingFile (3)
[2015.05.06-13.42.21:071][816]LogModuleManager: Shutting down and abandoning module SandboxFile (2)
[2015.05.06-13.42.21:071][816]LogModuleManager: Shutting down and abandoning module PakFile (1)
[2015.05.06-13.42.21:072][816]LogExit: Exiting.
[2015.05.06-13.42.21:076][816]Log file closed, 05/06/15 09:42:21
