Log file open, 05/05/15 09:18:29
LogInit:Display: Running engine for game: MyProject
LogInit: Version: 4.7.6-2513093+++depot+UE4-Releases+4.7
LogInit: API Version: 2455222
LogInit: Compiled (64-bit): Apr 15 2015 12:09:54
LogInit: Compiled with Visual C++: 18.00.21005.01
LogInit: Build Configuration: Development
LogInit: Branch Name: ++depot+UE4-Releases+4.7
LogInit: Command line: 
LogInit: Base directory: D:/Epic Games/4.7/Engine/Binaries/Win64/
LogInit: Rocket: 1
[2015.05.05-13.18.30:133][  0]LogTaskGraph: Started task graph with 3 named threads and 6 total threads.
[2015.05.05-13.18.30:184][  0]LogOnline:Warning: No default platform service specified for OnlineSubsystem
[2015.05.05-13.18.30:193][  0]LogInit: Presizing for 0 objects not considered by GC, pre-allocating 0 bytes.
[2015.05.05-13.18.30:201][  0]LogInit: Object subsystem initialized
[2015.05.05-13.18.30:203][  0]LogConsoleResponse:Warning: Skipping Unknown console variable: 'TranslucentSortAxis = (X=0.000000,Y=-1.000000,Z=0.000000)'
[2015.05.05-13.18.30:203][  0]LogConsoleResponse:Warning:   Found in ini file 'D:/Epic Games/MyProject/Saved/Config/Windows/Engine.ini', in section '[/Script/Engine.RendererSettings]'
[2015.05.05-13.18.30:203][  0]LogConsoleResponse:Warning: Skipping Unknown console variable: 'UIScaleRule = ShortestSide'
[2015.05.05-13.18.30:203][  0]LogConsoleResponse:Warning:   Found in ini file 'D:/Epic Games/MyProject/Saved/Config/Windows/Engine.ini', in section '[/Script/Engine.RendererSettings]'
[2015.05.05-13.18.30:203][  0]LogConsoleResponse:Warning: Skipping Unknown console variable: 'UIScaleCurve = (EditorCurveData=(Keys=),ExternalCurve=None)'
[2015.05.05-13.18.30:203][  0]LogConsoleResponse:Warning:   Found in ini file 'D:/Epic Games/MyProject/Saved/Config/Windows/Engine.ini', in section '[/Script/Engine.RendererSettings]'
[2015.05.05-13.18.30:203][  0]LogInit: Selected Device Profile: [Windows]
[2015.05.05-13.18.30:203][  0]LogInit: Applying CVar settings loaded from the selected device profile: [Windows]
[2015.05.05-13.18.30:208][  0]LogInit: Computer: SENKETSU
[2015.05.05-13.18.30:208][  0]LogInit: User: crys
[2015.05.05-13.18.30:208][  0]LogInit: CPU Page size=4096, Cores=4
[2015.05.05-13.18.30:208][  0]LogInit: High frequency timer resolution =2.338347 MHz
[2015.05.05-13.18.30:208][  0]LogMemory: Memory total: Physical=23.9GB (24GB approx) Virtual=131072.0GB
[2015.05.05-13.18.30:208][  0]LogMemory: Platform Memory Stats for Windows
[2015.05.05-13.18.30:208][  0]LogMemory: Process Physical Memory: 45.68 MB used, 45.68 MB peak
[2015.05.05-13.18.30:208][  0]LogMemory: Process Virtual Memory: 22.46 MB used, 22.46 MB peak
[2015.05.05-13.18.30:208][  0]LogMemory: Physical Memory: 4287.13 MB used, 24463.36 MB total
[2015.05.05-13.18.30:208][  0]LogMemory: Virtual Memory: 288.69 MB used, 134217728.00 MB total
[2015.05.05-13.18.30:243][  0]LogD3D11RHI: Found D3D11 adapter 0: Intel(R) HD Graphics 4600 (Feature Level 11_0)
[2015.05.05-13.18.30:243][  0]LogD3D11RHI: Adapter has 0MB of dedicated video memory, 0MB of dedicated system memory, and 1792MB of shared system memory, 1 output[s]
[2015.05.05-13.18.30:260][  0]LogD3D11RHI: Found D3D11 adapter 1: NVIDIA GeForce GTX 770M (Feature Level 11_0)
[2015.05.05-13.18.30:260][  0]LogD3D11RHI: Adapter has 2963MB of dedicated video memory, 0MB of dedicated system memory, and 12231MB of shared system memory, 0 output[s]
[2015.05.05-13.18.30:260][  0]LogD3D11RHI: Found D3D11 adapter 2: Microsoft Basic Render Driver (Feature Level 11_0)
[2015.05.05-13.18.30:261][  0]LogD3D11RHI: Adapter has 0MB of dedicated video memory, 0MB of dedicated system memory, and 256MB of shared system memory, 0 output[s]
[2015.05.05-13.18.30:261][  0]LogD3D11RHI: Chosen D3D11 Adapter Id = 0
[2015.05.05-13.18.30:268][  0]LogRHI: Texture pool is 1361 MB (70% of 1945 MB)
[2015.05.05-13.18.30:290][  0]LogD3D11RHI: Async texture creation enabled
[2015.05.05-13.18.30:350][  0]LogTextLocalizationManager: The requested culture ('en_US') has no localization data; parent culture's ('en') localization data will be used.
[2015.05.05-13.18.30:402][  0]LogTextLocalizationManager:Warning: Loading localization resources contain conflicting entries for (Namespace:UICommands, Key:Save_ToolTip):
Resource: (D:/Epic Games/4.7/Engine/Content/Localization/Editor/en/Editor.locres) Hash: (-29098895) String: (Saves the current level to disk)
Resource: (D:/Epic Games/4.7/Engine/Content/Localization/Engine/en/Engine.locres) Hash: (-1280300587) String: (Save selected data to vlog file)
[2015.05.05-13.18.30:402][  0]LogTextLocalizationManager:Warning: Loading localization resources contain conflicting entries for (Namespace:ContentBrowser, Key:ImportAssetToolTip):
Resource: (D:/Epic Games/4.7/Engine/Content/Localization/Editor/en/Editor.locres) Hash: (-630476809) String: (Import to {0}...)
Resource: (D:/Epic Games/4.7/Engine/Content/Localization/Editor/en/Editor.locres) Hash: (1271782899) String: (Imports an asset from file to this folder.)
[2015.05.05-13.18.30:475][  0]LogContentStreaming: Texture pool size is 0.000000MB
[2015.05.05-13.18.32:446][  0]LogTargetPlatformManager:Display: Building Assets For Windows
[2015.05.05-13.18.32:856][  0]LogTargetPlatformManager:Display: Building Assets For Windows
[2015.05.05-13.18.32:901][  0]LogDerivedDataCache:Display: Max Cache Size: 512 MB
[2015.05.05-13.18.32:942][  0]LogDerivedDataCache: Loaded boot cache 0.04s 39MB C:/Users/crys/AppData/Local/UnrealEngine/4.7/DerivedDataCache/Boot.ddc.
[2015.05.05-13.18.32:942][  0]LogDerivedDataCache:Display: Loaded Boot cache: C:/Users/crys/AppData/Local/UnrealEngine/4.7/DerivedDataCache/Boot.ddc
[2015.05.05-13.18.32:942][  0]LogDerivedDataCache: FDerivedDataBackendGraph:  Pak pak cache file ../../../../MyProject/DerivedDataCache/DDC.ddp not found, will not use a pak cache.
[2015.05.05-13.18.32:942][  0]LogDerivedDataCache: Unable to find inner node Pak for hierarchical cache Hierarchy.
[2015.05.05-13.18.33:052][  0]LogDerivedDataCache:Display: Pak cache opened for reading ../../../Engine/DerivedDataCache/Compressed.ddp.
[2015.05.05-13.18.33:064][  0]LogDerivedDataCache: Using Local data cache path C:/Users/crys/AppData/Local/UnrealEngine/Common/DerivedDataCache: Writable
[2015.05.05-13.18.33:312][  0]LogMeshUtilities: No automatic mesh reduction module available
[2015.05.05-13.18.33:312][  0]LogMeshUtilities: No automatic mesh merging module available
[2015.05.05-13.18.33:675][  0]LogInit: WinSock: version 1.1 (2.2), MaxSocks=32767, MaxUdp=65467
[2015.05.05-13.18.33:726][  0]LogSlate:Warning: Failed to load font data from '../../../Engine/Content/Slate/Fonts/Roboto-Italic.ttf'
[2015.05.05-13.18.34:373][  0]UdpMessaging: Initializing bridge on interface 0.0.0.0:0 to multicast group 230.0.0.1:6666.
[2015.05.05-13.18.34:528][  0]SourceControl: Info Source control is disabled
[2015.05.05-13.18.34:528][  0]SourceControl: Info Source control is disabled
[2015.05.05-13.18.34:528][  0]SourceControl: Info Source control is disabled
[2015.05.05-13.18.34:529][  0]LogSourceControl: RunCommandInternalRaw: 'git version'
[2015.05.05-13.18.34:529][  0]LogSourceControl: RunCommandInternalRaw: ExecProcess ReturnCode=2 OutResults=''
[2015.05.05-13.18.34:534][  0]SourceControl: Info Source control is disabled
[2015.05.05-13.18.34:658][  0]LogObj: 24232 objects as part of root set at end of initial load.
[2015.05.05-13.18.34:658][  0]LogUObjectAllocator: 5137176 out of 0 bytes used by permanent object pool.
[2015.05.05-13.18.34:725][  0]LogEngine: Initializing Engine...
[2015.05.05-13.18.37:861][  0]LogInit: XAudio2 using 'Haut-parleurs (Razer Surround Audio Controller)' : 8 channels at 48 kHz using 16 bits per sample (channel mask 0x63f)
[2015.05.05-13.18.37:868][  0]LogInit: FAudioDevice initialized.
[2015.05.05-13.18.37:892][  0]LogAIModule: Creating AISystem for world NewWorld
[2015.05.05-13.18.37:912][  0]LogDerivedDataCache: Saved boot cache 0.02s 39MB C:/Users/crys/AppData/Local/UnrealEngine/4.7/DerivedDataCache/Boot.ddc.
[2015.05.05-13.18.37:917][  0]LogInit: Texture streaming: Enabled
[2015.05.05-13.18.37:985][  0]LogAnalytics: Creating configured Analytics provider AnalyticsET
[2015.05.05-13.18.37:985][  0]LogAnalytics: ET APIKey = Rocket.Release. APIServer = http://et2.epicgames.com/ET2/. AppVersion = 4.7.6-2513093+++depot+UE4-Releases+4.7
[2015.05.05-13.18.37:985][  0]LogAnalytics: ET APIKey = Rocket.Release. DataRouterUploadURL = https://datarouter-public-service-gamedev.ol.epicgames.net/datarouter/api/v1/public/data. AppVersion = 4.7.6-2513093+++depot+UE4-Releases+4.7
[2015.05.05-13.18.37:985][  0]LogAnalytics: SetUserId d2e4772d44f7ac143a9c21863ce60423|30f5336fc53a4ac19f22f7794f9aff78|0577fdef-64d6-437d-8c9f-23a8d205bce8
[2015.05.05-13.18.37:986][  0]LogAnalytics: AnalyticsET::StartSession [Rocket.Release]
[2015.05.05-13.18.38:012][  0]LogInit: Transaction tracking system initialized
[2015.05.05-13.18.38:125][  0]BlueprintLog: New page: Editor Load
[2015.05.05-13.18.38:151][  0]LogAssetRegistry: FAssetRegistry took 0.0109 seconds to start up
[2015.05.05-13.18.38:151][  0]LogDirectoryWatcher:Warning: Failed to begin reading directory changes for ../../../Engine/Plugins/Experimental/CharacterAI/Content/. Error: 0
[2015.05.05-13.18.38:599][  0]LogTargetPlatformManager:Display: Building Assets For Windows
[2015.05.05-13.18.38:955][  0]LogTargetPlatformManager:Display: Building Assets For Windows
[2015.05.05-13.18.39:131][  0]LogSlate:Warning: Failed to load font data from '../../../Engine/Content/Editor/Slate/Fonts/Roboto-Regular.ttf'
[2015.05.05-13.18.39:131][  0]LogSlate:Warning: Failed to load font data from '../../../Engine/Content/Editor/Slate/Fonts/Roboto-Bold.ttf'
[2015.05.05-13.18.39:135][  0]LogConsoleResponse:Display: 
[2015.05.05-13.18.39:367][  0]LogCook:Display: Done creating registry. It took  0.00s.
[2015.05.05-13.18.39:459][  0]SourceControl: Info Source control is disabled
[2015.05.05-13.18.39:459][  0]Cmd: MAP LOAD FILE="../../../../MyProject/Content/FirstPersonBP/Maps/FirstPersonExampleMap.umap" TEMPLATE=0 SHOWPROGRESS=1 FEATURELEVEL=3
[2015.05.05-13.18.39:474][  0]LightingResults: New page: Lighting Build
[2015.05.05-13.18.39:482][  0]MapCheck: New page: Map Check
[2015.05.05-13.18.39:482][  0]LightingResults: New page: Lighting Build
[2015.05.05-13.18.39:489][  0]LogParticles: Destroying 0 GPU particle simulations for FXSystem 0x000000882128A980
[2015.05.05-13.18.39:574][  0]LogLinker:Warning: Asset '../../../Engine/Content/EngineMeshes/Humanoid.uasset' has been saved with empty engine version. The asset will be loaded but may be incompatible.
[2015.05.05-13.18.41:766][  0]LogEditorServer: Finished looking for orphan Actors (0.000 secs)
[2015.05.05-13.18.41:779][  0]LogAIModule: Creating AISystem for world FirstPersonExampleMap
[2015.05.05-13.18.41:794][  0]Cmd: MAP CHECKDEP
[2015.05.05-13.18.41:794][  0]MapCheck: New page: FirstPersonExampleMap - May 5, 2015, 5:18:41 AM
[2015.05.05-13.18.41:854][  0]MapCheck: Info Map check complete: 0 Error(s), 0 Warning(s), took 60.007ms to complete.
[2015.05.05-13.18.41:854][  0]LogFileHelpers: Loading map 'FirstPersonExampleMap' took 2.395
[2015.05.05-13.18.42:583][  0]LogCollectionManager: Loaded 0 collections in 0.001085 seconds
[2015.05.05-13.18.42:592][  0]LogContentBrowser: Native class hierarchy populated in 0.0083 seconds. Added 1696 classes and 261 folders.
[2015.05.05-13.18.42:767][  0]LogContentBrowser: Native class hierarchy updated for 'SceneOutliner' in 0.0013 seconds. Added 1 classes and 2 folders.
[2015.05.05-13.18.43:234][  0]LogCrashTracker: Crashtracker disabled due to settings.
[2015.05.05-13.18.43:282][  0]LogSlate:Warning: Failed to load font data from 'Veranda'
[2015.05.05-13.18.43:292][  0]LogUObjectGlobals:Warning: Failed to find object 'Class None.'
[2015.05.05-13.18.43:344][  0]LogLoad: Full Startup: 15.39 seconds (BP compile: 0.59 seconds)
[2015.05.05-13.18.43:421][  0]LogContentBrowser:Verbose: The content browser source was changed by the sources view to '/Game/FirstPersonBP/Blueprints'
[2015.05.05-13.18.43:914][  0]LogRenderer:Warning: Reallocating scene render targets to support 32x32 (Frame:2).
[2015.05.05-13.18.44:301][  0]LogRenderer:Warning: Reallocating scene render targets to support 824x360 (Frame:3).
[2015.05.05-13.18.44:731][  5]LogAssetRegistry: Asset discovery search completed in 6.5917 seconds
[2015.05.05-13.18.47:494][143]BlueprintLog: New page: Pre-PIE auto-recompile
[2015.05.05-13.18.47:494][143]LogPlayLevel: [PIE] Compiling FirstPersonExampleMap before PIE...
[2015.05.05-13.18.47:583][143]LogActorComponent: UnregisterComponent: (/Engine/Transient.ProjectileMovementComponent_40__A6522401) Not registered. Aborting.
[2015.05.05-13.18.47:584][143]LogActorComponent: UnregisterComponent: (/Engine/Transient.CharMoveComp) Not registered. Aborting.
[2015.05.05-13.18.47:608][143]LogPlayLevel: PIE:  Blueprint regeneration took 113 ms (1 blueprints)
[2015.05.05-13.18.47:608][143]PIE: New page: PIE session: FirstPersonExampleMap (May 5, 2015, 5:18:47 AM)
[2015.05.05-13.18.47:634][143]LogPlayLevel: PIE: StaticDuplicateObject took: (0.026063s)
[2015.05.05-13.18.47:635][143]LogPlayLevel: PIE: World Init took: (0.000826s)
[2015.05.05-13.18.47:635][143]LogPlayLevel: PIE: Created PIE world by copying editor world from /Game/FirstPersonBP/Maps/FirstPersonExampleMap.FirstPersonExampleMap to /Game/FirstPersonBP/Maps/UEDPIE_0_FirstPersonExampleMap.FirstPersonExampleMap (0.027135s)
[2015.05.05-13.18.47:861][143]LogWorld: Game class is 'FirstPersonGameMode_C'
[2015.05.05-13.18.48:015][143]LogAIModule: Creating AISystem for world FirstPersonExampleMap
[2015.05.05-13.18.48:022][143]LogWorld: Bringing World /Game/FirstPersonBP/Maps/UEDPIE_0_FirstPersonExampleMap.FirstPersonExampleMap up for play (max tick rate 60) at 2015.05.05-09.18.48
[2015.05.05-13.18.48:053][143]LogWorld: Bringing up level for play took: 0.037563
[2015.05.05-13.18.48:108][143]PIE: Info Play in editor start time for /Game/FirstPersonBP/Maps/UEDPIE_0_FirstPersonExampleMap 0.362
[2015.05.05-13.19.06:619][225]LogParticles: Destroying 0 GPU particle simulations for FXSystem 0x000000882E26D800
[2015.05.05-13.19.30:678][462]LogEditorViewport: Clicking on Actor (LMB): BP_Sky_Sphere_C (SkySphereBlueprint)
[2015.05.05-13.23.57:207][157]LogRenderer:Warning: Reallocating scene render targets to support 1208x560 (Frame:5184).
[2015.05.05-13.29.02:544][ 12]LogActorComponent: UnregisterComponent: (/Engine/Transient.ProjectileMovementComponent_40__A6522401) Not registered. Aborting.
[2015.05.05-13.29.02:544][ 12]LogActorComponent: UnregisterComponent: (/Engine/Transient.CharMoveComp) Not registered. Aborting.
[2015.05.05-13.29.05:228][ 12]LogSavePackage: Save=134.078903ms
[2015.05.05-13.29.05:228][ 12]LogSavePackage: Moving '../../../../MyProject/Saved/FirstPersonExampleMap_Auto1DB1140554292DC0299904E9FA5FD55E0.tmp' to '../../../../MyProject/Saved/Autosaves/Game/FirstPersonBP/Maps/FirstPersonExampleMap_Auto1.umap'
[2015.05.05-13.29.05:240][ 12]LogFileHelpers: Editor autosave (incl. sublevels) for '/Game/FirstPersonBP/Maps/FirstPersonExampleMap' took 2.696
[2015.05.05-13.29.05:240][ 12]LogFileHelpers: Editor autosave (incl. sublevels) for all levels took 2.696
[2015.05.05-13.38.51:980][909]LogEditorViewport: Clicking on Actor (LMB): BP_Sky_Sphere_C (SkySphereBlueprint)
[2015.05.05-13.38.52:931][980]BlueprintLog: New page: Pre-PIE auto-recompile
[2015.05.05-13.38.52:935][980]LogPlayLevel: [PIE] Compiling FirstPersonExampleMap before PIE...
[2015.05.05-13.38.52:988][980]LogPlayLevel: PIE:  Blueprint regeneration took 56 ms (1 blueprints)
[2015.05.05-13.38.52:988][980]PIE: New page: PIE session: FirstPersonExampleMap (May 5, 2015, 5:38:52 AM)
[2015.05.05-13.38.53:014][980]LogPlayLevel: PIE: StaticDuplicateObject took: (0.024572s)
[2015.05.05-13.38.53:016][980]LogPlayLevel: PIE: World Init took: (0.001420s)
[2015.05.05-13.38.53:016][980]LogPlayLevel: PIE: Created PIE world by copying editor world from /Game/FirstPersonBP/Maps/FirstPersonExampleMap.FirstPersonExampleMap to /Game/FirstPersonBP/Maps/UEDPIE_0_FirstPersonExampleMap.FirstPersonExampleMap (0.026231s)
[2015.05.05-13.38.53:061][980]LogWorld: Game class is 'FirstPersonGameMode_C'
[2015.05.05-13.38.53:062][980]LogAIModule: Creating AISystem for world FirstPersonExampleMap
[2015.05.05-13.38.53:070][980]LogWorld: Bringing World /Game/FirstPersonBP/Maps/UEDPIE_0_FirstPersonExampleMap.FirstPersonExampleMap up for play (max tick rate 0) at 2015.05.05-09.38.53
[2015.05.05-13.38.53:071][980]LogWorld: Bringing up level for play took: 0.008435
[2015.05.05-13.38.53:073][980]PIE: Info Play in editor start time for /Game/FirstPersonBP/Maps/UEDPIE_0_FirstPersonExampleMap -0.674
[2015.05.05-13.40.05:276][827]LogCharacterMovement:Warning: GetSimulationTimeStep() - Max iterations 8 hit while remaining time 0.057850 > MaxSimulationTimeStep (0.050) for 'FirstPersonCharacter_C_0'
[2015.05.05-13.42.07:619][ 79]LogParticles: Destroying 0 GPU particle simulations for FXSystem 0x00000088347FD440
[2015.05.05-13.42.17:818][173]LogActorComponent: UnregisterComponent: (/Engine/Transient.ProjectileMovementComponent_40__A6522401) Not registered. Aborting.
[2015.05.05-13.42.17:818][173]LogActorComponent: UnregisterComponent: (/Engine/Transient.CharMoveComp) Not registered. Aborting.
[2015.05.05-13.42.18:482][173]LogSavePackage: Save=141.230530ms
[2015.05.05-13.42.18:482][173]LogSavePackage: Moving '../../../../MyProject/Saved/FirstPersonExampleMap_Auto29B434AF143D2D1C34F25BA8C003B7A30.tmp' to '../../../../MyProject/Saved/Autosaves/Game/FirstPersonBP/Maps/FirstPersonExampleMap_Auto2.umap'
[2015.05.05-13.42.18:508][173]LogFileHelpers: Editor autosave (incl. sublevels) for '/Game/FirstPersonBP/Maps/FirstPersonExampleMap' took 0.690
[2015.05.05-13.42.18:508][173]LogFileHelpers: Editor autosave (incl. sublevels) for all levels took 0.690
[2015.05.05-13.42.56:006][336]BlueprintLog: New page: Pre-PIE auto-recompile
[2015.05.05-13.42.56:011][336]LogPlayLevel: [PIE] Compiling FirstPersonExampleMap before PIE...
[2015.05.05-13.42.56:067][336]LogPlayLevel: PIE:  Blueprint regeneration took 61 ms (1 blueprints)
[2015.05.05-13.42.56:068][336]PIE: New page: PIE session: FirstPersonExampleMap (May 5, 2015, 5:42:56 AM)
[2015.05.05-13.42.56:091][336]LogPlayLevel: PIE: StaticDuplicateObject took: (0.023003s)
[2015.05.05-13.42.56:092][336]LogPlayLevel: PIE: World Init took: (0.000912s)
[2015.05.05-13.42.56:092][336]LogPlayLevel: PIE: Created PIE world by copying editor world from /Game/FirstPersonBP/Maps/FirstPersonExampleMap.FirstPersonExampleMap to /Game/FirstPersonBP/Maps/UEDPIE_0_FirstPersonExampleMap.FirstPersonExampleMap (0.024138s)
[2015.05.05-13.42.56:141][336]LogWorld: Game class is 'FirstPersonGameMode_C'
[2015.05.05-13.42.56:143][336]LogAIModule: Creating AISystem for world FirstPersonExampleMap
[2015.05.05-13.42.56:149][336]LogWorld: Bringing World /Game/FirstPersonBP/Maps/UEDPIE_0_FirstPersonExampleMap.FirstPersonExampleMap up for play (max tick rate 0) at 2015.05.05-09.42.56
[2015.05.05-13.42.56:150][336]LogWorld: Bringing up level for play took: 0.006960
[2015.05.05-13.42.56:151][336]PIE: Info Play in editor start time for /Game/FirstPersonBP/Maps/UEDPIE_0_FirstPersonExampleMap 0.405
[2015.05.05-13.44.14:526][996]LogCharacterMovement: FirstPersonCharacter_C_0 is stuck and failed to move!
[2015.05.05-13.44.14:716][ 18]LogCharacterMovement: FirstPersonCharacter_C_0 is stuck and failed to move!
[2015.05.05-13.44.16:424][213]LogCharacterMovement: FirstPersonCharacter_C_0 is stuck and failed to move!
[2015.05.05-13.44.16:596][233]LogCharacterMovement: FirstPersonCharacter_C_0 is stuck and failed to move!
[2015.05.05-13.44.16:755][251]LogCharacterMovement: FirstPersonCharacter_C_0 is stuck and failed to move!
[2015.05.05-13.44.17:247][308]LogCharacterMovement: FirstPersonCharacter_C_0 is stuck and failed to move!
[2015.05.05-13.44.17:414][327]LogCharacterMovement: FirstPersonCharacter_C_0 is stuck and failed to move!
[2015.05.05-13.44.17:771][365]LogCharacterMovement: FirstPersonCharacter_C_0 is stuck and failed to move!
[2015.05.05-13.53.48:943][239]LogParticles: Destroying 0 GPU particle simulations for FXSystem 0x00000088319D5DA0
[2015.05.05-14.03.12:120][999]LogActorComponent: UnregisterComponent: (/Engine/Transient.Pr