Log file open, 06/03/15 09:08:11
LogInit:Display: Running engine for game: MyProject
LogInit: Version: 4.7.6-2513093+++depot+UE4-Releases+4.7
LogInit: API Version: 2455222
LogInit: Compiled (64-bit): Apr 15 2015 12:09:54
LogInit: Compiled with Visual C++: 18.00.21005.01
LogInit: Build Configuration: Development
LogInit: Branch Name: ++depot+UE4-Releases+4.7
LogInit: Command line: 
LogInit: Base directory: F:/Unreal Engine/Epic Games/4.7/Engine/Binaries/Win64/
LogInit: Rocket: 1
[2015.06.03-13.08.11:993][  0]LogTaskGraph: Started task graph with 3 named threads and 6 total threads.
[2015.06.03-13.08.12:046][  0]LogOnline:Warning: No default platform service specified for OnlineSubsystem
[2015.06.03-13.08.12:055][  0]LogInit: Presizing for 0 objects not considered by GC, pre-allocating 0 bytes.
[2015.06.03-13.08.12:064][  0]LogInit: Object subsystem initialized
[2015.06.03-13.08.12:065][  0]LogConsoleResponse:Warning: Skipping Unknown console variable: 'TranslucentSortAxis = (X=0.000000,Y=-1.000000,Z=0.000000)'
[2015.06.03-13.08.12:065][  0]LogConsoleResponse:Warning:   Found in ini file 'C:/Users/Tarek/Documents/1) Isart/GD2/Level Design/Unreal/Arrow Shooter/Share/UDK_Project/Saved/Config/Windows/Engine.ini', in section '[/Script/Engine.RendererSettings]'
[2015.06.03-13.08.12:065][  0]LogConsoleResponse:Warning: Skipping Unknown console variable: 'UIScaleRule = ShortestSide'
[2015.06.03-13.08.12:066][  0]LogConsoleResponse:Warning:   Found in ini file 'C:/Users/Tarek/Documents/1) Isart/GD2/Level Design/Unreal/Arrow Shooter/Share/UDK_Project/Saved/Config/Windows/Engine.ini', in section '[/Script/Engine.RendererSettings]'
[2015.06.03-13.08.12:066][  0]LogConsoleResponse:Warning: Skipping Unknown console variable: 'UIScaleCurve = (EditorCurveData=(Keys=),ExternalCurve=None)'
[2015.06.03-13.08.12:066][  0]LogConsoleResponse:Warning:   Found in ini file 'C:/Users/Tarek/Documents/1) Isart/GD2/Level Design/Unreal/Arrow Shooter/Share/UDK_Project/Saved/Config/Windows/Engine.ini', in section '[/Script/Engine.RendererSettings]'
[2015.06.03-13.08.12:066][  0]LogInit: Selected Device Profile: [Windows]
[2015.06.03-13.08.12:066][  0]LogInit: Applying CVar settings loaded from the selected device profile: [Windows]
[2015.06.03-13.08.12:096][  0]LogInit: Computer: BACONMACHINE
[2015.06.03-13.08.12:096][  0]LogInit: User: Tarek
[2015.06.03-13.08.12:096][  0]LogInit: CPU Page size=4096, Cores=4
[2015.06.03-13.08.12:096][  0]LogInit: High frequency timer resolution =2.338348 MHz
[2015.06.03-13.08.12:096][  0]LogMemory: Memory total: Physical=11.9GB (12GB approx) Virtual=131072.0GB
[2015.06.03-13.08.12:096][  0]LogMemory: Platform Memory Stats for Windows
[2015.06.03-13.08.12:096][  0]LogMemory: Process Physical Memory: 45.92 MB used, 45.92 MB peak
[2015.06.03-13.08.12:096][  0]LogMemory: Process Virtual Memory: 26.35 MB used, 26.36 MB peak
[2015.06.03-13.08.12:097][  0]LogMemory: Physical Memory: 4218.05 MB used, 12205.48 MB total
[2015.06.03-13.08.12:097][  0]LogMemory: Virtual Memory: 291.14 MB used, 134217728.00 MB total
[2015.06.03-13.08.12:122][  0]LogD3D11RHI: Found D3D11 adapter 0: NVIDIA GeForce GTX 765M (Feature Level 11_0)
[2015.06.03-13.08.12:122][  0]LogD3D11RHI: Adapter has 1985MB of dedicated video memory, 0MB of dedicated system memory, and 2048MB of shared system memory, 1 output[s]
[2015.06.03-13.08.12:123][  0]LogD3D11RHI: Found D3D11 adapter 1: Microsoft Basic Render Driver (Feature Level 11_0)
[2015.06.03-13.08.12:123][  0]LogD3D11RHI: Adapter has 0MB of dedicated video memory, 0MB of dedicated system memory, and 256MB of shared system memory, 0 output[s]
[2015.06.03-13.08.12:123][  0]LogD3D11RHI: Chosen D3D11 Adapter Id = 0
[2015.06.03-13.08.12:127][  0]LogRHI: Texture pool is 1361 MB (70% of 1945 MB)
[2015.06.03-13.08.12:137][  0]LogD3D11RHI: Async texture creation enabled
[2015.06.03-13.08.12:194][  0]LogTextLocalizationManager: The requested culture ('en_CA') has no localization data; parent culture's ('en') localization data will be used.
[2015.06.03-13.08.12:248][  0]LogTextLocalizationManager:Warning: Loading localization resources contain conflicting entries for (Namespace:UICommands, Key:Save_ToolTip):
Resource: (F:/Unreal Engine/Epic Games/4.7/Engine/Content/Localization/Editor/en/Editor.locres) Hash: (-29098895) String: (Saves the current level to disk)
Resource: (F:/Unreal Engine/Epic Games/4.7/Engine/Content/Localization/Engine/en/Engine.locres) Hash: (-1280300587) String: (Save selected data to vlog file)
[2015.06.03-13.08.12:248][  0]LogTextLocalizationManager:Warning: Loading localization resources contain conflicting entries for (Namespace:ContentBrowser, Key:ImportAssetToolTip):
Resource: (F:/Unreal Engine/Epic Games/4.7/Engine/Content/Localization/Editor/en/Editor.locres) Hash: (-630476809) String: (Import to {0}...)
Resource: (F:/Unreal Engine/Epic Games/4.7/Engine/Content/Localization/Editor/en/Editor.locres) Hash: (1271782899) String: (Imports an asset from file to this folder.)
[2015.06.03-13.08.12:323][  0]LogContentStreaming: Texture pool size is 0.000000MB
[2015.06.03-13.08.14:278][  0]LogTargetPlatformManager:Display: Building Assets For Windows
[2015.06.03-13.08.14:693][  0]LogTargetPlatformManager:Display: Building Assets For Windows
[2015.06.03-13.08.14:738][  0]LogDerivedDataCache:Display: Max Cache Size: 512 MB
[2015.06.03-13.08.14:777][  0]LogDerivedDataCache: Loaded boot cache 0.04s 39MB C:/Users/Tarek/AppData/Local/UnrealEngine/4.7/DerivedDataCache/Boot.ddc.
[2015.06.03-13.08.14:778][  0]LogDerivedDataCache:Display: Loaded Boot cache: C:/Users/Tarek/AppData/Local/UnrealEngine/4.7/DerivedDataCache/Boot.ddc
[2015.06.03-13.08.14:778][  0]LogDerivedDataCache: FDerivedDataBackendGraph:  Pak pak cache file C:/Users/Tarek/Documents/1) Isart/GD2/Level Design/Unreal/Arrow Shooter/Share/UDK_Project/DerivedDataCache/DDC.ddp not found, will not use a pak cache.
[2015.06.03-13.08.14:778][  0]LogDerivedDataCache: Unable to find inner node Pak for hierarchical cache Hierarchy.
[2015.06.03-13.08.14:884][  0]LogDerivedDataCache:Display: Pak cache opened for reading ../../../Engine/DerivedDataCache/Compressed.ddp.
[2015.06.03-13.08.14:897][  0]LogDerivedDataCache: Using Local data cache path C:/Users/Tarek/AppData/Local/UnrealEngine/Common/DerivedDataCache: Writable
[2015.06.03-13.08.15:133][  0]LogMeshUtilities: No automatic mesh reduction module available
[2015.06.03-13.08.15:133][  0]LogMeshUtilities: No automatic mesh merging module available
[2015.06.03-13.08.15:466][  0]LogInit: WinSock: version 1.1 (2.2), MaxSocks=32767, MaxUdp=65467
[2015.06.03-13.08.15:519][  0]LogSlate:Warning: Failed to load font data from '../../../Engine/Content/Slate/Fonts/Roboto-Italic.ttf'
[2015.06.03-13.08.16:165][  0]UdpMessaging: Initializing bridge on interface 0.0.0.0:0 to multicast group 230.0.0.1:6666.
[2015.06.03-13.08.16:319][  0]SourceControl: Info Source control is disabled
[2015.06.03-13.08.16:319][  0]SourceControl: Info Source control is disabled
[2015.06.03-13.08.16:319][  0]SourceControl: Info Source control is disabled
[2015.06.03-13.08.16:319][  0]LogSourceControl: RunCommandInternalRaw: 'git version'
[2015.06.03-13.08.16:319][  0]LogSourceControl: RunCommandInternalRaw: ExecProcess ReturnCode=2 OutResults=''
[2015.06.03-13.08.16:325][  0]SourceControl: Info Source control is disabled
[2015.06.03-13.08.16:449][  0]LogObj: 24232 objects as part of root set at end of initial load.
[2015.06.03-13.08.16:449][  0]LogUObjectAllocator: 5137176 out of 0 bytes used by permanent object pool.
[2015.06.03-13.08.16:517][  0]LogEngine: Initializing Engine...
[2015.06.03-13.08.19:652][  0]LogInit: XAudio2 using 'Speakers (Realtek High Definition Audio)' : 2 channels at 48 kHz using 32 bits per sample (channel mask 0x3)
[2015.06.03-13.08.19:694][  0]LogInit: FAudioDevice initialized.
[2015.06.03-13.08.19:719][  0]LogAIModule: Creating AISystem for world NewWorld
[2015.06.03-13.08.19:739][  0]LogDerivedDataCache: Saved boot cache 0.02s 39MB C:/Users/Tarek/AppData/Local/UnrealEngine/4.7/DerivedDataCache/Boot.ddc.
[2015.06.03-13.08.19:744][  0]LogInit: Texture streaming: Enabled
[2015.06.03-13.08.19:813][  0]LogAnalytics: Creating configured Analytics provider AnalyticsET
[2015.06.03-13.08.19:813][  0]LogAnalytics: ET APIKey = Rocket.Release. APIServer = http://et2.epicgames.com/ET2/. AppVersion = 4.7.6-2513093+++depot+UE4-Releases+4.7
[2015.06.03-13.08.19:813][  0]LogAnalytics: ET APIKey = Rocket.Release. DataRouterUploadURL = https://datarouter-public-service-gamedev.ol.epicgames.net/datarouter/api/v1/public/data. AppVersion = 4.7.6-2513093+++depot+UE4-Releases+4.7
[2015.06.03-13.08.19:813][  0]LogAnalytics: SetUserId 8a5f138b4f704bb37c44dcaf4b79d04d|0696c550c11542fd8dab8af134c02578|f68160a7-2067-4ea7-beb0-3ab86f96e82e
[2015.06.03-13.08.19:813][  0]LogAnalytics: AnalyticsET::StartSession [Rocket.Release]
[2015.06.03-13.08.19:832][  0]LogInit: Transaction tracking system initialized
[2015.06.03-13.08.19:947][  0]BlueprintLog: New page: Editor Load
[2015.06.03-13.08.19:974][  0]LogAssetRegistry: FAssetRegistry took 0.0105 seconds to start up
[2015.06.03-13.08.19:974][  0]LogDirectoryWatcher:Warning: Failed to begin reading directory changes for ../../../Engine/Plugins/Experimental/CharacterAI/Content/. Error: 0
[2015.06.03-13.08.20:417][  0]LogTargetPlatformManager:Display: Building Assets For Windows
[2015.06.03-13.08.20:735][  0]LogTargetPlatformManager:Display: Building Assets For Windows
[2015.06.03-13.08.20:916][  0]LogSlate:Warning: Failed to load font data from '../../../Engine/Content/Editor/Slate/Fonts/Roboto-Regular.ttf'
[2015.06.03-13.08.20:916][  0]LogSlate:Warning: Failed to load font data from '../../../Engine/Content/Editor/Slate/Fonts/Roboto-Bold.ttf'
[2015.06.03-13.08.20:955][  0]LogConsoleResponse:Display: 
[2015.06.03-13.08.21:139][  0]LogCook:Display: Done creating registry. It took  0.00s.
[2015.06.03-13.08.21:234][  0]SourceControl: Info Source control is disabled
[2015.06.03-13.08.21:235][  0]LightingResults: New page: Lighting Build
[2015.06.03-13.08.21:243][  0]MapCheck: New page: Map Check
[2015.06.03-13.08.21:243][  0]LightingResults: New page: Lighting Build
[2015.06.03-13.08.21:250][  0]LogParticles: Destroying 0 GPU particle simulations for FXSystem 0x000000CF011CE980
[2015.06.03-13.08.21:308][  0]LogLinker:Warning: Asset '../../../Engine/Content/EngineMeshes/Humanoid.uasset' has been saved with empty engine version. The asset will be loaded but may be incompatible.
[2015.06.03-13.08.22:104][  0]LogLinker:Warning: SphereComponent_0 has an inappropriate outermost, it was probably saved with a deprecated outer.
[2015.06.03-13.08.22:105][  0]LogLinker:Warning: SphereComponent_0 has an inappropriate outermost, it was probably saved with a deprecated outer.
[2015.06.03-13.08.22:594][  0]LogLinker:Warning: SphereComponent_0 has an inappropriate outermost, it was probably saved with a deprecated outer.
[2015.06.03-13.08.23:978][  0]LogEditorServer: Finished looking for orphan Actors (0.000 secs)
[2015.06.03-13.08.23:984][  0]LogAIModule: Creating AISystem for world FirstPersonExampleMap
[2015.06.03-13.08.23:985][  0]Cmd: MAP CHECKDEP
[2015.06.03-13.08.23:985][  0]MapCheck: New page: FirstPersonExampleMap - Jun 3, 2015, 5:08:23 AM
[2015.06.03-13.08.24:055][  0]MapCheck: Info Map check complete: 0 Error(s), 0 Warning(s), took 69.707ms to complete.
[2015.06.03-13.08.24:055][  0]LogFileHelpers: Loading map 'FirstPersonExampleMap' took 2.820
[2015.06.03-13.08.24:364][  0]LogCollectionManager: Loaded 0 collections in 0.001036 seconds
[2015.06.03-13.08.24:372][  0]LogContentBrowser: Native class hierarchy populated in 0.0080 seconds. Added 1696 classes and 261 folders.
[2015.06.03-13.08.24:465][  0]LogContentBrowser: Native class hierarchy updated for 'SceneOutliner' in 0.0014 seconds. Added 1 classes and 2 folders.
[2015.06.03-13.08.24:587][  0]LogCrashTracker: Crashtracker disabled due to settings.
[2015.06.03-13.08.24:588][  0]LogSlate:Warning: Failed to load font data from 'Veranda'
[2015.06.03-13.08.24:592][  0]LogUObjectGlobals:Warning: Failed to find object 'Class None.'
[2015.06.03-13.08.24:627][  0]LogLoad: Full Startup: 14.48 seconds (BP compile: 0.74 seconds)
[2015.06.03-13.08.24:671][  0]LogContentBrowser:Verbose: The content browser source was changed by the sources view to '/Game/FirstPersonBP/Maps'
[2015.06.03-13.08.24:842][  0]LogRenderer:Warning: Reallocating scene render targets to support 32x32 (Frame:2).
[2015.06.03-13.08.25:068][  0]LogRenderer:Warning: Reallocating scene render targets to support 1208x560 (Frame:6).
[2015.06.03-13.08.25:274][  4]LogAssetRegistry: Asset discovery search completed in 5.3096 seconds
[2015.06.03-13.10.52:758][946]BlueprintLog: New page: Pre-PIE auto-recompile
[2015.06.03-13.10.52:758][946]LogPlayLevel: [PIE] Compiling FirstPersonExampleMap before PIE...
[2015.06.03-13.10.52:816][946]LogPlayLevel: PIE:  Blueprint regeneration took 57 ms (1 blueprints)
[2015.06.03-13.10.52:816][946]PIE: New page: PIE session: FirstPersonExampleMap (Jun 3, 2015, 5:10:52 AM)
[2015.06.03-13.10.52:840][946]LogPlayLevel: PIE: StaticDuplicateObject took: (0.023370s)
[2015.06.03-13.10.52:841][946]LogPlayLevel: PIE: World Init took: (0.000757s)
[2015.06.03-13.10.52:841][946]LogPlayLevel: PIE: Created PIE world by copying editor world from /Game/FirstPersonBP/Maps/FirstPersonExampleMap.FirstPersonExampleMap to /Game/FirstPersonBP/Maps/UEDPIE_0_FirstPersonExampleMap.FirstPersonExampleMap (0.024831s)
[2015.06.03-13.10.53:073][946]LogWorld: Game class is 'FirstPersonGameMode_C'
[2015.06.03-13.10.53:075][946]LogAIModule: Creating AISystem for world FirstPersonExampleMap
[2015.06.03-13.10.53:082][946]LogWorld: Bringing World /Game/FirstPersonBP/Maps/UEDPIE_0_FirstPersonExampleMap.FirstPersonExampleMap up for play (max tick rate 60) at 2015.06.03-09.10.53
[2015.06.03-13.10.53:083][946]LogWorld: Bringing up level for play took: 0.007880
[2015.06.03-13.10.53:085][946]PIE: Info Play in editor start time for /Game/FirstPersonBP/Maps/UEDPIE_0_FirstPersonExampleMap 0.167
[2015.06.03-13.11.07:444][795]LogParticles: Destroying 0 GPU particle simulations for FXSystem 0x000000CF8928F880
[2015.06.03-13.11.08:519][858]BlueprintLog: New page: Pre-PIE auto-recompile
[2015.06.03-13.11.08:520][858]LogPlayLevel: [PIE] Compiling FirstPersonExampleMap before PIE...
[2015.06.03-13.11.08:555][858]LogPlayLevel: PIE:  Blueprint regeneration took 35 ms (1 blueprints)
[2015.06.03-13.11.08:555][858]PIE: New page: PIE session: FirstPersonExampleMap (Jun 3, 2015, 5:11:08 AM)
[2015.06.03-13.11.08:576][858]LogPlayLevel: PIE: StaticDuplicateObject took: (0.020435s)
[2015.06.03-13.11.08:577][858]LogPlayLevel: PIE: World Init took: (0.000819s)
[2015.06.03-13.11.08:577][858]LogPlayLevel: PIE: Created PIE world by copying editor world from /Game/FirstPersonBP/Maps/FirstPersonExampleMap.FirstPersonExampleMap to /Game/FirstPersonBP/Maps/UEDPIE_0_FirstPersonExampleMap.FirstPersonExampleMap (0.021463s)
[2015.06.03-13.11.08:631][858]LogWorld: Game class is 'FirstPersonGameMode_C'
[2015.06.03-13.11.08:633][858]LogAIModule: Creating AISystem for world FirstPersonExampleMap
[2015.06.03-13.11.08:640][858]LogWorld: Bringing World /Game/FirstPersonBP/Maps/UEDPIE_0_FirstPersonExampleMap.FirstPersonExampleMap up for play (max tick rate 60) at 2015.06.03-09.11.08
[2015.06.03-13.11.08:641][858]LogWorld: Bringing up level for play took: 0.007740
[2015.06.03-13.11.08:643][858]PIE: Info Play in editor start time for /Game/FirstPersonBP/Maps/UEDPIE_0_FirstPersonExampleMap -0.275
[2015.06.03-13.11.12:085][ 62]LogParticles: Destroying 0 GPU particle simulations for FXSystem 0x000000CF78C7CCC0
[2015.06.03-13.11.28:890][288]BlueprintLog: New page: Pre-PIE auto-recompile
[2015.06.03-13.11.28:890][288]LogPlayLevel: [PIE] Compiling FirstPersonExampleMap before PIE...
[2015.06.03-13.11.28:925][288]LogPlayLevel: PIE:  Blueprint regeneration took 35 ms (1 blueprints)
[2015.06.03-13.11.28:925][288]PIE: New page: PIE session: FirstPersonExampleMap (Jun 3, 2015, 5:11:28 AM)
[2015.06.03-13.11.28:946][288]LogPlayLevel: PIE: StaticDuplicateObject took: (0.020593s)
[2015.06.03-13.11.28:948][288]LogPlayLevel: PIE: World Init took: (0.001141s)
[2015.06.03-13.11.28:948][288]LogPlayLevel: PIE: Created PIE world by copying editor world from /Game/FirstPersonBP/Maps/FirstPersonExampleMap.FirstPersonExampleMap to /Game/FirstPersonBP/Maps/UEDPIE_0_FirstPersonExampleMap.FirstPersonExampleMap (0.021949s)
[2015.06.03-13.11.29:000][288]LogWorld: Game class is 'FirstPersonGameMode_C'
[2015.06.03-13.11.29:002][288]LogAIModule: Creating AISystem for world FirstPersonExampleMap
[2015.06.03-13.11.29:009][288]LogWorld: Bringing World /Game/FirstPersonBP/Maps/UEDPIE_0_FirstPersonExampleMap.FirstPersonExampleMap up for play (max tick rate 60) at 2015.06.03-09.11.29
[2015.06.03-13.11.29:010][288]LogWorld: Bringing up level for play took: 0.007850
[2015.06.03-13.11.29:012][288]PIE: Info Play in editor start time for /Game/FirstPersonBP/Maps/UEDPIE_0_FirstPersonExampleMap 0.094
[2015.06.03-13.11.33:471][553]LogParticles: Destroying 0 GPU particle simulations for FXSystem 0x000000CF78C7D260
[2015.06.03-13.11.35:944][696]LogContentBrowser:Verbose: The content browser source was changed by the sources view to '/Game/FirstPersonBP/Blueprints'
[2015.06.03-13.12.02:308][926]BlueprintLog: New page: Pre-PIE auto-recompile
[2015.06.03-13.12.02:311][926]LogPlayLevel: [PIE] Compiling FirstPersonExampleMap before PIE...
[2015.06.03-13.12.02:347][926]LogActorComponent: UnregisterComponent: (/Engine/Transient.ProjectileMovementComponent_40__A6522401) Not registered. Aborting.
[2015.06.03-13.12.02:347][926]LogActorComponent: UnregisterComponent: (/Engine/Transient.CharMoveComp) Not registered. Aborting.
[2015.06.03-13.12.02:366][926]LogPlayLevel: PIE:  Blueprint regeneration took 57 ms (1 blueprints)
[2015.06.03-13.12.02:366][926]PIE: New page: PIE session: FirstPersonExampleMap (Jun 3, 2015, 5:12:02 AM)
[2015.06.03-13.12.02:390][926]LogPlayLevel: PIE: StaticDuplicateObject took: (0.023436s)
[2015.06.03-13.12.02:391][926]LogPlayLevel: PIE: World Init took: (0.000687s)
[2015.06.03-13.12.02:391][926]LogPlayLevel: PIE: Created PIE world by copying editor world from /Game/FirstPersonBP/Maps/FirstPersonExampleMap.FirstPersonExampleMap to /Game/FirstPersonBP/Maps/UEDPIE_0_FirstPersonExampleMap.FirstPersonExampleMap (0.024312s)
[2015.06.03-13.12.02:436][926]LogWorld: Game class is 'FirstPersonGameMode_C'
[2015.06.03-13.12.02:438][926]LogAIModule: Creating AISystem for world FirstPersonExampleMap
[2015.06.03-13.12.02:445][926]LogWorld: Bringing World /Game/FirstPersonBP/Maps/UEDPIE_0_FirstPersonExampleMap.FirstPersonExampleMap up for play (max tick rate 60) at 2015.06.03-09.12.02
[2015.06.03-13.12.02:446][926]LogWorld: Bringing up level for play took: 0.007603
[2015.06.03-13.12.02:447][926]LogGameMode: Warning - PATHS NOT DEFINED or NO PLAYERSTART with positive rating
[2015.06.03-13.12.02:460][926]PIE: Info Play in editor start time for /Game/FirstPersonBP/Maps/UEDPIE_0_FirstPersonExampleMap -0.458
[2015.06.03-13.12.02:470][926]LogRenderer:Warning: Reallocating scene render targets to support 1296x760 (Frame:7274).
[2015.06.03-13.12.05:126][ 72]LogParticles: Destroying 0 GPU particle simulations for FXSystem 0x000000CF875A9F80
[2015.06.03-13.12.29:804][940]LogContentBrowser:Verbose: The content browser source was changed by the sources view to '/Game/FirstPersonBP/Maps'
[2015.06.03-13.12.31:180][985]LogActorComponent: UnregisterComponent: (/Engine/Transient.ProjectileMovementComponent_40__A6522401) Not registered. Aborting.
[2015.06.03-13.12.31:180][985]LogActorComponent: UnregisterComponent: (/Engine/Transient.CharMoveComp) Not registered. Aborting.
[2015.06.03-13.12.33:307][985]LogSavePackage: Save=109.922478ms
[2015.06.03-13.12.33:307][985]LogSavePackage: Moving 'C:/Users/Tarek/Documents/1) Isart/GD2/Level Design/Unreal/Arrow Shooter/Share/UDK_Project/Saved/FirstPersonExampleMap94356F434899B00C572F039A05D6DC04.tmp' to 'C:/Users/Tarek/Documents/1) Isart/GD2/Level Design/Unreal/Arrow Shooter/Share/UDK_Project/Content/FirstPersonBP/Maps/FirstPersonExampleMap.umap'
[2015.06.03-13.12.33:343][985]LogFileHelpers: Saving map 'FirstPersonExampleMap' took 0.270
[2015.06.03-13.12.33:345][985]Cmd: MAP LOAD FILE="C:/Users/Tarek/Documents/1) Isart/GD2/Level Design/Unreal/Arrow Shooter/Share/UDK_Project/Content/FirstPersonBP/Maps/TestIA.umap" TEMPLATE=0 SHOWPROGRESS=1 FEATURELEVEL=3
[2015.06.03-13.12.33:345][985]LightingResults: New page: Lighting Build
[2015.06.03-13.12.33:370][985]LoadErrors: New page: Loading map: TestIA.umap
[2015.06.03-13.12.33:371][985]MapCheck: New page: Map Check
[2015.06.03-13.12.33:371][985]LightingResults: New page: Lighting Build
[2015.06.03-13.12.33:386][985]LogParticles: Destroying 0 GPU particle simulations for FXSystem 0x000000CF80F5DBC0
[2015.06.03-13.12.33:393][985]LogEditorServer: Finished looking for orphan Actors (0.000 secs)
[2015.06.03-13.12.33:393][985]LogAIModule: Creating AISystem for world TestIA
[2015.06.03-13.12.33:413][985]Cmd: MAP CHECKDEP
[2015.06.03-13.12.33:413][985]MapCheck: New page: TestIA - Jun 3, 2015, 5:12:33 AM
[2015.06.03-13.12.33:492][985]MapCheck: Info Map check complete: 0 Error(s), 0 Warning(s), took 79.186ms to complete.
[2015.06.03-13.12.33:520][985]LogFileHelpers: Loading map 'TestIA' took 0.176
[2015.06.03-13.12.34:468][ 40]LogEditorViewport: Clicking on Actor (LMB): StaticMeshActor (Cube13)
[2015.06.03-13.12.35:715][108]LogPlayLevel: PIE:  No blueprints needed recompiling
[2015.06.03-13.12.35:715][108]PIE: New page: PIE session: TestIA (Jun 3, 2015, 5:12:35 AM)
[2015.06.03-13.12.35:718][108]LogPlayLevel: PIE: StaticDuplicateObject took: (0.002574s)
[2015.06.03-13.12.35:719][108]LogPlayLevel: PIE: World Init took: (0.000567s)
[2015.06.03-13.12.35:719][108]LogPlayLevel: PIE: Created PIE world by copying editor world from /Game/FirstPersonBP/Maps/TestIA.TestIA to /Game/FirstPersonBP/Maps/UEDPIE_0_TestIA.TestIA (0.003330s)
[2015.06.03-13.12.35:758][108]LogWorld: Game class is 'FirstPersonGameMode_C'
[2015.06.03-13.12.35:760][108]LogAIModule: Creating AISystem for world TestIA
[2015.06.03-13.12.35:764][108]LogWorld:Warning: *** WARNING - PATHS MAY NOT BE VALID ***
[2015.06.03-13.12.35:765][108]LogWorld: Bringing World /Game/FirstPersonBP/Maps/UEDPIE_0_TestIA.TestIA up for play (max tick rate 60) at 2015.06.03-09.12.35
[2015.06.03-13.12.35:766][108]LogWorld: Bringing up level for play took: 0.005460
[2015.06.03-13.12.35:814][108]PIE: Info Play in editor start time for /Game/FirstPersonBP/Maps/UEDPIE_0_TestIA 0.896
[2015.06.03-13.12.35:815][108]LogBlueprintUserMessages: X=-146.799 Y=-923.092 Z=35.000
[2015.06.03-13.12.37:224][192]LogBlueprintUserMessages: X=456.092 Y=-661.996 Z=35.000
[2015.06.03-13.12.38:809][287]LogBlueprintUserMessages: X=557.846 Y=354.775 Z=35.000
[2015.06.03-13.12.40:525][390]LogBlueprintUserMessages: X=553.498 Y=720.114 Z=35.000
[2015.06.03-13.12.41:861][466]LogParticles: Destroying 0 GPU particle simulations for FXSystem 0x000000CE881554E0
[2015.06.03-13.12.44:469][617]LogPlayLevel: PIE:  No blueprints needed recompiling
[2015.06.03-13.12.44:469][617]PIE: New page: PIE session: TestIA (Jun 3, 2015, 5:12:44 AM)
[2015.06.03-13.12.44:472][617]LogPlayLevel: PIE: StaticDuplicateObject took: (0.002601s)
[2015.06.03-13.12.44:474][617]LogPlayLevel: PIE: World Init took: (0.000840s)
[2015.06.03-13.12.44:474][617]LogPlayLevel: PIE: Created PIE world by copying editor world from /Game/FirstPersonBP/Maps/TestIA.TestIA to /Game/FirstPersonBP/Maps/UEDPIE_0_TestIA.TestIA (0.003634s)
[2015.06.03-13.12.44:511][617]LogWorld: Game class is 'FirstPersonGameMode_C'
[2015.06.03-13.12.44:513][617]LogAIModule: Creating AISystem for world TestIA
[2015.06.03-13.12.44:517][617]LogWorld:Warning: *** WARNING - PATHS MAY NOT BE VALID ***
[2015.06.03-13.12.44:517][617]LogWorld: Bringing World /Game/FirstPersonBP/Maps/UEDPIE_0_TestIA.TestIA up for play (max tick rate 60) at 2015.06.03-09.12.44
[2015.06.03-13.12.44:518][617]LogWorld: Bringing up level for play took: 0.004783
[2015.06.03-13.12.44:521][617]PIE: Info Play in editor start time for /Game/FirstPersonBP/Maps/UEDPIE_0_TestIA -0.397
[2015.06.03-13.12.44:522][617]LogBlueprintUserMessages: X=916.234 Y=-582.985 Z=35.000
[2015.06.03-13.12.47:038][768]LogBlueprintUserMessages: X=292.050 Y=-1089.302 Z=35.000
[2015.06.03-13.12.47:219][775]LogParticles: Destroying 0 GPU particle simulations for FXSystem 0x000000CE88157380
[2015.06.03-13.12.48:219][833]LogPlayLevel: PIE:  No blueprints needed recompiling
[2015.06.03-13.12.48:219][833]PIE: New page: PIE session: TestIA (Jun 3, 2015, 5:12:48 AM)
[2015.06.03-13.12.48:222][833]LogPlayLevel: PIE: StaticDuplicateObject took: (0.002669s)
[2015.06.03-13.12.48:222][833]LogPlayLevel: PIE: World Init took: (0.000541s)
[2015.06.03-13.12.48:223][833]LogPlayLevel: PIE: Created PIE world by copying editor world from /Game/FirstPersonBP/Maps/TestIA.TestIA to /Game/FirstPersonBP/Maps/UEDPIE_0_TestIA.TestIA (0.003408s)
[2015.06.03-13.12.48:264][833]LogWorld: Game class is 'FirstPersonGameMode_C'
[2015.06.03-13.12.48:266][833]LogAIModule: Creating AISystem for world TestIA
[2015.06.03-13.12.48:270][833]LogWorld:Warning: *** WARNING - PATHS MAY NOT BE VALID ***
[2015.06.03-13.12.48:270][833]LogWorld: Bringing World /Game/FirstPersonBP/Maps/UEDPIE_0_TestIA.TestIA up for play (max tick rate 60) at 2015.06.03-09.12.48
[2015.06.03-13.12.48:271][833]LogWorld: Bringing up level for play took: 0.004839
[2015.06.03-13.12.48:274][833]PIE: Info Play in editor start time for /Game/FirstPersonBP/Maps/UEDPIE_0_TestIA -0.644
[2015.06.03-13.12.48:275][833]LogBlueprintUserMessages: X=427.578 Y=-856.149 Z=35.000
[2015.06.03-13.12.48:606][853]LogBlueprintUserMessages: X=807.899 Y=444.031 Z=35.000
[2015.06.03-13.12.48:756][862]LogBlueprintUserMessages: X=644.683 Y=-666.610 Z=35.000
[2015.06.03-13.12.50:158][945]LogBlueprintUserMessages: X=880.709 Y=737.916 Z=35.000
[2015.06.03-13.12.52:058][ 59]LogBlueprintUserMessages: X=26.798 Y=-78.547 Z=35.000
[2015.06.03-13.12.53:891][169]LogBlueprintUserMessages: X=271.751 Y=234.215 Z=35.000
[2015.06.03-13.12.55:442][262]LogBlueprintUserMessages: X=-829.955 Y=117.183 Z=35.000
[2015.06.03-13.12.56:773][337]LogParticles: Destroying 0 GPU particle simulations for FXSystem 0x000000CF89C805E0
[2015.06.03-13.12.57:906][404]LogPlayLevel: PIE:  No blueprints needed recompiling
[2015.06.03-13.12.57:906][404]PIE: New page: PIE session: TestIA (Jun 3, 2015, 5:12:57 AM)
[2015.06.03-13.12.57:909][404]LogPlayLevel: PIE: StaticDuplicateObject took: (0.002400s)
[2015.06.03-13.12.57:910][404]LogPlayLevel: PIE: World Init took: (0.000676s)
[2015.06.03-13.12.57:910][404]LogPlayLevel: PIE: Created PIE world by copying editor world from /Game/FirstPersonBP/Maps/TestIA.TestIA to /Game/FirstPersonBP/Maps/UEDPIE_0_TestIA.TestIA (0.003268s)
[2015.06.03-13.12.57:942][404]LogWorld: Game class is 'FirstPersonGameMode_C'
[2015.06.03-13.12.57:944][404]LogAIModule: Creating AISystem for world TestIA
[2015.06.03-13.12.57:948][404]LogWorld:Warning: *** WARNING - PATHS MAY NOT BE VALID ***
[2015.06.03-13.12.57:948][404]LogWorld: Bringing World /Game/FirstPersonBP/Maps/UEDPIE_0_TestIA.TestIA up for play (max tick rate 60) at 2015.06.03-09.12.57
[2015.06.03-13.12.57:949][404]LogWorld: Bringing up level for play took: 0.005105
[2015.06.03-13.12.57:952][404]PIE: Info Play in editor start time for /Game/FirstPersonBP/Maps/UEDPIE_0_TestIA 1.034
[2015.06.03-13.12.57:953][404]LogBlueprintUserMessages: X=373.281 Y=-599.056 Z=35.000
[2015.06.03-13.12.59:551][500]LogBlueprintUserMessages: X=922.246 Y=678.508 Z=35.000
[2015.06.03-13.13.00:618][564]LogBlueprintUserMessages: X=-417.906 Y=-188.966 Z=35.000
[2015.06.03-13.13.01:836][637]LogBlueprintUserMessages: X=-509.320 Y=-355.054 Z=35.000
[2015.06.03-13.13.04:018][768]LogBlueprintUserMessages: X=-222.058 Y=124.758 Z=35.000
[2015.06.03-13.13.05:202][839]LogBlueprintUserMessages: X=963.921 Y=628.642 Z=35.000
[2015.06.03-13.13.05:752][872]LogCharacterMovement: TestIACharacter_86 is stuck and failed to move!
[2015.06.03-13.13.05:769][873]LogCharacterMovement: TestIACharacter_86 is stuck and failed to move!
[2015.06.03-13.13.05:785][874]LogCharacterMovement: TestIACharacter_86 is stuck and failed to move!
[2015.06.03-13.13.05:819][876]LogCharacterMovement: TestIACharacter_86 is stuck and failed to move!
[2015.06.03-13.13.05:835][877]LogCharacterMovement: TestIACharacter_86 is stuck and failed to move!
[2015.06.03-13.13.05:852][878]LogCharacterMovement: TestIACharacter_86 is stuck and failed to move!
[2015.06.03-13.13.05:869][879]LogCharacterMovement: TestIACharacter_86 is stuck and failed to move!
[2015.06.03-13.13.06:853][938]LogBlueprintUserMessages: X=24.387 Y=-983.006 Z=35.000
[2015.06.03-13.13.07:267][958]LogParticles: Destroying 0 GPU particle simulations for FXSystem 0x000000CF7B7099E0
[2015.06.03-13.13.28:567][216]LogRenderer:Warning: Reallocating scene render targets to support 1296x904 (Frame:9845).
[2015.06.03-13.13.35:306][605]LogPlayLevel: PIE:  No blueprints needed recompiling
[2015.06.03-13.13.35:306][605]PIE: New page: PIE session: TestIA (Jun 3, 2015, 5:13:35 AM)
[2015.06.03-13.13.35:309][605]LogPlayLevel: PIE: StaticDuplicateObject took: (0.002393s)
[2015.06.03-13.13.35:309][605]LogPlayLevel: PIE: World Init took: (0.000497s)
[2015.06.03-13.13.35:309][605]LogPlayLevel: PIE: Created PIE world by copying editor world from /Game/FirstPersonBP/Maps/TestIA.TestIA to /Game/FirstPersonBP/Maps/UEDPIE_0_TestIA.TestIA (0.003049s)
[2015.06.03-13.13.35:342][605]LogWorld: Game class is 'FirstPersonGameMode_C'
[2015.06.03-13.13.35:344][605]LogAIModule: Creating AISystem for world TestIA
[2015.06.03-13.13.35:349][605]LogWorld:Warning: *** WARNING - PATHS MAY NOT BE VALID ***
[2015.06.03-13.13.35:349][605]LogWorld: Bringing World /Game/FirstPersonBP/Maps/UEDPIE_0_TestIA.TestIA up for play (max tick rate 60) at 2015.06.03-09.13.35
[2015.06.03-13.13.35:350][605]LogWorld: Bringing up level for play took: 0.004872
[2015.06.03-13.13.35:353][605]PIE: Info Play in editor start time for /Game/FirstPersonBP/Maps/UEDPIE_0_TestIA 0.435
[2015.06.03-13.13.35:353][605]LogBlueprintUserMessages: X=547.369 Y=-780.647 Z=35.000
[2015.06.03-13.13.36:452][671]LogBlueprintUserMessages: X=-221.800 Y=-238.402 Z=35.000
[2015.06.03-13.13.37:969][762]LogBlueprintUserMessages: X=642.307 Y=454.933 Z=35.000
[2015.06.03-13.13.38:735][808]LogBlueprintUserMessages: X=398.499 Y=-1103.682 Z=35.000
[2015.06.03-13.13.40:936][940]LogBlueprintUserMessages: X=862.409 Y=-760.551 Z=35.000
[2015.06.03-13.13.42:886][ 57]LogBlueprintUserMessages: X=151.222 Y=683.940 Z=35.000
[2015.06.03-13.13.43:303][ 82]LogBlueprintUserMessages: X=335.841 Y=372.020 Z=35.000
[2015.06.03-13.13.43:819][113]LogCharacterMovement: TestIACharacter_86 is stuck and failed to move!
[2015.06.03-13.13.43:836][114]LogCharacterMovement: TestIACharacter_86 is stuck and failed to move!
[2015.06.03-13.13.44:353][141]LogParticles: Destroying 0 GPU particle simulations for FXSystem 0x000000CE836772E0
[2015.06.03-13.13.54:721][759]LogPlayLevel: PIE:  No blueprints needed recompiling
[2015.06.03-13.13.54:721][759]PIE: New page: PIE session: TestIA (Jun 3, 2015, 5:13:54 AM)
[2015.06.03-13.13.54:724][759]LogPlayLevel: PIE: StaticDuplicateObject took: (0.002744s)
[2015.06.03-13.13.54:725][759]LogPlayLevel: PIE: World Init took: (0.000847s)
[2015.06.03-13.13.54:725][759]LogPlayLevel: PIE: Created PIE world by copying editor world from /Game/FirstPersonBP/Maps/TestIA.TestIA to /Game/FirstPersonBP/Maps/UEDPIE_0_TestIA.TestIA (0.003786s)
[2015.06.03-13.13.54:759][759]LogWorld: Game class is 'FirstPersonGameMode_C'
[2015.06.03-13.13.54:761][759]LogAIModule: Creating AISystem for world TestIA
[2015.06.03-13.13.54:765][759]LogWorld:Warning: *** WARNING - PATHS MAY NOT BE VALID ***
[2015.06.03-13.13.54:765][759]LogWorld: Bringing World /Game/FirstPersonBP/Maps/UEDPIE_0_TestIA.TestIA up for play (max tick rate 60) at 2015.06.03-09.13.54
[2015.06.03-13.13.54:766][759]LogWorld: Bringing up level for play took: 0.004776
[2015.06.03-13.13.54:769][759]PIE: Info Play in editor start time for /Game/FirstPersonBP/Maps/UEDPIE_0_TestIA -0.15
[2015.06.03-13.13.54:770][759]LogBlueprintUserMessages: X=644.502 Y=565.669 Z=35.000
[2015.06.03-13.13.55:717][816]LogBlueprintUserMessages: X=-739.540 Y=-7.136 Z=35.000
[2015.06.03-13.13.57:000][893]LogBlueprintUserMessages: X=875.402 Y=-850.391 Z=35.000
[2015.06.03-13.14.00:184][ 84]LogBlueprintUserMessages: X=844.375 Y=-922.288 Z=35.000
[2015.06.03-13.14.01:297][145]LogParticles: Destroying 0 GPU particle simulations for FXSystem 0x000000CE83AB19E0
[2015.06.03-13.14.02:327][202]LogPlayLevel: PIE:  No blueprints needed recompiling
[2015.06.03-13.14.02:327][202]PIE: New page: PIE session: TestIA (Jun 3, 2015, 5:14:02 AM)
[2015.06.03-13.14.02:330][202]LogPlayLevel: PIE: StaticDuplicateObject took: (0.002469s)
[2015.06.03-13.14.02:330][202]LogPlayLevel: PIE: World Init took: (0.000836s)
[2015.06.03-13.14.02:331][202]LogPlayLevel: PIE: Created PIE world by copying editor world from /Game/FirstPersonBP/Maps/TestIA.TestIA to /Game/FirstPersonBP/Maps/UEDPIE_0_TestIA.TestIA (0.003511s)
[2015.06.03-13.14.02:370][202]LogWorld: Game class is 'FirstPersonGameMode_C'
[2015.06.03-13.14.02:372][202]LogAIModule: Creating AISystem for world TestIA
[2015.06.03-13.14.02:376][202]LogWorld:Warning: *** WARNING - PATHS MAY NOT BE VALID ***
[2015.06.03-13.14.02:376][202]LogWorld: Bringing World /Game/FirstPersonBP/Maps/UEDPIE_0_TestIA.TestIA up for play (max tick rate 60) at 2015.06.03-09.14.02
[2015.06.03-13.14.02:377][202]LogWorld: Bringing up level for play took: 0.005096
[2015.06.03-13.14.02:381][202]PIE: Info Play in editor start time for /Game/FirstPersonBP/Maps/UEDPIE_0_TestIA -0.538
[2015.06.03-13.14.02:381][202]LogBlueprintUserMessages: X=-718.553 Y=733.794 Z=35.000
[2015.06.03-13.14.04:262][315]LogBlueprintUserMessages: X=414.836 Y=-38.467 Z=35.000
[2015.06.03-13.14.06:262][435]LogCharacterMovement: TestIACharacter_86 is stuck and failed to move!
[2015.06.03-13.14.06:279][436]LogCharacterMovement: TestIACharacter_86 is stuck and failed to move!
[2015.06.03-13.14.06:296][437]LogCharacterMovement: TestIACharacter_86 is stuck and failed to move!
[2015.06.03-13.14.07:429][505]LogBlueprintUserMessages: X=335.025 Y=324.931 Z=35.000
[2015.06.03-13.14.08:229][553]LogBlueprintUserMessages: X=-98.798 Y=-614.596 Z=35.000
[2015.06.03-13.14.09:963][657]LogBlueprintUserMessages: X=107.749 Y=22.633 Z=35.000
[2015.06.03-13.14.10:612][691]LogParticles: Destroying 0 GPU particle simulations for FXSystem 0x000000CF89C80400
[2015.06.03-13.14.20:816][301]LogEditorViewport: Clicking on Actor (LMB): StaticMeshActor (Floor)
[2015.06.03-13.14.25:934][599]Cmd: TRANSACTION UNDO
[2015.06.03-13.14.25:934][599]LogEditorTransaction: Undo Move Actors
[2015.06.03-13.14.26:571][614]LogEditorViewport: Clicking on Actor (LMB): StaticMeshActor (Floor)
[2015.06.03-13.14.27:813][687]LogEditorViewport: Clicking on Actor (LMB): StaticMeshActor (Floor)
[2015.06.03-13.14.28:459][724]LogEditorViewport: Clicking on Actor (LMB): StaticMeshActor (Cube9)
[2015.06.03-13.14.29:517][786]LogEditorViewport: Clicking on Actor (LMB): StaticMeshActor (Cube11)
[2015.06.03-13.14.49:188][964]LogEditorViewport: Clicking on Actor (LMB): StaticMeshActor (Cube11)
[2015.06.03-13.14.49:878][  4]LogEditorViewport: Clicking on Actor (LMB): StaticMeshActor (Floor)
[2015.06.03-13.14.50:884][ 63]Cmd: ACTOR HIDE SELECTED
[2015.06.03-13.14.51:433][ 90]Cmd: ACTOR HIDE SELECTED
[2015.06.03-13.14.53:433][210]Cmd: ACTOR HIDE SELECTED
[2015.06.03-13.14.54:529][273]Cmd: CAMERA ALIGN ACTIVEVIEWPORTONLY
[2015.06.03-13.14.54:529][273]Can't find target actor or component.
[2015.06.03-13.14.56:369][384]Cmd: CAMERA ALIGN ACTIVEVIEWPORTONLY
[2015.06.03-13.14.56:369][384]Can't find target actor or component.
[2015.06.03-13.15.12:321][327]LogEditorViewport: Clicking on Actor (LMB): BP_Sky_Sphere_C (Sky Sphere)
[2015.06.03-13.15.12:781][353]LogEditorViewport: Clicking on Actor (LMB): NavMeshBoundsVolume (NavMeshBoundsVolume)
[2015.06.03-13.15.13:697][403]LogEditorViewport: Clicking on Actor (LMB): BP_Sky_Sphere_C (Sky Sphere)
[2015.06.03-13.15.15:110][487]Cmd: ACTOR HIDE SELECTED
[2015.06.03-13.15.16:277][557]LogEditorViewport: Clicking Background
[2015.06.03-13.15.16:878][593]LogEditorViewport: Clicking on Actor (LMB): StaticMeshActor (Cube9)
[2015.06.03-13.15.17:073][603]Cmd: ACTOR HIDE SELECTED
[2015.06.03-13.15.18:157][668]Cmd: TRANSACTION UNDO
[2015.06.03-13.15.18:157][668]LogEditorTransaction: Undo Hide Selected
[2015.06.03-13.15.18:506][676]Cmd: TRANSACTION UNDO
[2015.06.03-13.15.18:506][676]LogEditorTransaction: Undo Clicking on Actors
[2015.06.03-13.15.18:997][695]Cmd: TRANSACTION UNDO
[2015.06.03-13.15.18:997][695]LogEditorTransaction: Undo Clicking Background
[2015.06.03-13.15.19:357][710]Cmd: TRANSACTION UNDO
[2015.06.03-13.15.19:357][710]LogEditorTransaction: Undo Hide Selected
[2015.06.03-13.15.19:769][729]Cmd: TRANSACTION UNDO
[2015.06.03-13.15.19:769][729]LogEditorTransaction: Undo Clicking on Actors
[2015.06.03-13.15.20:177][747]Cmd: TRANSACTION UNDO
[2015.06.03-13.15.20:177][747]LogEditorTransaction: Undo Clicking on Actors
[2015.06.03-13.15.20:614][768]Cmd: TRANSACTION UNDO
[2015.06.03-13.15.20:614][768]LogEditorTransaction: Undo Clicking on Actors
[2015.06.03-13.15.21:064][791]Cmd: TRANSACTION UNDO
[2015.06.03-13.15.21:064][791]LogEditorTransaction: Undo Hide Selected
[2015.06.03-13.15.21:454][810]Cmd: TRANSACTION UNDO
[2015.06.03-13.15.21:454][810]LogEditorTransaction: Undo Hide Selected
[2015.06.03-13.15.21:920][834]Cmd: TRANSACTION UNDO
[2015.06.03-13.15.21:920][834]LogEditorTransaction: Undo Hide Selected
[2015.06.03-13.15.25:459][ 36]BlueprintLog: New page: Pre-PIE auto-recompile
[2015.06.03-13.15.25:466][ 36]LogPlayLevel: [PIE] Compiling FirstPersonCharacter before PIE...
[2015.06.03-13.15.25:658][ 36]LogPlayLevel: [PIE] Compiling FirstPersonProjectile before PIE...
[2015.06.03-13.15.25:730][ 36]LogPlayLevel: [PIE] Compiling BP_ArrowPickUp before PIE...
[2015.06.03-13.15.25:791][ 36]LogPlayLevel: [PIE] Compiling VieTest before PIE...
[2015.06.03-13.15.25:883][ 36]LogPlayLevel: PIE:  Blueprint regeneration took 423 ms (4 blueprints)
[2015.06.03-13.15.25:883][ 36]PIE: New page: PIE session: TestIA (Jun 3, 2015, 5:15:25 AM)
[2015.06.03-13.15.25:886][ 36]LogPlayLevel: PIE: StaticDuplicateObject took: (0.002672s)
[2015.06.03-13.15.25:887][ 36]LogPlayLevel: PIE: World Init took: (0.000593s)
[2015.06.03-13.15.25:887][ 36]LogPlayLevel: PIE: Created PIE world by copying editor world from /Game/FirstPersonBP/Maps/TestIA.TestIA to /Game/FirstPersonBP/Maps/UEDPIE_0_TestIA.TestIA (0.003445s)
[2015.06.03-13.15.25:921][ 36]LogWorld: Game class is 'FirstPersonGameMode_C'
[2015.06.03-13.15.25:923][ 36]LogAIModule: Creating AISystem for world TestIA
[2015.06.03-13.15.25:928][ 36]LogWorld:Warning: *** WARNING - PATHS MAY NOT BE VALID ***
[2015.06.03-13.15.25:928][ 36]LogWorld: Bringing World /Game/FirstPersonBP/Maps/UEDPIE_0_TestIA.TestIA up for play (max tick rate 60) at 2015.06.03-09.15.25
[2015.06.03-13.15.25:929][ 36]LogWorld: Bringing up level for play took: 0.004951
[2015.06.03-13.15.25:932][ 36]PIE: Info Play in editor start time for /Game/FirstPersonBP/Maps/UEDPIE_0_TestIA 1.014
[2015.06.03-13.15.25:933][ 36]LogBlueprintUserMessages: X=762.155 Y=-831.015 Z=35.000
[2015.06.03-13.15.29:077][224]LogBlueprintUserMessages: X=421.412 Y=-900.591 Z=35.000
[2015.06.03-13.15.30:127][287]LogBlueprintUserMessages: X=-767.976 Y=-598.816 Z=35.000
[2015.06.03-13.15.30:658][314]LogParticles: Destroying 0 GPU particle simulations for FXSystem 0x000000CE8E70F100
[2015.06.03-13.16.12:279][568]Cmd: QUIT_EDITOR
[2015.06.03-13.16.12:471][568]LogExit: Preparing to exit.
[2015.06.03-13.16.13:504][568]LogExit: Editor shut down
[2015.06.03-13.16.13:504][568]LogExit: Transaction tracking system shut down
[2015.06.03-13.16.13:507][568]LogParticles: Destroying 0 GPU particle simulations for FXSystem 0x000000CF7ADFC0E0
[2015.06.03-13.16.13:507][568]LogParticles: Destroying 0 GPU particle simulations for FXSystem 0x000000CE88156020
[2015.06.03-13.16.13:507][568]LogParticles: Destroying 0 GPU particle simulations for FXSystem 0x000000CF85E809A0
[2015.06.03-13.16.13:507][568]LogParticles: Destroying 0 GPU particle simulations for FXSystem 0x000000CF86E67EC0
[2015.06.03-13.16.13:508][568]LogParticles: Destroying 0 GPU particle simulations for FXSystem 0x000000CF86E67B00
[2015.06.03-13.16.13:508][568]LogParticles: Destroying 0 GPU particle simulations for FXSystem 0x000000CF7B729A80
[2015.06.03-13.16.13:508][568]LogParticles: Destroying 0 GPU particle simulations for FXSystem 0x000000CE87F714E0
[2015.06.03-13.16.13:508][568]LogParticles: Destroying 0 GPU particle simulations for FXSystem 0x000000CE875765C0
[2015.06.03-13.16.13:508][568]LogParticles: Destroying 0 GPU particle simulations for FXSystem 0x000000CE8599EAC0
[2015.06.03-13.16.13:594][568]LogExit: Object subsystem successfully closed.
[2015.06.03-13.16.13:639][568]LogModuleManager: Shutting down and abandoning module CrashTracker (177)
[2015.06.03-13.16.13:639][568]LogModuleManager: Shutting down and abandoning module SuperSearch (176)
[2015.06.03-13.16.13:639][568]LogModuleManager: Shutting down and abandoning module SceneOutliner (175)
[2015.06.03-13.16.13:639][568]LogModuleManager: Shutting down and abandoning module EditorWidgets (174)
[2015.06.03-13.16.13:639][568]LogModuleManager: Shutting down and abandoning module CollectionManager (173)
[2015.06.03-13.16.13:639][568]LogModuleManager: Shutting down and abandoning module StatsViewer (172)
[2015.06.03-13.16.13:639][568]LogModuleManager: Shutting down and abandoning module FoliageEdit (171)
[2015.06.03-13.16.13:639][568]LogModuleManager: Shutting down and abandoning module LandscapeEditor (170)
[2015.06.03-13.16.13:639][568]LogModuleManager: Shutting down and abandoning module MeshPaint (169)
[2015.06.03-13.16.13:639][568]LogModuleManager: Shutting down and abandoning module ActorPickerMode (168)
[2015.06.03-13.16.13:639][568]LogModuleManager: Shutting down and abandoning module GeometryMode (167)
[2015.06.03-13.16.13:640][568]LogModuleManager: Shutting down and abandoning module TextureAlignMode (166)
[2015.06.03-13.16.13:640][568]LogModuleManager: Shutting down and abandoning module BspMode (165)
[2015.06.03-13.16.13:640][568]LogModuleManager: Shutting down and abandoning module PlacementMode (164)
[2015.06.03-13.16.13:640][568]LogModuleManager: Shutting down and abandoning module AutomationWorker (163)
[2015.06.03-13.16.13:640][568]LogModuleManager: Shutting down and abandoning module CharacterAI (162)
[2015.06.03-13.16.13:640][568]LogModuleManager: Shutting down and abandoning module SmartSnapping (161)
[2015.06.03-13.16.13:640][568]LogModuleManager: Shutting down and abandoning module ViewportSnapping (160)
[2015.06.03-13.16.13:640][568]LogModuleManager: Shutting down and abandoning module LogVisualizer (159)
[2015.06.03-13.16.13:640][568]LogModuleManager: Shutting down and abandoning module GameProjectGeneration (158)
[2015.06.03-13.16.13:640][568]LogModuleManager: Shutting down and abandoning module IntroTutorials (157)
[2015.06.03-13.16.13:640][568]LogModuleManager: Shutting down and abandoning module EditorLiveStreaming (156)
[2015.06.03-13.16.13:640][568]LogModuleManager: Shutting down and abandoning module HardwareTargeting (155)
[2015.06.03-13.16.13:640][568]LogModuleManager: Shutting down and abandoning module DeviceProfileEditor (154)
[2015.06.03-13.16.13:640][568]LogModuleManager: Shutting down and abandoning module UndoHistory (153)
[2015.06.03-13.16.13:640][568]LogModuleManager: Shutting down and abandoning module GameplayTagsEditor (152)
[2015.06.03-13.16.13:640][568]LogModuleManager: Shutting down and abandoning module UserFeedback (151)
[2015.06.03-13.16.13:640][568]LogModuleManager: Shutting down and abandoning module XmlParser (150)
[2015.06.03-13.16.13:640][568]LogModuleManager: Shutting down and abandoning module Blutility (149)
[2015.06.03-13.16.13:640][568]LogModuleManager: Shutting down and abandoning module IOSPlatformEditor (148)
[2015.06.03-13.16.13:640][568]LogModuleManager: Shutting down and abandoning module IOSRuntimeSettings (147)
[2015.06.03-13.16.13:640][568]LogModuleManager: Shutting down and abandoning module AndroidDeviceDetection (146)
[2015.06.03-13.16.14:045][568]LogModuleManager: Shutting down and abandoning module AndroidPlatformEditor (145)
[2015.06.03-13.16.14:045][568]LogModuleManager: Shutting down and abandoning module AndroidRuntimeSettings (144)
[2015.06.03-13.16.14:045][568]LogModuleManager: Shutting down and abandoning module ProjectTargetPlatformEditor (143)
[2015.06.03-13.16.14:045][568]LogModuleManager: Shutting down and abandoning module ProjectSettingsViewer (142)
[2015.06.03-13.16.14:045][568]LogModuleManager: Shutting down and abandoning module InputBindingEditor (141)
[2015.06.03-13.16.14:045][568]LogModuleManager: Shutting down and abandoning module EditorSettingsViewer (140)
[2015.06.03-13.16.14:045][568]LogModuleManager: Shutting down and abandoning module SettingsEditor (139)
[2015.06.03-13.16.14:045][568]LogModuleManager: Shutting down and abandoning module ProjectLauncher (138)
[2015.06.03-13.16.14:045][568]LogModuleManager: Shutting down and abandoning module SessionFrontend (137)
[2015.06.03-13.16.14:045][568]LogModuleManager: Shutting down and abandoning module ProfilerClient (136)
[2015.06.03-13.16.14:045][568]LogModuleManager: Shutting down and abandoning module TargetDeviceServices (135)
[2015.06.03-13.16.14:045][568]LogModuleManager: Shutting down and abandoning module DeviceManager (134)
[2015.06.03-13.16.14:045][568]LogModuleManager: Shutting down and abandoning module AutomationController (133)
[2015.06.03-13.16.14:045][568]LogModuleManager: Shutting down and abandoning module AutomationWindow (132)
[2015.06.03-13.16.14:045][568]LogModuleManager: Shutting down and abandoning module Layers (131)
[2015.06.03-13.16.14:045][568]LogModuleManager: Shutting down and abandoning module ComponentVisualizers (130)
[2015.06.03-13.16.14:045][568]LogModuleManager: Shutting down and abandoning module DetailCustomizations (129)
[2015.06.03-13.16.14:045][568]LogModuleManager: Shutting down and abandoning module PackagesDialog (128)
[2015.06.03-13.16.14:046][568]LogModuleManager: Shutting down and abandoning module AssetRegistry (127)
[2015.06.03-13.16.14:107][568]LogModuleManager: Shutting down and abandoning module Persona (126)
[2015.06.03-13.16.14:107][568]LogModuleManager: Shutting down and abandoning module SlateReflector (125)
[2015.06.03-13.16.14:107][568]LogModuleManager: Shutting down and abandoning module LevelEditor (124)
[2015.06.03-13.16.14:109][568]LogModuleManager: Shutting down and abandoning module Kismet (123)
[2015.06.03-13.16.14:109][568]LogModuleManager: Shutting down and abandoning module GraphEditor (122)
[2015.06.03-13.16.14:109][568]LogModuleManager: Shutting down and abandoning module ClassViewer (121)
[2015.06.03-13.16.14:109][568]LogModuleManager: Shutting down and abandoning module Toolbox (120)
[2015.06.03-13.16.14:109][568]LogModuleManager: Shutting down and abandoning module ModuleUI (119)
[2015.06.03-13.16.14:109][568]LogModuleManager: Shutting down and abandoning module MovieSceneTools (118)
[2015.06.03-13.16.14:109][568]LogModuleManager: Shutting down and abandoning module OutputLog (117)
[2015.06.03-13.16.14:109][568]LogModuleManager: Shutting down and abandoning module GammaUI (116)
[2015.06.03-13.16.14:109][568]LogModuleManager: Shutting down and abandoning module Documentation (115)
[2015.06.03-13.16.14:109][568]LogModuleManager: Shutting down and abandoning module GameLiveStreaming (114)
[2015.06.03-13.16.14:109][568]LogModuleManager: Shutting down and abandoning module StreamingPauseRendering (113)
[2015.06.03-13.16.14:109][568]LogModuleManager: Shutting down and abandoning module HTTP (112)
[2015.06.03-13.16.14:109][568]LogModuleManager: Shutting down and abandoning module AnalyticsET (111)
[2015.06.03-13.16.14:109][568]LogModuleManager: Shutting down and abandoning module Analytics (110)
[2015.06.03-13.16.14:109][568]LogModuleManager: Shutting down and abandoning module AITestSuite (109)
[2015.06.03-13.16.14:109][568]LogModuleManager: Shutting down and abandoning module GameplayDebugger (108)
[2015.06.03-13.16.14:109][568]LogModuleManager: Shutting down and abandoning module AIModule (107)
[2015.06.03-13.16.14:109][568]LogModuleManager: Shutting down and abandoning module ProfilerService (106)
[2015.06.03-13.16.14:111][568]LogModuleManager: Shutting down and abandoning module TaskGraph (105)
[2015.06.03-13.16.14:111][568]LogModuleManager: Shutting down and abandoning module SlateRemote (104)
[2015.06.03-13.16.14:111][568]LogModuleManager: Shutting down and abandoning module ScriptEditorPlugin (103)
[2015.06.03-13.16.14:111][568]LogModuleManager: Shutting down and abandoning module CustomMeshComponent (102)
[2015.06.03-13.16.14:111][568]LogModuleManager: Shutting down and abandoning module CableComponent (101)
[2015.06.03-13.16.14:111][568]LogModuleManager: Shutting down and abandoning module MessagingDebugger (100)
[2015.06.03-13.16.14:111][568]LogModuleManager: Shutting down and abandoning module MediaPlayerEditor (99)
[2015.06.03-13.16.14:111][568]LogModuleManager: Shutting down and abandoning module SpeedTreeImporter (98)
[2015.06.03-13.16.14:111][568]LogModuleManager: Shutting down and abandoning module PluginsEditor (97)
[2015.06.03-13.16.14:111][568]LogModuleManager: Shutting down and abandoning module MainFrame (96)
[2015.06.03-13.16.14:111][568]LogModuleManager: Shutting down and abandoning module EpicSurvey (95)
[2015.06.03-13.16.14:111][568]LogModuleManager: Shutting down and abandoning module DesktopPlatform (94)
[2015.06.03-13.16.14:111][568]LogModuleManager: Shutting down and abandoning module DirectoryWatcher (93)
[2015.06.03-13.16.14:111][568]LogModuleManager: Shutting down and abandoning module HotReload (92)
[2015.06.03-13.16.14:111][568]LogModuleManager: Shutting down and abandoning module VisualStudioSourceCodeAccess (91)
[2015.06.03-13.16.14:111][568]LogModuleManager: Shutting down and abandoning module UObjectPlugin (90)
[2015.06.03-13.16.14:111][568]LogModuleManager: Shutting down and abandoning module SubversionSourceControl (89)
[2015.06.03-13.16.14:111][568]LogModuleManager: Shutting down and abandoning module PerforceSourceControl (88)
[2015.06.03-13.16.14:111][568]LogModuleManager: Shutting down and abandoning module SourceControl (87)
[2015.06.03-13.16.14:111][568]LogModuleManager: Shutting down and abandoning module GitSourceControl (86)
[2015.06.03-13.16.14:111][568]LogModuleManager: Shutting down and abandoning module BlankPlugin (85)
[2015.06.03-13.16.14:111][568]LogModuleManager: Shutting down and abandoning module PaperTiledImporter (84)
[2015.06.03-13.16.14:111][568]LogModuleManager: Shutting down and abandoning module PaperJsonImporter (83)
[2015.06.03-13.16.14:111][568]LogModuleManager: Shutting down and abandoning module ContentBrowser (82)
[2015.06.03-13.16.14:112][568]LogModuleManager: Shutting down and abandoning module Paper2DEditor (81)
[2015.06.03-13.16.14:112][568]LogModuleManager: Shutting down and abandoning module ScriptPlugin (80)
[2015.06.03-13.16.14:112][568]LogModuleManager: Shutting down and abandoning module UdpMessaging (79)
[2015.06.03-13.16.14:213][568]LogModuleManager: Shutting down and abandoning module Paper2D (78)
[2015.06.03-13.16.14:213][568]LogModuleManager: Shutting down and abandoning module WindowsMoviePlayer (77)
[2015.06.03-13.16.14:215][568]LogModuleManager: Shutting down and abandoning module Media (76)
[2015.06.03-13.16.14:215][568]LogModuleManager: Shutting down and abandoning module WmfMedia (75)
[2015.06.03-13.16.14:215][568]LogModuleManager: Shutting down and abandoning module OnlineBlueprintSupport (74)
[2015.06.03-13.16.14:215][568]LogModuleManager: Shutting down and abandoning module PropertyEditor (73)
[2015.06.03-13.16.14:215][568]LogModuleManager: Shutting down and abandoning module BehaviorTreeEditor (72)
[2015.06.03-13.16.14:215][568]LogModuleManager: Shutting down and abandoning module FunctionalTesting (71)
[2015.06.03-13.16.14:215][568]LogModuleManager: Shutting down and abandoning module CollisionAnalyzer (70)
[2015.06.03-13.16.14:215][568]LogModuleManager: Shutting down and abandoning module WorkspaceMenuStructure (69)
[2015.06.03-13.16.14:215][568]LogModuleManager: Shutting down and abandoning module MessageLog (68)
[2015.06.03-13.16.14:215][568]LogModuleManager: Shutting down and abandoning module Sequencer (67)
[2015.06.03-13.16.14:216][568]LogModuleManager: Shutting down and abandoning module AssetTools (66)
[2015.06.03-13.16.14:216][568]LogModuleManager: Shutting down and abandoning module UMGEditor (65)
[2015.06.03-13.16.14:216][568]LogModuleManager: Shutting down and abandoning module UMG (64)
[2015.06.03-13.16.14:216][568]LogModuleManager: Shutting down and abandoning module Slate (63)
[2015.06.03-13.16.14:216][568]LogModuleManager: Shutting down and abandoning module EditorStyle (62)
[2015.06.03-13.16.14:218][568]LogModuleManager: Shutting down and abandoning module SessionServices (61)
[2015.06.03-13.16.14:219][568]LogModuleManager: Shutting down and abandoning module SourceCodeAccess (60)
[2015.06.03-13.16.14:219][568]LogModuleManager: Shutting down and abandoning module HeadMountedDisplay (59)
[2015.06.03-13.16.14:219][568]LogModuleManager: Shutting down and abandoning module XAudio2 (58)
[2015.06.03-13.16.14:219][568]LogModuleManager: Shutting down and abandoning module Networking (56)
[2015.06.03-13.16.14:219][568]LogModuleManager: Shutting down and abandoning module Core (55)
[2015.06.03-13.16.14:219][568]LogModuleManager: Shutting down and abandoning module KismetCompiler (54)
[2015.06.03-13.16.14:219][568]LogModuleManager: Shutting down and abandoning module PhysXFormats (53)
[2015.06.03-13.16.14:219][568]LogModuleManager: Shutting down and abandoning module MeshUtilities (52)
[2015.06.03-13.16.14:219][568]LogModuleManager: Shutting down and abandoning module DerivedDataCache (51)
[2015.06.03-13.16.14:270][568]LogDerivedDataCache: Shutdown
[2015.06.03-13.16.14:270][568]LogModuleManager: Shutting down and abandoning module ShaderFormatOpenGL (50)
[2015.06.03-13.16.14:270][568]LogModuleManager: Shutting down and abandoning module ShaderFormatD3D (49)
[2015.06.03-13.16.14:270][568]LogModuleManager: Shutting down and abandoning module MetalShaderFormat (48)
[2015.06.03-13.16.14:270][568]LogModuleManager: Shutting down and abandoning module TextureFormatUncompressed (47)
[2015.06.03-13.16.14:270][568]LogModuleManager: Shutting down and abandoning module TextureFormatPVR (46)
[2015.06.03-13.16.14:270][568]LogModuleManager: Shutting down and abandoning module TextureFormatIntelISPCTexComp (45)
[2015.06.03-13.16.14:270][568]LogModuleManager: Shutting down and abandoning module TextureFormatDXT (44)
[2015.06.03-13.16.14:270][568]LogModuleManager: Shutting down and abandoning module ImageWrapper (43)
[2015.06.03-13.16.14:270][568]LogModuleManager: Shutting down and abandoning module TextureFormatASTC (42)
[2015.06.03-13.16.14:270][568]LogModuleManager: Shutting down and abandoning module TextureFormatAndroid (41)
[2015.06.03-13.16.14:270][568]LogModuleManager: Shutting down and abandoning module AudioFormatOpus (40)
[2015.06.03-13.16.14:270][568]LogModuleManager: Shutting down and abandoning module AudioFormatOgg (39)
[2015.06.03-13.16.14:270][568]LogModuleManager: Shutting down and abandoning module AudioFormatADPCM (38)
[2015.06.03-13.16.14:270][568]LogModuleManager: Shutting down and abandoning module LinuxTargetPlatform (37)
[2015.06.03-13.16.14:270][568]LogModuleManager: Shutting down and abandoning module LinuxServerTargetPlatform (36)
[2015.06.03-13.16.14:270][568]LogModuleManager: Shutting down and abandoning module LinuxNoEditorTargetPlatform (35)
[2015.06.03-13.16.14:270][568]LogModuleManager: Shutting down and abandoning module Messaging (34)
[2015.06.03-13.16.14:270][568]LogModuleManager: Shutting down and abandoning module IOSTargetPlatform (33)
[2015.06.03-13.16.14:270][568]LogModuleManager: Shutting down and abandoning module HTML5TargetPlatform (32)
[2015.06.03-13.16.14:270][568]LogModuleManager: Shutting down and abandoning module Android_PVRTCTargetPlatform (31)
[2015.06.03-13.16.14:270][568]LogModuleManager: Shutting down and abandoning module Android_ETC2TargetPlatform (30)
[2015.06.03-13.16.14:270][568]LogModuleManager: Shutting down and abandoning module Android_ETC1TargetPlatform (29)
[2015.06.03-13.16.14:270][568]LogModuleManager: Shutting down and abandoning module Android_ES31TargetPlatform (28)
[2015.06.03-13.16.14:270][568]LogModuleManager: Shutting down and abandoning module Android_DXTTargetPlatform (27)
[2015.06.03-13.16.14:270][568]LogModuleManager: Shutting down and abandoning module Android_ATCTargetPlatform (26)
[2015.06.03-13.16.14:270][568]LogModuleManager: Shutting down and abandoning module AndroidTargetPlatform (25)
[2015.06.03-13.16.14:270][568]LogModuleManager: Shutting down and abandoning module WindowsTargetPlatform (24)
[2015.06.03-13.16.14:270][568]LogModuleManager: Shutting down and abandoning module WindowsServerTargetPlatform (23)
[2015.06.03-13.16.14:270][568]LogModuleManager: Shutting down and abandoning module WindowsNoEditorTargetPlatform (22)
[2015.06.03-13.16.14:270][568]LogModuleManager: Shutting down and abandoning module WindowsClientTargetPlatform (21)
[2015.06.03-13.16.14:270][568]LogModuleManager: Shutting down and abandoning module TargetPlatform (20)
[2015.06.03-13.16.14:270][568]LogModuleManager: Shutting down and abandoning module InputCore (19)
[2015.06.03-13.16.14:270][568]LogModuleManager: Shutting down and abandoning module Settings (18)
[2015.06.03-13.16.14:270][568]LogModuleManager: Shutting down and abandoning module OnlineSubsystem (16)
[2015.06.03-13.16.14:270][568]LogModuleManager: Shutting down and abandoning module OculusRift (15)
[2015.06.03-13.16.14:270][568]LogModuleManager: Shutting down and abandoning module ExampleDeviceProfileSelector (14)
[2015.06.03-13.16.14:270][568]LogModuleManager: Shutting down and abandoning module TextureCompressor (13)
[2015.06.03-13.16.14:270][568]LogModuleManager: Shutting down and abandoning module ShaderCore (12)
[2015.06.03-13.16.14:270][568]LogModuleManager: Shutting down and abandoning module Landscape (11)
[2015.06.03-13.16.14:270][568]LogModuleManager: Shutting down and abandoning module SlateRHIRenderer (10)
[2015.06.03-13.16.14:273][568]LogModuleManager: Shutting down and abandoning module OpenGLDrv (9)
[2015.06.03-13.16.14:273][568]LogModuleManager: Shutting down and abandoning module D3D11RHI (8)
[2015.06.03-13.16.14:273][568]LogModuleManager: Shutting down and abandoning module Renderer (7)
[2015.06.03-13.16.14:273][568]LogModuleManager: Shutting down and abandoning module Engine (6)
[2015.06.03-13.16.14:273][568]LogModuleManager: Shutting down and abandoning module CoreUObject (5)
[2015.06.03-13.16.14:273][568]LogModuleManager: Shutting down and abandoning module NetworkFile (4)
[2015.06.03-13.16.14:273][568]LogModuleManager: Shutting down and abandoning module StreamingFile (3)
[2015.06.03-13.16.14:273][568]LogModuleManager: Shutting down and abandoning module SandboxFile (2)
[2015.06.03-13.16.14:273][568]LogModuleManager: Shutting down and abandoning module PakFile (1)
[2015.06.03-13.16.14:274][568]LogExit: Exiting.
[2015.06.03-13.16.14:278][568]Log file closed, 06/03/15 09:16:14
