Log file open, 04/22/15 10:19:53
LogInit:Display: Running engine for game: MyProject
LogInit: Version: 4.7.6-2513093+++depot+UE4-Releases+4.7
LogInit: API Version: 2455222
LogInit: Compiled (64-bit): Apr 15 2015 12:09:54
LogInit: Compiled with Visual C++: 18.00.21005.01
LogInit: Build Configuration: Development
LogInit: Branch Name: ++depot+UE4-Releases+4.7
LogInit: Command line: 
LogInit: Base directory: D:/Epic Games/4.7/Engine/Binaries/Win64/
LogInit: Rocket: 1
[2015.04.22-14.19.53:265][  0]LogTaskGraph: Started task graph with 3 named threads and 6 total threads.
[2015.04.22-14.19.53:316][  0]LogOnline:Warning: No default platform service specified for OnlineSubsystem
[2015.04.22-14.19.53:325][  0]LogInit: Presizing for 0 objects not considered by GC, pre-allocating 0 bytes.
[2015.04.22-14.19.53:334][  0]LogInit: Object subsystem initialized
[2015.04.22-14.19.53:335][  0]LogConsoleResponse:Warning: Skipping Unknown console variable: 'TranslucentSortAxis = (X=0.000000,Y=-1.000000,Z=0.000000)'
[2015.04.22-14.19.53:336][  0]LogConsoleResponse:Warning:   Found in ini file 'D:/Epic Games/MyProject/Saved/Config/Windows/Engine.ini', in section '[/Script/Engine.RendererSettings]'
[2015.04.22-14.19.53:336][  0]LogConsoleResponse:Warning: Skipping Unknown console variable: 'UIScaleRule = ShortestSide'
[2015.04.22-14.19.53:336][  0]LogConsoleResponse:Warning:   Found in ini file 'D:/Epic Games/MyProject/Saved/Config/Windows/Engine.ini', in section '[/Script/Engine.RendererSettings]'
[2015.04.22-14.19.53:336][  0]LogConsoleResponse:Warning: Skipping Unknown console variable: 'UIScaleCurve = (EditorCurveData=(Keys=),ExternalCurve=None)'
[2015.04.22-14.19.53:336][  0]LogConsoleResponse:Warning:   Found in ini file 'D:/Epic Games/MyProject/Saved/Config/Windows/Engine.ini', in section '[/Script/Engine.RendererSettings]'
[2015.04.22-14.19.53:336][  0]LogInit: Selected Device Profile: [Windows]
[2015.04.22-14.19.53:336][  0]LogInit: Applying CVar settings loaded from the selected device profile: [Windows]
[2015.04.22-14.19.53:340][  0]LogInit: Computer: SENKETSU
[2015.04.22-14.19.53:340][  0]LogInit: User: crys
[2015.04.22-14.19.53:340][  0]LogInit: CPU Page size=4096, Cores=4
[2015.04.22-14.19.53:340][  0]LogInit: High frequency timer resolution =2.338344 MHz
[2015.04.22-14.19.53:341][  0]LogMemory: Memory total: Physical=23.9GB (24GB approx) Virtual=131072.0GB
[2015.04.22-14.19.53:341][  0]LogMemory: Platform Memory Stats for Windows
[2015.04.22-14.19.53:341][  0]LogMemory: Process Physical Memory: 45.70 MB used, 45.70 MB peak
[2015.04.22-14.19.53:341][  0]LogMemory: Process Virtual Memory: 22.45 MB used, 22.45 MB peak
[2015.04.22-14.19.53:341][  0]LogMemory: Physical Memory: 5193.20 MB used, 24463.36 MB total
[2015.04.22-14.19.53:341][  0]LogMemory: Virtual Memory: 288.69 MB used, 134217728.00 MB total
[2015.04.22-14.19.53:380][  0]LogD3D11RHI: Found D3D11 adapter 0: Intel(R) HD Graphics 4600 (Feature Level 11_0)
[2015.04.22-14.19.53:380][  0]LogD3D11RHI: Adapter has 0MB of dedicated video memory, 0MB of dedicated system memory, and 1792MB of shared system memory, 1 output[s]
[2015.04.22-14.19.53:398][  0]LogD3D11RHI: Found D3D11 adapter 1: NVIDIA GeForce GTX 770M (Feature Level 11_0)
[2015.04.22-14.19.53:398][  0]LogD3D11RHI: Adapter has 2963MB of dedicated video memory, 0MB of dedicated system memory, and 12231MB of shared system memory, 0 output[s]
[2015.04.22-14.19.53:399][  0]LogD3D11RHI: Found D3D11 adapter 2: Microsoft Basic Render Driver (Feature Level 11_0)
[2015.04.22-14.19.53:399][  0]LogD3D11RHI: Adapter has 0MB of dedicated video memory, 0MB of dedicated system memory, and 256MB of shared system memory, 0 output[s]
[2015.04.22-14.19.53:399][  0]LogD3D11RHI: Chosen D3D11 Adapter Id = 0
[2015.04.22-14.19.53:410][  0]LogRHI: Texture pool is 1361 MB (70% of 1945 MB)
[2015.04.22-14.19.53:421][  0]LogD3D11RHI: Async texture creation enabled
[2015.04.22-14.19.53:477][  0]LogTextLocalizationManager: The requested culture ('en_US') has no localization data; parent culture's ('en') localization data will be used.
[2015.04.22-14.19.53:526][  0]LogTextLocalizationManager:Warning: Loading localization resources contain conflicting entries for (Namespace:UICommands, Key:Save_ToolTip):
Resource: (D:/Epic Games/4.7/Engine/Content/Localization/Editor/en/Editor.locres) Hash: (-29098895) String: (Saves the current level to disk)
Resource: (D:/Epic Games/4.7/Engine/Content/Localization/Engine/en/Engine.locres) Hash: (-1280300587) String: (Save selected data to vlog file)
[2015.04.22-14.19.53:526][  0]LogTextLocalizationManager:Warning: Loading localization resources contain conflicting entries for (Namespace:ContentBrowser, Key:ImportAssetToolTip):
Resource: (D:/Epic Games/4.7/Engine/Content/Localization/Editor/en/Editor.locres) Hash: (-630476809) String: (Import to {0}...)
Resource: (D:/Epic Games/4.7/Engine/Content/Localization/Editor/en/Editor.locres) Hash: (1271782899) String: (Imports an asset from file to this folder.)
[2015.04.22-14.19.53:594][  0]LogContentStreaming: Texture pool size is 0.000000MB
[2015.04.22-14.19.55:459][  0]LogTargetPlatformManager:Display: Building Assets For Windows
[2015.04.22-14.19.55:863][  0]LogTargetPlatformManager:Display: Building Assets For Windows
[2015.04.22-14.19.55:908][  0]LogDerivedDataCache:Display: Max Cache Size: 512 MB
[2015.04.22-14.19.55:947][  0]LogDerivedDataCache: Loaded boot cache 0.04s 39MB C:/Users/crys/AppData/Local/UnrealEngine/4.7/DerivedDataCache/Boot.ddc.
[2015.04.22-14.19.55:947][  0]LogDerivedDataCache:Display: Loaded Boot cache: C:/Users/crys/AppData/Local/UnrealEngine/4.7/DerivedDataCache/Boot.ddc
[2015.04.22-14.19.55:947][  0]LogDerivedDataCache: FDerivedDataBackendGraph:  Pak pak cache file ../../../../MyProject/DerivedDataCache/DDC.ddp not found, will not use a pak cache.
[2015.04.22-14.19.55:947][  0]LogDerivedDataCache: Unable to find inner node Pak for hierarchical cache Hierarchy.
[2015.04.22-14.19.56:058][  0]LogDerivedDataCache:Display: Pak cache opened for reading ../../../Engine/DerivedDataCache/Compressed.ddp.
[2015.04.22-14.19.56:069][  0]LogDerivedDataCache: Using Local data cache path C:/Users/crys/AppData/Local/UnrealEngine/Common/DerivedDataCache: Writable
[2015.04.22-14.19.56:300][  0]LogMeshUtilities: No automatic mesh reduction module available
[2015.04.22-14.19.56:300][  0]LogMeshUtilities: No automatic mesh merging module available
[2015.04.22-14.19.56:633][  0]LogInit: WinSock: version 1.1 (2.2), MaxSocks=32767, MaxUdp=65467
[2015.04.22-14.19.56:685][  0]LogSlate:Warning: Failed to load font data from '../../../Engine/Content/Slate/Fonts/Roboto-Italic.ttf'
[2015.04.22-14.19.57:327][  0]UdpMessaging: Initializing bridge on interface 0.0.0.0:0 to multicast group 230.0.0.1:6666.
[2015.04.22-14.19.57:496][  0]SourceControl: Info Source control is disabled
[2015.04.22-14.19.57:496][  0]SourceControl: Info Source control is disabled
[2015.04.22-14.19.57:496][  0]SourceControl: Info Source control is disabled
[2015.04.22-14.19.57:496][  0]LogSourceControl: RunCommandInternalRaw: 'git version'
[2015.04.22-14.19.57:496][  0]LogSourceControl: RunCommandInternalRaw: ExecProcess ReturnCode=2 OutResults=''
[2015.04.22-14.19.57:502][  0]SourceControl: Info Source control is disabled
[2015.04.22-14.19.57:628][  0]LogObj: 24232 objects as part of root set at end of initial load.
[2015.04.22-14.19.57:628][  0]LogUObjectAllocator: 5137176 out of 0 bytes used by permanent object pool.
[2015.04.22-14.19.57:695][  0]LogEngine: Initializing Engine...
[2015.04.22-14.19.59:864][  0]LogInit: XAudio2 using 'Haut-parleurs (Razer Surround Audio Controller)' : 8 channels at 48 kHz using 16 bits per sample (channel mask 0x63f)
[2015.04.22-14.19.59:871][  0]LogInit: FAudioDevice initialized.
[2015.04.22-14.19.59:895][  0]LogAIModule: Creating AISystem for world NewWorld
[2015.04.22-14.19.59:914][  0]LogDerivedDataCache: Saved boot cache 0.02s 39MB C:/Users/crys/AppData/Local/UnrealEngine/4.7/DerivedDataCache/Boot.ddc.
[2015.04.22-14.19.59:919][  0]LogInit: Texture streaming: Enabled
[2015.04.22-14.19.59:987][  0]LogAnalytics: Creating configured Analytics provider AnalyticsET
[2015.04.22-14.19.59:987][  0]LogAnalytics: ET APIKey = Rocket.Release. APIServer = http://et2.epicgames.com/ET2/. AppVersion = 4.7.6-2513093+++depot+UE4-Releases+4.7
[2015.04.22-14.19.59:987][  0]LogAnalytics: ET APIKey = Rocket.Release. DataRouterUploadURL = https://datarouter-public-service-gamedev.ol.epicgames.net/datarouter/api/v1/public/data. AppVersion = 4.7.6-2513093+++depot+UE4-Releases+4.7
[2015.04.22-14.19.59:987][  0]LogAnalytics: SetUserId d2e4772d44f7ac143a9c21863ce60423|30f5336fc53a4ac19f22f7794f9aff78|0577fdef-64d6-437d-8c9f-23a8d205bce8
[2015.04.22-14.19.59:987][  0]LogAnalytics: AnalyticsET::StartSession [Rocket.Release]
[2015.04.22-14.20.00:020][  0]LogInit: Transaction tracking system initialized
[2015.04.22-14.20.00:131][  0]BlueprintLog: New page: Editor Load
[2015.04.22-14.20.00:157][  0]LogAssetRegistry: FAssetRegistry took 0.0107 seconds to start up
[2015.04.22-14.20.00:157][  0]LogDirectoryWatcher:Warning: Failed to begin reading directory changes for ../../../Engine/Plugins/Experimental/CharacterAI/Content/. Error: 0
[2015.04.22-14.20.00:596][  0]LogTargetPlatformManager:Display: Building Assets For Windows
[2015.04.22-14.20.00:920][  0]LogTargetPlatformManager:Display: Building Assets For Windows
[2015.04.22-14.20.01:091][  0]LogSlate:Warning: Failed to load font data from '../../../Engine/Content/Editor/Slate/Fonts/Roboto-Regular.ttf'
[2015.04.22-14.20.01:091][  0]LogSlate:Warning: Failed to load font data from '../../../Engine/Content/Editor/Slate/Fonts/Roboto-Bold.ttf'
[2015.04.22-14.20.01:096][  0]LogConsoleResponse:Display: 
[2015.04.22-14.20.01:196][  0]LogCook:Display: Done creating registry. It took  0.00s.
[2015.04.22-14.20.01:286][  0]SourceControl: Info Source control is disabled
[2015.04.22-14.20.37:232][  0]Cmd: MAP LOAD FILE="../../../../MyProject/Content/FirstPersonBP/Maps/FirstPersonExampleMap.umap" TEMPLATE=0 SHOWPROGRESS=1 FEATURELEVEL=3
[2015.04.22-14.20.37:234][  0]LightingResults: New page: Lighting Build
[2015.04.22-14.20.37:256][  0]MapCheck: New page: Map Check
[2015.04.22-14.20.37:256][  0]LightingResults: New page: Lighting Build
[2015.04.22-14.20.37:270][  0]LogParticles: Destroying 0 GPU particle simulations for FXSystem 0x000000144EBD2980
[2015.04.22-14.20.37:286][  0]LogLinker:Warning: Asset '../../../Engine/Content/EngineMeshes/Humanoid.uasset' has been saved with empty engine version. The asset will be loaded but may be incompatible.
[2015.04.22-14.20.38:593][  0]LogEditorServer: Finished looking for orphan Actors (0.000 secs)
[2015.04.22-14.20.38:599][  0]LogAIModule: Creating AISystem for world FirstPersonExampleMap
[2015.04.22-14.20.38:600][  0]Cmd: MAP CHECKDEP
[2015.04.22-14.20.38:600][  0]MapCheck: New page: FirstPersonExampleMap - Apr 22, 2015, 6:20:38 AM
[2015.04.22-14.20.38:677][  0]MapCheck: Info Map check complete: 0 Error(s), 0 Warning(s), took 76.615ms to complete.
[2015.04.22-14.20.38:677][  0]LogFileHelpers: Loading map 'FirstPersonExampleMap' took 1.445
[2015.04.22-14.20.38:750][  0]LogStats:Warning: MetaData mismatch. Did you assign a stat to two groups? New //STATGROUP_Threads//SplashScreenThread///Thread_c678_0///////STATCAT_Advanced//// old //STATGROUP_Threads//SplashScreenThread///Thread_dfec_0///////STATCAT_Advanced////
[2015.04.22-14.20.38:750][  0]LogCollectionManager: Loaded 0 collections in 0.000970 seconds
[2015.04.22-14.20.38:758][  0]LogContentBrowser: Native class hierarchy populated in 0.0077 seconds. Added 1696 classes and 261 folders.
[2015.04.22-14.20.38:778][  0]LogContentBrowser: Native class hierarchy updated for 'SceneOutliner' in 0.0011 seconds. Added 1 classes and 2 folders.
[2015.04.22-14.20.38:807][  0]LogCrashTracker: Crashtracker disabled due to settings.
[2015.04.22-14.20.38:808][  0]LogSlate:Warning: Failed to load font data from 'Veranda'
[2015.04.22-14.20.38:811][  0]LogUObjectGlobals:Warning: Failed to find object 'Class None.'
[2015.04.22-14.20.38:839][  0]LogLoad: Full Startup: 47.22 seconds (BP compile: 0.54 seconds)
[2015.04.22-14.20.38:889][  0]LogContentBrowser:Verbose: The content browser source was changed by the sources view to '/Game/FirstPersonBP/Blueprints'
[2015.04.22-14.20.39:003][  0]LogRenderer:Warning: Reallocating scene render targets to support 32x32 (Frame:2).
[2015.04.22-14.20.39:117][  0]LogRenderer:Warning: Reallocating scene render targets to support 1208x560 (Frame:6).
[2015.04.22-14.20.39:455][  5]LogAssetRegistry: Asset discovery search completed in 39.3092 seconds
[2015.04.22-14.20.44:351][236]BlueprintLog: New page: Pre-PIE auto-recompile
[2015.04.22-14.20.44:351][236]LogPlayLevel: [PIE] Compiling FirstPersonExampleMap before PIE...
[2015.04.22-14.20.44:379][236]LogActorComponent: UnregisterComponent: (/Engine/Transient.ProjectileMovementComponent_40__A6522401) Not registered. Aborting.
[2015.04.22-14.20.44:379][236]LogActorComponent: UnregisterComponent: (/Engine/Transient.CharMoveComp) Not registered. Aborting.
[2015.04.22-14.20.44:400][236]LogPlayLevel: PIE:  Blueprint regeneration took 49 ms (1 blueprints)
[2015.04.22-14.20.44:400][236]PIE: New page: PIE session: FirstPersonExampleMap (Apr 22, 2015, 6:20:44 AM)
[2015.04.22-14.20.44:421][236]LogPlayLevel: PIE: StaticDuplicateObject took: (0.020874s)
[2015.04.22-14.20.44:422][236]LogPlayLevel: PIE: World Init took: (0.000930s)
[2015.04.22-14.20.44:422][236]LogPlayLevel: PIE: Created PIE world by copying editor world from /Game/FirstPersonBP/Maps/FirstPersonExampleMap.FirstPersonExampleMap to /Game/FirstPersonBP/Maps/UEDPIE_0_FirstPersonExampleMap.FirstPersonExampleMap (0.022007s)
[2015.04.22-14.20.44:547][236]LogWorld: Game class is 'FirstPersonGameMode_C'
[2015.04.22-14.20.44:549][236]LogAIModule: Creating AISystem for world FirstPersonExampleMap
[2015.04.22-14.20.44:555][236]LogWorld: Bringing World /Game/FirstPersonBP/Maps/UEDPIE_0_FirstPersonExampleMap.FirstPersonExampleMap up for play (max tick rate 60) at 2015.04.22-10.20.44
[2015.04.22-14.20.44:557][236]LogWorld: Bringing up level for play took: 0.006848
[2015.04.22-14.20.44:558][236]PIE: Info Play in editor start time for /Game/FirstPersonBP/Maps/UEDPIE_0_FirstPersonExampleMap 0.953
[2015.04.22-14.20.46:999][367]LogParticles: Destroying 0 GPU particle simulations for FXSystem 0x0000001458092A20
[2015.04.22-14.20.49:110][468]BlueprintLog: New page: Pre-PIE auto-recompile
[2015.04.22-14.20.49:110][468]LogPlayLevel: [PIE] Compiling FirstPersonExampleMap before PIE...
[2015.04.22-14.20.49:154][468]LogPlayLevel: PIE:  Blueprint regeneration took 44 ms (1 blueprints)
[2015.04.22-14.20.49:154][468]PIE: New page: PIE session: FirstPersonExampleMap (Apr 22, 2015, 6:20:49 AM)
[2015.04.22-14.20.49:176][468]LogPlayLevel: PIE: StaticDuplicateObject took: (0.021023s)
[2015.04.22-14.20.49:177][468]LogPlayLevel: PIE: World Init took: (0.001279s)
[2015.04.22-14.20.49:177][468]LogPlayLevel: PIE: Created PIE world by copying editor world from /Game/FirstPersonBP/Maps/FirstPersonExampleMap.FirstPersonExampleMap to /Game/FirstPersonBP/Maps/UEDPIE_0_FirstPersonExampleMap.FirstPersonExampleMap (0.022533s)
[2015.04.22-14.20.49:227][468]LogWorld: Game class is 'FirstPersonGameMode_C'
[2015.04.22-14.20.49:229][468]LogAIModule: Creating AISystem for world FirstPersonExampleMap
[2015.04.22-14.20.49:236][468]LogWorld: Bringing World /Game/FirstPersonBP/Maps/UEDPIE_0_FirstPersonExampleMap.FirstPersonExampleMap up for play (max tick rate 60) at 2015.04.22-10.20.49
[2015.04.22-14.20.49:237][468]LogWorld: Bringing up level for play took: 0.007232
[2015.04.22-14.20.49:238][468]PIE: Info Play in editor start time for /Game/FirstPersonBP/Maps/UEDPIE_0_FirstPersonExampleMap -0.366
[2015.04.22-14.21.03:657][330]LogParticles: Destroying 0 GPU particle simulations for FXSystem 0x000000145812D580
[2015.04.22-14.23.28:097][104]BlueprintLog: New page: Pre-PIE auto-recompile
[2015.04.22-14.23.28:097][104]LogPlayLevel: [PIE] Compiling FirstPersonExampleMap before PIE...
[2015.04.22-14.23.28:122][104]LogActorComponent: UnregisterComponent: (/Engine/Transient.ProjectileMovementComponent_40__A6522401) Not registered. Aborting.
[2015.04.22-14.23.28:122][104]LogActorComponent: UnregisterComponent: (/Engine/Transient.CharMoveComp) Not registered. Aborting.
[2015.04.22-14.23.28:133][104]LogPlayLevel: PIE:  Blueprint regeneration took 36 ms (1 blueprints)
[2015.04.22-14.23.28:134][104]PIE: New page: PIE session: FirstPersonExampleMap (Apr 22, 2015, 6:23:28 AM)
[2015.04.22-14.23.28:156][104]LogPlayLevel: PIE: StaticDuplicateObject took: (0.022463s)
[2015.04.22-14.23.28:158][104]LogPlayLevel: PIE: World Init took: (0.001639s)
[2015.04.22-14.23.28:158][104]LogPlayLevel: PIE: Created PIE world by copying editor world from /Game/FirstPersonBP/Maps/FirstPersonExampleMap.FirstPersonExampleMap to /Game/FirstPersonBP/Maps/UEDPIE_0_FirstPersonExampleMap.FirstPersonExampleMap (0.024316s)
[2015.04.22-14.23.28:208][104]LogWorld: Game class is 'FirstPersonGameMode_C'
[2015.04.22-14.23.28:210][104]LogAIModule: Creating AISystem for world FirstPersonExampleMap
[2015.04.22-14.23.28:217][104]LogWorld: Bringing World /Game/FirstPersonBP/Maps/UEDPIE_0_FirstPersonExampleMap.FirstPersonExampleMap up for play (max tick rate 60) at 2015.04.22-10.23.28
[2015.04.22-14.23.28:218][104]LogWorld: Bringing up level for play took: 0.007153
[2015.04.22-14.23.28:219][104]PIE: Info Play in editor start time for /Game/FirstPersonBP/Maps/UEDPIE_0_FirstPersonExampleMap 0.614
[2015.04.22-14.23.41:450][888]LogParticles: Destroying 0 GPU particle simulations for FXSystem 0x0000001443C30EA0
[2015.04.22-14.23.42:193][929]BlueprintLog: New page: Pre-PIE auto-recompile
[2015.04.22-14.23.42:193][929]LogPlayLevel: [PIE] Compiling FirstPersonExampleMap before PIE...
[2015.04.22-14.23.42:226][929]LogPlayLevel: PIE:  Blueprint regeneration took 33 ms (1 blueprints)
[2015.04.22-14.23.42:227][929]PIE: New page: PIE session: FirstPersonExampleMap (Apr 22, 2015, 6:23:42 AM)
[2015.04.22-14.23.42:247][929]LogPlayLevel: PIE: StaticDuplicateObject took: (0.020006s)
[2015.04.22-14.23.42:248][929]LogPlayLevel: PIE: World Init took: (0.001117s)
[2015.04.22-14.23.42:248][929]LogPlayLevel: PIE: Created PIE world by copying editor world from /Game/FirstPersonBP/Maps/FirstPersonExampleMap.FirstPersonExampleMap to /Game/FirstPersonBP/Maps/UEDPIE_0_FirstPersonExampleMap.FirstPersonExampleMap (0.021319s)
[2015.04.22-14.23.42:302][929]LogWorld: Game class is 'FirstPersonGameMode_C'
[2015.04.22-14.23.42:304][929]LogAIModule: Creating AISystem for world FirstPersonExampleMap
[2015.04.22-14.23.42:310][929]LogWorld: Bringing World /Game/FirstPersonBP/Maps/UEDPIE_0_FirstPersonExampleMap.FirstPersonExampleMap up for play (max tick rate 60) at 2015.04.22-10.23.42
[2015.04.22-14.23.42:311][929]LogWorld: Bringing up level for play took: 0.007171
[2015.04.22-14.23.42:313][929]PIE: Info Play in editor start time for /Game/FirstPersonBP/Maps/UEDPIE_0_FirstPersonExampleMap 0.709
[2015.04.22-14.23.55:775][730]LogParticles: Destroying 0 GPU particle simulations for FXSystem 0x0000001447D16F20
[2015.04.22-14.27.40:730][180]BlueprintLog: New page: Pre-PIE auto-recompile
[2015.04.22-14.27.40:730][180]LogPlayLevel: [PIE] Compiling FirstPersonExampleMap before PIE...
[2015.04.22-14.27.40:755][180]LogActorComponent: UnregisterComponent: (/Engine/Transient.ProjectileMovementComponent_40__A6522401) Not registered. Aborting.
[2015.04.22-14.27.40:755][180]LogActorComponent: UnregisterComponent: (/Engine/Transient.CharMoveComp) Not registered. Aborting.
[2015.04.22-14.27.40:767][180]LogPlayLevel: PIE:  Blueprint regeneration took 37 ms (1 blueprints)
[2015.04.22-14.27.40:767][180]PIE: New page: PIE session: FirstPersonExampleMap (Apr 22, 2015, 6:27:40 AM)
[2015.04.22-14.27.40:788][180]LogPlayLevel: PIE: StaticDuplicateObject took: (0.021325s)
[2015.04.22-14.27.40:790][180]LogPlayLevel: PIE: World Init took: (0.001342s)
[2015.04.22-14.27.40:790][180]LogPlayLevel: PIE: Created PIE world by copying editor world from /Game/FirstPersonBP/Maps/FirstPersonExampleMap.FirstPersonExampleMap to /Game/FirstPersonBP/Maps/UEDPIE_0_FirstPersonExampleMap.FirstPersonExampleMap (0.022904s)
[2015.04.22-14.27.40:839][180]LogWorld: Game class is 'FirstPersonGameMode_C'
[2015.04.22-14.27.40:841][180]LogAIModule: Creating AISystem for world FirstPersonExampleMap
[2015.04.22-14.27.40:850][180]LogWorld: Bringing World /Game/FirstPersonBP/Maps/UEDPIE_0_FirstPersonExampleMap.FirstPersonExampleMap up for play (max tick rate 60) at 2015.04.22-10.27.40
[2015.04.22-14.27.40:851][180]LogWorld: Bringing up level for play took: 0.007886
[2015.04.22-14.27.40:852][180]PIE: Info Play in editor start time for /Game/FirstPersonBP/Maps/UEDPIE_0_FirstPersonExampleMap -0.753
[2015.04.22-14.28.30:441][155]LogCharacterMovement: FirstPersonCharacter_C_4 is stuck and failed to move!
[2015.04.22-14.28.30:638][167]LogCharacterMovement: FirstPersonCharacter_C_4 is stuck and failed to move!
[2015.04.22-14.28.30:841][179]LogCharacterMovement: FirstPersonCharacter_C_4 is stuck and failed to move!
[2015.04.22-14.28.31:022][190]LogCharacterMovement: FirstPersonCharacter_C_4 is stuck and failed to move!
[2015.04.22-14.28.31:224][202]LogCharacterMovement: FirstPersonCharacter_C_4 is stuck and failed to move!
[2015.04.22-14.28.31:422][214]LogCharacterMovement: FirstPersonCharacter_C_4 is stuck and failed to move!
[2015.04.22-14.28.32:723][292]LogCharacterMovement: FirstPersonCharacter_C_4 is stuck and failed to move!
[2015.04.22-14.28.32:887][302]LogCharacterMovement: FirstPersonCharacter_C_4 is stuck and failed to move!
[2015.04.22-14.28.33:073][313]LogCharacterMovement: FirstPersonCharacter_C_4 is stuck and failed to move!
[2015.04.22-14.28.33:254][324]LogCharacterMovement: FirstPersonCharacter_C_4 is stuck and failed to move!
[2015.04.22-14.28.33:456][336]LogCharacterMovement: FirstPersonCharacter_C_4 is stuck and failed to move!
[2015.04.22-14.28.33:638][347]LogCharacterMovement: FirstPersonCharacter_C_4 is stuck and failed to move!
[2015.04.22-14.28.35:007][429]LogCharacterMovement: FirstPersonCharacter_C_4 is stuck and failed to move!
[2015.04.22-14.28.35:205][441]LogCharacterMovement: FirstPersonCharacter_C_4 is stuck and failed to move!
[2015.04.22-14.28.35:389][452]LogCharacterMovement: FirstPersonCharacter_C_4 is stuck and failed to move!
[2015.04.22-14.28.35:605][465]LogCharacterMovement: FirstPersonCharacter_C_4 is stuck and failed to move!
[2015.04.22-14.28.35:807][477]LogCharacterMovement: FirstPersonCharacter_C_4 is stuck and failed to move!
[2015.04.22-14.28.35:989][488]LogCharacterMovement: FirstPersonCharacter_C_4 is stuck and failed to move!
[2015.04.22-14.28.36:173][499]LogCharacterMovement: FirstPersonCharacter_C_4 is stuck and failed to move!
[2015.04.22-14.28.36:355][510]LogCharacterMovement: FirstPersonCharacter_C_4 is stuck and failed to move!
[2015.04.22-14.28.36:556][522]LogCharacterMovement: FirstPersonCharacter_C_4 is stuck and failed to move!
[2015.04.22-14.28.36:737][533]LogCharacterMovement: FirstPersonCharacter_C_4 is stuck and failed to move!
[2015.04.22-14.28.36:923][544]LogCharacterMovement: FirstPersonCharacter_C_4 is stuck and failed to move!
[2015.04.22-14.28.37:087][554]LogCharacterMovement: FirstPersonCharacter_C_4 is stuck and failed to move!
[2015.04.22-14.28.37:224][562]LogCharacterMovement: FirstPersonCharacter_C_4 is stuck and failed to move!
[2015.04.22-14.28.39:359][686]LogParticles: Destroying 0 GPU particle simulations for FXSystem 0x0000001456454720
[2015.04.22-14.28.52:340][438]BlueprintLog: New page: Pre-PIE auto-recompile
[2015.04.22-14.28.52:340][438]LogPlayLevel: [PIE] Compiling FirstPersonExampleMap before PIE...
[2015.04.22-14.28.52:378][438]LogPlayLevel: PIE:  Blueprint regeneration took 38 ms (1 blueprints)
[2015.04.22-14.28.52:378][438]PIE: New page: PIE session: FirstPersonExampleMap (Apr 22, 2015, 6:28:52 AM)
[2015.04.22-14.28.52:403][438]LogPlayLevel: PIE: StaticDuplicateObject took: (0.023938s)
[2015.04.22-14.28.52:404][438]LogPlayLevel: PIE: World Init took: (0.000913s)
[2015.04.22-14.28.52:404][438]LogPlayLevel: PIE: Created PIE world by copying editor world from /Game/FirstPersonBP/Maps/FirstPersonExampleMap.FirstPersonExampleMap to /Game/FirstPersonBP/Maps/UEDPIE_0_FirstPersonExampleMap.FirstPersonExampleMap (0.025040s)
[2015.04.22-14.28.52:455][438]LogWorld: Game class is 'FirstPersonGameMode_C'
[2015.04.22-14.28.52:456][438]LogAIModule: Creating AISystem for world FirstPersonExampleMap
[2015.04.22-14.28.52:465][438]LogWorld: Bringing World /Game/FirstPersonBP/Maps/UEDPIE_0_FirstPersonExampleMap.FirstPersonExampleMap up for play (max tick rate 60) at 2015.04.22-10.28.52
[2015.04.22-14.28.52:466][438]LogWorld: Bringing up level for play took: 0.009432
[2015.04.22-14.28.52:468][438]PIE: Info Play in editor start time for /Game/FirstPersonBP/Maps/UEDPIE_0_FirstPersonExampleMap 0.864
[2015.04.22-14.29.00:473][914]LogParticles: Destroying 0 GPU particle simulations for FXSystem 0x0000001443C30220
[2015.04.22-14.29.22:329][128]BlueprintLog: New page: Pre-PIE auto-recompile
[2015.04.22-14.29.22:335][128]LogPlayLevel: [PIE] Compiling PointLight_Blueprint before PIE...
[2015.04.22-14.29.22:387][128]LogPlayLevel: [PIE] Compiling FirstPersonExampleMap before PIE...
[2015.04.22-14.29.22:434][128]LogPlayLevel: PIE:  Blueprint regeneration took 104 ms (2 blueprints)
[2015.04.22-14.29.22:434][128]PIE: New page: PIE session: FirstPersonExampleMap (Apr 22, 2015, 6:29:22 AM)
[2015.04.22-14.29.22:456][128]LogPlayLevel: PIE: StaticDuplicateObject took: (0.022027s)
[2015.04.22-14.29.22:457][128]LogPlayLevel: PIE: World Init took: (0.000785s)
[2015.04.22-14.29.22:457][128]LogPlayLevel: PIE: Created PIE world by copying editor world from /Game/FirstPersonBP/Maps/FirstPersonExampleMap.FirstPersonExampleMap to /Game/FirstPersonBP/Maps/UEDPIE_0_FirstPersonExampleMap.FirstPersonExampleMap (0.023000s)
[2015.04.22-14.29.22:503][128]LogWorld: Game class is 'FirstPersonGameMode_C'
[2015.04.22-14.29.22:505][128]LogAIModule: Creating AISystem for world FirstPersonExampleMap
[2015.04.22-14.29.22:511][128]LogWorld: Bringing World /Game/FirstPersonBP/Maps/UEDPIE_0_FirstPersonExampleMap.FirstPersonExampleMap up for play (max tick rate 60) at 2015.04.22-10.29.22
[2015.04.22-14.29.22:512][128]LogWorld: Bringing up level for play took: 0.007031
[2015.04.22-14.29.22:513][128]LogGameMode: Warning - PATHS NOT DEFINED or NO PLAYERSTART with positive rating
[2015.04.22-14.29.22:520][128]PIE: Info Play in editor start time for /Game/FirstPersonBP/Maps/UEDPIE_0_FirstPersonExampleMap 0.915
[2015.04.22-14.29.28:179][456]LogParticles: Destroying 0 GPU particle simulations for FXSystem 0x0000001448267600
[2015.04.22-14.30.02:276][344]BlueprintLog: New page: Pre-PIE auto-recompile
[2015.04.22-14.30.02:283][344]LogPlayLevel: [PIE] Compiling PointLight_Blueprint before PIE...
[2015.04.22-14.30.02:341][344]LogPlayLevel: [PIE] Compiling FirstPersonExampleMap before PIE...
[2015.04.22-14.30.02:391][344]LogPlayLevel: PIE:  Blueprint regeneration took 114 ms (2 blueprints)
[2015.04.22-14.30.02:391][344]PIE: New page: PIE session: FirstPersonExampleMap (Apr 22, 2015, 6:30:02 AM)
[2015.04.22-14.30.02:415][344]LogPlayLevel: PIE: StaticDuplicateObject took: (0.023623s)
[2015.04.22-14.30.02:416][344]LogPlayLevel: PIE: World Init took: (0.000925s)
[2015.04.22-14.30.02:416][344]LogPlayLevel: PIE: Created PIE world by copying editor world from /Game/FirstPersonBP/Maps/FirstPersonExampleMap.FirstPersonExampleMap to /Game/FirstPersonBP/Maps/UEDPIE_0_FirstPersonExampleMap.FirstPersonExampleMap (0.024759s)
[2015.04.22-14.30.02:474][344]LogWorld: Game class is 'FirstPersonGameMode_C'
[2015.04.22-14.30.02:479][344]LogAIModule: Creating AISystem for world FirstPersonExampleMap
[2015.04.22-14.30.02:497][344]LogWorld: Bringing World /Game/FirstPersonBP/Maps/UEDPIE_0_FirstPersonExampleMap.FirstPersonExampleMap up for play (max tick rate 60) at 2015.04.22-10.30.02
[2015.04.22-14.30.02:499][344]LogWorld: Bringing up level for play took: 0.018928
[2015.04.22-14.30.02:500][344]LogGameMode: Warning - PATHS NOT DEFINED or NO PLAYERSTART with positive rating
[2015.04.22-14.30.02:513][344]PIE: Info Play in editor start time for /Game/FirstPersonBP/Maps/UEDPIE_0_FirstPersonExampleMap 0.908
[2015.04.22-14.30.08:790][595]LogParticles: Destroying 0 GPU particle simulations for FXSystem 0x000000145DC6A020
[2015.04.22-14.30.11:178][731]LogUObjectGlobals:Warning: Failed to find object 'Object None.'
[2015.04.22-14.30.23:632][457]BlueprintLog: New page: Pre-PIE auto-recompile
[2015.04.22-14.30.23:638][457]LogPlayLevel: [PIE] Compiling PointLight_Blueprint before PIE...
[2015.04.22-14.30.23:698][457]LogPlayLevel: [PIE] Compiling FirstPersonExampleMap before PIE...
[2015.04.22-14.30.23:748][457]LogPlayLevel: PIE:  Blueprint regeneration took 116 ms (2 blueprints)
[2015.04.22-14.30.23:748][457]PIE: New page: PIE session: FirstPersonExampleMap (Apr 22, 2015, 6:30:23 AM)
[2015.04.22-14.30.23:771][457]LogPlayLevel: PIE: StaticDuplicateObject took: (0.022707s)
[2015.04.22-14.30.23:772][457]LogPlayLevel: PIE: World Init took: (0.000783s)
[2015.04.22-14.30.23:772][457]LogPlayLevel: PIE: Created PIE world by copying editor world from /Game/FirstPersonBP/Maps/FirstPersonExampleMap.FirstPersonExampleMap to /Game/FirstPersonBP/Maps/UEDPIE_0_FirstPersonExampleMap.FirstPersonExampleMap (0.023694s)
[2015.04.22-14.30.23:821][457]LogWorld: Game class is 'FirstPersonGameMode_C'
[2015.04.22-14.30.23:823][457]LogAIModule: Creating AISystem for world FirstPersonExampleMap
[2015.04.22-14.30.23:829][457]LogWorld: Bringing World /Game/FirstPersonBP/Maps/UEDPIE_0_FirstPersonExampleMap.FirstPersonExampleMap up for play (max tick rate 60) at 2015.04.22-10.30.23
[2015.04.22-14.30.23:830][457]LogWorld: Bringing up level for play took: 0.007037
[2015.04.22-14.30.23:831][457]LogGameMode: Warning - PATHS NOT DEFINED or NO PLAYERSTART with positive rating
[2015.04.22-14.30.23:838][457]PIE: Info Play in editor start time for /Game/FirstPersonBP/Maps/UEDPIE_0_FirstPersonExampleMap 0.234
[2015.04.22-14.31.18:125][211]LogParticles: Destroying 0 GPU particle simulations for FXSystem 0x000000145FB2CC20
[2015.04.22-14.31.23:191][361]BlueprintLog: New page: Pre-PIE auto-recompile
[2015.04.22-14.31.23:194][361]LogPlayLevel: [PIE] Compiling FirstPersonExampleMap before PIE...
[2015.04.22-14.31.23:243][361]LogPlayLevel: PIE:  Blueprint regeneration took 52 ms (1 blueprints)
[2015.04.22-14.31.23:243][361]PIE: New page: PIE session: FirstPersonExampleMap (Apr 22, 2015, 6:31:23 AM)
[2015.04.22-14.31.23:267][361]LogPlayLevel: PIE: StaticDuplicateObject took: (0.022749s)
[2015.04.22-14.31.23:268][361]LogPlayLevel: PIE: World Init took: (0.001244s)
[2015.04.22-14.31.23:268][361]LogPlayLevel: PIE: Created PIE world by copying editor world from /Game/FirstPersonBP/Maps/FirstPersonExampleMap.FirstPersonExampleMap to /Game/FirstPersonBP/Maps/UEDPIE_0_FirstPersonExampleMap.FirstPersonExampleMap (0.024227s)
[2015.04.22-14.31.23:317][361]LogWorld: Game class is 'FirstPersonGameMode_C'
[2015.04.22-14.31.23:319][361]LogAIModule: Creating AISystem for world FirstPersonExampleMap
[2015.04.22-14.31.23:326][361]LogWorld: Bringing World /Game/FirstPersonBP/Maps/UEDPIE_0_FirstPersonExampleMap.FirstPersonExampleMap up for play (max tick rate 60) at 2015.04.22-10.31.23
[2015.04.22-14.31.23:327][361]LogWorld: Bringing up level for play took: 0.007256
[2015.04.22-14.31.23:327][361]LogGameMode: Warning - PATHS NOT DEFINED or NO PLAYERSTART with positive rating
[2015.04.22-14.31.23:337][361]PIE: Info Play in editor start time for /Game/FirstPersonBP/Maps/UEDPIE_0_FirstPersonExampleMap -0.267
[2015.04.22-14.32.35:923][752]LogParticles: Destroying 0 GPU particle simulations for FXSystem 0x000000145EBBFE20
[2015.04.22-14.33.19:033][200]Cmd: DELETE
[2015.04.22-14.33.19:033][200]Cmd: ACTOR DELETE
[2015.04.22-14.33.19:035][200]LogEditorActor: Deleted Actor: PointLight
[2015.04.22-14.33.19:060][200]LogEditorActor: Deleted 1 Actors (0.026 secs)
[2015.04.22-14.33.20:261][267]BlueprintLog: New page: Pre-PIE auto-recompile
[2015.04.22-14.33.20:264][267]LogPlayLevel: [PIE] Compiling FirstPersonExampleMap before PIE...
[2015.04.22-14.33.20:313][267]LogPlayLevel: PIE:  Blueprint regeneration took 52 ms (1 blueprints)
[2015.04.22-14.33.20:313][267]PIE: New page: PIE session: FirstPersonExampleMap (Apr 22, 2015, 6:33:20 AM)
[2015.04.22-14.33.20:337][267]LogPlayLevel: PIE: StaticDuplicateObject took: (0.023458s)
[2015.04.22-14.33.20:338][267]LogPlayLevel: PIE: World Init took: (0.001343s)
[2015.04.22-14.33.20:338][267]LogPlayLevel: PIE: Created PIE world by copying editor world from /Game/FirstPersonBP/Maps/FirstPersonExampleMap.FirstPersonExampleMap to /Game/FirstPersonBP/Maps/UEDPIE_0_FirstPersonExampleMap.FirstPersonExampleMap (0.025025s)
[2015.04.22-14.33.20:407][267]LogWorld: Game class is 'FirstPersonGameMode_C'
[2015.04.22-14.33.20:413][267]LogAIModule: Creating AISystem for world FirstPersonExampleMap
[2015.04.22-14.33.20:434][267]LogWorld: Bringing World /Game/FirstPersonBP/Maps/UEDPIE_0_FirstPersonExampleMap.FirstPersonExampleMap up for play (max tick rate 60) at 2015.04.22-10.33.20
[2015.04.22-14.33.20:435][267]LogWorld: Bringing up level for play took: 0.021443
[2015.04.22-14.33.20:438][267]PIE: Info Play in editor start time for /Game/FirstPersonBP/Maps/UEDPIE_0_FirstPersonExampleMap 0.834
[2015.04.22-14.34.39:795][406]LogParticles: Destroying 0 GPU particle simulations for FXSystem 0x000000145F94B6A0
[2015.04.22-14.34.40:333][438]LogEditorViewport: Clicking on Actor (LMB): Cube_Blueprint_C (Cube_Blueprint)
[2015.04.22-14.35.15:219][662]BlueprintLog: New page: Pre-PIE auto-recompile
[2015.04.22-14.35.15:222][662]LogPlayLevel: [PIE] Compiling FirstPersonExampleMap before PIE...
[2015.04.22-14.35.15:257][662]LogActorComponent: UnregisterComponent: (/Engine/Transient.ProjectileMovementComponent_40__A6522401) Not registered. Aborting.
[2015.04.22-14.35.15:257][662]LogActorComponent: UnregisterComponent: (/Engine/Transient.CharMoveComp) Not registered. Aborting.
[2015.04.22-14.35.15:280][662]LogPlayLevel: PIE:  Blueprint regeneration took 60 ms (1 blueprints)
[2015.04.22-14.35.15:280][662]PIE: New page: PIE session: FirstPersonExampleMap (Apr 22, 2015, 6:35:15 AM)
[2015.04.22-14.35.15:307][662]LogPlayLevel: PIE: StaticDuplicateObject took: (0.025931s)
[2015.04.22-14.35.15:308][662]LogPlayLevel: PIE: World Init took: (0.001018s)
[2015.04.22-14.35.15:308][662]LogPlayLevel: PIE: Created PIE world by copying editor world from /Game/FirstPersonBP/Maps/FirstPersonExampleMap.FirstPersonExampleMap to /Game/FirstPersonBP/Maps/UEDPIE_0_FirstPersonExampleMap.FirstPersonExampleMap (0.027179s)
[2015.04.22-14.35.15:361][662]LogWorld: Game class is 'FirstPersonGameMode_C'
[2015.04.22-14.35.15:363][662]LogAIModule: Creating AISystem for world FirstPersonExampleMap
[2015.04.22-14.35.15:370][662]LogWorld: Bringing World /Game/FirstPersonBP/Maps/UEDPIE_0_FirstPersonExampleMap.FirstPersonExampleMap up for play (max tick rate 60) at 2015.04.22-10.35.15
[2015.04.22-14.35.15:371][662]LogWorld: Bringing up level for play took: 0.007214
[2015.04.22-14.35.15:372][662]PIE: Info Play in editor start time for /Game/FirstPersonBP/Maps/UEDPIE_0_FirstPersonExampleMap -0.232
[2015.04.22-14.36.54:294][592]LogParticles: Destroying 0 GPU particle simulations for FXSystem 0x000000145E9FAC00
[2015.04.22-14.37.47:799][632]LogActorComponent: UnregisterComponent: (/Engine/Transient.ProjectileMovementComponent_40__A6522401) Not registered. Aborting.
[2015.04.22-14.37.47:799][632]LogActorComponent: UnregisterComponent: (/Engine/Transient.CharMoveComp) Not registered. Aborting.
[2015.04.22-14.37.50:311][632]LogSavePackage: Save=123.831650ms
[2015.04.22-14.37.50:311][632]LogSavePackage: Moving '../../../../MyProject/Saved/FirstPersonExampleMap_Auto167D5BB5444B183EF20131BB3B068F906.tmp' to '../../../../MyProject/Saved/Autosaves/Game/FirstPersonBP/Maps/FirstPersonExampleMap_Auto1.umap'
[2015.04.22-14.37.50:327][632]LogFileHelpers: Editor autosave (incl. sublevels) for '/Game/FirstPersonBP/Maps/FirstPersonExampleMap' took 2.528
[2015.04.22-14.37.50:327][632]LogFileHelpers: Editor autosave (incl. sublevels) for all levels took 2.528
[2015.04.22-14.37.50:360][632]OBJ SavePackage: Generating thumbnails for [0] asset(s) in package [/Game/PointLight_Blueprint] ([1] browsable assets)...
[2015.04.22-14.37.50:360][632]OBJ SavePackage: Finished generating thumbnails for package [/Game/PointLight_Blueprint]
[2015.04.22-14.37.50:367][632]Cmd: OBJ SAVEPACKAGE PACKAGE="/Game/PointLight_Blueprint" FILE="../../../../MyProject/Saved/Autosaves/Game/PointLight_Blueprint_Auto1.uasset" SILENT=false AUTOSAVING=true
[2015.04.22-14.37.50:489][632]LogSavePackage: Save=115.601044ms
[2015.04.22-14.37.50:490][632]LogSavePackage: Moving '../../../../MyProject/Saved/PointLight_Blueprint_Auto1AC5775CE4DF6A9F9687AF5BAE43EF325.tmp' to '../../../../MyProject/Saved/Autosaves/Game/PointLight_Blueprint_Auto1.uasset'
[2015.04.22-14.37.50:498][632]LogFileHelpers: Auto-saving content packages took 0.171
[2015.04.22-14.37.51:651][654]LogEditorViewport: Clicking on Actor (LMB): Cube_Blueprint_C (Cube_Blueprint)
[2015.04.22-14.37.53:318][745]BlueprintLog: New page: Pre-PIE auto-recompile
[2015.04.22-14.37.53:321][745]LogPlayLevel: [PIE] Compiling FirstPersonExampleMap before PIE...
[2015.04.22-14.37.53:363][745]LogActorComponent: UnregisterComponent: (/Engine/Transient.ProjectileMovementComponent_40__A6522401) Not registered. Aborting.
[2015.04.22-14.37.53:363][745]LogActorComponent: UnregisterComponent: (/Engine/Transient.CharMoveComp) Not registered. Aborting.
[2015.04.22-14.37.53:381][745]LogPlayLevel: PIE:  Blueprint regeneration took 63 ms (1 blueprints)
[2015.04.22-14.37.53:381][745]PIE: New page: PIE session: FirstPersonExampleMap (Apr 22, 2015, 6:37:53 AM)
[2015.04.22-14.37.53:406][745]LogPlayLevel: PIE: StaticDuplicateObject took: (0.023832s)
[2015.04.22-14.37.53:406][745]LogPlayLevel: PIE: World Init took: (0.000886s)
[2015.04.22-14.37.53:407][745]LogPlayLevel: PIE: Created PIE world by copying editor world from /Game/FirstPersonBP/Maps/FirstPersonExampleMap.FirstPersonExampleMap to /Game/FirstPersonBP/Maps/UEDPIE_0_FirstPersonExampleMap.FirstPersonExampleMap (0.024992s)
[2015.04.22-14.37.53:454][745]LogWorld: Game class is 'FirstPersonGameMode_C'
[2015.04.22-14.37.53:456][745]LogAIModule: Creating AISystem for world FirstPersonExampleMap
[2015.04.22-14.37.53:463][745]LogWorld: Bringing World /Game/FirstPersonBP/Maps/UEDPIE_0_FirstPersonExampleMap.FirstPersonExampleMap up for play (max tick rate 60) at 2015.04.22-10.37.53
[2015.04.22-14.37.53:464][745]LogWorld: Bringing up level for play took: 0.007634
[2015.04.22-14.37.53:465][745]PIE: Info Play in editor start time for /Game/FirstPersonBP/Maps/UEDPIE_0_FirstPersonExampleMap -0.139
[2015.04.22-14.38.32:482][ 85]LogCharacterMovement: FirstPersonCharacter_C_4 is stuck and failed to move!
[2015.04.22-14.38.32:663][ 96]LogCharacterMovement: FirstPersonCharacter_C_4 is stuck and failed to move!
[2015.04.22-14.38.32:846][107]LogCharacterMovement: FirstPersonCharacter_C_4 is stuck and failed to move!
[2015.04.22-14.38.33:627][154]LogCharacterMovement: FirstPersonCharacter_C_4 is stuck and failed to move!
[2015.04.22-14.38.33:813][165]LogCharacterMovement: FirstPersonCharacter_C_4 is stuck and failed to move!
[2015.04.22-14.38.34:011][177]LogCharacterMovement: FirstPersonCharacter_C_4 is stuck and failed to move!
[2015.04.22-14.38.34:199][188]LogCharacterMovement: FirstPersonCharacter_C_4 is stuck and failed to move!
[2015.04.22-14.38.34:779][223]LogCharacterMovement: FirstPersonCharacter_C_4 is stuck and failed to move!
[2015.04.22-14.38.34:964][234]LogCharacterMovement: FirstPersonCharacter_C_4 is stuck and failed to move!
[2015.04.22-14.38.35:333][256]LogCharacterMovement: FirstPersonCharacter_C_4 is stuck and failed to move!
[2015.04.22-14.38.35:513][267]LogCharacterMovement: FirstPersonCharacter_C_4 is stuck and failed to move!
[2015.04.22-14.38.35:697][278]LogCharacterMovement: FirstPersonCharacter_C_4 is stuck and failed to move!
[2015.04.22-14.45.09:475][936]LogParticles: Destroying 0 GPU particle simulations for FXSystem 0x0000001459762200
[2015.04.22-14.47.28:166][436]LogEditorViewport: Clicking on Actor (LMB): Cube_Blueprint_C (Cube_Blueprint)
[2015.04.22-14.47.28:853][473]BlueprintLog: New page: Pre-PIE auto-recompile
[2015.04.22-14.47.28:857][473]LogPlayLevel: [PIE] Compiling FirstPersonExampleMap before PIE...
[2015.04.22-14.47.28:894][473]LogActorComponent: UnregisterComponent: (/Engine/Transient.ProjectileMovementComponent_40__A6522401) Not registered. Aborting.
[2015.04.22-14.47.28:894][473]LogActorComponent: UnregisterComponent: (/Engine/Transient.CharMoveComp) Not registered. Aborting.
[2015.04.22-14.47.28:911][473]LogPlayLevel: PIE:  Blueprint regeneration took 57 ms (1 blueprints)
[2015.04.22-14.47.28:911][473]PIE: New page: PIE session: FirstPersonExampleMap (Apr 22, 2015, 6:47:28 AM)
[2015.04.22-14.47.28:935][473]LogPlayLevel: PIE: StaticDuplicateObject took: (0.023783s)
[2015.04.22-14.47.28:936][473]LogPlayLevel: PIE: World Init took: (0.000783s)
[2015.04.22-14.47.28:936][473]LogPlayLevel: PIE: Created PIE world by copying editor world from /Game/FirstPersonBP/Maps/FirstPersonExampleMap.FirstPersonExampleMap to /Game/FirstPersonBP/Maps/UEDPIE_0_FirstPersonExampleMap.FirstPersonExampleMap (0.024775s)
[2015.04.22-14.47.28:988][473]LogWorld: Game class is 'FirstPersonGameMode_C'
[2015.04.22-14.47.28:990][473]LogAIModule: Creating AISystem for world FirstPersonExampleMap
[2015.04.22-14.47.28:997][473]LogWorld: Bringing World /Game/FirstPersonBP/Maps/UEDPIE_0_FirstPersonExampleMap.FirstPersonExampleMap up for play (max tick rate 60) at 2015.04.22-10.47.28
[2015.04.22-14.47.28:998][473]LogWorld: Bringing up level for play took: 0.007138
[2015.04.22-14.47.28:999][473]PIE: Info Play in editor start time for /Game/FirstPersonBP/Maps/UEDPIE_0_FirstPersonExampleMap -0.605
[2015.04.22-14.47.33:345][733]LogCharacterMovement: FirstPersonCharacter_C_4 is stuck and failed to move!
[2015.04.22-14.49.27:237][565]LogCharacterMovement: FirstPersonCharacter_C_4 is stuck and failed to move!
[2015.04.22-14.49.27:389][574]LogCharacterMovement: FirstPersonCharacter_C_4 is stuck and failed to move!
[2015.04.22-14.49.27:573][585]LogCharacterMovement: FirstPersonCharacter_C_4 is stuck and failed to move!
[2015.04.22-14.49.27:722][594]LogCharacterMovement: FirstPersonCharacter_C_4 is stuck and failed to move!
[2015.04.22-14.49.27:887][604]LogCharacterMovement: FirstPersonCharacter_C_4 is stuck and failed to move!
[2015.04.22-14.49.28:106][617]LogCharacterMovement: FirstPersonCharacter_C_4 is stuck and failed to move!
[2015.04.22-14.49.28:289][628]LogCharacterMovement: FirstPersonCharacter_C_4 is stuck and failed to move!
[2015.04.22-14.49.28:470][639]LogCharacterMovement: FirstPersonCharacter_C_4 is stuck and failed to move!
[2015.04.22-14.49.28:656][650]LogCharacterMovement: FirstPersonCharacter_C_4 is stuck and failed to move!
[2015.04.22-14.49.28:822][660]LogCharacterMovement: FirstPersonCharacter_C_4 is stuck and failed to move!
[2015.04.22-14.49.28:997][670]LogCharacterMovement: FirstPersonCharacter_C_4 is stuck and failed to move!
[2015.04.22-14.49.29:195][682]LogCharacterMovement: FirstPersonCharacter_C_4 is stuck and failed to move!
[2015.04.22-14.49.30:080][735]LogCharacterMovement: FirstPersonCharacter_C_4 is stuck and failed to move!
[2015.04.22-14.49.30:262][746]LogCharacterMovement: FirstPersonCharacter_C_4 is stuck and failed to move!
[2015.04.22-14.49.30:447][757]LogCharacterMovement: FirstPersonCharacter_C_4 is stuck and failed to move!
[2015.04.22-14.49.30:929][786]LogCharacterMovement: FirstPersonCharacter_C_4 is stuck and failed to move!
[2015.04.22-14.49.34:781][ 17]LogCharacterMovement: FirstPersonCharacter_C_4 is stuck and failed to move!
[2015.04.22-14.49.34:963][ 28]LogCharacterMovement: FirstPersonCharacter_C_4 is stuck and failed to move!
[2015.04.22-14.49.35:164][ 40]LogCharacterMovement: FirstPersonCharacter_C_4 is stuck and failed to move!
[2015.04.22-14.49.36:664][130]LogCharacterMovement: FirstPersonCharacter_C_4 is stuck and failed to move!
[2015.04.22-14.49.36:846][141]LogCharacterMovement: FirstPersonCharacter_C_4 is stuck and failed to move!
[2015.04.22-14.49.36:997][150]LogCharacterMovement: FirstPersonCharacter_C_4 is stuck and failed to move!
[2015.04.22-14.49.37:179][161]LogCharacterMovement: FirstPersonCharacter_C_4 is stuck and failed to move!
[2015.04.22-14.49.37:347][171]LogCharacterMovement: FirstPersonCharacter_C_4 is stuck and failed to move!
[2015.04.22-14.49.37:496][180]LogCharacterMovement: FirstPersonCharacter_C_4 is stuck and failed to move!
[2015.04.22-14.49.37:648][189]LogCharacterMovement: FirstPersonCharacter_C_4 is stuck and failed to move!
[2015.04.22-14.49.38:231][224]LogCharacterMovement: FirstPersonCharacter_C_4 is stuck and failed to move!
[2015.04.22-14.49.38:395][234]LogCharacterMovement: FirstPersonCharacter_C_4 is stuck and failed to move!
[2015.04.22-14.49.38:746][255]LogCharacterMovement: FirstPersonCharacter_C_4 is stuck and failed to move!
[2015.04.22-14.49.39:112][277]LogCharacterMovement: FirstPersonCharacter_C_4 is stuck and failed to move!
[2015.04.22-14.49.39:297][288]LogCharacterMovement: FirstPersonCharacter_C_4 is stuck and failed to move!
[2015.04.22-14.49.39:681][311]LogCharacterMovement: FirstPersonCharacter_C_4 is stuck and failed to move!
[2015.04.22-14.49.39:879][323]LogCharacterMovement: FirstPersonCharacter_C_4 is stuck and failed to move!
[2015.04.22-14.50.09:935][120]LogParticles: Destroying 0 GPU particle simulations for FXSystem 0x0000001459667060
[2015.04.22-14.50.11:489][211]BlueprintLog: New page: Pre-PIE auto-recompile
[2015.04.22-14.50.11:494][211]LogPlayLevel: [PIE] Compiling FirstPersonExampleMap before PIE...
[2015.04.22-14.50.11:548][211]LogPlayLevel: PIE:  Blueprint regeneration took 58 ms (1 blueprints)
[2015.04.22-14.50.11:548][211]PIE: New page: PIE session: FirstPersonExampleMap (Apr 22, 2015, 6:50:11 AM)
[2015.04.22-14.50.11:572][211]LogPlayLevel: PIE: StaticDuplicateObject took: (0.023405s)
[2015.04.22-14.50.11:572][211]LogPlayLevel: PIE: World Init took: (0.000764s)
[2015.04.22-14.50.11:573][211]LogPlayLevel: PIE: Created PIE world by copying editor world from /Game/FirstPersonBP/Maps/FirstPersonExampleMap.FirstPersonExampleMap to /Game/FirstPersonBP/Maps/UEDPIE_0_FirstPersonExampleMap.FirstPersonExampleMap (0.024383s)
[2015.04.22-14.50.11:627][211]LogWorld: Game class is 'FirstPersonGameMode_C'
[2015.04.22-14.50.11:629][211]LogAIModule: Creating AISystem for world FirstPersonExampleMap
[2015.04.22-14.50.11:636][211]LogWorld: Bringing World /Game/FirstPersonBP/Maps/UEDPIE_0_FirstPersonExampleMap.FirstPersonExampleMap up for play (max tick rate 60) at 2015.04.22-10.50.11
[2015.04.22-14.50.11:637][211]LogWorld: Bringing up level for play took: 0.007055
[2015.04.22-14.50.11:638][211]PIE: Info Play in editor start time for /Game/FirstPersonBP/Maps/UEDPIE_0_FirstPersonExampleMap 0.034
[2015.04.22-14.50.57:713][969]LogParticles: Destroying 0 GPU particle simulations for FXSystem 0x000000145FB11260
[2015.04.22-14.51.40:111][811]BlueprintLog: New page: Pre-PIE auto-recompile
[2015.04.22-14.51.40:115][811]LogPlayLevel: [PIE] Compiling FirstPersonExampleMap before PIE...
[2015.04.22-14.51.40:166][811]LogPlayLevel: PIE:  Blueprint regeneration took 54 ms (1 blueprints)
[2015.04.22-14.51.40:166][811]PIE: New page: PIE session: FirstPersonExampleMap (Apr 22, 2015, 6:51:40 AM)
[2015.04.22-14.51.40:190][811]LogPlayLevel: PIE: StaticDuplicateObject took: (0.023272s)
[2015.04.22-14.51.40:191][811]LogPlayLevel: PIE: World Init took: (0.001611s)
[2015.04.22-14.51.40:191][811]LogPlayLevel: PIE: Created PIE world by copying editor world from /Game/FirstPersonBP/Maps/FirstPersonExampleMap.FirstPersonExampleMap to /Game/FirstPersonBP/Maps/UEDPIE_0_FirstPersonExampleMap.FirstPersonExampleMap (0.025090s)
[2015.04.22-14.51.40:248][811]LogWorld: Game class is 'FirstPersonGameMode_C'
[2015.04.22-14.51.40:251][811]LogAIModule: Creating AISystem for world FirstPersonExampleMap
[2015.04.22-14.51.40:258][811]LogWorld: Bringing World /Game/FirstPersonBP/Maps/UEDPIE_0_FirstPersonExampleMap.FirstPersonExampleMap up for play (max tick rate 60) at 2015.04.22-10.51.40
[2015.04.22-14.51.40:259][811]LogWorld: Bringing up level for play took: 0.007337
[2015.04.22-14.51.40:259][811]LogGameMode: Warning - PATHS NOT DEFINED or NO PLAYERSTART with positive rating
[2015.04.22-14.51.40:289][811]PIE: Info Play in editor start time for /Game/FirstPersonBP/Maps/UEDPIE_0_FirstPersonExampleMap 0.685
[2015.04.22-14.59.05:583][ 13]LogParticles: Destroying 0 GPU particle simulations for FXSystem 0x000000145A708860
[2015.04.22-15.06.02:225][652]LogSavePackage: Save=170.366714ms
[2015.04.22-15.06.02:225][652]LogSavePackage: Moving '../../../../MyProject/Saved/FirstPersonExampleMap_Auto25F8377D04381C8949FA0CF937CFDB2A7.tmp' to '../../../../MyProject/Saved/Autosaves/Game/FirstPersonBP/Maps/FirstPersonExampleMap_Auto2.umap'
[2015.04.22-15.06.02:243][652]LogFileHelpers: Editor autosave (incl. sublevels) for '/Game/FirstPersonBP/Maps/FirstPersonExampleMap' took 2.632
[2015.04.22-15.06.02:243][652]LogFileHelpers: Editor autosave (incl. sublevels) for all levels took 2.632
[2015.04.22-15.11.20:051][ 62]BlueprintLog: New page: Pre-PIE auto-recompile
[2015.04.22-15.11.20:054][ 62]LogPlayLevel: [PIE] Compiling FirstPersonExampleMap before PIE...
[2015.04.22-15.11.20:105][ 62]LogPlayLevel: PIE:  Blueprint regeneration took 54 ms (1 blueprints)
[2015.04.22-15.11.20:105][ 62]PIE: New page: PIE session: FirstPersonExampleMap (Apr 22, 2015, 7:11:20 AM)
[2015.04.22-15.11.20:129][ 62]LogPlayLevel: PIE: StaticDuplicateObject took: (0.022948s)
[2015.04.22-15.11.20:131][ 62]LogPlayLevel: PIE: World Init took: (0.001668s)
[2015.04.22-15.11.20:131][ 62]LogPlayLevel: PIE: Created PIE world by copying editor world from /Game/FirstPersonBP/Maps/FirstPersonExampleMap.FirstPersonExampleMap to /Game/FirstPersonBP/Maps/UEDPIE_0_FirstPersonExampleMap.FirstPersonExampleMap (0.024862s)
[2015.04.22-15.11.20:178][ 62]LogWorld: Game class is 'FirstPersonGameMode_C'
[2015.04.22-15.11.20:180][ 62]LogAIModule: Creating AISystem for world FirstPersonExampleMap
[2015.04.22-15.11.20:186][ 62]LogWorld: Bringing World /Game/FirstPersonBP/Maps/UEDPIE_0_FirstPersonExampleMap.FirstPersonExampleMap up for play (max tick rate 60) at 2015.04.22-11.11.20
[2015.04.22-15.11.20:188][ 62]LogWorld: Bringing up level for play took: 0.007185
[2015.04.22-15.11.20:188][ 62]LogGameMode: Warning - PATHS NOT DEFINED or NO PLAYERSTART with positive rating
[2015.04.22-15.11.20:201][ 62]PIE: Info Play in editor start time for /Game/FirstPersonBP/Maps/UEDPIE_0_FirstPersonExampleMap 0.598
[2015.04.22-15.11.32:647][658]LogParticles: Destroying 0 GPU particle simulations for FXSystem 0x0000001460F63F60
[2015.04.22-15.16.15:159][564]LogSavePackage: Save=143.685440ms
[2015.04.22-15.16.15:159][564]LogSavePackage: Moving '../../../../MyProject/Saved/FirstPersonExampleMap_Auto33491D166406759D00032F3AE3241AA06.tmp' to '../../../../MyProject/Saved/Autosaves/Game/FirstPersonBP/Maps/FirstPersonExampleMap_Auto3.umap'
[2015.04.22-15.16.15:169][564]LogFileHelpers: Editor autosave (incl. sublevels) for '/Game/FirstPersonBP/Maps/FirstPersonExampleMap' took 0.245
[2015.04.22-15.16.15:169][564]LogFileHelpers: Editor autosave (incl. sublevels) for all levels took 0.245
[2015.04.22-15.25.07:008][451]BlueprintLog: New page: Pre-PIE auto-recompile
[2015.04.22-15.25.07:011][451]LogPlayLevel: [PIE] Compiling FirstPersonExampleMap before PIE...
[2015.04.22-15.25.07:064][451]LogPlayLevel: PIE:  Blueprint regeneration took 56 ms (1 blueprints)
[2015.04.22-15.25.07:064][451]PIE: New page: PIE session: FirstPersonExampleMap (Apr 22, 2015, 7:25:07 AM)
[2015.04.22-15.25.07:089][451]LogPlayLevel: PIE: StaticDuplicateObject took: (0.023979s)
[2015.04.22-15.25.07:090][451]LogPlayLevel: PIE: World Init took: (0.000884s)
[2015.04.22-15.25.07:090][451]LogPlayLevel: PIE: Created PIE world by copying editor world from /Game/FirstPersonBP/Maps/FirstPersonExampleMap.FirstPersonExampleMap to /Game/FirstPersonBP/Maps/UEDPIE_0_FirstPersonExampleMap.FirstPersonExampleMap (0.025084s)
[2015.04.22-15.25.07:137][451]LogWorld: Game class is 'FirstPersonGameMode_C'
[2015.04.22-15.25.07:139][451]LogAIModule: Creating AISystem for world FirstPersonExampleMap
[2015.04.22-15.25.07:145][451]LogWorld: Bringing World /Game/FirstPersonBP/Maps/UEDPIE_0_FirstPersonExampleMap.FirstPersonExampleMap up for play (max tick rate 60) at 2015.04.22-11.25.07
[2015.04.22-15.25.07:147][451]LogWorld: Bringing up level for play took: 0.007299
[2015.04.22-15.25.07:147][451]LogGameMode: Warning - PATHS NOT DEFINED or NO PLAYERSTART with positive rating
[2015.04.22-15.25.07:160][451]PIE: Info Play in editor start time for /Game/FirstPersonBP/Maps/UEDPIE_0_FirstPersonExampleMap -0.444
[2015.04.22-15.31.32:152][275]LogParticles: Destroying 0 GPU particle simulations for FXSystem 0x00000014618249A0
[2015.04.22-15.31.59:994][499]BlueprintLog: New page: Pre-PIE auto-recompile
[2015.04.22-15.31.59:997][499]LogPlayLevel: [PIE] Compiling FirstPersonExampleMap before PIE...
[2015.04.22-15.32.00:049][499]LogPlayLevel: PIE:  Blueprint regeneration took 54 ms (1 blueprints)
[2015.04.22-15.32.00:049][499]PIE: New page: PIE session: FirstPersonExampleMap (Apr 22, 2015, 7:32:00 AM)
[2015.04.22-15.32.00:077][499]LogPlayLevel: PIE: StaticDuplicateObject took: (0.027893s)
[2015.04.22-15.32.00:079][499]LogPlayLevel: PIE: World Init took: (0.001531s)
[2015.04.22-15.32.00:079][499]LogPlayLevel: PIE: Created PIE world by copying editor world from /Game/FirstPersonBP/Maps/FirstPersonExampleMap.FirstPersonExampleMap to /Game/FirstPersonBP/Maps/UEDPIE_0_FirstPersonExampleMap.FirstPersonExampleMap (0.029629s)
[2015.04.22-15.32.00:137][499]LogWorld: Game class is 'FirstPersonGameMode_C'
[2015.04.22-15.32.00:139][499]LogAIModule: Creating AISystem for world FirstPersonExampleMap
[2015.04.22-15.32.00:146][499]LogWorld: Bringing World /Game/FirstPersonBP/Maps/UEDPIE_0_FirstPersonExampleMap.FirstPersonExampleMap up for play (max tick rate 60) at 2015.04.22-11.32.00
[2015.04.22-15.32.00:147][499]LogWorld: Bringing up level for play took: 0.007159
[2015.04.22-15.32.00:147][499]LogGameMode: Warning - PATHS NOT DEFINED or NO PLAYERSTART with positive rating
[2015.04.22-15.32.00:175][499]PIE: Info Play in editor start time for /Game/FirstPersonBP/Maps/UEDPIE_0_FirstPersonExampleMap 0.571
[2015.04.22-15.32.00:911][528]LogParticles: Destroying 0 GPU particle simulations for FXSystem 0x00000014660D7740
[2015.04.22-15.32.27:933][722]BlueprintLog: New page: Pre-PIE auto-recompile
[2015.04.22-15.32.27:936][722]LogPlayLevel: [PIE] Compiling FirstPersonExampleMap before PIE...
[2015.04.22-15.32.27:989][722]LogPlayLevel: PIE:  Blueprint regeneration took 55 ms (1 blueprints)
[2015.04.22-15.32.27:989][722]PIE: New page: PIE session: FirstPersonExampleMap (Apr 22, 2015, 7:32:27 AM)
[2015.04.22-15.32.28:014][722]LogPlayLevel: PIE: StaticDuplicateObject took: (0.024468s)
[2015.04.22-15.32.28:015][722]LogPlayLevel: PIE: World Init took: (0.000924s)
[2015.04.22-15.32.28:015][722]LogPlayLevel: PIE: Created PIE world by copying editor world from /Game/FirstPersonBP/Maps/FirstPersonExampleMap.FirstPersonExampleMap to /Game/FirstPersonBP/Maps/UEDPIE_0_FirstPersonExampleMap.FirstPersonExampleMap (0.025672s)
[2015.04.22-15.32.28:067][722]LogWorld: Game class is 'FirstPersonGameMode_C'
[2015.04.22-15.32.28:069][722]LogAIModule: Creating AISystem for world FirstPersonExampleMap
[2015.04.22-15.32.28:076][722]LogWorld: Bringing World /Game/FirstPersonBP/Maps/UEDPIE_0_FirstPersonExampleMap.FirstPersonExampleMap up for play (max tick rate 60) at 2015.04.22-11.32.28
[2015.04.22-15.32.28:077][722]LogWorld: Bringing up level for play took: 0.007532
[2015.04.22-15.32.28:078][722]LogGameMode: Warning - PATHS NOT DEFINED or NO PLAYERSTART with positive rating
[2015.04.22-15.32.28:106][722]PIE: Info Play in editor start time for /Game/FirstPersonBP/Maps/UEDPIE_0_FirstPersonExampleMap 0.502
[2015.04.22-15.32.29:808][804]LogParticles: Destroying 0 GPU particle simulations for FXSystem 0x00000014660D6840
[2015.04.22-15.32.41:231][902]LogSavePackage: Save=111.224014ms
[2015.04.22-15.32.41:231][902]LogSavePackage: Moving '../../../../MyProject/Saved/FirstPersonExampleMap_Auto4251A2C204C964D769A7F0F958127B832.tmp' to '../../../../MyProject/Saved/Autosaves/Game/FirstPersonBP/Maps/FirstPersonExampleMap_Auto4.umap'
[2015.04.22-15.32.41:241][902]LogFileHelpers: Editor autosave (incl. sublevels) for '/Game/FirstPersonBP/Maps/FirstPersonExampleMap' took 0.459
[2015.04.22-15.32.41:241][902]LogFileHelpers: Editor autosave (incl. sublevels) for all levels took 0.459
[2015.04.22-15.32.57:524][ 41]BlueprintLog: New page: Pre-PIE auto-recompile
[2015.04.22-15.32.57:527][ 41]LogPlayLevel: [PIE] Compiling FirstPersonExampleMap before PIE...
[2015.04.22-15.32.57:579][ 41]LogPlayLevel: PIE:  Blueprint regeneration took 55 ms (1 blueprints)
[2015.04.22-15.32.57:579][ 41]PIE: New page: PIE session: FirstPersonExampleMap (Apr 22, 2015, 7:32:57 AM)
[2015.04.22-15.32.57:604][ 41]LogPlayLevel: PIE: StaticDuplicateObject took: (0.024169s)
[2015.04.22-15.32.57:605][ 41]LogPlayLevel: PIE: World Init took: (0.001155s)
[2015.04.22-15.32.57:605][ 41]LogPlayLevel: PIE: Created PIE world by copying editor world from /Game/FirstPersonBP/Maps/FirstPersonExampleMap.FirstPersonExampleMap to /Game/FirstPersonBP/Maps/UEDPIE_0_FirstPersonExampleMap.FirstPersonExampleMap (0.025692s)
[2015.04.22-15.32.57:665][ 41]LogWorld: Game class is 'FirstPersonGameMode_C'
[2015.04.22-15.32.57:667][ 41]LogAIModule: Creating AISystem for world FirstPersonExampleMap
[2015.04.22-15.32.57:674][ 41]LogWorld: Bringing World /Game/FirstPersonBP/Maps/UEDPIE_0_FirstPersonExampleMap.FirstPersonExampleMap up for play (max tick rate 60) at 2015.04.22-11.32.57
[2015.04.22-15.32.57:675][ 41]LogWorld: Bringing up level for play took: 0.007425
[2015.04.22-15.32.57:675][ 41]LogGameMode: Warning - PATHS NOT DEFINED or NO PLAYERSTART with positive rating
[2015.04.22-15.32.57:706][ 41]PIE: Info Play in editor start time for /Game/FirstPersonBP/Maps/UEDPIE_0_FirstPersonExampleMap 0.101
[2015.04.22-15.33.02:327][304]LogCharacterMovement: FirstPersonCharacter_C_4 is stuck and failed to move!
[2015.04.22-15.33.02:447][311]LogCharacterMovement: FirstPersonCharacter_C_4 is stuck and failed to move!
[2015.04.22-15.33.02:605][319]LogCharacterMovement: FirstPersonCharacter_C_4 is stuck and failed to move!
[2015.04.22-15.33.02:753][327]LogCharacterMovement: FirstPersonCharacter_C_4 is stuck and failed to move!
[2015.04.22-15.33.02:876][333]LogCharacterMovement: FirstPersonCharacter_C_4 is stuck and failed to move!
[2015.04.22-15.33.02:997][340]LogCharacterMovement: FirstPersonCharacter_C_4 is stuck and failed to move!
[2015.04.22-15.33.03:138][347]LogCharacterMovement: FirstPersonCharacter_C_4 is stuck and failed to move!
[2015.04.22-15.33.03:289][355]LogCharacterMovement: FirstPersonCharacter_C_4 is stuck and failed to move!
[2015.04.22-15.33.03:399][361]LogCharacterMovement: FirstPersonCharacter_C_4 is stuck and failed to move!
[2015.04.22-15.33.03:514][368]LogCharacterMovement: FirstPersonCharacter_C_4 is stuck and failed to move!
[2015.04.22-15.33.03:641][375]LogCharacterMovement: FirstPersonCharacter_C_4 is stuck and failed to move!
[2015.04.22-15.33.04:161][403]LogCharacterMovement: FirstPersonCharacter_C_4 is stuck and failed to move!
[2015.04.22-15.33.04:296][411]LogCharacterMovement: FirstPersonCharacter_C_4 is stuck and failed to move!
[2015.04.22-15.33.04:467][420]LogCharacterMovement: FirstPersonCharacter_C_4 is stuck and failed to move!
[2015.04.22-15.33.04:596][427]LogCharacterMovement: FirstPersonCharacter_C_4 is stuck and failed to move!
[2015.04.22-15.33.04:738][435]LogCharacterMovement: FirstPersonCharacter_C_4 is stuck and failed to move!
[2015.04.22-15.33.04:909][444]LogCharacterMovement: FirstPersonCharacter_C_4 is stuck and failed to move!
[2015.04.22-15.33.04:992][449]LogCharacterMovement: FirstPersonCharacter_C_4 is stuck and failed to move!
[2015.04.22-15.33.05:135][457]LogCharacterMovement: FirstPersonCharacter_C_4 is stuck and failed to move!
[2015.04.22-15.33.05:256][464]LogCharacterMovement: FirstPersonCharacter_C_4 is stuck and failed to move!
[2015.04.22-15.33.05:658][477]LogParticles: Destroying 0 GPU particle simulations for FXSystem 0x000000145D79C540
[2015.04.22-15.35.16:919][316]BlueprintLog: New page: Pre-PIE auto-recompile
[2015.04.22-15.35.16:923][316]LogPlayLevel: [PIE] Compiling FirstPersonExampleMap before PIE...
[2015.04.22-15.35.16:977][316]LogPlayLevel: PIE:  Blueprint regeneration took 58 ms (1 blueprints)
[2015.04.22-15.35.16:978][316]PIE: New page: PIE session: FirstPersonExampleMap (Apr 22, 2015, 7:35:16 AM)
[2015.04.22-15.35.17:002][316]LogPlayLevel: PIE: StaticDuplicateObject took: (0.023805s)
[2015.04.22-15.35.17:003][316]LogPlayLevel: PIE: World Init took: (0.001289s)
[2015.04.22-15.35.17:003][316]LogPlayLevel: PIE: Created PIE world by copying editor world from /Game/FirstPersonBP/Maps/FirstPersonExampleMap.FirstPersonExampleMap to /Game/FirstPersonBP/Maps/UEDPIE_0_FirstPersonExampleMap.FirstPersonExampleMap (0.025334s)
[2015.04.22-15.35.17:058][316]LogWorld: Game class is 'FirstPersonGameMode_C'
[2015.04.22-15.35.17:060][316]LogAIModule: Creating AISystem for world FirstPersonExampleMap
[2015.04.22-15.35.17:067][316]LogWorld: Bringing World /Game/FirstPersonBP/Maps/UEDPIE_0_FirstPersonExampleMap.FirstPersonExampleMap up for play (max tick rate 60) at 2015.04.22-11.35.17
[2015.04.22-15.35.17:068][316]LogWorld: Bringing up level for play took: 0.007186
[2015.04.22-15.35.17:068][316]LogGameMode: Warning - PATHS NOT DEFINED or NO PLAYERSTART with positive rating
[2015.04.22-15.35.17:119][316]PIE: Info Play in editor start time for /Game/FirstPersonBP/Maps/UEDPIE_0_FirstPersonExampleMap -0.485
[2015.04.22-15.35.27:561][806]LogParticles: Destroying 0 GPU particle simulations for FXSystem 0x000000146A512520
[2015.04.22-15.36.38:800][692]BlueprintLog: New page: Pre-PIE auto-recompile
[2015.04.22-15.36.38:816][692]LogPlayLevel: [PIE] Compiling FirstPersonCharacter before PIE...
[2015.04.22-15.36.39:073][692]LogPlayLevel: [PIE] Compiling FirstPersonExampleMap before PIE...
[2015.04.22-15.36.39:134][692]LogPlayLevel: PIE:  Blueprint regeneration took 333 ms (2 blueprints)
[2015.04.22-15.36.39:134][692]PIE: New page: PIE session: FirstPersonExampleMap (Apr 22, 2015, 7:36:39 AM)
[2015.04.22-15.36.39:159][692]LogPlayLevel: PIE: StaticDuplicateObject took: (0.023877s)
[2015.04.22-15.36.39:160][692]LogPlayLevel: PIE: World Init took: (0.000812s)
[2015.04.22-15.36.39:160][692]LogPlayLevel: PIE: Created PIE world by copying editor world from /Game/FirstPersonBP/Maps/FirstPersonExampleMap.FirstPersonExampleMap to /Game/FirstPersonBP/Maps/UEDPIE_0_FirstPersonExampleMap.FirstPersonExampleMap (0.024933s)
[2015.04.22-15.36.39:211][692]LogWorld: Game class is 'FirstPersonGameMode_C'
[2015.04.22-15.36.39:213][692]LogAIModule: Creating AISystem for world FirstPersonExampleMap
[2015.04.22-15.36.39:219][692]LogWorld: Bringing World /Game/FirstPersonBP/Maps/UEDPIE_0_FirstPersonExampleMap.FirstPersonExampleMap up for play (max tick rate 60) at 2015.04.22-11.36.39
[2015.04.22-15.36.39:220][692]LogWorld: Bringing up level for play took: 0.006580
[2015.04.22-15.36.39:220][692]LogGameMode: Warning - PATHS NOT DEFINED or NO PLAYERSTART with positive rating
[2015.04.22-15.36.39:229][692]PIE: Info Play in editor start time for /Game/FirstPersonBP/Maps/UEDPIE_0_FirstPersonExampleMap -0.375
[2015.04.22-15.36.40:609][728]LogCharacter: FirstPersonCharacter_C_4 is trying to crouch, but crouching is disabled on this character! (check CharacterMovement NavAgentSettings)
[2015.04.22-15.36.41:079][747]LogCharacter: FirstPersonCharacter_C_4 is trying to crouch, but crouching is disabled on this character! (check CharacterMovement NavAgentSettings)
[2015.04.22-15.36.41:280][755]LogCharacter: FirstPersonCharacter_C_4 is trying to crouch, but crouching is disabled on this character! (check CharacterMovement NavAgentSettings)
[2015.04.22-15.36.41:476][763]LogCharacter: FirstPersonCharacter_C_4 is trying to crouch, but crouching is disabled on this character! (check CharacterMovement NavAgentSettings)
[2015.04.22-15.36.41:626][769]LogCharacter: FirstPersonCharacter_C_4 is trying to crouch, but crouching is disabled on this character! (check CharacterMovement NavAgentSettings)
[2015.04.22-15.36.42:056][780]LogParticles: Destroying 0 GPU particle simulations for FXSystem 0x000000146606F060
[2015.04.22-15.36.54:875][528]BlueprintLog: New page: Pre-PIE auto-recompile
[2015.04.22-15.36.54:891][528]LogPlayLevel: [PIE] Compiling FirstPersonCharacter before PIE...
[2015.04.22-15.36.55:164][528]LogPlayLevel: [PIE] Compiling FirstPersonExampleMap before PIE...
[2015.04.22-15.36.55:216][528]LogPlayLevel: PIE:  Blueprint regeneration took 340 ms (2 blueprints)
[2015.04.22-15.36.55:216][528]PIE: New page: PIE session: FirstPersonExampleMap (Apr 22, 2015, 7:36:55 AM)
[2015.04.22-15.36.55:240][528]LogPlayLevel: PIE: StaticDuplicateObject took: (0.022799s)
[2015.04.22-15.36.55:240][528]LogPlayLevel: PIE: World Init took: (0.000818s)
[2015.04.22-15.36.55:241][528]LogPlayLevel: PIE: Created PIE world by copying editor world from /Game/FirstPersonBP/Maps/FirstPersonExampleMap.FirstPersonExampleMap to /Game/FirstPersonBP/Maps/UEDPIE_0_FirstPersonExampleMap.FirstPersonExampleMap (0.023828s)
[2015.04.22-15.36.55:292][528]LogWorld: Game class is 'FirstPersonGameMode_C'
[2015.04.22-15.36.55:294][528]LogAIModule: Creating AISystem for world FirstPersonExampleMap
[2015.04.22-15.36.55:300][528]LogWorld: Bringing World /Game/FirstPersonBP/Maps/UEDPIE_0_FirstPersonExampleMap.FirstPersonExampleMap up for play (max tick rate 60) at 2015.04.22-11.36.55
[2015.04.22-15.36.55:301][528]LogWorld: Bringing up level for play took: 0.007030
[2015.04.22-15.36.55:301][528]LogGameMode: Warning - PATHS NOT DEFINED or NO PLAYERSTART with positive rating
[2015.04.22-15.36.55:316][528]PIE: Info Play in editor start time for /Game/FirstPersonBP/Maps/UEDPIE_0_FirstPersonExampleMap -0.288
[2015.04.22-15.37.44:160][ 69]LogParticles: Destroying 0 GPU particle simulations for FXSystem 0x000000144CC60F40
[2015.04.22-15.43.54:582][187]LogSavePackage: Save=2431.764160ms
[2015.04.22-15.43.54:582][187]LogSavePackage: Moving '../../../../MyProject/Saved/FirstPersonExampleMap_Auto50BF82C8D49A23066591F98A9DFF8050F.tmp' to '../../../../MyProject/Saved/Autosaves/Game/FirstPersonBP/Maps/FirstPersonExampleMap_Auto5.umap'
[2015.04.22-15.43.54:593][187]LogFileHelpers: Editor autosave (incl. sublevels) for '/Game/FirstPersonBP/Maps/FirstPersonExampleMap' took 2.544
[2015.04.22-15.43.54:593][187]LogFileHelpers: Editor autosave (incl. sublevels) for all levels took 2.544
[2015.04.22-15.43.54:629][187]OBJ SavePackage: Generating thumbnails for [1] asset(s) in package [/Game/FirstPersonBP/Blueprints/FirstPersonCharacter] ([1] browsable assets)...
[2015.04.22-15.43.54:694][187]OBJ SavePackage:     Rendered thumbnail for [Blueprint /Game/FirstPersonBP/Blueprints/FirstPersonCharacter.FirstPersonCharacter]
[2015.04.22-15.43.54:694][187]OBJ SavePackage: Finished generating thumbnails for package [/Game/FirstPersonBP/Blueprints/FirstPersonCharacter]
[2015.04.22-15.43.55:176][187]LogSavePackage: Save=444.383728ms
[2015.04.22-15.43.55:176][187]LogSavePackage: Moving '../../../../MyProject/Saved/FirstPersonCharacter_Auto58024747942AEAF64E64C68A0E4E31A21.tmp' to '../../../../MyProject/Saved/Autosaves/Game/FirstPersonBP/Blueprints/FirstPersonCharacter_Auto5.uasset'
[2015.04.22-15.43.55:200][187]LogFileHelpers: Auto-saving content packages took 0.608
[2015.04.22-16.08.08:651][965]BlueprintLog: New page: Pre-PIE auto-recompile
[2015.04.22-16.08.08:655][965]LogPlayLevel: [PIE] Compiling FirstPersonExampleMap before PIE...
[2015.04.22-16.08.08:693][965]LogActorComponent: UnregisterComponent: (/Engine/Transient.CharMoveComp) Not registered. Aborting.
[2015.04.22-16.08.08:714][965]LogPlayLevel: PIE:  Blueprint regeneration took 63 ms (1 blueprints)
[2015.04.22-16.08.08:714][965]PIE: New page: PIE session: FirstPersonExampleMap (Apr 22, 2015, 8:08:08 AM)
[2015.04.22-16.08.08:743][965]LogPlayLevel: PIE: StaticDuplicateObject took: (0.027969s)
[2015.04.22-16.08.08:745][965]LogPlayLevel: PIE: World Init took: (0.002664s)
[2015.04.22-16.08.08:746][965]LogPlayLevel: PIE: Created PIE world by copying editor world from /Game/FirstPersonBP/Maps/FirstPersonExampleMap.FirstPersonExampleMap to /Game/FirstPersonBP/Maps/UEDPIE_0_FirstPersonExampleMap.FirstPersonExampleMap (0.031016s)
[2015.04.22-16.08.08:810][965]LogWorld: Game class is 'FirstPersonGameMode_C'
[2015.04.22-16.08.08:813][965]LogAIModule: Creating AISystem for world FirstPersonExampleMap
[2015.04.22-16.08.08:819][965]LogWorld: Bringing World /Game/FirstPersonBP/Maps/UEDPIE_0_FirstPersonExampleMap.FirstPersonExampleMap up for play (max tick rate 60) at 2015.04.22-12.08.08
[2015.04.22-16.08.08:820][965]LogWorld: Bringing up level for play took: 0.007102
[2015.04.22-16.08.08:821][965]LogGameMode: Warning - PATHS NOT DEFINED or NO PLAYERSTART with positive rating
[2015.04.22-16.08.08:851][965]PIE: Info Play in editor start time for /Game/FirstPersonBP/Maps/UEDPIE_0_FirstPersonExampleMap -0.754
[2015.04.22-16.09.03:112][628]LogCharacterMovement: FirstPersonCharacter_C_0 is stuck and failed to move!
[2015.04.22-16.09.03:294][638]LogCharacterMovement: FirstPersonCharacter_C_0 is stuck and failed to move!
[2015.04.22-16.09.03:510][649]LogCharacterMovement: FirstPersonCharacter_C_0 is stuck and failed to move!
[2015.04.22-16.09.03:690][658]LogCharacterMovement: FirstPersonCharacter_C_0 is stuck and failed to move!
[2015.04.22-16.09.03:887][668]LogCharacterMovement: FirstPersonCharacter_C_0 is stuck and failed to move!
[2015.04.22-16.09.04:073][678]LogCharacterMovement: FirstPersonCharacter_C_0 is stuck and failed to move!
[2015.04.22-16.09.05:121][734]LogCharacterMovement: FirstPersonCharacter_C_0 is stuck and failed to move!
[2015.04.22-16.09.05:325][744]LogCharacterMovement: FirstPersonCharacter_C_0 is stuck and failed to move!
[2015.04.22-16.09.05:575][758]LogCharacterMovement: FirstPersonCharacter_C_0 is stuck and failed to move!
[2015.04.22-16.09.05:756][768]LogCharacterMovement: FirstPersonCharacter_C_0 is stuck and failed to move!
[2015.04.22-16.09.05:978][779]LogCharacterMovement: FirstPersonCharacter_C_0 is stuck and failed to move!
[2015.04.22-16.09.07:202][845]LogCharacterMovement: FirstPersonCharacter_C_0 is stuck and failed to move!
[2015.04.22-16.09.07:357][854]LogCharacterMovement: FirstPersonCharacter_C_0 is stuck and failed to move!
[2015.04.22-16.09.07:540][863]LogCharacterMovement: FirstPersonCharacter_C_0 is stuck and failed to move!
[2015.04.22-16.09.07:712][873]LogCharacterMovement: FirstPersonCharacter_C_0 is stuck and failed to move!
[2015.04.22-16.09.07:902][883]LogCharacterMovement: FirstPersonCharacter_C_0 is stuck and failed to move!
[2015.04.22-16.09.08:076][893]LogCharacterMovement: FirstPersonCharacter_C_0 is stuck and failed to move!
[2015.04.22-16.09.09:436][965]LogCharacterMovement: FirstPersonCharacter_C_0 is stuck and failed to move!
[2015.04.22-16.09.09:613][975]LogCharacterMovement: FirstPersonCharacter_C_0 is stuck and failed to move!
[2015.04.22-16.09.09:818][985]LogCharacterMovement: FirstPersonCharacter_C_0 is stuck and failed to move!
[2015.04.22-16.09.09:991][995]LogCharacterMovement: FirstPersonCharacter_C_0 is stuck and failed to move!
[2015.04.22-16.09.10:183][  5]LogCharacterMovement: FirstPersonCharacter_C_0 is stuck and failed to move!
[2015.04.22-16.09.10:357][ 15]LogCharacterMovement: FirstPersonCharacter_C_0 is stuck and failed to move!
[2015.04.22-16.09.10:560][ 25]LogCharacterMovement: FirstPersonCharacter_C_0 is stuck and failed to move!
[2015.04.22-16.09.10:722][ 34]LogCharacterMovement: FirstPersonCharacter_C_0 is stuck and failed to move!
[2015.04.22-16.09.10:916][ 44]LogCharacterMovement: FirstPersonCharacter_C_0 is stuck and failed to move!
[2015.04.22-16.09.11:088][ 53]LogCharacterMovement: FirstPersonCharacter_C_0 is stuck and failed to move!
[2015.04.22-16.12.33:549][154]LogParticles: Destroying 0 GPU particle simulations for FXSystem 0x0000001461827A60
[2015.04.22-16.12.44:037][227]LogSavePackage: Save=106.508278ms
[2015.04.22-16.12.44:037][227]LogSavePackage: Moving '../../../../MyProject/Saved/FirstPersonExampleMap_Auto6F5976B594A84703492DA3AA5E31678AF.tmp' to '../../../../MyProject/Saved/Autosaves/Game/FirstPersonBP/Maps/FirstPersonExampleMap_Auto6.umap'
[2015.04.22-16.12.44:122][227]LogFileHelpers: Editor autosave (incl. sublevels) for '/Game/FirstPersonBP/Maps/FirstPersonExampleMap' took 0.304
[2015.04.22-16.12.44:122][227]LogFileHelpers: Editor autosave (incl. sublevels) for all levels took 0.304
[2015.04.22-16.48.12:359][686]LogD3D11RHI: Timed out while waiting for GPU to catch up. (500 ms)
[2015.04.22-16.48.12:381][687]LogHttp:Warning: Timeout processing Http request. 000000146B96C2C0 url=http://et2.epicgames.com/ET2/CollectData.1?SessionID=%7BF519A139-4DBE-5788-8686-83AFDC9CC32F%7D&AppID=Rocket.Release&AppVersion=4.7.6-2513093%2B%2B%2Bdepot%2BUE4-Releases%2B4.7&UserID=d2e4772d44f7ac143a9c21863ce60423%7C30f5336fc53a4ac19f22f7794f9aff78%7C0577fdef-64d6-437d-8c9f-23a8d205bce8&IsEditor=1
[2015.04.22-16.48.12:705][688]LogHttp:Warning: InternetStatusCallbackWinInet: on invalid request 000000146B96C2C0. 
[2015.04.22-16.48.12:705][688]LogHttp:Warning: InternetStatusCallbackWinInet: on invalid request 000000146B96C2C0. 
[2015.04.22-16.48.12:705][688]LogHttp:Warning: InternetStatusCallbackWinInet: on invalid request 000000146B96C2C0. 
[2015.04.22-16.48.36:009][750]Cmd: OBJ SAVEPACKAGE PACKAGE="/Game/FirstPersonBP/Blueprints/FirstPersonCharacter" FILE="../../../../MyProject/Content/FirstPersonBP/Blueprints/FirstPersonCharacter.uasset" SILENT=true
[2015.04.22-16.48.36:145][750]LogSavePackage: Save=127.554802ms
[2015.04.22-16.48.36:145][750]LogSavePackage: Moving '../../../../MyProject/Saved/FirstPersonCharacter7F7F0E0948253A72D98F938D3FBEB9E7.tmp' to '../../../../MyProject/Content/FirstPersonBP/Blueprints/FirstPersonCharacter.uasset'
[2015.04.22-16.48.36:404][750]LogSavePackage: Save=98.210953ms
[2015.04.22-16.48.36:404][750]LogSavePackage: Moving '../../../../MyProject/Saved/FirstPersonExampleMap0751AA4843D3E23579C6728F6B82152A.tmp' to '../../../../MyProject/Content/FirstPersonBP/Maps/FirstPersonExampleMap.umap'
[2015.04.22-16.48.36:435][750]LogFileHelpers: Saving map 'FirstPersonExampleMap' took 0.282
[2015.04.22-16.48.36:441][750]Cmd: OBJ SAVEPACKAGE PACKAGE="/Game/PointLight_Blueprint" FILE="../../../../MyProject/Content/PointLight_Blueprint.uasset" SILENT=true
[2015.04.22-16.48.36:469][750]LogSavePackage: Save=21.328342ms
[2015.04.22-16.48.36:469][750]LogSavePackage: Moving '../../../../MyProject/Saved/PointLight_BlueprintF4ACB9404C996FD9BE7E588109F9064B.tmp' to '../../../../MyProject/Content/PointLight_Blueprint.uasset'
[2015.04.22-16.48.37:493][751]Cmd: QUIT_EDITOR
[2015.04.22-16.48.38:006][751]LogExit: Preparing to exit.
[2015.04.22-16.48.38:899][751]LogExit: Editor shut down
[2015.04.22-16.48.38:900][751]LogExit: Transaction tracking system shut down
[2015.04.22-16.48.38:901][751]LogParticles: Destroying 0 GPU particle simulations for FXSystem 0x0000001452DD79C0
[2015.04.22-16.48.38:902][751]LogParticles: Destroying 0 GPU particle simulations for FXSystem 0x00000014465011C0
[2015.04.22-16.48.38:902][751]LogParticles: Destroying 0 GPU particle simulations for FXSystem 0x000000144C458AE0
[2015.04.22-16.48.38:902][751]LogParticles: Destroying 0 GPU particle simulations for FXSystem 0x000000144C458540
[2015.04.22-16.48.38:903][751]LogParticles: Destroying 0 GPU particle simulations for FXSystem 0x00000014564563E0
[2015.04.22-16.48.38:903][751]LogParticles: Destroying 0 GPU particle simulations for FXSystem 0x0000001443C320C0
[2015.04.22-16.48.38:903][751]LogParticles: Destroying 0 GPU particle simulations for FXSystem 0x0000001447D14540
[2015.04.22-16.48.40:755][751]LogParticles: Destroying 0 GPU particle simulations for FXSystem 0x000000144C00D4E0
[2015.04.22-16.48.40:755][751]LogExit: Object subsystem successfully closed.
[2015.04.22-16.48.41:506][751]LogModuleManager: Shutting down and abandoning module CrashTracker (177)
[2015.04.22-16.48.41:516][751]LogModuleManager: Shutting down and abandoning module SuperSearch (176)
[2015.04.22-16.48.41:516][751]LogModuleManager: Shutting down and abandoning module SceneOutliner (175)
[2015.04.22-16.48.41:516][751]LogModuleManager: Shutting down and abandoning module EditorWidgets (174)
[2015.04.22-16.48.41:516][751]LogModuleManager: Shutting down and abandoning module CollectionManager (173)
[2015.04.22-16.48.41:532][751]LogModuleManager: Shutting down and abandoning module StatsViewer (172)
[2015.04.22-16.48.41:550][751]LogModuleManager: Shutting down and abandoning module FoliageEdit (171)
[2015.04.22-16.48.41:550][751]LogModuleManager: Shutting down and abandoning module LandscapeEditor (170)
[2015.04.22-16.48.41:571][751]LogModuleManager: Shutting down and abandoning module MeshPaint (169)
[2015.04.22-16.48.41:600][751]LogModuleManager: Shutting down and abandoning module ActorPickerMode (168)
[2015.04.22-16.48.41:600][751]LogModuleManager: Shutting down and abandoning module GeometryMode (167)
[2015.04.22-16.48.41:600][751]LogModuleManager: Shutting down and abandoning module TextureAlignMode (166)
[2015.04.22-16.48.41:600][751]LogModuleManager: Shutting down and abandoning module BspMode (165)
[2015.04.22-16.48.41:600][751]LogModuleManager: Shutting down and abandoning module PlacementMode (164)
[2015.04.22-16.48.41:600][751]LogModuleManager: Shutting down and abandoning module AutomationWorker (163)
[2015.04.22-16.48.41:600][751]LogModuleManager: Shutting down and abandoning module CharacterAI (162)
[2015.04.22-16.48.41:600][751]LogModuleManager: Shutting down and abandoning module SmartSnapping (161)
[2015.04.22-16.48.41:600][751]LogModuleManager: Shutting down and abandoning module ViewportSnapping (160)
[2015.04.22-16.48.41:600][751]LogModuleManager: Shutting down and abandoning module LogVisualizer (159)
[2015.04.22-16.48.41:649][751]LogModuleManager: Shutting down and abandoning module GameProjectGeneration (158)
[2015.04.22-16.48.41:665][751]LogModuleManager: Shutting down and abandoning module IntroTutorials (157)
[2015.04.22-16.48.41:768][751]LogModuleManager: Shutting down and abandoning module EditorLiveStreaming (156)
[2015.04.22-16.48.41:782][751]LogModuleManager: Shutting down and abandoning module HardwareTargeting (155)
[2015.04.22-16.48.41:782][751]LogModuleManager: Shutting down and abandoning module DeviceProfileEditor (154)
[2015.04.22-16.48.41:806][751]LogModuleManager: Shutting down and abandoning module UndoHistory (153)
[2015.04.22-16.48.41:824][751]LogModuleManager: Shutting down and abandoning module GameplayTagsEditor (152)
[2015.04.22-16.48.41:824][751]LogModuleManager: Shutting down and abandoning module UserFeedback (151)
[2015.04.22-16.48.41:824][751]LogModuleManager: Shutting down and abandoning module XmlParser (150)
[2015.04.22-16.48.41:832][751]LogModuleManager: Shutting down and abandoning module Blutility (149)
[2015.04.22-16.48.41:832][751]LogModuleManager: Shutting down and abandoning module IOSPlatformEditor (148)
[2015.04.22-16.48.41:832][751]LogModuleManager: Shutting down and abandoning module IOSRuntimeSettings (147)
[2015.04.22-16.48.41:832][751]LogModuleManager: Shutting down and abandoning module AndroidDeviceDetection (146)
[2015.04.22-16.48.42:178][751]LogModuleManager: Shutting down and abandoning module AndroidPlatformEditor (145)
[2015.04.22-16.48.42:178][751]LogModuleManager: Shutting down and abandoning module AndroidRuntimeSettings (144)
[2015.04.22-16.48.42:178][751]LogModuleManager: Shutting down and abandoning module ProjectTargetPlatformEditor (143)
[2015.04.22-16.48.42:205][751]LogModuleManager: Shutting down and abandoning module ProjectSettingsViewer (142)
[2015.04.22-16.48.42:205][751]LogModuleManager: Shutting down and abandoning module InputBindingEditor (141)
[2015.04.22-16.48.42:245][751]LogModuleManager: Shutting down and abandoning module EditorSettingsViewer (140)
[2015.04.22-16.48.42:245][751]LogModuleManager: Shutting down and abandoning module SettingsEditor (139)
[2015.04.22-16.48.42:260][751]LogModuleManager: Shutting down and abandoning module ProjectLauncher (138)
[2015.04.22-16.48.42:289][751]LogModuleManager: Shutting down and abandoning module SessionFrontend (137)
[2015.04.22-16.48.42:301][751]LogModuleManager: Shutting down and abandoning module ProfilerClient (136)
[2015.04.22-16.48.42:312][751]LogModuleManager: Shutting down and abandoning module TargetDeviceServices (135)
[2015.04.22-16.48.42:312][751]LogModuleManager: Shutting down and abandoning module DeviceManager (134)
[2015.04.22-16.48.42:320][751]LogModuleManager: Shutting down and abandoning module AutomationController (133)
[2015.04.22-16.48.42:326][751]LogModuleManager: Shutting down and abandoning module AutomationWindow (132)
[2015.04.22-16.48.42:339][751]LogModuleManager: Shutting down and abandoning module Layers (131)
[2015.04.22-16.48.42:368][751]LogModuleManager: Shutting down and abandoning module ComponentVisualizers (130)
[2015.04.22-16.48.42:368][751]LogModuleManager: Shutting down and abandoning module DetailCustomizations (129)
[2015.04.22-16.48.42:368][751]LogModuleManager: Shutting down and abandoning module PackagesDialog (128)
[2015.04.22-16.48.42:368][751]LogModuleManager: Shutting down and abandoning module AssetRegistry (127)
[2015.04.22-16.48.42:495][751]LogModuleManager: Shutting down and abandoning module Persona (126)
[2015.04.22-16.48.42:537][751]LogModuleManager: Shutting down and abandoning module SlateReflector (125)
[2015.04.22-16.48.42:601][751]LogModuleManager: Shutting down and abandoning module LevelEditor (124)
[2015.04.22-16.48.42:620][751]LogModuleManager: Shutting down and abandoning module Kismet (123)
[2015.04.22-16.48.42:620][751]LogModuleManager: Shutting down and abandoning module GraphEditor (122)
[2015.04.22-16.48.42:621][751]LogModuleManager: Shutting down and abandoning module ClassViewer (121)
[2015.04.22-16.48.42:621][751]LogModuleManager: Shutting down and abandoning module Toolbox (120)
[2015.04.22-16.48.42:621][751]LogModuleManager: Shutting down and abandoning module ModuleUI (119)
[2015.04.22-16.48.42:642][751]LogModuleManager: Shutting down and abandoning module MovieSceneTools (118)
[2015.04.22-16.48.42:675][751]LogModuleManager: Shutting down and abandoning module OutputLog (117)
[2015.04.22-16.48.42:676][751]LogModuleManager: Shutting down and abandoning module GammaUI (116)
[2015.04.22-16.48.42:695][751]LogModuleManager: Shutting down and abandoning module Documentation (115)
[2015.04.22-16.48.42:695][751]LogModuleManager: Shutting down and abandoning module GameLiveStreaming (114)
[2015.04.22-16.48.42:703][751]LogModuleManager: Shutting down and abandoning module StreamingPauseRendering (113)
[2015.04.22-16.48.42:724][751]LogModuleManager: Shutting down and abandoning module HTTP (112)
[2015.04.22-16.48.42:724][751]LogModuleManager: Shutting down and abandoning module AnalyticsET (111)
[2015.04.22-16.48.42:724][751]LogModuleManager: Shutting down and abandoning module Analytics (110)
[2015.04.22-16.48.42:724][751]LogModuleManager: Shutting down and abandoning module AITestSuite (109)
[2015.04.22-16.48.42:751][751]LogModuleManager: Shutting down and abandoning module GameplayDebugger (108)
[2015.04.22-16.48.42:751][751]LogModuleManager: Shutting down and abandoning module AIModule (107)
[2015.04.22-16.48.42:773][751]LogModuleManager: Shutting down and abandoning module ProfilerService (106)
[2015.04.22-16.48.42:888][751]LogModuleManager: Shutting down and abandoning module TaskGraph (105)
[2015.04.22-16.48.42:956][751]LogModuleManager: Shutting down and abandoning module SlateRemote (104)
[2015.04.22-16.48.42:956][751]LogModuleManager: Shutting down and abandoning module ScriptEditorPlugin (103)
[2015.04.22-16.48.42:956][751]LogModuleManager: Shutting down and abandoning module CustomMeshComponent (102)
[2015.04.22-16.48.42:956][751]LogModuleManager: Shutting down and abandoning module CableComponent (101)
[2015.04.22-16.48.42:968][751]LogModuleManager: Shutting down and abandoning module MessagingDebugger (100)
[2015.04.22-16.48.43:025][751]LogModuleManager: Shutting down and abandoning module MediaPlayerEditor (99)
[2015.04.22-16.48.43:068][751]LogModuleManager: Shutting down and abandoning module SpeedTreeImporter (98)
[2015.04.22-16.48.43:068][751]LogModuleManager: Shutting down and abandoning module PluginsEditor (97)
[2015.04.22-16.48.43:084][751]LogModuleManager: Shutting down and abandoning module MainFrame (96)
[2015.04.22-16.48.43:084][751]LogModuleManager: Shutting down and abandoning module EpicSurvey (95)
[2015.04.22-16.48.43:090][751]LogModuleManager: Shutting down and abandoning module DesktopPlatform (94)
[2015.04.22-16.48.43:105][751]LogModuleManager: Shutting down and abandoning module DirectoryWatcher (93)
[2015.04.22-16.48.43:106][751]LogModuleManager: Shutting down and abandoning module HotReload (92)
[2015.04.22-16.48.43:106][751]LogModuleManager: Shutting down and abandoning module VisualStudioSourceCodeAccess (91)
[2015.04.22-16.48.43:120][751]LogModuleManager: Shutting down and abandoning module UObjectPlugin (90)
[2015.04.22-16.48.43:120][751]LogModuleManager: Shutting down and abandoning module SubversionSourceControl (89)
[2015.04.22-16.48.43:133][751]LogModuleManager: Shutting down and abandoning module PerforceSourceControl (88)
[2015.04.22-16.48.43:158][751]LogModuleManager: Shutting down and abandoning module SourceControl (87)
[2015.04.22-16.48.43:168][751]LogModuleManager: Shutting down and abandoning module GitSourceControl (86)
[2015.04.22-16.48.43:178][751]LogModuleManager: Shutting down and abandoning module BlankPlugin (85)
[2015.04.22-16.48.43:178][751]LogModuleManager: Shutting down and abandoning module PaperTiledImporter (84)
[2015.04.22-16.48.43:178][751]LogModuleManager: Shutting down and abandoning module PaperJsonImporter (83)
[2015.04.22-16.48.43:178][751]LogModuleManager: Shutting down and abandoning module ContentBrowser (82)
[2015.04.22-16.48.43:179][751]LogModuleManager: Shutting down and abandoning module Paper2DEditor (81)
[2015.04.22-16.48.43:210][751]LogModuleManager: Shutting down and abandoning module ScriptPlugin (80)
[2015.04.22-16.48.43:221][751]LogModuleManager: Shutting down and abandoning module UdpMessaging (79)
[2015.04.22-16.48.43:322][751]LogModuleManager: Shutting down and abandoning module Paper2D (78)
[2015.04.22-16.48.43:363][751]LogModuleManager: Shutting down and abandoning module WindowsMoviePlayer (77)
[2015.04.22-16.48.43:383][751]LogModuleManager: Shutting down and abandoning module Media (76)
[2015.04.22-16.48.43:383][751]LogModuleManager: Shutting down and abandoning module WmfMedia (75)
[2015.04.22-16.48.43:383][751]LogModuleManager: Shutting down and abandoning module OnlineBlueprintSupport (74)
[2015.04.22-16.48.43:383][751]LogModuleManager: Shutting down and abandoning module PropertyEditor (73)
[2015.04.22-16.48.43:384][751]LogModuleManager: Shutting down and abandoning module BehaviorTreeEditor (72)
[2015.04.22-16.48.43:409][751]LogModuleManager: Shutting down and abandoning module FunctionalTesting (71)
[2015.04.22-16.48.43:419][751]LogModuleManager: Shutting down and abandoning module CollisionAnalyzer (70)
[2015.04.22-16.48.43:438][751]LogModuleManager: Shutting down and abandoning module WorkspaceMenuStructure (69)
[2015.04.22-16.48.43:438][751]LogModuleManager: Shutting down and abandoning module MessageLog (68)
[2015.04.22-16.48.43:438][751]LogModuleManager: Shutting down and abandoning module Sequencer (67)
[2015.04.22-16.48.43:464][751]LogModuleManager: Shutting down and abandoning module AssetTools (66)
[2015.04.22-16.48.43:522][751]LogModuleManager: Shutting down and abandoning module UMGEditor (65)
[2015.04.22-16.48.43:552][751]LogModuleManager: Shutting down and abandoning module UMG (64)
[2015.04.22-16.48.43:562][751]LogModuleManager: Shutting down and abandoning module Slate (63)
[2015.04.22-16.48.43:562][751]LogModuleManager: Shutting down and abandoning module EditorStyle (62)
[2015.04.22-16.48.43:565][751]LogModuleManager: Shutting down and abandoning module SessionServices (61)
[2015.04.22-16.48.43:565][751]LogModuleManager: Shutting down and abandoning module SourceCodeAccess (60)
[2015.04.22-16.48.43:565][751]LogModuleManager: Shutting down and abandoning module HeadMountedDisplay (59)
[2015.04.22-16.48.43:565][751]LogModuleManager: Shutting down and abandoning module XAudio2 (58)
[2015.04.22-16.48.43:565][751]LogModuleManager: Shutting down and abandoning module Networking (56)
[2015.04.22-16.48.43:565][751]LogModuleManager: Shutting down and abandoning module Core (55)
[2015.04.22-16.48.43:565][751]LogModuleManager: Shutting down and abandoning module KismetCompiler (54)
[2015.04.22-16.48.43:565][751]LogModuleManager: Shutting down and abandoning module PhysXFormats (53)
[2015.04.22-16.48.43:565][751]LogModuleManager: Shutting down and abandoning module MeshUtilities (52)
[2015.04.22-16.48.43:607][751]LogModuleManager: Shutting down and abandoning module DerivedDataCache (51)
[2015.04.22-16.48.43:708][751]LogDerivedDataCache: Shutdown
[2015.04.22-16.48.43:708][751]LogModuleManager: Shutting down and abandoning module ShaderFormatOpenGL (50)
[2015.04.22-16.48.43:717][751]LogModuleManager: Shutting down and abandoning module ShaderFormatD3D (49)
[2015.04.22-16.48.43:723][751]LogModuleManager: Shutting down and abandoning module MetalShaderFormat (48)
[2015.04.22-16.48.43:748][751]LogModuleManager: Shutting down and abandoning module TextureFormatUncompressed (47)
[2015.04.22-16.48.43:748][751]LogModuleManager: Shutting down and abandoning module TextureFormatPVR (46)
[2015.04.22-16.48.43:767][751]LogModuleManager: Shutting down and abandoning module TextureFormatIntelISPCTexComp (45)
[2015.04.22-16.48.43:773][751]LogModuleManager: Shutting down and abandoning module TextureFormatDXT (44)
[2015.04.22-16.48.43:775][751]LogModuleManager: Shutting down and abandoning module ImageWrapper (43)
[2015.04.22-16.48.43:775][751]LogModuleManager: Shutting down and abandoning module TextureFormatASTC (42)
[2015.04.22-16.48.43:808][751]LogModuleManager: Shutting down and abandoning module TextureFormatAndroid (41)
[2015.04.22-16.48.43:808][751]LogModuleManager: Shutting down and abandoning module AudioFormatOpus (40)
[2015.04.22-16.48.43:826][751]LogModuleManager: Shutting down and abandoning module AudioFormatOgg (39)
[2015.04.22-16.48.43:826][751]LogModuleManager: Shutting down and abandoning module AudioFormatADPCM (38)
[2015.04.22-16.48.43:826][751]LogModuleManager: Shutting down and abandoning module LinuxTargetPlatform (37)
[2015.04.22-16.48.43:826][751]LogModuleManager: Shutting down and abandoning module LinuxServerTargetPlatform (36)
[2015.04.22-16.48.43:836][751]LogModuleManager: Shutting down and abandoning module LinuxNoEditorTargetPlatform (35)
[2015.04.22-16.48.43:851][751]LogModuleManager: Shutting down and abandoning module Messaging (34)
[2015.04.22-16.48.43:851][751]LogModuleManager: Shutting down and abandoning module IOSTargetPlatform (33)
[2015.04.22-16.48.43:851][751]LogModuleManager: Shutting down and abandoning module HTML5TargetPlatform (32)
[2015.04.22-16.48.43:851][751]LogModuleManager: Shutting down and abandoning module Android_PVRTCTargetPlatform (31)
[2015.04.22-16.48.43:851][751]LogModuleManager: Shutting down and abandoning module Android_ETC2TargetPlatform (30)
[2015.04.22-16.48.43:851][751]LogModuleManager: Shutting down and abandoning module Android_ETC1TargetPlatform (29)
[2015.04.22-16.48.43:851][751]LogModuleManager: Shutting down and abandoning module Android_ES31TargetPlatform (28)
[2015.04.22-16.48.43:851][751]LogModuleManager: Shutting down and abandoning module Android_DXTTargetPlatform (27)
[2015.04.22-16.48.43:851][751]LogModuleManager: Shutting down and abandoning module Android_ATCTargetPlatform (26)
[2015.04.22-16.48.43:851][751]LogModuleManager: Shutting down and abandoning module AndroidTargetPlatform (25)
[2015.04.22-16.48.43:851][751]LogModuleManager: Shutting down and abandoning module WindowsTargetPlatform (24)
[2015.04.22-16.48.43:851][751]LogModuleManager: Shutting down and abandoning module WindowsServerTargetPlatform (23)
[2015.04.22-16.48.43:851][751]LogModuleManager: Shutting down and abandoning module WindowsNoEditorTargetPlatform (22)
[2015.04.22-16.48.43:851][751]LogModuleManager: Shutting down and abandoning module WindowsClientTargetPlatform (21)
[2015.04.22-16.48.43:851][751]LogModuleManager: Shutting down and abandoning module TargetPlatform (20)
[2015.04.22-16.48.43:851][751]LogModuleManager: Shutting down and abandoning module InputCore (19)
[2015.04.22-16.48.43:851][751]LogModuleManager: Shutting down and abandoning module Settings (18)
[2015.04.22-16.48.43:851][751]LogModuleManager: Shutting down and abandoning module OnlineSubsystem (16)
[2015.04.22-16.48.43:851][751]LogModuleManager: Shutting down and abandoning module OculusRift (15)
[2015.04.22-16.48.43:851][751]LogModuleManager: Shutting down and abandoning module ExampleDeviceProfileSelector (14)
[2015.04.22-16.48.43:851][751]LogModuleManager: Shutting down and abandoning module TextureCompressor (13)
[2015.04.22-16.48.43:866][751]LogModuleManager: Shutting down and abandoning module ShaderCore (12)
[2015.04.22-16.48.43:866][751]LogModuleManager: Shutting down and abandoning module Landscape (11)
[2015.04.22-16.48.43:866][751]LogModuleManager: Shutting down and abandoning module SlateRHIRenderer (10)
[2015.04.22-16.48.43:916][751]LogModuleManager: Shutting down and abandoning module OpenGLDrv (9)
[2015.04.22-16.48.43:916][751]LogModuleManager: Shutting down and abandoning module D3D11RHI (8)
[2015.04.22-16.48.43:916][751]LogModuleManager: Shutting down and abandoning module Renderer (7)
[2015.04.22-16.48.43:916][751]LogModuleManager: Shutting down and abandoning module Engine (6)
[2015.04.22-16.48.43:916][751]LogModuleManager: Shutting down and abandoning module CoreUObject (5)
[2015.04.22-16.48.43:916][751]LogModuleManager: Shutting down and abandoning module NetworkFile (4)
[2015.04.22-16.48.43:933][751]LogModuleManager: Shutting down and abandoning module StreamingFile (3)
[2015.04.22-16.48.43:949][751]LogModuleManager: Shutting down and abandoning module SandboxFile (2)
[2015.04.22-16.48.43:970][751]LogModuleManager: Shutting down and abandoning module PakFile (1)
[2015.04.22-16.48.43:998][751]LogExit: Exiting.
[2015.04.22-16.48.44:002][751]Log file closed, 04/22/15 12:48:44
