Log file open, 06/17/15 09:44:59
LogInit:Display: Running engine for game: MyProject
LogInit: Version: 4.7.6-2513093+++depot+UE4-Releases+4.7
LogInit: API Version: 2455222
LogInit: Compiled (64-bit): Apr 15 2015 12:09:54
LogInit: Compiled with Visual C++: 18.00.21005.01
LogInit: Build Configuration: Development
LogInit: Branch Name: ++depot+UE4-Releases+4.7
LogInit: Command line:  
LogInit: Base directory: D:/Epic Games/4.7/Engine/Binaries/Win64/
LogInit: Rocket: 1
[2015.06.17-13.44.59:307][  0]LogTaskGraph: Started task graph with 3 named threads and 6 total threads.
[2015.06.17-13.44.59:359][  0]LogOnline:Warning: No default platform service specified for OnlineSubsystem
[2015.06.17-13.44.59:367][  0]LogInit: Presizing for 0 objects not considered by GC, pre-allocating 0 bytes.
[2015.06.17-13.44.59:376][  0]LogInit: Object subsystem initialized
[2015.06.17-13.44.59:378][  0]LogConsoleResponse:Warning: Skipping Unknown console variable: 'TranslucentSortAxis = (X=0.000000,Y=-1.000000,Z=0.000000)'
[2015.06.17-13.44.59:378][  0]LogConsoleResponse:Warning:   Found in ini file 'D:/Video/UDK_Project/Saved/Config/Windows/Engine.ini', in section '[/Script/Engine.RendererSettings]'
[2015.06.17-13.44.59:378][  0]LogConsoleResponse:Warning: Skipping Unknown console variable: 'UIScaleRule = ShortestSide'
[2015.06.17-13.44.59:378][  0]LogConsoleResponse:Warning:   Found in ini file 'D:/Video/UDK_Project/Saved/Config/Windows/Engine.ini', in section '[/Script/Engine.RendererSettings]'
[2015.06.17-13.44.59:378][  0]LogConsoleResponse:Warning: Skipping Unknown console variable: 'UIScaleCurve = (EditorCurveData=(Keys=),ExternalCurve=None)'
[2015.06.17-13.44.59:378][  0]LogConsoleResponse:Warning:   Found in ini file 'D:/Video/UDK_Project/Saved/Config/Windows/Engine.ini', in section '[/Script/Engine.RendererSettings]'
[2015.06.17-13.44.59:378][  0]LogInit: Selected Device Profile: [Windows]
[2015.06.17-13.44.59:378][  0]LogInit: Applying CVar settings loaded from the selected device profile: [Windows]
[2015.06.17-13.44.59:383][  0]LogInit: Computer: SENKETSU
[2015.06.17-13.44.59:383][  0]LogInit: User: crys
[2015.06.17-13.44.59:383][  0]LogInit: CPU Page size=4096, Cores=4
[2015.06.17-13.44.59:383][  0]LogInit: High frequency timer resolution =2.338344 MHz
[2015.06.17-13.44.59:383][  0]LogMemory: Memory total: Physical=23.9GB (24GB approx) Virtual=131072.0GB
[2015.06.17-13.44.59:383][  0]LogMemory: Platform Memory Stats for Windows
[2015.06.17-13.44.59:383][  0]LogMemory: Process Physical Memory: 45.95 MB used, 45.95 MB peak
[2015.06.17-13.44.59:383][  0]LogMemory: Process Virtual Memory: 26.36 MB used, 26.36 MB peak
[2015.06.17-13.44.59:383][  0]LogMemory: Physical Memory: 5108.50 MB used, 24463.36 MB total
[2015.06.17-13.44.59:383][  0]LogMemory: Virtual Memory: 292.75 MB used, 134217728.00 MB total
[2015.06.17-13.44.59:962][  0]LogD3D11RHI: Found D3D11 adapter 0: Intel(R) HD Graphics 4600 (Feature Level 11_0)
[2015.06.17-13.44.59:962][  0]LogD3D11RHI: Adapter has 0MB of dedicated video memory, 0MB of dedicated system memory, and 1792MB of shared system memory, 1 output[s]
[2015.06.17-13.44.59:977][  0]LogD3D11RHI: Found D3D11 adapter 1: NVIDIA GeForce GTX 770M (Feature Level 11_0)
[2015.06.17-13.44.59:977][  0]LogD3D11RHI: Adapter has 2963MB of dedicated video memory, 0MB of dedicated system memory, and 12231MB of shared system memory, 0 output[s]
[2015.06.17-13.44.59:977][  0]LogD3D11RHI: Found D3D11 adapter 2: Microsoft Basic Render Driver (Feature Level 11_0)
[2015.06.17-13.44.59:977][  0]LogD3D11RHI: Adapter has 0MB of dedicated video memory, 0MB of dedicated system memory, and 256MB of shared system memory, 0 output[s]
[2015.06.17-13.44.59:977][  0]LogD3D11RHI: Chosen D3D11 Adapter Id = 0
[2015.06.17-13.44.59:983][  0]LogRHI: Texture pool is 1361 MB (70% of 1945 MB)
[2015.06.17-13.44.59:996][  0]LogD3D11RHI: Async texture creation enabled
[2015.06.17-13.45.00:053][  0]LogTextLocalizationManager: The requested culture ('en_US') has no localization data; parent culture's ('en') localization data will be used.
[2015.06.17-13.45.00:105][  0]LogTextLocalizationManager:Warning: Loading localization resources contain conflicting entries for (Namespace:UICommands, Key:Save_ToolTip):
Resource: (D:/Epic Games/4.7/Engine/Content/Localization/Editor/en/Editor.locres) Hash: (-29098895) String: (Saves the current level to disk)
Resource: (D:/Epic Games/4.7/Engine/Content/Localization/Engine/en/Engine.locres) Hash: (-1280300587) String: (Save selected data to vlog file)
[2015.06.17-13.45.00:105][  0]LogTextLocalizationManager:Warning: Loading localization resources contain conflicting entries for (Namespace:ContentBrowser, Key:ImportAssetToolTip):
Resource: (D:/Epic Games/4.7/Engine/Content/Localization/Editor/en/Editor.locres) Hash: (-630476809) String: (Import to {0}...)
Resource: (D:/Epic Games/4.7/Engine/Content/Localization/Editor/en/Editor.locres) Hash: (1271782899) String: (Imports an asset from file to this folder.)
[2015.06.17-13.45.00:176][  0]LogContentStreaming: Texture pool size is 0.000000MB
[2015.06.17-13.45.02:178][  0]LogTargetPlatformManager:Display: Building Assets For Windows
[2015.06.17-13.45.02:730][  0]LogTargetPlatformManager:Display: Building Assets For Windows
[2015.06.17-13.45.02:780][  0]LogDerivedDataCache:Display: Max Cache Size: 512 MB
[2015.06.17-13.45.02:823][  0]LogDerivedDataCache: Loaded boot cache 0.04s 39MB C:/Users/crys/AppData/Local/UnrealEngine/4.7/DerivedDataCache/Boot.ddc.
[2015.06.17-13.45.02:823][  0]LogDerivedDataCache:Display: Loaded Boot cache: C:/Users/crys/AppData/Local/UnrealEngine/4.7/DerivedDataCache/Boot.ddc
[2015.06.17-13.45.02:823][  0]LogDerivedDataCache: FDerivedDataBackendGraph:  Pak pak cache file ../../../../../Video/UDK_Project/DerivedDataCache/DDC.ddp not found, will not use a pak cache.
[2015.06.17-13.45.02:824][  0]LogDerivedDataCache: Unable to find inner node Pak for hierarchical cache Hierarchy.
[2015.06.17-13.45.02:935][  0]LogDerivedDataCache:Display: Pak cache opened for reading ../../../Engine/DerivedDataCache/Compressed.ddp.
[2015.06.17-13.45.02:948][  0]LogDerivedDataCache: Using Local data cache path C:/Users/crys/AppData/Local/UnrealEngine/Common/DerivedDataCache: Writable
[2015.06.17-13.45.03:210][  0]LogMeshUtilities: No automatic mesh reduction module available
[2015.06.17-13.45.03:210][  0]LogMeshUtilities: No automatic mesh merging module available
[2015.06.17-13.45.03:582][  0]LogInit: WinSock: version 1.1 (2.2), MaxSocks=32767, MaxUdp=65467
[2015.06.17-13.45.03:639][  0]LogSlate:Warning: Failed to load font data from '../../../Engine/Content/Slate/Fonts/Roboto-Italic.ttf'
[2015.06.17-13.45.04:358][  0]UdpMessaging: Initializing bridge on interface 0.0.0.0:0 to multicast group 230.0.0.1:6666.
[2015.06.17-13.45.04:517][  0]SourceControl: Info Source control is disabled
[2015.06.17-13.45.04:517][  0]SourceControl: Info Source control is disabled
[2015.06.17-13.45.04:517][  0]SourceControl: Info Source control is disabled
[2015.06.17-13.45.04:518][  0]LogSourceControl: RunCommandInternalRaw: 'git version'
[2015.06.17-13.45.04:518][  0]LogSourceControl: RunCommandInternalRaw: ExecProcess ReturnCode=2 OutResults=''
[2015.06.17-13.45.04:525][  0]SourceControl: Info Source control is disabled
[2015.06.17-13.45.04:662][  0]LogObj: 24232 objects as part of root set at end of initial load.
[2015.06.17-13.45.04:662][  0]LogUObjectAllocator: 5137176 out of 0 bytes used by permanent object pool.
[2015.06.17-13.45.04:737][  0]LogEngine: Initializing Engine...
[2015.06.17-13.45.06:882][  0]LogInit: XAudio2 using 'Haut-parleurs (Razer Surround Audio Controller)' : 8 channels at 48 kHz using 16 bits per sample (channel mask 0x63f)
[2015.06.17-13.45.06:887][  0]LogInit: FAudioDevice initialized.
[2015.06.17-13.45.06:914][  0]LogAIModule: Creating AISystem for world NewWorld
[2015.06.17-13.45.06:938][  0]LogDerivedDataCache: Saved boot cache 0.02s 39MB C:/Users/crys/AppData/Local/UnrealEngine/4.7/DerivedDataCache/Boot.ddc.
[2015.06.17-13.45.06:943][  0]LogInit: Texture streaming: Enabled
[2015.06.17-13.45.07:019][  0]LogAnalytics: Creating configured Analytics provider AnalyticsET
[2015.06.17-13.45.07:019][  0]LogAnalytics: ET APIKey = Rocket.Release. APIServer = http://et2.epicgames.com/ET2/. AppVersion = 4.7.6-2513093+++depot+UE4-Releases+4.7
[2015.06.17-13.45.07:019][  0]LogAnalytics: ET APIKey = Rocket.Release. DataRouterUploadURL = https://datarouter-public-service-gamedev.ol.epicgames.net/datarouter/api/v1/public/data. AppVersion = 4.7.6-2513093+++depot+UE4-Releases+4.7
[2015.06.17-13.45.07:019][  0]LogAnalytics: SetUserId d2e4772d44f7ac143a9c21863ce60423|30f5336fc53a4ac19f22f7794f9aff78|0577fdef-64d6-437d-8c9f-23a8d205bce8
[2015.06.17-13.45.07:019][  0]LogAnalytics: AnalyticsET::StartSession [Rocket.Release]
[2015.06.17-13.45.07:043][  0]LogInit: Transaction tracking system initialized
[2015.06.17-13.45.07:196][  0]BlueprintLog: New page: Editor Load
[2015.06.17-13.45.07:223][  0]LogAssetRegistry: FAssetRegistry took 0.0111 seconds to start up
[2015.06.17-13.45.07:223][  0]LogDirectoryWatcher:Warning: Failed to begin reading directory changes for ../../../Engine/Plugins/Experimental/CharacterAI/Content/. Error: 0
[2015.06.17-13.45.07:760][  0]LogTargetPlatformManager:Display: Building Assets For Windows
[2015.06.17-13.45.08:150][  0]LogTargetPlatformManager:Display: Building Assets For Windows
[2015.06.17-13.45.08:340][  0]LogSlate:Warning: Failed to load font data from '../../../Engine/Content/Editor/Slate/Fonts/Roboto-Regular.ttf'
[2015.06.17-13.45.08:340][  0]LogSlate:Warning: Failed to load font data from '../../../Engine/Content/Editor/Slate/Fonts/Roboto-Bold.ttf'
[2015.06.17-13.45.08:345][  0]LogConsoleResponse:Display: 
[2015.06.17-13.45.08:459][  0]LogCook:Display: Done creating registry. It took  0.00s.
[2015.06.17-13.45.08:555][  0]SourceControl: Info Source control is disabled
[2015.06.17-13.45.08:556][  0]Cmd: MAP LOAD FILE="../../../../../Video/UDK_Project/Content/FirstPersonBP/Maps/FirstPersonExampleMap.umap" TEMPLATE=0 SHOWPROGRESS=1 FEATURELEVEL=3
[2015.06.17-13.45.08:556][  0]LightingResults: New page: Lighting Build
[2015.06.17-13.45.08:565][  0]MapCheck: New page: Map Check
[2015.06.17-13.45.08:565][  0]LightingResults: New page: Lighting Build
[2015.06.17-13.45.08:573][  0]LogParticles: Destroying 0 GPU particle simulations for FXSystem 0x000000DF1F67C680
[2015.06.17-13.45.08:583][  0]LogLinker:Warning: Asset '../../../Engine/Content/EngineMeshes/Humanoid.uasset' has been saved with empty engine version. The asset will be loaded but may be incompatible.
[2015.06.17-13.45.10:331][  0]LogEditorServer: Finished looking for orphan Actors (0.000 secs)
[2015.06.17-13.45.10:338][  0]LogAIModule: Creating AISystem for world FirstPersonExampleMap
[2015.06.17-13.45.10:338][  0]Cmd: MAP CHECKDEP
[2015.06.17-13.45.10:338][  0]MapCheck: New page: FirstPersonExampleMap - Jun 17, 2015, 5:45:10 AM
[2015.06.17-13.45.10:409][  0]MapCheck: Info Map check complete: 0 Error(s), 0 Warning(s), took 70.15ms to complete.
[2015.06.17-13.45.10:409][  0]LogFileHelpers: Loading map 'FirstPersonExampleMap' took 1.854
[2015.06.17-13.45.10:535][  0]LogCollectionManager: Loaded 0 collections in 0.000953 seconds
[2015.06.17-13.45.10:543][  0]LogContentBrowser: Native class hierarchy populated in 0.0077 seconds. Added 1696 classes and 261 folders.
[2015.06.17-13.45.10:567][  0]LogContentBrowser: Native class hierarchy updated for 'SceneOutliner' in 0.0012 seconds. Added 1 classes and 2 folders.
[2015.06.17-13.45.10:601][  0]LogCrashTracker: Crashtracker disabled due to settings.
[2015.06.17-13.45.10:602][  0]LogSlate:Warning: Failed to load font data from 'Veranda'
[2015.06.17-13.45.10:606][  0]LogUObjectGlobals:Warning: Failed to find object 'Class None.'
[2015.06.17-13.45.10:634][  0]LogLoad: Full Startup: 12.93 seconds (BP compile: 0.72 seconds)
[2015.06.17-13.45.10:673][  0]LogContentBrowser:Verbose: The content browser source was changed by the sources view to '/Game/FirstPersonBP/Blueprints'
[2015.06.17-13.45.10:788][  0]LogRenderer:Warning: Reallocating scene render targets to support 32x32 (Frame:2).
[2015.06.17-13.45.10:867][  0]LogRenderer:Warning: Reallocating scene render targets to support 1208x560 (Frame:6).
[2015.06.17-13.45.12:603][ 64]BlueprintLog: New page: Pre-PIE auto-recompile
[2015.06.17-13.45.12:603][ 64]LogPlayLevel: [PIE] Compiling FirstPersonExampleMap before PIE...
[2015.06.17-13.45.12:636][ 64]LogActorComponent: UnregisterComponent: (/Engine/Transient.ProjectileMovementComponent_40__A6522401) Not registered. Aborting.
[2015.06.17-13.45.12:636][ 64]LogActorComponent: UnregisterComponent: (/Engine/Transient.CharMoveComp) Not registered. Aborting.
[2015.06.17-13.45.12:663][ 64]LogPlayLevel: PIE:  Blueprint regeneration took 60 ms (1 blueprints)
[2015.06.17-13.45.12:663][ 64]PIE: New page: PIE session: FirstPersonExampleMap (Jun 17, 2015, 5:45:12 AM)
[2015.06.17-13.45.12:685][ 64]LogPlayLevel: PIE: StaticDuplicateObject took: (0.021644s)
[2015.06.17-13.45.12:686][ 64]LogPlayLevel: PIE: World Init took: (0.000791s)
[2015.06.17-13.45.12:686][ 64]LogPlayLevel: PIE: Created PIE world by copying editor world from /Game/FirstPersonBP/Maps/FirstPersonExampleMap.FirstPersonExampleMap to /Game/FirstPersonBP/Maps/UEDPIE_0_FirstPersonExampleMap.FirstPersonExampleMap (0.022663s)
[2015.06.17-13.45.12:818][ 64]LogWorld: Game class is 'FirstPersonGameMode_C'
[2015.06.17-13.45.12:820][ 64]LogAIModule: Creating AISystem for world FirstPersonExampleMap
[2015.06.17-13.45.12:828][ 64]LogWorld: Bringing World /Game/FirstPersonBP/Maps/UEDPIE_0_FirstPersonExampleMap.FirstPersonExampleMap up for play (max tick rate 60) at 2015.06.17-09.45.12
[2015.06.17-13.45.12:829][ 64]LogWorld: Bringing up level for play took: 0.008659
[2015.06.17-13.45.12:831][ 64]PIE: Info Play in editor start time for /Game/FirstPersonBP/Maps/UEDPIE_0_FirstPersonExampleMap 0.079
[2015.06.17-13.45.16:144][225]LogCharacterMovement: FirstPersonCharacter_C_1 is stuck and failed to move!
[2015.06.17-13.45.21:496][489]LogCharacterMovement: FirstPersonCharacter_C_1 is stuck and failed to move!
[2015.06.17-13.45.24:348][632]LogAssetRegistry: Asset discovery search completed in 17.1371 seconds
[2015.06.17-13.45.58:527][682]LogCharacterMovement: FirstPersonCharacter_C_1 is stuck and failed to move!
[2015.06.17-13.46.21:682][ 68]LogParticles: Destroying 0 GPU particle simulations for FXSystem 0x000000DF27B947C0
[2015.06.17-13.46.26:863][231]LogContentBrowser:Verbose: The content browser source was changed by the sources view to '/Game/FirstPersonBP/Maps'
[2015.06.17-13.46.28:766][311]LogStaticMesh: Building static mesh KamikazeMesh...
[2015.06.17-13.46.28:896][311]LogStaticMesh: Built static mesh [129.985580ms] /Game/FirstPersonBP/Meshes/KamikazeMesh.KamikazeMesh
[2015.06.17-13.46.28:961][311]LogAudioDerivedData:Display: Building compressed audio format OGG wave Explosion02...
[2015.06.17-13.46.29:296][311]LogTexture:Display: Building textures: T_Perlin_Noise_M (AutoDXT)
[2015.06.17-13.46.33:636][311]LogTexture:Display: Building textures: T_Wood_Pine_D (AutoDXT)
[2015.06.17-13.46.38:067][311]LogTexture:Display: Building textures: T_Wood_Pine_N (BC5)
[2015.06.17-13.46.38:573][311]LogMaterial: Missing cached shader map for material M_Wood_Pine, compiling. 
[2015.06.17-13.46.38:781][311]LogMaterial: Missing cached shader map for material M_Basic_Wall, compiling. 
[2015.06.17-13.46.38:789][311]LogStaticMesh: Building static mesh Shape_Cylinder...
[2015.06.17-13.46.38:800][311]LogStaticMesh: Built static mesh [11.119408ms] /Game/StarterContent/Shapes/Shape_Cylinder.Shape_Cylinder
[2015.06.17-13.46.39:004][311]LogActorComponent: UnregisterComponent: (/Engine/Transient.ProjectileMovementComponent_40__A6522401) Not registered. Aborting.
[2015.06.17-13.46.39:004][311]LogActorComponent: UnregisterComponent: (/Engine/Transient.CharMoveComp) Not registered. Aborting.
[2015.06.17-13.46.43:565][311]LogSavePackage: Save=158.233780ms
[2015.06.17-13.46.43:565][311]LogSavePackage: Moving '../../../../../Video/UDK_Project/Saved/FirstPersonExampleMap22AB9049426D290B4A6ABBA0ACD12A6D.tmp' to '../../../../../Video/UDK_Project/Content/FirstPersonBP/Maps/FirstPersonExampleMap.umap'
[2015.06.17-13.46.43:610][311]LogFileHelpers: Saving map 'FirstPersonExampleMap' took 0.352
[2015.06.17-13.46.43:613][311]Cmd: MAP LOAD FILE="../../../../../Video/UDK_Project/Content/FirstPersonBP/Maps/TestIA.umap" TEMPLATE=0 SHOWPROGRESS=1 FEATURELEVEL=3
[2015.06.17-13.46.43:613][311]LightingResults: New page: Lighting Build
[2015.06.17-13.46.43:651][311]LoadErrors: New page: Loading map: TestIA.umap
[2015.06.17-13.46.43:652][311]MapCheck: New page: Map Check
[2015.06.17-13.46.43:652][311]LightingResults: New page: Lighting Build
[2015.06.17-13.46.43:669][311]LogParticles: Destroying 0 GPU particle simulations for FXSystem 0x000000DF27A919E0
[2015.06.17-13.46.43:686][311]LogEditorServer: Finished looking for orphan Actors (0.000 secs)
[2015.06.17-13.46.43:710][311]LogAIModule: Creating AISystem for world TestIA
[2015.06.17-13.46.43:764][311]Cmd: MAP CHECKDEP
[2015.06.17-13.46.43:764][311]MapCheck: New page: TestIA - Jun 17, 2015, 5:46:43 AM
[2015.06.17-13.46.43:860][311]MapCheck: Info Map check complete: 0 Error(s), 0 Warning(s), took 95.808ms to complete.
[2015.06.17-13.46.43:860][311]LogFileHelpers: Loading map 'TestIA' took 0.250
[2015.06.17-13.46.45:234][385]LogPlayLevel: PIE:  No blueprints needed recompiling
[2015.06.17-13.46.45:234][385]PIE: New page: PIE session: TestIA (Jun 17, 2015, 5:46:45 AM)
[2015.06.17-13.46.45:238][385]LogPlayLevel: PIE: StaticDuplicateObject took: (0.003165s)
[2015.06.17-13.46.45:238][385]LogPlayLevel: PIE: World Init took: (0.000706s)
[2015.06.17-13.46.45:239][385]LogPlayLevel: PIE: Created PIE world by copying editor world from /Game/FirstPersonBP/Maps/TestIA.TestIA to /Game/FirstPersonBP/Maps/UEDPIE_0_TestIA.TestIA (0.004107s)
[2015.06.17-13.46.45:276][385]LogWorld: Game class is 'FirstPersonGameMode_C'
[2015.06.17-13.46.45:278][385]LogAIModule: Creating AISystem for world TestIA
[2015.06.17-13.46.45:283][385]LogWorld:Warning: *** WARNING - PATHS MAY NOT BE VALID ***
[2015.06.17-13.46.45:283][385]LogWorld: Bringing World /Game/FirstPersonBP/Maps/UEDPIE_0_TestIA.TestIA up for play (max tick rate 60) at 2015.06.17-09.46.45
[2015.06.17-13.46.45:376][385]LogWorld: Bringing up level for play took: 0.097333
[2015.06.17-13.46.45:477][385]PIE: Info Play in editor start time for /Game/FirstPersonBP/Maps/UEDPIE_0_TestIA 0.724
[2015.06.17-13.46.50:415][664]Cmd: RestartLevel
[2015.06.17-13.46.50:437][665]LogNet: Browse: /Game/FirstPersonBP/Maps/TestIA?restart
[2015.06.17-13.46.50:438][665]LogLoad: LoadMap: /Game/FirstPersonBP/Maps/TestIA
[2015.06.17-13.46.50:453][665]LogParticles: Destroying 0 GPU particle simulations for FXSystem 0x000000DF25074D60
[2015.06.17-13.46.50:453][665]Cmd: MEM
[2015.06.17-13.46.50:466][665]LogMemory: Platform Memory Stats for Windows
[2015.06.17-13.46.50:466][665]LogMemory: Process Physical Memory: 490.49 MB used, 661.71 MB peak
[2015.06.17-13.46.50:466][665]LogMemory: Process Virtual Memory: 388.09 MB used, 561.75 MB peak
[2015.06.17-13.46.50:466][665]LogMemory: Physical Memory: 5623.89 MB used, 24463.36 MB total
[2015.06.17-13.46.50:466][665]LogMemory: Virtual Memory: 994.56 MB used, 134217728.00 MB total
[2015.06.17-13.46.50:466][665]LogMemory: 
[2015.06.17-13.46.50:466][665]Allocator Stats for TBB: (not implemented)
[2015.06.17-13.46.50:485][665]LogPlayLevel: PIE: StaticDuplicateObject took: (0.002945s)
[2015.06.17-13.46.50:486][665]LogPlayLevel: PIE: World Init took: (0.000972s)
[2015.06.17-13.46.50:486][665]LogPlayLevel: PIE: Created PIE world by copying editor world from /Game/FirstPersonBP/Maps/TestIA.TestIA to /Game/FirstPersonBP/Maps/UEDPIE_0_TestIA.TestIA (0.004143s)
[2015.06.17-13.46.50:488][665]LogWorld: Game class is 'FirstPersonGameMode_C'
[2015.06.17-13.46.50:490][665]LogAIModule: Creating AISystem for world TestIA
[2015.06.17-13.46.50:495][665]LogWorld:Warning: *** WARNING - PATHS MAY NOT BE VALID ***
[2015.06.17-13.46.50:495][665]LogWorld: Bringing World /Game/FirstPersonBP/Maps/UEDPIE_0_TestIA.TestIA up for play (max tick rate 60) at 2015.06.17-09.46.50
[2015.06.17-13.46.50:496][665]LogWorld: Bringing up level for play took: 0.005539
[2015.06.17-13.47.04:415][494]LogBlueprintUserMessages: X=1084.600 Y=629.920 Z=35.000
[2015.06.17-13.47.08:146][717]LogBlueprintUserMessages: X=748.793 Y=865.544 Z=35.000
[2015.06.17-13.47.08:563][742]LogBlueprintUserMessages: X=1102.338 Y=670.339 Z=35.000
[2015.06.17-13.47.09:113][775]LogBlueprintUserMessages: X=660.047 Y=869.295 Z=35.000
[2015.06.17-13.47.09:227][779]LogBlueprintUserMessages: X=954.875 Y=379.872 Z=35.000
[2015.06.17-13.47.10:326][845]LogBlueprintUserMessages: X=962.140 Y=809.769 Z=35.000
[2015.06.17-13.47.11:510][916]LogBlueprintUserMessages: X=823.780 Y=625.944 Z=35.000
[2015.06.17-13.47.11:993][945]LogBlueprintUserMessages: X=1127.906 Y=477.888 Z=35.000
[2015.06.17-13.47.17:277][262]LogBlueprintUserMessages: X=1089.590 Y=380.576 Z=35.000
[2015.06.17-13.47.25:029][727]LogScript:Warning: Cannot access 'CollisionCylinder'. It is pending kill. Property: 'K2Node_Event_OtherComp'
	FirstPersonProjectile_C /Game/FirstPersonBP/Maps/UEDPIE_0_TestIA.TestIA:PersistentLevel.FirstPersonProjectile_C_14
	Function /Game/FirstPersonBP/Blueprints/FirstPersonProjectile.FirstPersonProjectile_C:ExecuteUbergraph_FirstPersonProjectile:0098
[2015.06.17-13.47.25:029][727]PIE:Error: Error Cannot access 'CollisionCylinder'. It is pending kill. Property: 'K2Node_Event_OtherComp' from node Set Spawn Point in blueprint FirstPersonProjectile
[2015.06.17-13.47.27:594][881]Cmd: RestartLevel
[2015.06.17-13.47.27:610][882]LogNet: Browse: /Game/FirstPersonBP/Maps/TestIA?restart
[2015.06.17-13.47.27:610][882]LogLoad: LoadMap: /Game/FirstPersonBP/Maps/TestIA
[2015.06.17-13.47.27:624][882]LogParticles: Destroying 0 GPU particle simulations for FXSystem 0x000000DF29E08AE0
[2015.06.17-13.47.27:629][882]Cmd: MEM
[2015.06.17-13.47.27:640][882]LogMemory: Platform Memory Stats for Windows
[2015.06.17-13.47.27:640][882]LogMemory: Process Physical Memory: 491.89 MB used, 661.71 MB peak
[2015.06.17-13.47.27:640][882]LogMemory: Process Virtual Memory: 389.34 MB used, 561.75 MB peak
[2015.06.17-13.47.27:641][882]LogMemory: Physical Memory: 5534.93 MB used, 24463.36 MB total
[2015.06.17-13.47.27:641][882]LogMemory: Virtual Memory: 980.10 MB used, 134217728.00 MB total
[2015.06.17-13.47.27:641][882]LogMemory: 
[2015.06.17-13.47.27:641][882]Allocator Stats for TBB: (not implemented)
[2015.06.17-13.47.27:644][882]LogPlayLevel: PIE: StaticDuplicateObject took: (0.003208s)
[2015.06.17-13.47.27:644][882]LogPlayLevel: PIE: World Init took: (0.000497s)
[2015.06.17-13.47.27:644][882]LogPlayLevel: PIE: Created PIE world by copying editor world from /Game/FirstPersonBP/Maps/TestIA.TestIA to /Game/FirstPersonBP/Maps/UEDPIE_0_TestIA.TestIA (0.003882s)
[2015.06.17-13.47.27:647][882]LogWorld: Game class is 'FirstPersonGameMode_C'
[2015.06.17-13.47.27:649][882]LogAIModule: Creating AISystem for world TestIA
[2015.06.17-13.47.27:653][882]LogWorld:Warning: *** WARNING - PATHS MAY NOT BE VALID ***
[2015.06.17-13.47.27:653][882]LogWorld: Bringing World /Game/FirstPersonBP/Maps/UEDPIE_0_TestIA.TestIA up for play (max tick rate 60) at 2015.06.17-09.47.27
[2015.06.17-13.47.27:654][882]LogWorld: Bringing up level for play took: 0.005030
[2015.06.17-13.47.31:504][113]Cmd: RestartLevel
[2015.06.17-13.47.31:521][114]LogNet: Browse: /Game/FirstPersonBP/Maps/TestIA?restart
[2015.06.17-13.47.31:521][114]LogLoad: LoadMap: /Game/FirstPersonBP/Maps/TestIA
[2015.06.17-13.47.31:535][114]LogParticles: Destroying 0 GPU particle simulations for FXSystem 0x000000DF255A77E0
[2015.06.17-13.47.31:538][114]Cmd: MEM
[2015.06.17-13.47.31:549][114]LogMemory: Platform Memory Stats for Windows
[2015.06.17-13.47.31:549][114]LogMemory: Process Physical Memory: 492.20 MB used, 661.71 MB peak
[2015.06.17-13.47.31:549][114]LogMemory: Process Virtual Memory: 389.66 MB used, 561.75 MB peak
[2015.06.17-13.47.31:549][114]LogMemory: Physical Memory: 5538.41 MB used, 24463.36 MB total
[2015.06.17-13.47.31:549][114]LogMemory: Virtual Memory: 989.74 MB used, 134217728.00 MB total
[2015.06.17-13.47.31:549][114]LogMemory: 
[2015.06.17-13.47.31:549][114]Allocator Stats for TBB: (not implemented)
[2015.06.17-13.47.31:552][114]LogPlayLevel: PIE: StaticDuplicateObject took: (0.003282s)
[2015.06.17-13.47.31:553][114]LogPlayLevel: PIE: World Init took: (0.000464s)
[2015.06.17-13.47.31:553][114]LogPlayLevel: PIE: Created PIE world by copying editor world from /Game/FirstPersonBP/Maps/TestIA.TestIA to /Game/FirstPersonBP/Maps/UEDPIE_0_TestIA.TestIA (0.003895s)
[2015.06.17-13.47.31:554][114]LogWorld: Game class is 'FirstPersonGameMode_C'
[2015.06.17-13.47.31:556][114]LogAIModule: Creating AISystem for world TestIA
[2015.06.17-13.47.31:561][114]LogWorld:Warning: *** WARNING - PATHS MAY NOT BE VALID ***
[2015.06.17-13.47.31:561][114]LogWorld: Bringing World /Game/FirstPersonBP/Maps/UEDPIE_0_TestIA.TestIA up for play (max tick rate 60) at 2015.06.17-09.47.31
[2015.06.17-13.47.31:563][114]LogWorld: Bringing up level for play took: 0.007028
[2015.06.17-13.47.35:830][370]LogCharacterMovement: TestIACharacter_C_2 is stuck and failed to move!
[2015.06.17-13.47.35:831][370]LogScript:Warning: Cannot access 'CollisionCylinder'. It is pending kill. Property: 'K2Node_Event_OtherComp'
	FirstPersonProjectile_C /Game/FirstPersonBP/Maps/UEDPIE_0_TestIA.TestIA:PersistentLevel.FirstPersonProjectile_C_16
	Function /Game/FirstPersonBP/Blueprints/FirstPersonProjectile.FirstPersonProjectile_C:ExecuteUbergraph_FirstPersonProjectile:0098
[2015.06.17-13.47.35:831][370]PIE:Error: Error Cannot access 'CollisionCylinder'. It is pending kill. Property: 'K2Node_Event_OtherComp' from node Set Spawn Point in blueprint FirstPersonProjectile
[2015.06.17-13.47.38:414][525]Cmd: RestartLevel
[2015.06.17-13.47.38:429][526]LogNet: Browse: /Game/FirstPersonBP/Maps/TestIA?restart
[2015.06.17-13.47.38:430][526]LogLoad: LoadMap: /Game/FirstPersonBP/Maps/TestIA
[2015.06.17-13.47.38:441][526]LogParticles: Destroying 0 GPU particle simulations for FXSystem 0x000000DF256BD800
[2015.06.17-13.47.38:444][526]Cmd: MEM
[2015.06.17-13.47.38:457][526]LogMemory: Platform Memory Stats for Windows
[2015.06.17-13.47.38:457][526]LogMemory: Process Physical Memory: 491.95 MB used, 661.71 MB peak
[2015.06.17-13.47.38:457][526]LogMemory: Process Virtual Memory: 389.41 MB used, 561.75 MB peak
[2015.06.17-13.47.38:457][526]LogMemory: Physical Memory: 5538.39 MB used, 24463.36 MB total
[2015.06.17-13.47.38:457][526]LogMemory: Virtual Memory: 989.74 MB used, 134217728.00 MB total
[2015.06.17-13.47.38:457][526]LogMemory: 
[2015.06.17-13.47.38:457][526]Allocator Stats for TBB: (not implemented)
[2015.06.17-13.47.38:462][526]LogPlayLevel: PIE: StaticDuplicateObject took: (0.005119s)
[2015.06.17-13.47.38:462][526]LogPlayLevel: PIE: World Init took: (0.000488s)
[2015.06.17-13.47.38:462][526]LogPlayLevel: PIE: Created PIE world by copying editor world from /Game/FirstPersonBP/Maps/TestIA.TestIA to /Game/FirstPersonBP/Maps/UEDPIE_0_TestIA.TestIA (0.005771s)
[2015.06.17-13.47.38:464][526]LogWorld: Game class is 'FirstPersonGameMode_C'
[2015.06.17-13.47.38:465][526]LogAIModule: Creating AISystem for world TestIA
[2015.06.17-13.47.38:469][526]LogWorld:Warning: *** WARNING - PATHS MAY NOT BE VALID ***
[2015.06.17-13.47.38:469][526]LogWorld: Bringing World /Game/FirstPersonBP/Maps/UEDPIE_0_TestIA.TestIA up for play (max tick rate 60) at 2015.06.17-09.47.38
[2015.06.17-13.47.38:470][526]LogWorld: Bringing up level for play took: 0.004745
[2015.06.17-13.47.42:912][785]Cmd: RestartLevel
[2015.06.17-13.47.42:947][786]LogNet: Browse: /Game/FirstPersonBP/Maps/TestIA?restart
[2015.06.17-13.47.42:969][786]LogLoad: LoadMap: /Game/FirstPersonBP/Maps/TestIA
[2015.06.17-13.47.42:980][786]LogParticles: Destroying 0 GPU particle simulations for FXSystem 0x000000DF256BEA20
[2015.06.17-13.47.42:983][786]Cmd: MEM
[2015.06.17-13.47.43:000][786]LogMemory: Platform Memory Stats for Windows
[2015.06.17-13.47.43:000][786]LogMemory: Process Physical Memory: 492.12 MB used, 661.71 MB peak
[2015.06.17-13.47.43:000][786]LogMemory: Process Virtual Memory: 389.54 MB used, 561.75 MB peak
[2015.06.17-13.47.43:000][786]LogMemory: Physical Memory: 5538.16 MB used, 24463.36 MB total
[2015.06.17-13.47.43:000][786]LogMemory: Virtual Memory: 989.74 MB used, 134217728.00 MB total
[2015.06.17-13.47.43:000][786]LogMemory: 
[2015.06.17-13.47.43:000][786]Allocator Stats for TBB: (not implemented)
[2015.06.17-13.47.43:003][786]LogPlayLevel: PIE: StaticDuplicateObject took: (0.002940s)
[2015.06.17-13.47.43:003][786]LogPlayLevel: PIE: World Init took: (0.000414s)
[2015.06.17-13.47.43:003][786]LogPlayLevel: PIE: Created PIE world by copying editor world from /Game/FirstPersonBP/Maps/TestIA.TestIA to /Game/FirstPersonBP/Maps/UEDPIE_0_TestIA.TestIA (0.003496s)
[2015.06.17-13.47.43:005][786]LogWorld: Game class is 'FirstPersonGameMode_C'
[2015.06.17-13.47.43:006][786]LogAIModule: Creating AISystem for world TestIA
[2015.06.17-13.47.43:011][786]LogWorld:Warning: *** WARNING - PATHS MAY NOT BE VALID ***
[2015.06.17-13.47.43:011][786]LogWorld: Bringing World /Game/FirstPersonBP/Maps/UEDPIE_0_TestIA.TestIA up for play (max tick rate 60) at 2015.06.17-09.47.43
[2015.06.17-13.47.43:012][786]LogWorld: Bringing up level for play took: 0.004666
[2015.06.17-13.47.45:214][918]Cmd: RestartLevel
[2015.06.17-13.47.45:229][919]LogNet: Browse: /Game/FirstPersonBP/Maps/TestIA?restart
[2015.06.17-13.47.45:233][919]LogLoad: LoadMap: /Game/FirstPersonBP/Maps/TestIA
[2015.06.17-13.47.45:244][919]LogParticles: Destroying 0 GPU particle simulations for FXSystem 0x000000DF2EB59BC0
[2015.06.17-13.47.45:248][919]Cmd: MEM
[2015.06.17-13.47.45:262][919]LogMemory: Platform Memory Stats for Windows
[2015.06.17-13.47.45:262][919]LogMemory: Process Physical Memory: 492.20 MB used, 661.71 MB peak
[2015.06.17-13.47.45:262][919]LogMemory: Process Virtual Memory: 389.59 MB used, 561.75 MB peak
[2015.06.17-13.47.45:262][919]LogMemory: Physical Memory: 5538.04 MB used, 24463.36 MB total
[2015.06.17-13.47.45:262][919]LogMemory: Virtual Memory: 989.74 MB used, 134217728.00 MB total
[2015.06.17-13.47.45:262][919]LogMemory: 
[2015.06.17-13.47.45:262][919]Allocator Stats for TBB: (not implemented)
[2015.06.17-13.47.45:265][919]LogPlayLevel: PIE: StaticDuplicateObject took: (0.002798s)
[2015.06.17-13.47.45:266][919]LogPlayLevel: PIE: World Init took: (0.000415s)
[2015.06.17-13.47.45:266][919]LogPlayLevel: PIE: Created PIE world by copying editor world from /Game/FirstPersonBP/Maps/TestIA.TestIA to /Game/FirstPersonBP/Maps/UEDPIE_0_TestIA.TestIA (0.003353s)
[2015.06.17-13.47.45:267][919]LogWorld: Game class is 'FirstPersonGameMode_C'
[2015.06.17-13.47.45:268][919]LogAIModule: Creating AISystem for world TestIA
[2015.06.17-13.47.45:273][919]LogWorld:Warning: *** WARNING - PATHS MAY NOT BE VALID ***
[2015.06.17-13.47.45:273][919]LogWorld: Bringing World /Game/FirstPersonBP/Maps/UEDPIE_0_TestIA.TestIA up for play (max tick rate 60) at 2015.06.17-09.47.45
[2015.06.17-13.47.45:274][919]LogWorld: Bringing up level for play took: 0.004810
[2015.06.17-13.47.47:459][ 50]LogCharacterMovement: FirstPersonCharacter_C_17 is stuck and failed to move!
[2015.06.17-13.47.47:475][ 51]LogCharacterMovement: FirstPersonCharacter_C_17 is stuck and failed to move!
[2015.06.17-13.47.47:493][ 52]LogCharacterMovement: FirstPersonCharacter_C_17 is stuck and failed to move!
[2015.06.17-13.47.47:509][ 53]LogCharacterMovement: FirstPersonCharacter_C_17 is stuck and failed to move!
[2015.06.17-13.47.47:526][ 54]LogCharacterMovement: FirstPersonCharacter_C_17 is stuck and failed to move!
[2015.06.17-13.47.52:211][335]Cmd: RestartLevel
[2015.06.17-13.47.52:227][336]LogNet: Browse: /Game/FirstPersonBP/Maps/TestIA?restart
[2015.06.17-13.47.52:228][336]LogLoad: LoadMap: /Game/FirstPersonBP/Maps/TestIA
[2015.06.17-13.47.52:240][336]LogParticles: Destroying 0 GPU particle simulations for FXSystem 0x000000DF25716CA0
[2015.06.17-13.47.52:243][336]Cmd: MEM
[2015.06.17-13.47.52:254][336]LogMemory: Platform Memory Stats for Windows
[2015.06.17-13.47.52:254][336]LogMemory: Process Physical Memory: 492.11 MB used, 661.71 MB peak
[2015.06.17-13.47.52:254][336]LogMemory: Process Virtual Memory: 389.46 MB used, 561.75 MB peak
[2015.06.17-13.47.52:254][336]LogMemory: Physical Memory: 5530.52 MB used, 24463.36 MB total
[2015.06.17-13.47.52:254][336]LogMemory: Virtual Memory: 989.74 MB used, 134217728.00 MB total
[2015.06.17-13.47.52:254][336]LogMemory: 
[2015.06.17-13.47.52:254][336]Allocator Stats for TBB: (not implemented)
[2015.06.17-13.47.52:258][336]LogPlayLevel: PIE: StaticDuplicateObject took: (0.003981s)
[2015.06.17-13.47.52:260][336]LogPlayLevel: PIE: World Init took: (0.002001s)
[2015.06.17-13.47.52:260][336]LogPlayLevel: PIE: Created PIE world by copying editor world from /Game/FirstPersonBP/Maps/TestIA.TestIA to /Game/FirstPersonBP/Maps/UEDPIE_0_TestIA.TestIA (0.006271s)
[2015.06.17-13.47.52:261][336]LogWorld: Game class is 'FirstPersonGameMode_C'
[2015.06.17-13.47.52:263][336]LogAIModule: Creating AISystem for world TestIA
[2015.06.17-13.47.52:267][336]LogWorld:Warning: *** WARNING - PATHS MAY NOT BE VALID ***
[2015.06.17-13.47.52:267][336]LogWorld: Bringing World /Game/FirstPersonBP/Maps/UEDPIE_0_TestIA.TestIA up for play (max tick rate 60) at 2015.06.17-09.47.52
[2015.06.17-13.47.52:268][336]LogWorld: Bringing up level for play took: 0.004773
[2015.06.17-13.47.56:864][599]LogParticles: Destroying 0 GPU particle simulations for FXSystem 0x000000DF256BE2A0
[2015.06.17-13.48.14:614][767]LogPlayLevel: PIE:  No blueprints needed recompiling
[2015.06.17-13.48.14:614][767]PIE: New page: PIE session: TestIA (Jun 17, 2015, 5:48:14 AM)
[2015.06.17-13.48.14:617][767]LogPlayLevel: PIE: StaticDuplicateObject took: (0.002994s)
[2015.06.17-13.48.14:618][767]LogPlayLevel: PIE: World Init took: (0.000541s)
[2015.06.17-13.48.14:618][767]LogPlayLevel: PIE: Created PIE world by copying editor world from /Game/FirstPersonBP/Maps/TestIA.TestIA to /Game/FirstPersonBP/Maps/UEDPIE_0_TestIA.TestIA (0.003716s)
[2015.06.17-13.48.14:656][767]LogWorld: Game class is 'FirstPersonGameMode_C'
[2015.06.17-13.48.14:658][767]LogAIModule: Creating AISystem for world TestIA
[2015.06.17-13.48.14:662][767]LogWorld:Warning: *** WARNING - PATHS MAY NOT BE VALID ***
[2015.06.17-13.48.14:662][767]LogWorld: Bringing World /Game/FirstPersonBP/Maps/UEDPIE_0_TestIA.TestIA up for play (max tick rate 60) at 2015.06.17-09.48.14
[2015.06.17-13.48.14:663][767]LogWorld: Bringing up level for play took: 0.004945
[2015.06.17-13.48.14:666][767]PIE: Info Play in editor start time for /Game/FirstPersonBP/Maps/UEDPIE_0_TestIA -0.087
[2015.06.17-13.48.53:926][120]LogParticles: Destroying 0 GPU particle simulations for FXSystem 0x000000DF25714540
[2015.06.17-13.48.55:475][208]LogPlayLevel: PIE:  No blueprints needed recompiling
[2015.06.17-13.48.55:475][208]PIE: New page: PIE session: TestIA (Jun 17, 2015, 5:48:55 AM)
[2015.06.17-13.48.55:479][208]LogPlayLevel: PIE: StaticDuplicateObject took: (0.003451s)
[2015.06.17-13.48.55:481][208]LogPlayLevel: PIE: World Init took: (0.001126s)
[2015.06.17-13.48.55:481][208]LogPlayLevel: PIE: Created PIE world by copying editor world from /Game/FirstPersonBP/Maps/TestIA.TestIA to /Game/FirstPersonBP/Maps/UEDPIE_0_TestIA.TestIA (0.004779s)
[2015.06.17-13.48.55:516][208]LogWorld: Game class is 'FirstPersonGameMode_C'
[2015.06.17-13.48.55:517][208]LogAIModule: Creating AISystem for world TestIA
[2015.06.17-13.48.55:522][208]LogWorld:Warning: *** WARNING - PATHS MAY NOT BE VALID ***
[2015.06.17-13.48.55:522][208]LogWorld: Bringing World /Game/FirstPersonBP/Maps/UEDPIE_0_TestIA.TestIA up for play (max tick rate 60) at 2015.06.17-09.48.55
[2015.06.17-13.48.55:523][208]LogWorld: Bringing up level for play took: 0.004945
[2015.06.17-13.48.55:526][208]PIE: Info Play in editor start time for /Game/FirstPersonBP/Maps/UEDPIE_0_TestIA 0.774
[2015.06.17-13.48.59:767][460]LogParticles: Destroying 0 GPU particle simulations for FXSystem 0x000000DF256F2980
[2015.06.17-13.49.00:736][517]LogPlayLevel: PIE:  No blueprints needed recompiling
[2015.06.17-13.49.00:737][517]PIE: New page: PIE session: TestIA (Jun 17, 2015, 5:49:00 AM)
[2015.06.17-13.49.00:740][517]LogPlayLevel: PIE: StaticDuplicateObject took: (0.003048s)
[2015.06.17-13.49.00:741][517]LogPlayLevel: PIE: World Init took: (0.001175s)
[2015.06.17-13.49.00:742][517]LogPlayLevel: PIE: Created PIE world by copying editor world from /Game/FirstPersonBP/Maps/TestIA.TestIA to /Game/FirstPersonBP/Maps/UEDPIE_0_TestIA.TestIA (0.004495s)
[2015.06.17-13.49.00:778][517]LogWorld: Game class is 'FirstPersonGameMode_C'
[2015.06.17-13.49.00:780][517]LogAIModule: Creating AISystem for world TestIA
[2015.06.17-13.49.00:784][517]LogWorld:Warning: *** WARNING - PATHS MAY NOT BE VALID ***
[2015.06.17-13.49.00:784][517]LogWorld: Bringing World /Game/FirstPersonBP/Maps/UEDPIE_0_TestIA.TestIA up for play (max tick rate 60) at 2015.06.17-09.49.00
[2015.06.17-13.49.00:785][517]LogWorld: Bringing up level for play took: 0.004818
[2015.06.17-13.49.00:788][517]PIE: Info Play in editor start time for /Game/FirstPersonBP/Maps/UEDPIE_0_TestIA 0.036
[2015.06.17-13.49.06:514][858]LogParticles: Destroying 0 GPU particle simulations for FXSystem 0x000000DF25714720
[2015.06.17-13.50.15:583][175]LogPlayLevel: PIE:  No blueprints needed recompiling
[2015.06.17-13.50.15:583][175]PIE: New page: PIE session: TestIA (Jun 17, 2015, 5:50:15 AM)
[2015.06.17-13.50.15:586][175]LogPlayLevel: PIE: StaticDuplicateObject took: (0.003088s)
[2015.06.17-13.50.15:588][175]LogPlayLevel: PIE: World Init took: (0.001113s)
[2015.06.17-13.50.15:588][175]LogPlayLevel: PIE: Created PIE world by copying editor world from /Game/FirstPersonBP/Maps/TestIA.TestIA to /Game/FirstPersonBP/Maps/UEDPIE_0_TestIA.TestIA (0.004407s)
[2015.06.17-13.50.15:625][175]LogWorld: Game class is 'FirstPersonGameMode_C'
[2015.06.17-13.50.15:627][175]LogAIModule: Creating AISystem for world TestIA
[2015.06.17-13.50.15:631][175]LogWorld:Warning: *** WARNING - PATHS MAY NOT BE VALID ***
[2015.06.17-13.50.15:631][175]LogWorld: Bringing World /Game/FirstPersonBP/Maps/UEDPIE_0_TestIA.TestIA up for play (max tick rate 60) at 2015.06.17-09.50.15
[2015.06.17-13.50.15:632][175]LogWorld: Bringing up level for play took: 0.004845
[2015.06.17-13.50.15:635][175]PIE: Info Play in editor start time for /Game/FirstPersonBP/Maps/UEDPIE_0_TestIA 0.883
[2015.06.17-13.50.19:214][387]LogParticles: Destroying 0 GPU particle simulations for FXSystem 0x000000DF2E9C6C00
[2015.06.17-13.50.26:117][776]LogContentBrowser:Verbose: The content browser source was changed by the sources view to '/Game/FirstPersonBP/Blueprints'
[2015.06.17-13.50.35:775][224]LogRenderer:Warning: Reallocating scene render targets to support 1208x904 (Frame:13507).
[2015.06.17-13.50.55:944][187]BlueprintLog: New page: Pre-PIE auto-recompile
[2015.06.17-13.50.55:950][187]LogActorComponent: UnregisterComponent: (/Engine/Transient.CharMoveComp) Not registered. Aborting.
[2015.06.17-13.50.55:950][187]LogActorComponent: UnregisterComponent: (/Engine/Transient.ProjectileMovementComponent_40__A6522401) Not registered. Aborting.
[2015.06.17-13.50.55:950][187]LogActorComponent: UnregisterComponent: (/Engine/Transient.CharacterMovementComponent_0) Not registered. Aborting.
[2015.06.17-13.50.55:967][187]LogPlayLevel: [PIE] Compiling FirstPersonCharacter before PIE...
[2015.06.17-13.50.56:174][187]LogPlayLevel: [PIE] Compiling FirstPersonProjectile before PIE...
[2015.06.17-13.50.56:252][187]LogPlayLevel: [PIE] Compiling BP_ArrowPickUp before PIE...
[2015.06.17-13.50.56:309][187]LogPlayLevel: [PIE] Compiling TestIACharacter before PIE...
[2015.06.17-13.50.56:370][187]LogPlayLevel: [PIE] Compiling BP_AmmoBox before PIE...
[2015.06.17-13.50.56:424][187]LogPlayLevel: [PIE] Compiling VieTest before PIE...
[2015.06.17-13.50.56:559][187]LogPlayLevel: PIE:  Blueprint regeneration took 614 ms (6 blueprints)
[2015.06.17-13.50.56:559][187]PIE: New page: PIE session: TestIA (Jun 17, 2015, 5:50:56 AM)
[2015.06.17-13.50.56:562][187]LogPlayLevel: PIE: StaticDuplicateObject took: (0.002902s)
[2015.06.17-13.50.56:563][187]LogPlayLevel: PIE: World Init took: (0.000631s)
[2015.06.17-13.50.56:563][187]LogPlayLevel: PIE: Created PIE world by copying editor world from /Game/FirstPersonBP/Maps/TestIA.TestIA to /Game/FirstPersonBP/Maps/UEDPIE_0_TestIA.TestIA (0.003716s)
[2015.06.17-13.50.56:612][187]LogWorld: Game class is 'FirstPersonGameMode_C'
[2015.06.17-13.50.56:614][187]LogAIModule: Creating AISystem for world TestIA
[2015.06.17-13.50.56:619][187]LogWorld:Warning: *** WARNING - PATHS MAY NOT BE VALID ***
[2015.06.17-13.50.56:619][187]LogWorld: Bringing World /Game/FirstPersonBP/Maps/UEDPIE_0_TestIA.TestIA up for play (max tick rate 60) at 2015.06.17-09.50.56
[2015.06.17-13.50.56:620][187]LogWorld: Bringing up level for play took: 0.004938
[2015.06.17-13.50.56:638][187]PIE: Info Play in editor start time for /Game/FirstPersonBP/Maps/UEDPIE_0_TestIA -0.115
[2015.06.17-13.51.00:370][336]LogParticles: Destroying 0 GPU particle simulations for FXSystem 0x000000DF256BF060
[2015.06.17-13.51.01:637][381]BlueprintLog: New page: Compile FirstPersonCharacter
[2015.06.17-13.51.01:875][381]BlueprintEditorCompileResults: Info [0364.16] Compile of FirstPersonCharacter successful! [in 225 ms]
[2015.06.17-13.51.03:135][442]BlueprintLog: New page: Pre-PIE auto-recompile
[2015.06.17-13.51.03:138][442]LogPlayLevel: [PIE] Compiling FirstPersonProjectile before PIE...
[2015.06.17-13.51.03:226][442]LogPlayLevel: [PIE] Compiling BP_ArrowPickUp before PIE...
[2015.06.17-13.51.03:283][442]LogPlayLevel: [PIE] Compiling TestIACharacter before PIE...
[2015.06.17-13.51.03:344][442]LogPlayLevel: [PIE] Compiling BP_AmmoBox before PIE...
[2015.06.17-13.51.03:399][442]LogPlayLevel: [PIE] Compiling VieTest before PIE...
[2015.06.17-13.51.03:458][442]LogPlayLevel: [PIE] Compiling FirstPersonCharacter before PIE...
[2015.06.17-13.51.03:682][442]LogPlayLevel: PIE:  Blueprint regeneration took 547 ms (6 blueprints)
[2015.06.17-13.51.03:682][442]PIE: New page: PIE session: TestIA (Jun 17, 2015, 5:51:03 AM)
[2015.06.17-13.51.03:686][442]LogPlayLevel: PIE: StaticDuplicateObject took: (0.003100s)
[2015.06.17-13.51.03:687][442]LogPlayLevel: PIE: World Init took: (0.000983s)
[2015.06.17-13.51.03:687][442]LogPlayLevel: PIE: Created PIE world by copying editor world from /Game/FirstPersonBP/Maps/TestIA.TestIA to /Game/FirstPersonBP/Maps/UEDPIE_0_TestIA.TestIA (0.004270s)
[2015.06.17-13.51.03:726][442]LogWorld: Game class is 'FirstPersonGameMode_C'
[2015.06.17-13.51.03:728][442]LogAIModule: Creating AISystem for world TestIA
[2015.06.17-13.51.03:733][442]LogWorld:Warning: *** WARNING - PATHS MAY NOT BE VALID ***
[2015.06.17-13.51.03:733][442]LogWorld: Bringing World /Game/FirstPersonBP/Maps/UEDPIE_0_TestIA.TestIA up for play (max tick rate 60) at 2015.06.17-09.51.03
[2015.06.17-13.51.03:734][442]LogWorld: Bringing up level for play took: 0.005143
[2015.06.17-13.51.03:753][442]PIE: Info Play in editor start time for /Game/FirstPersonBP/Maps/UEDPIE_0_TestIA 1.001
[2015.06.17-13.51.18:186][ 70]LogParticles: Destroying 0 GPU particle simulations for FXSystem 0x000000DF36464EA0
[2015.06.17-13.58.55:927][679]LogActorComponent: UnregisterComponent: (/Engine/Transient.CharMoveComp) Not registered. Aborting.
[2015.06.17-13.58.55:928][679]LogActorComponent: UnregisterComponent: (/Engine/Transient.ProjectileMovementComponent_40__A6522401) Not registered. Aborting.
[2015.06.17-13.58.55:928][679]LogActorComponent: UnregisterComponent: (/Engine/Transient.CharacterMovementComponent_1) Not registered. Aborting.
[2015.06.17-13.58.56:044][679]Cmd: OBJ SAVEPACKAGE PACKAGE="/Game/FirstPersonBP/Maps/TestIA" FILE="../../../../../Video/UDK_Project/Saved/Autosaves/Game/FirstPersonBP/Maps/TestIA_Auto1.umap" SILENT=true AUTOSAVING=true KEEPDIRTY=false
[2015.06.17-13.58.56:162][679]LogSavePackage: Save=38.378441ms
[2015.06.17-13.58.56:162][679]LogSavePackage: Moving '../../../../../Video/UDK_Project/Saved/TestIA_Auto1C16D84C1474BC1F9F1A3F29D1FFF87FF.tmp' to '../../../../../Video/UDK_Project/Saved/Autosaves/Game/FirstPersonBP/Maps/TestIA_Auto1.umap'
[2015.06.17-13.58.56:172][679]LogFileHelpers: Editor autosave (incl. sublevels) for '/Game/FirstPersonBP/Maps/TestIA' took 0.245
[2015.06.17-13.58.56:172][679]LogFileHelpers: Editor autosave (incl. sublevels) for all levels took 0.245
[2015.06.17-13.58.56:209][679]OBJ SavePackage: Generating thumbnails for [1] asset(s) in package [/Game/FirstPersonBP/Blueprints/FirstPersonCharacter] ([1] browsable assets)...
[2015.06.17-13.58.56:235][679]OBJ SavePackage:     Rendered thumbnail for [Blueprint /Game/FirstPersonBP/Blueprints/FirstPersonCharacter.FirstPersonCharacter]
[2015.06.17-13.58.56:235][679]OBJ SavePackage: Finished generating thumbnails for package [/Game/FirstPersonBP/Blueprints/FirstPersonCharacter]
[2015.06.17-13.58.56:775][679]LogSavePackage: Save=521.918518ms
[2015.06.17-13.58.56:776][679]LogSavePackage: Moving '../../../../../Video/UDK_Project/Saved/FirstPersonCharacter_Auto18E07EF3348825B7B72EDFD84AB6CDAAA.tmp' to '../../../../../Video/UDK_Project/Saved/Autosaves/Game/FirstPersonBP/Blueprints/FirstPersonCharacter_Auto1.uasset'
[2015.06.17-13.58.56:787][679]LogFileHelpers: Auto-saving content packages took 0.615
[2015.06.17-14.31.47:517][614]BlueprintLog: New page: Pre-PIE auto-recompile
[2015.06.17-14.31.47:521][614]LogPlayLevel: [PIE] Compiling FirstPersonProjectile before PIE...
[2015.06.17-14.31.47:603][614]LogActorComponent: UnregisterComponent: (/Engine/Transient.CharMoveComp) Not registered. Aborting.
[2015.06.17-14.31.47:603][614]LogActorComponent: UnregisterComponent: (/Engine/Transient.CharacterMovementComponent_2) Not registered. Aborting.
[2015.06.17-14.31.47:603][614]LogActorComponent: UnregisterComponent: (/Engine/Transient.ProjectileMovementComponent_40__A6522401) Not registered. Aborting.
[2015.06.17-14.31.47:614][614]LogPlayLevel: [PIE] Compiling BP_ArrowPickUp before PIE...
[2015.06.17-14.31.47:669][614]LogPlayLevel: [PIE] Compiling TestIACharacter before PIE...
[2015.06.17-14.31.47:744][614]LogPlayLevel: [PIE] Compiling BP_AmmoBox before PIE...
[2015.06.17-14.31.47:796][614]LogPlayLevel: [PIE] Compiling VieTest before PIE...
[2015.06.17-14.31.47:851][614]LogPlayLevel: [PIE] Compiling FirstPersonCharacter before PIE...
[2015.06.17-14.31.48:076][614]LogPlayLevel: PIE:  Blueprint regeneration took 559 ms (6 blueprints)
[2015.06.17-14.31.48:076][614]PIE: New page: PIE session: TestIA (Jun 17, 2015, 6:31:48 AM)
[2015.06.17-14.31.48:081][614]LogPlayLevel: PIE: StaticDuplicateObject took: (0.004039s)
[2015.06.17-14.31.48:083][614]LogPlayLevel: PIE: World Init took: (0.002097s)
[2015.06.17-14.31.48:083][614]LogPlayLevel: PIE: Created PIE world by copying editor world from /Game/FirstPersonBP/Maps/TestIA.TestIA to /Game/FirstPersonBP/Maps/UEDPIE_0_TestIA.TestIA (0.006325s)
[2015.06.17-14.31.48:115][614]LogWorld: Game class is 'FirstPersonGameMode_C'
[2015.06.17-14.31.48:117][614]LogAIModule: Creating AISystem for world TestIA
[2015.06.17-14.31.48:121][614]LogWorld:Warning: *** WARNING - PATHS MAY NOT BE VALID ***
[2015.06.17-14.31.48:121][614]LogWorld: Bringing World /Game/FirstPersonBP/Maps/UEDPIE_0_TestIA.TestIA up for play (max tick rate 60) at 2015.06.17-10.31.48
[2015.06.17-14.31.48:122][614]LogWorld: Bringing up level for play took: 0.004525
[2015.06.17-14.31.48:125][614]PIE: Info Play in editor start time for /Game/FirstPersonBP/Maps/UEDPIE_0_TestIA 1.373
[2015.06.17-14.31.49:446][690]LogActorComponent: UnregisterComponent: (/Engine/Transient.CharMoveComp) Not registered. Aborting.
[2015.06.17-14.31.49:446][690]LogActorComponent: UnregisterComponent: (/Engine/Transient.CharacterMovementComponent_3) Not registered. Aborting.
[2015.06.17-14.31.49:446][690]LogActorComponent: UnregisterComponent: (/Engine/Transient.ProjectileMovementComponent_40__A6522401) Not registered. Aborting.
[2015.06.17-14.31.49:478][691]LogParticles: Destroying 0 GPU particle simulations for FXSystem 0x000000DF3902A020
[2015.06.17-14.31.51:736][804]Cmd: OBJ SAVEPACKAGE PACKAGE="/Game/FirstPersonBP/Maps/TestIA" FILE="../../../../../Video/UDK_Project/Content/FirstPersonBP/Maps/TestIA.umap" SILENT=true AUTOSAVING=false KEEPDIRTY=false
[2015.06.17-14.31.51:808][804]LogSavePackage: Save=31.452173ms
[2015.06.17-14.31.51:808][804]LogSavePackage: Moving '../../../../../Video/UDK_Pr