Log file open, 05/06/15 09:32:55
LogInit:Display: Running engine for game: MyProject
LogInit: Version: 4.7.6-2513093+++depot+UE4-Releases+4.7
LogInit: API Version: 2455222
LogInit: Compiled (64-bit): Apr 15 2015 12:09:54
LogInit: Compiled with Visual C++: 18.00.21005.01
LogInit: Build Configuration: Development
LogInit: Branch Name: ++depot+UE4-Releases+4.7
LogInit: Command line:  
LogInit: Base directory: C:/Program Files/Epic Games/4.7/Engine/Binaries/Win64/
LogInit: Rocket: 1
[2015.05.06-13.32.55:648][  0]LogTaskGraph: Started task graph with 3 named threads and 6 total threads.
[2015.05.06-13.32.55:704][  0]LogOnline:Warning: No default platform service specified for OnlineSubsystem
[2015.05.06-13.32.55:810][  0]LogInit: Presizing for 0 objects not considered by GC, pre-allocating 0 bytes.
[2015.05.06-13.32.55:819][  0]LogInit: Object subsystem initialized
[2015.05.06-13.32.55:821][  0]LogConsoleResponse:Warning: Skipping Unknown console variable: 'TranslucentSortAxis = (X=0.000000,Y=-1.000000,Z=0.000000)'
[2015.05.06-13.32.55:821][  0]LogConsoleResponse:Warning:   Found in ini file 'C:/Users/Philippe/Desktop/MyProject/Saved/Config/Windows/Engine.ini', in section '[/Script/Engine.RendererSettings]'
[2015.05.06-13.32.55:821][  0]LogConsoleResponse:Warning: Skipping Unknown console variable: 'UIScaleRule = ShortestSide'
[2015.05.06-13.32.55:821][  0]LogConsoleResponse:Warning:   Found in ini file 'C:/Users/Philippe/Desktop/MyProject/Saved/Config/Windows/Engine.ini', in section '[/Script/Engine.RendererSettings]'
[2015.05.06-13.32.55:821][  0]LogConsoleResponse:Warning: Skipping Unknown console variable: 'UIScaleCurve = (EditorCurveData=(Keys=),ExternalCurve=None)'
[2015.05.06-13.32.55:821][  0]LogConsoleResponse:Warning:   Found in ini file 'C:/Users/Philippe/Desktop/MyProject/Saved/Config/Windows/Engine.ini', in section '[/Script/Engine.RendererSettings]'
[2015.05.06-13.32.55:822][  0]LogInit: Selected Device Profile: [Windows]
[2015.05.06-13.32.55:822][  0]LogInit: Applying CVar settings loaded from the selected device profile: [Windows]
[2015.05.06-13.32.55:855][  0]LogInit: Computer: DADALPC
[2015.05.06-13.32.55:855][  0]LogInit: User: Philippe
[2015.05.06-13.32.55:855][  0]LogInit: CPU Page size=4096, Cores=4
[2015.05.06-13.32.55:855][  0]LogInit: High frequency timer resolution =2.143487 MHz
[2015.05.06-13.32.55:855][  0]LogMemory: Memory total: Physical=3.9GB (4GB approx) Virtual=131072.0GB
[2015.05.06-13.32.55:856][  0]LogMemory: Platform Memory Stats for Windows
[2015.05.06-13.32.55:856][  0]LogMemory: Process Physical Memory: 46.05 MB used, 46.05 MB peak
[2015.05.06-13.32.55:856][  0]LogMemory: Process Virtual Memory: 26.49 MB used, 26.49 MB peak
[2015.05.06-13.32.55:856][  0]LogMemory: Physical Memory: 2104.45 MB used, 4012.27 MB total
[2015.05.06-13.32.55:856][  0]LogMemory: Virtual Memory: 292.71 MB used, 134217728.00 MB total
[2015.05.06-13.32.56:728][  0]LogD3D11RHI: Found D3D11 adapter 0: Intel(R) HD Graphics 4600 (Feature Level 11_0)
[2015.05.06-13.32.56:728][  0]LogD3D11RHI: Adapter has 0MB of dedicated video memory, 0MB of dedicated system memory, and 1792MB of shared system memory, 1 output[s]
[2015.05.06-13.32.56:740][  0]LogD3D11RHI: Found D3D11 adapter 1: NVIDIA GeForce GTX 760M (Feature Level 11_0)
[2015.05.06-13.32.56:740][  0]LogD3D11RHI: Adapter has 1988MB of dedicated video memory, 0MB of dedicated system memory, and 2006MB of shared system memory, 0 output[s]
[2015.05.06-13.32.56:741][  0]LogD3D11RHI: Found D3D11 adapter 2: Microsoft Basic Render Driver (Feature Level 11_0)
[2015.05.06-13.32.56:741][  0]LogD3D11RHI: Adapter has 0MB of dedicated video memory, 0MB of dedicated system memory, and 256MB of shared system memory, 0 output[s]
[2015.05.06-13.32.56:741][  0]LogD3D11RHI: Chosen D3D11 Adapter Id = 0
[2015.05.06-13.32.56:756][  0]LogRHI: Texture pool is 1361 MB (70% of 1945 MB)
[2015.05.06-13.32.56:767][  0]LogD3D11RHI: Async texture creation enabled
[2015.05.06-13.32.57:546][  0]LogTextLocalizationManager: The requested culture ('en_CA') has no localization data; parent culture's ('en') localization data will be used.
[2015.05.06-13.32.57:610][  0]LogTextLocalizationManager:Warning: Loading localization resources contain conflicting entries for (Namespace:UICommands, Key:Save_ToolTip):
Resource: (C:/Program Files/Epic Games/4.7/Engine/Content/Localization/Editor/en/Editor.locres) Hash: (-29098895) String: (Saves the current level to disk)
Resource: (C:/Program Files/Epic Games/4.7/Engine/Content/Localization/Engine/en/Engine.locres) Hash: (-1280300587) String: (Save selected data to vlog file)
[2015.05.06-13.32.57:610][  0]LogTextLocalizationManager:Warning: Loading localization resources contain conflicting entries for (Namespace:ContentBrowser, Key:ImportAssetToolTip):
Resource: (C:/Program Files/Epic Games/4.7/Engine/Content/Localization/Editor/en/Editor.locres) Hash: (-630476809) String: (Import to {0}...)
Resource: (C:/Program Files/Epic Games/4.7/Engine/Content/Localization/Editor/en/Editor.locres) Hash: (1271782899) String: (Imports an asset from file to this folder.)
[2015.05.06-13.32.57:687][  0]LogContentStreaming: Texture pool size is 0.000000MB
[2015.05.06-13.33.04:660][  0]LogTargetPlatformManager:Display: Building Assets For Windows
[2015.05.06-13.33.05:709][  0]LogTargetPlatformManager:Display: Building Assets For Windows
[2015.05.06-13.33.05:795][  0]LogDerivedDataCache:Display: Max Cache Size: 512 MB
[2015.05.06-13.33.06:744][  0]LogDerivedDataCache: Loaded boot cache 0.93s 39MB C:/Users/Philippe/AppData/Local/UnrealEngine/4.7/DerivedDataCache/Boot.ddc.
[2015.05.06-13.33.06:744][  0]LogDerivedDataCache:Display: Loaded Boot cache: C:/Users/Philippe/AppData/Local/UnrealEngine/4.7/DerivedDataCache/Boot.ddc
[2015.05.06-13.33.06:744][  0]LogDerivedDataCache: FDerivedDataBackendGraph:  Pak pak cache file ../../../../../../Users/Philippe/Desktop/MyProject/DerivedDataCache/DDC.ddp not found, will not use a pak cache.
[2015.05.06-13.33.06:744][  0]LogDerivedDataCache: Unable to find inner node Pak for hierarchical cache Hierarchy.
[2015.05.06-13.33.06:879][  0]LogDerivedDataCache:Display: Pak cache opened for reading ../../../Engine/DerivedDataCache/Compressed.ddp.
[2015.05.06-13.33.06:891][  0]LogDerivedDataCache: Using Local data cache path C:/Users/Philippe/AppData/Local/UnrealEngine/Common/DerivedDataCache: Writable
[2015.05.06-13.33.14:910][  0]LogMeshUtilities: No automatic mesh reduction module available
[2015.05.06-13.33.14:910][  0]LogMeshUtilities: No automatic mesh merging module available
[2015.05.06-13.33.19:752][  0]LogInit: WinSock: version 1.1 (2.2), MaxSocks=32767, MaxUdp=65467
[2015.05.06-13.33.20:031][  0]LogSlate:Warning: Failed to load font data from '../../../Engine/Content/Slate/Fonts/Roboto-Italic.ttf'
[2015.05.06-13.33.38:601][  0]UdpMessaging: Initializing bridge on interface 0.0.0.0:0 to multicast group 230.0.0.1:6666.
[2015.05.06-13.33.39:470][  0]SourceControl: Info Source control is disabled
[2015.05.06-13.33.39:483][  0]SourceControl: Info Source control is disabled
[2015.05.06-13.33.39:483][  0]SourceControl: Info Source control is disabled
[2015.05.06-13.33.39:483][  0]LogSourceControl: RunCommandInternalRaw: 'git version'
[2015.05.06-13.33.39:484][  0]LogSourceControl: RunCommandInternalRaw: ExecProcess ReturnCode=2 OutResults=''
[2015.05.06-13.33.39:493][  0]SourceControl: Info Source control is disabled
[2015.05.06-13.33.40:513][  0]LogObj: 24232 objects as part of root set at end of initial load.
[2015.05.06-13.33.40:513][  0]LogUObjectAllocator: 5137176 out of 0 bytes used by permanent object pool.
[2015.05.06-13.33.41:158][  0]LogEngine: Initializing Engine...
[2015.05.06-13.33.43:941][  0]LogInit: XAudio2 using 'Haut-parleurs (2- Périphérique High Definition Audio)' : 2 channels at 44.1 kHz using 16 bits per sample (channel mask 0x3)
[2015.05.06-13.33.43:969][  0]LogInit: FAudioDevice initialized.
[2015.05.06-13.33.44:405][  0]LogAIModule: Creating AISystem for world NewWorld
[2015.05.06-13.33.44:499][  0]LogDerivedDataCache: Saved boot cache 0.04s 39MB C:/Users/Philippe/AppData/Local/UnrealEngine/4.7/DerivedDataCache/Boot.ddc.
[2015.05.06-13.33.44:513][  0]LogInit: Texture streaming: Enabled
[2015.05.06-13.33.44:991][  0]LogAnalytics: Creating configured Analytics provider AnalyticsET
[2015.05.06-13.33.44:991][  0]LogAnalytics: ET APIKey = Rocket.Release. APIServer = http://et2.epicgames.com/ET2/. AppVersion = 4.7.6-2513093+++depot+UE4-Releases+4.7
[2015.05.06-13.33.44:991][  0]LogAnalytics: ET APIKey = Rocket.Release. DataRouterUploadURL = https://datarouter-public-service-gamedev.ol.epicgames.net/datarouter/api/v1/public/data. AppVersion = 4.7.6-2513093+++depot+UE4-Releases+4.7
[2015.05.06-13.33.44:991][  0]LogAnalytics: SetUserId 0df459504838d697bb98a6bea833286a|795bd2c13c8c4949af8fb6ead4cba229|56f7e187-0e90-478e-80cd-3b59144cc71d
[2015.05.06-13.33.45:006][  0]LogAnalytics: AnalyticsET::StartSession [Rocket.Release]
[2015.05.06-13.33.45:226][  0]LogInit: Transaction tracking system initialized
[2015.05.06-13.33.48:197][  0]BlueprintLog: New page: Editor Load
[2015.05.06-13.33.48:405][  0]LogAssetRegistry: FAssetRegistry took 0.0380 seconds to start up
[2015.05.06-13.33.48:428][  0]LogDirectoryWatcher:Warning: Failed to begin reading directory changes for ../../../Engine/Plugins/Experimental/CharacterAI/Content/. Error: 0
[2015.05.06-13.33.53:113][  0]LogTargetPlatformManager:Display: Building Assets For Windows
[2015.05.06-13.33.53:477][  0]LogTargetPlatformManager:Display: Building Assets For Windows
[2015.05.06-13.33.57:819][  0]LogSlate:Warning: Failed to load font data from '../../../Engine/Content/Editor/Slate/Fonts/Roboto-Regular.ttf'
[2015.05.06-13.33.57:819][  0]LogSlate:Warning: Failed to load font data from '../../../Engine/Content/Editor/Slate/Fonts/Roboto-Bold.ttf'
[2015.05.06-13.33.58:255][  0]LogConsoleResponse:Display: 
[2015.05.06-13.34.02:678][  0]LogCook:Display: Done creating registry. It took  0.00s.
[2015.05.06-13.34.06:731][  0]SourceControl: Info Source control is disabled
[2015.05.06-13.34.20:418][  0]Cmd: MAP LOAD FILE="../../../../../../Users/Philippe/Desktop/MyProject/Content/FirstPersonBP/Maps/FirstPersonExampleMap.umap" TEMPLATE=0 SHOWPROGRESS=1 FEATURELEVEL=3
[2015.05.06-13.34.20:593][  0]LightingResults: New page: Lighting Build
[2015.05.06-13.34.21:196][  0]MapCheck: New page: Map Check
[2015.05.06-13.34.21:196][  0]LightingResults: New page: Lighting Build
[2015.05.06-13.34.21:230][  0]LogParticles: Destroying 0 GPU particle simulations for FXSystem 0x000000D0BE668D60
[2015.05.06-13.34.21:724][  0]LogLinker:Warning: Asset '../../../Engine/Content/EngineMeshes/Humanoid.uasset' has been saved with empty engine version. The asset will be loaded but may be incompatible.
[2015.05.06-13.34.31:898][  0]LogEditorServer: Finished looking for orphan Actors (0.000 secs)
[2015.05.06-13.34.32:199][  0]LogAIModule: Creating AISystem for world FirstPersonExampleMap
[2015.05.06-13.34.32:258][  0]Cmd: MAP CHECKDEP
[2015.05.06-13.34.32:278][  0]MapCheck: New page: FirstPersonExampleMap - May 6, 2015, 5:34:32 AM
[2015.05.06-13.34.32:395][  0]MapCheck: Info Map check complete: 0 Error(s), 0 Warning(s), took 137.629ms to complete.
[2015.05.06-13.34.32:395][  0]LogFileHelpers: Loading map 'FirstPersonExampleMap' took 11.977
[2015.05.06-13.34.40:544][  0]LogStats:Warning: MetaData mismatch. Did you assign a stat to two groups? New //STATGROUP_Threads//SplashScreenThread///Thread_201c_0///////STATCAT_Advanced//// old //STATGROUP_Threads//SplashScreenThread///Thread_1c2c_0///////STATCAT_Advanced////
[2015.05.06-13.34.40:544][  0]LogCollectionManager: Loaded 0 collections in 0.002652 seconds
[2015.05.06-13.34.40:658][  0]LogContentBrowser: Native class hierarchy populated in 0.1142 seconds. Added 1696 classes and 261 folders.
[2015.05.06-13.34.41:777][  0]LogContentBrowser: Native class hierarchy updated for 'SceneOutliner' in 0.0035 seconds. Added 1 classes and 2 folders.
[2015.05.06-13.34.44:821][  0]LogCrashTracker: Crashtracker disabled due to settings.
[2015.05.06-13.34.45:440][  0]LogSlate:Warning: Failed to load font data from 'Veranda'
[2015.05.06-13.34.45:718][  0]LogUObjectGlobals:Warning: Failed to find object 'Class None.'
[2015.05.06-13.34.46:567][  0]LogLoad: Full Startup: 114.78 seconds (BP compile: 2.67 seconds)
[2015.05.06-13.34.46:695][  0]LogContentBrowser:Verbose: The content browser source was changed by the sources view to '/Game/FirstPersonBP/Blueprints'
[2015.05.06-13.34.48:934][  0]LogRenderer:Warning: Reallocating scene render targets to support 32x32 (Frame:2).
[2015.05.06-13.34.49:704][  0]LogRenderer:Warning: Reallocating scene render targets to support 824x360 (Frame:6).
[2015.05.06-13.34.55:908][163]LogAssetRegistry: Asset discovery search completed in 67.5399 seconds
[2015.05.06-13.34.56:743][201]LogRenderer:Warning: Reallocating scene render targets to support 1008x440 (Frame:332).
[2015.05.06-13.35.07:053][794]BlueprintLog: New page: Pre-PIE auto-recompile
[2015.05.06-13.35.07:054][794]LogPlayLevel: [PIE] Compiling FirstPersonExampleMap before PIE...
[2015.05.06-13.35.07:219][794]LogActorComponent: UnregisterComponent: (/Engine/Transient.ProjectileMovementComponent_40__A6522401) Not registered. Aborting.
[2015.05.06-13.35.07:219][794]LogActorComponent: UnregisterComponent: (/Engine/Transient.CharMoveComp) Not registered. Aborting.
[2015.05.06-13.35.07:487][794]LogPlayLevel: PIE:  Blueprint regeneration took 434 ms (1 blueprints)
[2015.05.06-13.35.07:487][794]PIE: New page: PIE session: FirstPersonExampleMap (May 6, 2015, 5:35:07 AM)
[2015.05.06-13.35.07:621][794]LogPlayLevel: PIE: StaticDuplicateObject took: (0.133567s)
[2015.05.06-13.35.07:622][794]LogPlayLevel: PIE: World Init took: (0.000644s)
[2015.05.06-13.35.07:622][794]LogPlayLevel: PIE: Created PIE world by copying editor world from /Game/FirstPersonBP/Maps/FirstPersonExampleMap.FirstPersonExampleMap to /Game/FirstPersonBP/Maps/UEDPIE_0_FirstPersonExampleMap.FirstPersonExampleMap (0.134469s)
[2015.05.06-13.35.07:934][794]LogWorld: Game class is 'FirstPersonGameMode_C'
[2015.05.06-13.35.08:056][794]LogAIModule: Creating AISystem for world FirstPersonExampleMap
[2015.05.06-13.35.08:065][794]LogWorld: Bringing World /Game/FirstPersonBP/Maps/UEDPIE_0_FirstPersonExampleMap.FirstPersonExampleMap up for play (max tick rate 0) at 2015.05.06-09.35.08
[2015.05.06-13.35.08:131][794]LogWorld: Bringing up level for play took: 0.075090
[2015.05.06-13.35.08:189][794]PIE: Info Play in editor start time for /Game/FirstPersonBP/Maps/UEDPIE_0_FirstPersonExampleMap 1.182
[2015.05.06-13.36.02:464][504]LogCharacterMovement: FirstPersonCharacter_C_0 is stuck and failed to move!
[2015.05.06-13.36.03:376][553]LogParticles: Destroying 0 GPU particle simulations for FXSystem 0x000000D0C7D7AAC0
[2015.05.06-13.36.52:611][737]LogSourceControl: RunCommandInternalRaw: 'git version'
[2015.05.06-13.36.52:611][737]LogSourceControl: RunCommandInternalRaw: ExecProcess ReturnCode=2 OutResults=''
[2015.05.06-13.36.55:373][897]LogSourceControl: RunCommandInternalRaw: 'git version'
[2015.05.06-13.36.55:373][897]LogSourceControl: RunCommandInternalRaw: ExecProcess ReturnCode=2 OutResults=''
[2015.05.06-13.36.55:373][897]LogSourceControl: RunCommandInternalRaw: 'git version'
[2015.05.06-13.36.55:374][897]LogSourceControl: RunCommandInternalRaw: ExecProcess ReturnCode=2 OutResults=''
[2015.05.06-13.36.59:605][116]LogSourceControl: RunCommandInternalRaw: 'git version'
[2015.05.06-13.36.59:605][116]LogSourceControl: RunCommandInternalRaw: ExecProcess ReturnCode=2 OutResults=''
[2015.05.06-13.36.59:605][116]LogSourceControl: RunCommandInternalRaw: 'git version'
[2015.05.06-13.36.59:605][116]LogSourceControl: RunCommandInternalRaw: ExecProcess ReturnCode=2 OutResults=''
[2015.05.06-13.37.17:869][186]LogSourceControl: RunCommandInternalRaw: 'git version'
[2015.05.06-13.37.17:869][186]LogSourceControl: RunCommandInternalRaw: ExecProcess ReturnCode=2 OutResults=''
[2015.05.06-13.37.17:869][186]LogSourceControl: RunCommandInternalRaw: 'git version'
[2015.05.06-13.37.17:869][186]LogSourceControl: RunCommandInternalRaw: ExecProcess ReturnCode=2 OutResults=''
[2015.05.06-13.37.30:826][317]LogSourceControl: RunCommandInternalRaw: 'git version'
[2015.05.06-13.37.30:827][317]LogSourceControl: RunCommandInternalRaw: ExecProcess ReturnCode=2 OutResults=''
[2015.05.06-13.37.30:827][317]LogSourceControl: RunCommandInternalRaw: 'git version'
[2015.05.06-13.37.30:828][317]LogSourceControl: RunCommandInternalRaw: ExecProcess ReturnCode=2 OutResults=''
[2015.05.06-13.37.31:933][386]SourceControl:Error: Error Failed to connect to source control. Check your settings and connection then try again.
[2015.05.06-13.37.44:768][898]SourceControl:Error: Error Failed to connect to source control. Check your settings and connection then try again.
[2015.05.06-13.37.45:549][922]SourceControl:Error: Error Failed to connect to source control. Check your settings and connection then try again.
[2015.05.06-13.37.46:588][959]SourceControl: Info Source control is disabled
[2015.05.06-13.37.50:352][137]LogActorComponent: UnregisterComponent: (/Engine/Transient.ProjectileMovementComponent_40__A6522401) Not registered. Aborting.
[2015.05.06-13.37.50:352][137]LogActorComponent: UnregisterComponent: (/Engine/Transient.CharMoveComp) Not registered. Aborting.
[2015.05.06-13.37.52:609][138]Cmd: QUIT_EDITOR
[2015.05.06-13.37.52:830][138]LogExit: Preparing to exit.
[2015.05.06-13.37.53:838][138]LogExit: Editor shut down
[2015.05.06-13.37.53:838][138]LogExit: Transaction tracking system shut down
[2015.05.06-13.37.53:839][138]LogParticles: Destroying 0 GPU particle simulations for FXSystem 0x000000D0C7BEBD80
[2015.05.06-13.37.53:839][138]LogParticles: Destroying 0 GPU particle simulations for FXSystem 0x000000D0C6C64360
[2015.05.06-13.37.53:839][138]LogParticles: Destroying 0 GPU particle simulations for FXSystem 0x000000D0C6EC7C40
[2015.05.06-13.37.53:839][138]LogParticles: Destroying 0 GPU particle simulations for FXSystem 0x000000D0C6EC76A0
[2015.05.06-13.37.53:880][138]LogParticles: Destroying 0 GPU particle simulations for FXSystem 0x000000D0C6D4AFC0
[2015.05.06-13.37.53:880][138]LogExit: Object subsystem successfully closed.
[2015.05.06-13.37.53:927][138]LogModuleManager: Shutting down and abandoning module CrashTracker (177)
[2015.05.06-13.37.53:927][138]LogModuleManager: Shutting down and abandoning module SuperSearch (176)
[2015.05.06-13.37.53:927][138]LogModuleManager: Shutting down and abandoning module SceneOutliner (175)
[2015.05.06-13.37.53:927][138]LogModuleManager: Shutting down and abandoning module EditorWidgets (174)
[2015.05.06-13.37.53:927][138]LogModuleManager: Shutting down and abandoning module CollectionManager (173)
[2015.05.06-13.37.53:927][138]LogModuleManager: Shutting down and abandoning module StatsViewer (172)
[2015.05.06-13.37.53:927][138]LogModuleManager: Shutting down and abandoning module FoliageEdit (171)
[2015.05.06-13.37.53:927][138]LogModuleManager: Shutting down and abandoning module LandscapeEditor (170)
[2015.05.06-13.37.53:927][138]LogModuleManager: Shutting down and abandoning module MeshPaint (169)
[2015.05.06-13.37.53:927][138]LogModuleManager: Shutting down and abandoning module ActorPickerMode (168)
[2015.05.06-13.37.53:927][138]LogModuleManager: Shutting down and abandoning module GeometryMode (167)
[2015.05.06-13.37.53:927][138]LogModuleManager: Shutting down and abandoning module TextureAlignMode (166)
[2015.05.06-13.37.53:927][138]LogModuleManager: Shutting down and abandoning module BspMode (165)
[2015.05.06-13.37.53:927][138]LogModuleManager: Shutting down and abandoning module PlacementMode (164)
[2015.05.06-13.37.53:927][138]LogModuleManager: Shutting down and abandoning module AutomationWorker (163)
[2015.05.06-13.37.53:927][138]LogModuleManager: Shutting down and abandoning module CharacterAI (162)
[2015.05.06-13.37.53:927][138]LogModuleManager: Shutting down and abandoning module SmartSnapping (161)
[2015.05.06-13.37.53:927][138]LogModuleManager: Shutting down and abandoning module ViewportSnapping (160)
[2015.05.06-13.37.53:927][138]LogModuleManager: Shutting down and abandoning module LogVisualizer (159)
[2015.05.06-13.37.53:927][138]LogModuleManager: Shutting down and abandoning module GameProjectGeneration (158)
[2015.05.06-13.37.53:927][138]LogModuleManager: Shutting down and abandoning module IntroTutorials (157)
[2015.05.06-13.37.53:927][138]LogModuleManager: Shutting down and abandoning module EditorLiveStreaming (156)
[2015.05.06-13.37.53:927][138]LogModuleManager: Shutting down and abandoning module HardwareTargeting (155)
[2015.05.06-13.37.53:927][138]LogModuleManager: Shutting down and abandoning module DeviceProfileEditor (154)
[2015.05.06-13.37.53:927][138]LogModuleManager: Shutting down and abandoning module UndoHistory (153)
[2015.05.06-13.37.53:927][138]LogModuleManager: Shutting down and abandoning module GameplayTagsEditor (152)
[2015.05.06-13.37.53:927][138]LogModuleManager: Shutting down and abandoning module UserFeedback (151)
[2015.05.06-13.37.53:927][138]LogModuleManager: Shutting down and abandoning module XmlParser (150)
[2015.05.06-13.37.53:927][138]LogModuleManager: Shutting down and abandoning module Blutility (149)
[2015.05.06-13.37.53:927][138]LogModuleManager: Shutting down and abandoning module IOSPlatformEditor (148)
[2015.05.06-13.37.53:927][138]LogModuleManager: Shutting down and abandoning module IOSRuntimeSettings (147)
[2015.05.06-13.37.53:927][138]LogModuleManager: Shutting down and abandoning module AndroidDeviceDetection (146)
[2015.05.06-13.37.54:905][138]LogModuleManager: Shutting down and abandoning module AndroidPlatformEditor (145)
[2015.05.06-13.37.54:905][138]LogModuleManager: Shutting down and abandoning module AndroidRuntimeSettings (144)
[2015.05.06-13.37.54:905][138]LogModuleManager: Shutting down and abandoning module ProjectTargetPlatformEditor (143)
[2015.05.06-13.37.54:905][138]LogModuleManager: Shutting down and abandoning module ProjectSettingsViewer (142)
[2015.05.06-13.37.54:905][138]LogModuleManager: Shutting down and abandoning module InputBindingEditor (141)
[2015.05.06-13.37.54:905][138]LogModuleManager: Shutting down and abandoning module EditorSettingsViewer (140)
[2015.05.06-13.37.54:905][138]LogModuleManager: Shutting down and abandoning module SettingsEditor (139)
[2015.05.06-13.37.54:905][138]LogModuleManager: Shutting down and abandoning module ProjectLauncher (138)
[2015.05.06-13.37.54:905][138]LogModuleManager: Shutting down and abandoning module SessionFrontend (137)
[2015.05.06-13.37.54:905][138]LogModuleManager: Shutting down and abandoning module ProfilerClient (136)
[2015.05.06-13.37.54:905][138]LogModuleManager: Shutting down and abandoning module TargetDeviceServices (135)
[2015.05.06-13.37.54:905][138]LogModuleManager: Shutting down and abandoning module DeviceManager (134)
[2015.05.06-13.37.54:905][138]LogModuleManager: Shutting down and abandoning module AutomationController (133)
[2015.05.06-13.37.54:905][138]LogModuleManager: Shutting down and abandoning module AutomationWindow (132)
[2015.05.06-13.37.54:905][138]LogModuleManager: Shutting down and abandoning module Layers (131)
[2015.05.06-13.37.54:905][138]LogModuleManager: Shutting down and abandoning module ComponentVisualizers (130)
[2015.05.06-13.37.54:905][138]LogModuleManager: Shutting down and abandoning module DetailCustomizations (129)
[2015.05.06-13.37.54:905][138]LogModuleManager: Shutting down and abandoning module PackagesDialog (128)
[2015.05.06-13.37.54:906][138]LogModuleManager: Shutting down and abandoning module AssetRegistry (127)
[2015.05.06-13.37.54:966][138]LogModuleManager: Shutting down and abandoning module Persona (126)
[2015.05.06-13.37.54:966][138]LogModuleManager: Shutting down and abandoning module SlateReflector (125)
[2015.05.06-13.37.54:966][138]LogModuleManager: Shutting down and abandoning module LevelEditor (124)
[2015.05.06-13.37.54:967][138]LogModuleManager: Shutting down and abandoning module Kismet (123)
[2015.05.06-13.37.54:967][138]LogModuleManager: Shutting down and abandoning module GraphEditor (122)
[2015.05.06-13.37.54:967][138]LogModuleManager: Shutting down and abandoning module ClassViewer (121)
[2015.05.06-13.37.54:967][138]LogModuleManager: Shutting down and abandoning module Toolbox (120)
[2015.05.06-13.37.54:967][138]LogModuleManager: Shutting down and abandoning module ModuleUI (119)
[2015.05.06-13.37.54:967][138]LogModuleManager: Shutting down and abandoning module MovieSceneTools (118)
[2015.05.06-13.37.54:967][138]LogModuleManager: Shutting down and abandoning module OutputLog (117)
[2015.05.06-13.37.54:967][138]LogModuleManager: Shutting down and abandoning module GammaUI (116)
[2015.05.06-13.37.54:967][138]LogModuleManager: Shutting down and abandoning module Documentation (115)
[2015.05.06-13.37.54:967][138]LogModuleManager: Shutting down and abandoning module GameLiveStreaming (114)
[2015.05.06-13.37.54:967][138]LogModuleManager: Shutting down and abandoning module StreamingPauseRendering (113)
[2015.05.06-13.37.54:967][138]LogModuleManager: Shutting down and abandoning module HTTP (112)
[2015.05.06-13.37.54:967][138]LogModuleManager: Shutting down and abandoning module AnalyticsET (111)
[2015.05.06-13.37.54:967][138]LogModuleManager: Shutting down and abandoning module Analytics (110)
[2015.05.06-13.37.54:967][138]LogModuleManager: Shutting down and abandoning module AITestSuite (109)
[2015.05.06-13.37.54:967][138]LogModuleManager: Shutting down and abandoning module GameplayDebugger (108)
[2015.05.06-13.37.54:967][138]LogModuleManager: Shutting down and abandoning module AIModule (107)
[2015.05.06-13.37.54:967][138]LogModuleManager: Shutting down and abandoning module ProfilerService (106)
[2015.05.06-13.37.55:203][138]LogModuleManager: Shutting down and abandoning module TaskGraph (105)
[2015.05.06-13.37.55:203][138]LogModuleManager: Shutting down and abandoning module SlateRemote (104)
[2015.05.06-13.37.55:203][138]LogModuleManager: Shutting down and abandoning module ScriptEditorPlugin (103)
[2015.05.06-13.37.55:203][138]LogModuleManager: Shutting down and abandoning module CustomMeshComponent (102)
[2015.05.06-13.37.55:203][138]LogModuleManager: Shutting down and abandoning module CableComponent (101)
[2015.05.06-13.37.55:203][138]LogModuleManager: Shutting down and abandoning module MessagingDebugger (100)
[2015.05.06-13.37.55:203][138]LogModuleManager: Shutting down and abandoning module MediaPlayerEditor (99)
[2015.05.06-13.37.55:203][138]LogModuleManager: Shutting down and abandoning module SpeedTreeImporter (98)
[2015.05.06-13.37.55:203][138]LogModuleManager: Shutting down and abandoning module PluginsEditor (97)
[2015.05.06-13.37.55:203][138]LogModuleManager: Shutting down and abandoning module MainFrame (96)
[2015.05.06-13.37.55:203][138]LogModuleManager: Shutting down and abandoning module EpicSurvey (95)
[2015.05.06-13.37.55:203][138]LogModuleManager: Shutting down and abandoning module DesktopPlatform (94)
[2015.05.06-13.37.55:203][138]LogModuleManager: Shutting down and abandoning module DirectoryWatcher (93)
[2015.05.06-13.37.55:203][138]LogModuleManager: Shutting down and abandoning module HotReload (92)
[2015.05.06-13.37.55:203][138]LogModuleManager: Shutting down and abandoning module VisualStudioSourceCodeAccess (91)
[2015.05.06-13.37.55:203][138]LogModuleManager: Shutting down and abandoning module UObjectPlugin (90)
[2015.05.06-13.37.55:203][138]LogModuleManager: Shutting down and abandoning module SubversionSourceControl (89)
[2015.05.06-13.37.55:204][138]LogModuleManager: Shutting down and abandoning module PerforceSourceControl (88)
[2015.05.06-13.37.55:204][138]LogModuleManager: Shutting down and abandoning module SourceControl (87)
[2015.05.06-13.37.55:204][138]LogModuleManager: Shutting down and abandoning module GitSourceControl (86)
[2015.05.06-13.37.55:204][138]LogModuleManager: Shutting down and abandoning module BlankPlugin (85)
[2015.05.06-13.37.55:204][138]LogModuleManager: Shutting down and abandoning module PaperTiledImporter (84)
[2015.05.06-13.37.55:204][138]LogModuleManager: Shutting down and abandoning module PaperJsonImporter (83)
[2015.05.06-13.37.55:204][138]LogModuleManager: Shutting down and abandoning module ContentBrowser (82)
[2015.05.06-13.37.55:205][138]LogModuleManager: Shutting down and abandoning module Paper2DEditor (81)
[2015.05.06-13.37.55:205][138]LogModuleManager: Shutting down and abandoning module ScriptPlugin (80)
[2015.05.06-13.37.55:205][138]LogModuleManager: Shutting down and abandoning module UdpMessaging (79)
[2015.05.06-13.37.55:306][138]LogModuleManager: Shutting down and abandoning module Paper2D (78)
[2015.05.06-13.37.55:306][138]LogModuleManager: Shutting down and abandoning module WindowsMoviePlayer (77)
[2015.05.06-13.37.55:308][138]LogModuleManager: Shutting down and abandoning module Media (76)
[2015.05.06-13.37.55:308][138]LogModuleManager: Shutting down and abandoning module WmfMedia (75)
[2015.05.06-13.37.55:308][138]LogModuleManager: Shutting down and abandoning module OnlineBlueprintSupport (74)
[2015.05.06-13.37.55:308][138]LogModuleManager: Shutting down and abandoning module PropertyEditor (73)
[2015.05.06-13.37.55:308][138]LogModuleManager: Shutting down and abandoning module BehaviorTreeEditor (72)
[2015.05.06-13.37.55:308][138]LogModuleManager: Shutting down and abandoning module FunctionalTesting (71)
[2015.05.06-13.37.55:308][138]LogModuleManager: Shutting down and abandoning module CollisionAnalyzer (70)
[2015.05.06-13.37.55:308][138]LogModuleManager: Shutting down and abandoning module WorkspaceMenuStructure (69)
[2015.05.06-13.37.55:308][138]LogModuleManager: Shutting down and abandoning module MessageLog (68)
[2015.05.06-13.37.55:308][138]LogModuleManager: Shutting down and abandoning module Sequencer (67)
[2015.05.06-13.37.55:308][138]LogModuleManager: Shutting down and abandoning module AssetTools (66)
[2015.05.06-13.37.55:308][138]LogModuleManager: Shutting down and abandoning module UMGEditor (65)
[2015.05.06-13.37.55:308][138]LogModuleManager: Shutting down and abandoning module UMG (64)
[2015.05.06-13.37.55:308][138]LogModuleManager: Shutting down and abandoning module Slate (63)
[2015.05.06-13.37.55:308][138]LogModuleManager: Shutting down and abandoning module EditorStyle (62)
[2015.05.06-13.37.55:312][138]LogModuleManager: Shutting down and abandoning module SessionServices (61)
[2015.05.06-13.37.55:312][138]LogModuleManager: Shutting down and abandoning module SourceCodeAccess (60)
[2015.05.06-13.37.55:312][138]LogModuleManager: Shutting down and abandoning module HeadMountedDisplay (59)
[2015.05.06-13.37.55:312][138]LogModuleManager: Shutting down and abandoning module XAudio2 (58)
[2015.05.06-13.37.55:312][138]LogModuleManager: Shutting down and abandoning module Networking (56)
[2015.05.06-13.37.55:312][138]LogModuleManager: Shutting down and abandoning module Core (55)
[2015.05.06-13.37.55:312][138]LogModuleManager: Shutting down and abandoning module KismetCompiler (54)
[2015.05.06-13.37.55:312][138]LogModuleManager: Shutting down and abandoning module PhysXFormats (53)
[2015.05.06-13.37.55:312][138]LogModuleManager: Shutting down and abandoning module MeshUtilities (52)
[2015.05.06-13.37.55:312][138]LogModuleManager: Shutting down and abandoning module DerivedDataCache (51)
[2015.05.06-13.37.55:389][138]LogDerivedDataCache: Shutdown
[2015.05.06-13.37.55:389][138]LogModuleManager: Shutting down and abandoning module ShaderFormatOpenGL (50)
[2015.05.06-13.37.55:389][138]LogModuleManager: Shutting down and abandoning module ShaderFormatD3D (49)
[2015.05.06-13.37.55:389][138]LogModuleManager: Shutting down and abandoning module MetalShaderFormat (48)
[2015.05.06-13.37.55:389][138]LogModuleManager: Shutting down and abandoning module TextureFormatUncompressed (47)
[2015.05.06-13.37.55:389][138]LogModuleManager: Shutting down and abandoning module TextureFormatPVR (46)
[2015.05.06-13.37.55:389][138]LogModuleManager: Shutting down and abandoning module TextureFormatIntelISPCTexComp (45)
[2015.05.06-13.37.55:389][138]LogModuleManager: Shutting down and abandoning module TextureFormatDXT (44)
[2015.05.06-13.37.55:389][138]LogModuleManager: Shutting down and abandoning module ImageWrapper (43)
[2015.05.06-13.37.55:389][138]LogModuleManager: Shutting down and abandoning module TextureFormatASTC (42)
[2015.05.06-13.37.55:389][138]LogModuleManager: Shutting down and abandoning module TextureFormatAndroid (41)
[2015.05.06-13.37.55:389][138]LogModuleManager: Shutting down and abandoning module AudioFormatOpus (40)
[2015.05.06-13.37.55:389][138]LogModuleManager: Shutting down and abandoning module AudioFormatOgg (39)
[2015.05.06-13.37.55:389][138]LogModuleManager: Shutting down and abandoning module AudioFormatADPCM (38)
[2015.05.06-13.37.55:389][138]LogModuleManager: Shutting down and abandoning module LinuxTargetPlatform (37)
[2015.05.06-13.37.55:389][138]LogModuleManager: Shutting down and abandoning module LinuxServerTargetPlatform (36)
[2015.05.06-13.37.55:389][138]LogModuleManager: Shutting down and abandoning module LinuxNoEditorTargetPlatform (35)
[2015.05.06-13.37.55:389][138]LogModuleManager: Shutting down and abandoning module Messaging (34)
[2015.05.06-13.37.55:389][138]LogModuleManager: Shutting down and abandoning module IOSTargetPlatform (33)
[2015.05.06-13.37.55:389][138]LogModuleManager: Shutting down and abandoning module HTML5TargetPlatform (32)
[2015.05.06-13.37.55:389][138]LogModuleManager: Shutting down and abandoning module Android_PVRTCTargetPlatform (31)
[2015.05.06-13.37.55:389][138]LogModuleManager: Shutting down and abandoning module Android_ETC2TargetPlatform (30)
[2015.05.06-13.37.55:389][138]LogModuleManager: Shutting down and abandoning module Android_ETC1TargetPlatform (29)
[2015.05.06-13.37.55:389][138]LogModuleManager: Shutting down and abandoning module Android_ES31TargetPlatform (28)
[2015.05.06-13.37.55:389][138]LogModuleManager: Shutting down and abandoning module Android_DXTTargetPlatform (27)
[2015.05.06-13.37.55:389][138]LogModuleManager: Shutting down and abandoning module Android_ATCTargetPlatform (26)
[2015.05.06-13.37.55:389][138]LogModuleManager: Shutting down and abandoning module AndroidTargetPlatform (25)
[2015.05.06-13.37.55:389][138]LogModuleManager: Shutting down and abandoning module WindowsTargetPlatform (24)
[2015.05.06-13.37.55:389][138]LogModuleManager: Shutting down and abandoning module WindowsServerTargetPlatform (23)
[2015.05.06-13.37.55:389][138]LogModuleManager: Shutting down and abandoning module WindowsNoEditorTargetPlatform (22)
[2015.05.06-13.37.55:389][138]LogModuleManager: Shutting down and abandoning module WindowsClientTargetPlatform (21)
[2015.05.06-13.37.55:389][138]LogModuleManager: Shutting down and abandoning module TargetPlatform (20)
[2015.05.06-13.37.55:389][138]LogModuleManager: Shutting down and abandoning module InputCore (19)
[2015.05.06-13.37.55:389][138]LogModuleManager: Shutting down and abandoning module Settings (18)
[2015.05.06-13.37.55:389][138]LogModuleManager: Shutting down and abandoning module OnlineSubsystem (16)
[2015.05.06-13.37.55:389][138]LogModuleManager: Shutting down and abandoning module OculusRift (15)
[2015.05.06-13.37.55:389][138]LogModuleManager: Shutting down and abandoning module ExampleDeviceProfileSelector (14)
[2015.05.06-13.37.55:389][138]LogModuleManager: Shutting down and abandoning module TextureCompressor (13)
[2015.05.06-13.37.55:389][138]LogModuleManager: Shutting down and abandoning module ShaderCore (12)
[2015.05.06-13.37.55:389][138]LogModuleManager: Shutting down and abandoning module Landscape (11)
[2015.05.06-13.37.55:389][138]LogModuleManager: Shutting down and abandoning module SlateRHIRenderer (10)
[2015.05.06-13.37.55:390][138]LogModuleManager: Shutting down and abandoning module OpenGLDrv (9)
[2015.05.06-13.37.55:390][138]LogModuleManager: Shutting down and abandoning module D3D11RHI (8)
[2015.05.06-13.37.55:390][138]LogModuleManager: Shutting down and abandoning module Renderer (7)
[2015.05.06-13.37.55:390][138]LogModuleManager: Shutting down and abandoning module Engine (6)
[2015.05.06-13.37.55:390][138]LogModuleManager: Shutting down and abandoning module CoreUObject (5)
[2015.05.06-13.37.55:391][138]LogModuleManager: Shutting down and abandoning module NetworkFile (4)
[2015.05.06-13.37.55:391][138]LogModuleManager: Shutting down and abandoning module StreamingFile (3)
[2015.05.06-13.37.55:391][138]LogModuleManager: Shutting down and abandoning module SandboxFile (2)
[2015.05.06-13.37.55:391][138]LogModuleManager: Shutting down and abandoning module PakFile (1)
[2015.05.06-13.37.55:391][138]LogExit: Exiting.
[2015.05.06-13.37.55:410][138]Log file closed, 05/06/15 09:37:55
