Log file open, 05/20/15 12:19:46
LogInit:Display: Running engine for game: MyProject
LogInit: Version: 4.7.6-2513093+++depot+UE4-Releases+4.7
LogInit: API Version: 2455222
LogInit: Compiled (64-bit): Apr 15 2015 12:09:54
LogInit: Compiled with Visual C++: 18.00.21005.01
LogInit: Build Configuration: Development
LogInit: Branch Name: ++depot+UE4-Releases+4.7
LogInit: Command line: 
LogInit: Base directory: F:/Unreal Engine/Epic Games/4.7/Engine/Binaries/Win64/
LogInit: Rocket: 1
[2015.05.20-16.19.46:760][  0]LogTaskGraph: Started task graph with 3 named threads and 6 total threads.
[2015.05.20-16.19.46:813][  0]LogOnline:Warning: No default platform service specified for OnlineSubsystem
[2015.05.20-16.19.46:821][  0]LogInit: Presizing for 0 objects not considered by GC, pre-allocating 0 bytes.
[2015.05.20-16.19.46:830][  0]LogInit: Object subsystem initialized
[2015.05.20-16.19.46:831][  0]LogConsoleResponse:Warning: Skipping Unknown console variable: 'TranslucentSortAxis = (X=0.000000,Y=-1.000000,Z=0.000000)'
[2015.05.20-16.19.46:831][  0]LogConsoleResponse:Warning:   Found in ini file 'C:/Users/Tarek/Documents/1) Isart/GD2/Level Design/Unreal/Arrow Shooter/Share/UDK_Project/Saved/Config/Windows/Engine.ini', in section '[/Script/Engine.RendererSettings]'
[2015.05.20-16.19.46:832][  0]LogConsoleResponse:Warning: Skipping Unknown console variable: 'UIScaleRule = ShortestSide'
[2015.05.20-16.19.46:832][  0]LogConsoleResponse:Warning:   Found in ini file 'C:/Users/Tarek/Documents/1) Isart/GD2/Level Design/Unreal/Arrow Shooter/Share/UDK_Project/Saved/Config/Windows/Engine.ini', in section '[/Script/Engine.RendererSettings]'
[2015.05.20-16.19.46:832][  0]LogConsoleResponse:Warning: Skipping Unknown console variable: 'UIScaleCurve = (EditorCurveData=(Keys=),ExternalCurve=None)'
[2015.05.20-16.19.46:832][  0]LogConsoleResponse:Warning:   Found in ini file 'C:/Users/Tarek/Documents/1) Isart/GD2/Level Design/Unreal/Arrow Shooter/Share/UDK_Project/Saved/Config/Windows/Engine.ini', in section '[/Script/Engine.RendererSettings]'
[2015.05.20-16.19.46:832][  0]LogInit: Selected Device Profile: [Windows]
[2015.05.20-16.19.46:832][  0]LogInit: Applying CVar settings loaded from the selected device profile: [Windows]
[2015.05.20-16.19.46:837][  0]LogInit: Computer: BACONMACHINE
[2015.05.20-16.19.46:837][  0]LogInit: User: Tarek
[2015.05.20-16.19.46:837][  0]LogInit: CPU Page size=4096, Cores=4
[2015.05.20-16.19.46:837][  0]LogInit: High frequency timer resolution =2.338348 MHz
[2015.05.20-16.19.46:837][  0]LogMemory: Memory total: Physical=11.9GB (12GB approx) Virtual=131072.0GB
[2015.05.20-16.19.46:837][  0]LogMemory: Platform Memory Stats for Windows
[2015.05.20-16.19.46:837][  0]LogMemory: Process Physical Memory: 45.79 MB used, 45.79 MB peak
[2015.05.20-16.19.46:837][  0]LogMemory: Process Virtual Memory: 26.31 MB used, 26.31 MB peak
[2015.05.20-16.19.46:837][  0]LogMemory: Physical Memory: 5068.54 MB used, 12205.48 MB total
[2015.05.20-16.19.46:837][  0]LogMemory: Virtual Memory: 291.14 MB used, 134217728.00 MB total
[2015.05.20-16.19.46:863][  0]LogD3D11RHI: Found D3D11 adapter 0: NVIDIA GeForce GTX 765M (Feature Level 11_0)
[2015.05.20-16.19.46:863][  0]LogD3D11RHI: Adapter has 1985MB of dedicated video memory, 0MB of dedicated system memory, and 2048MB of shared system memory, 1 output[s]
[2015.05.20-16.19.46:864][  0]LogD3D11RHI: Found D3D11 adapter 1: Microsoft Basic Render Driver (Feature Level 11_0)
[2015.05.20-16.19.46:864][  0]LogD3D11RHI: Adapter has 0MB of dedicated video memory, 0MB of dedicated system memory, and 256MB of shared system memory, 0 output[s]
[2015.05.20-16.19.46:864][  0]LogD3D11RHI: Chosen D3D11 Adapter Id = 0
[2015.05.20-16.19.46:868][  0]LogRHI: Texture pool is 1361 MB (70% of 1945 MB)
[2015.05.20-16.19.46:877][  0]LogD3D11RHI: Async texture creation enabled
[2015.05.20-16.19.46:934][  0]LogTextLocalizationManager: The requested culture ('en_CA') has no localization data; parent culture's ('en') localization data will be used.
[2015.05.20-16.19.46:985][  0]LogTextLocalizationManager:Warning: Loading localization resources contain conflicting entries for (Namespace:UICommands, Key:Save_ToolTip):
Resource: (F:/Unreal Engine/Epic Games/4.7/Engine/Content/Localization/Editor/en/Editor.locres) Hash: (-29098895) String: (Saves the current level to disk)
Resource: (F:/Unreal Engine/Epic Games/4.7/Engine/Content/Localization/Engine/en/Engine.locres) Hash: (-1280300587) String: (Save selected data to vlog file)
[2015.05.20-16.19.46:985][  0]LogTextLocalizationManager:Warning: Loading localization resources contain conflicting entries for (Namespace:ContentBrowser, Key:ImportAssetToolTip):
Resource: (F:/Unreal Engine/Epic Games/4.7/Engine/Content/Localization/Editor/en/Editor.locres) Hash: (-630476809) String: (Import to {0}...)
Resource: (F:/Unreal Engine/Epic Games/4.7/Engine/Content/Localization/Editor/en/Editor.locres) Hash: (1271782899) String: (Imports an asset from file to this folder.)
[2015.05.20-16.19.47:056][  0]LogContentStreaming: Texture pool size is 0.000000MB
[2015.05.20-16.19.49:009][  0]LogTargetPlatformManager:Display: Building Assets For Windows
[2015.05.20-16.19.49:432][  0]LogTargetPlatformManager:Display: Building Assets For Windows
[2015.05.20-16.19.49:477][  0]LogDerivedDataCache:Display: Max Cache Size: 512 MB
[2015.05.20-16.19.49:515][  0]LogDerivedDataCache: Loaded boot cache 0.04s 39MB C:/Users/Tarek/AppData/Local/UnrealEngine/4.7/DerivedDataCache/Boot.ddc.
[2015.05.20-16.19.49:515][  0]LogDerivedDataCache:Display: Loaded Boot cache: C:/Users/Tarek/AppData/Local/UnrealEngine/4.7/DerivedDataCache/Boot.ddc
[2015.05.20-16.19.49:515][  0]LogDerivedDataCache: FDerivedDataBackendGraph:  Pak pak cache file C:/Users/Tarek/Documents/1) Isart/GD2/Level Design/Unreal/Arrow Shooter/Share/UDK_Project/DerivedDataCache/DDC.ddp not found, will not use a pak cache.
[2015.05.20-16.19.49:515][  0]LogDerivedDataCache: Unable to find inner node Pak for hierarchical cache Hierarchy.
[2015.05.20-16.19.49:624][  0]LogDerivedDataCache:Display: Pak cache opened for reading ../../../Engine/DerivedDataCache/Compressed.ddp.
[2015.05.20-16.19.49:636][  0]LogDerivedDataCache: Using Local data cache path C:/Users/Tarek/AppData/Local/UnrealEngine/Common/DerivedDataCache: Writable
[2015.05.20-16.19.49:877][  0]LogMeshUtilities: No automatic mesh reduction module available
[2015.05.20-16.19.49:877][  0]LogMeshUtilities: No automatic mesh merging module available
[2015.05.20-16.19.50:205][  0]LogInit: WinSock: version 1.1 (2.2), MaxSocks=32767, MaxUdp=65467
[2015.05.20-16.19.50:258][  0]LogSlate:Warning: Failed to load font data from '../../../Engine/Content/Slate/Fonts/Roboto-Italic.ttf'
[2015.05.20-16.19.50:905][  0]UdpMessaging: Initializing bridge on interface 0.0.0.0:0 to multicast group 230.0.0.1:6666.
[2015.05.20-16.19.51:058][  0]SourceControl: Info Source control is disabled
[2015.05.20-16.19.51:058][  0]SourceControl: Info Source control is disabled
[2015.05.20-16.19.51:058][  0]SourceControl: Info Source control is disabled
[2015.05.20-16.19.51:058][  0]LogSourceControl: RunCommandInternalRaw: 'git version'
[2015.05.20-16.19.51:058][  0]LogSourceControl: RunCommandInternalRaw: ExecProcess ReturnCode=2 OutResults=''
[2015.05.20-16.19.51:064][  0]SourceControl: Info Source control is disabled
[2015.05.20-16.19.51:189][  0]LogObj: 24232 objects as part of root set at end of initial load.
[2015.05.20-16.19.51:189][  0]LogUObjectAllocator: 5137176 out of 0 bytes used by permanent object pool.
[2015.05.20-16.19.51:256][  0]LogEngine: Initializing Engine...
[2015.05.20-16.19.53:397][  0]LogInit: XAudio2 using 'Speakers (Realtek High Definition Audio)' : 2 channels at 48 kHz using 32 bits per sample (channel mask 0x3)
[2015.05.20-16.19.53:432][  0]LogInit: FAudioDevice initialized.
[2015.05.20-16.19.53:457][  0]LogAIModule: Creating AISystem for world NewWorld
[2015.05.20-16.19.53:476][  0]LogDerivedDataCache: Saved boot cache 0.02s 39MB C:/Users/Tarek/AppData/Local/UnrealEngine/4.7/DerivedDataCache/Boot.ddc.
[2015.05.20-16.19.53:481][  0]LogInit: Texture streaming: Enabled
[2015.05.20-16.19.53:551][  0]LogAnalytics: Creating configured Analytics provider AnalyticsET
[2015.05.20-16.19.53:551][  0]LogAnalytics: ET APIKey = Rocket.Release. APIServer = http://et2.epicgames.com/ET2/. AppVersion = 4.7.6-2513093+++depot+UE4-Releases+4.7
[2015.05.20-16.19.53:551][  0]LogAnalytics: ET APIKey = Rocket.Release. DataRouterUploadURL = https://datarouter-public-service-gamedev.ol.epicgames.net/datarouter/api/v1/public/data. AppVersion = 4.7.6-2513093+++depot+UE4-Releases+4.7
[2015.05.20-16.19.53:551][  0]LogAnalytics: SetUserId 8a5f138b4f704bb37c44dcaf4b79d04d|0696c550c11542fd8dab8af134c02578|f68160a7-2067-4ea7-beb0-3ab86f96e82e
[2015.05.20-16.19.53:551][  0]LogAnalytics: AnalyticsET::StartSession [Rocket.Release]
[2015.05.20-16.19.53:572][  0]LogInit: Transaction tracking system initialized
[2015.05.20-16.19.53:685][  0]BlueprintLog: New page: Editor Load
[2015.05.20-16.19.53:712][  0]LogAssetRegistry: FAssetRegistry took 0.0107 seconds to start up
[2015.05.20-16.19.53:712][  0]LogDirectoryWatcher:Warning: Failed to begin reading directory changes for ../../../Engine/Plugins/Experimental/CharacterAI/Content/. Error: 0
[2015.05.20-16.19.54:160][  0]LogTargetPlatformManager:Display: Building Assets For Windows
[2015.05.20-16.19.54:477][  0]LogTargetPlatformManager:Display: Building Assets For Windows
[2015.05.20-16.19.54:655][  0]LogSlate:Warning: Failed to load font data from '../../../Engine/Content/Editor/Slate/Fonts/Roboto-Regular.ttf'
[2015.05.20-16.19.54:655][  0]LogSlate:Warning: Failed to load font data from '../../../Engine/Content/Editor/Slate/Fonts/Roboto-Bold.ttf'
[2015.05.20-16.19.54:692][  0]LogConsoleResponse:Display: 
[2015.05.20-16.19.54:792][  0]LogCook:Display: Done creating registry. It took  0.00s.
[2015.05.20-16.19.54:886][  0]SourceControl: Info Source control is disabled
[2015.05.20-16.19.54:887][  0]LightingResults: New page: Lighting Build
[2015.05.20-16.19.54:895][  0]MapCheck: New page: Map Check
[2015.05.20-16.19.54:895][  0]LightingResults: New page: Lighting Build
[2015.05.20-16.19.54:901][  0]LogParticles: Destroying 0 GPU particle simulations for FXSystem 0x000000579DF1E980
[2015.05.20-16.19.54:911][  0]LogLinker:Warning: Asset '../../../Engine/Content/EngineMeshes/Humanoid.uasset' has been saved with empty engine version. The asset will be loaded but may be incompatible.
[2015.05.20-16.19.56:422][  0]LogEditorServer: Finished looking for orphan Actors (0.000 secs)
[2015.05.20-16.19.56:428][  0]LogAIModule: Creating AISystem for world FirstPersonExampleMap
[2015.05.20-16.19.56:429][  0]Cmd: MAP CHECKDEP
[2015.05.20-16.19.56:429][  0]MapCheck: New page: FirstPersonExampleMap - May 20, 2015, 8:19:56 AM
[2015.05.20-16.19.56:495][  0]MapCheck: Info Map check complete: 0 Error(s), 0 Warning(s), took 66.193ms to complete.
[2015.05.20-16.19.56:495][  0]LogFileHelpers: Loading map 'FirstPersonExampleMap' took 1.609
[2015.05.20-16.19.56:616][  0]LogCollectionManager: Loaded 0 collections in 0.000956 seconds
[2015.05.20-16.19.56:624][  0]LogContentBrowser: Native class hierarchy populated in 0.0082 seconds. Added 1696 classes and 261 folders.
[2015.05.20-16.19.56:646][  0]LogContentBrowser: Native class hierarchy updated for 'SceneOutliner' in 0.0013 seconds. Added 1 classes and 2 folders.
[2015.05.20-16.19.56:678][  0]LogCrashTracker: Crashtracker disabled due to settings.
[2015.05.20-16.19.56:679][  0]LogSlate:Warning: Failed to load font data from 'Veranda'
[2015.05.20-16.19.56:683][  0]LogUObjectGlobals:Warning: Failed to find object 'Class None.'
[2015.05.20-16.19.56:708][  0]LogLoad: Full Startup: 11.56 seconds (BP compile: 0.64 seconds)
[2015.05.20-16.19.56:749][  0]LogContentBrowser:Verbose: The content browser source was changed by the sources view to '/Game/FirstPersonBP/Blueprints'
[2015.05.20-16.19.56:857][  0]LogRenderer:Warning: Reallocating scene render targets to support 32x32 (Frame:2).
[2015.05.20-16.19.56:966][  0]LogRenderer:Warning: Reallocating scene render targets to support 1208x560 (Frame:6).
[2015.05.20-16.19.57:291][  4]LogAssetRegistry: Asset discovery search completed in 3.5897 seconds
[2015.05.20-16.20.08:991][586]LogRenderer:Warning: Reallocating scene render targets to support 1208x904 (Frame:353).
[2015.05.20-16.20.11:474][723]BlueprintLog: New page: Pre-PIE auto-recompile
[2015.05.20-16.20.11:477][723]LogPlayLevel: [PIE] Compiling FirstPersonExampleMap before PIE...
[2015.05.20-16.20.11:516][723]LogActorComponent: UnregisterComponent: (/Engine/Transient.ProjectileMovementComponent_40__A6522401) Not registered. Aborting.
[2015.05.20-16.20.11:516][723]LogActorComponent: UnregisterComponent: (/Engine/Transient.CharMoveComp) Not registered. Aborting.
[2015.05.20-16.20.11:550][723]LogPlayLevel: PIE:  Blueprint regeneration took 75 ms (1 blueprints)
[2015.05.20-16.20.11:550][723]PIE: New page: PIE session: FirstPersonExampleMap (May 20, 2015, 8:20:11 AM)
[2015.05.20-16.20.11:573][723]LogPlayLevel: PIE: StaticDuplicateObject took: (0.022547s)
[2015.05.20-16.20.11:574][723]LogPlayLevel: PIE: World Init took: (0.000701s)
[2015.05.20-16.20.11:574][723]LogPlayLevel: PIE: Created PIE world by copying editor world from /Game/FirstPersonBP/Maps/FirstPersonExampleMap.FirstPersonExampleMap to /Game/FirstPersonBP/Maps/UEDPIE_0_FirstPersonExampleMap.FirstPersonExampleMap (0.023488s)
[2015.05.20-16.20.11:711][723]LogWorld: Game class is 'FirstPersonGameMode_C'
[2015.05.20-16.20.11:713][723]LogAIModule: Creating AISystem for world FirstPersonExampleMap
[2015.05.20-16.20.11:720][723]LogWorld: Bringing World /Game/FirstPersonBP/Maps/UEDPIE_0_FirstPersonExampleMap.FirstPersonExampleMap up for play (max tick rate 60) at 2015.05.20-12.20.11
[2015.05.20-16.20.11:722][723]LogWorld: Bringing up level for play took: 0.008032
[2015.05.20-16.20.11:723][723]PIE: Info Play in editor start time for /Game/FirstPersonBP/Maps/UEDPIE_0_FirstPersonExampleMap 0.338
[2015.05.20-16.20.13:637][831]LogParticles: Destroying 0 GPU particle simulations for FXSystem 0x00000057A8FA7600
[2015.05.20-16.20.25:217][258]LogContentBrowser:Verbose: The content browser source was changed by the sources view to '/Game/FirstPersonBP/Audio'
[2015.05.20-16.20.25:886][296]LogContentBrowser:Verbose: The content browser source was changed by the sources view to '/Game/FirstPersonBP/Animations'
[2015.05.20-16.20.26:368][312]LogContentBrowser:Verbose: The content browser source was changed by the sources view to '/Game/FirstPersonBP/Audio'
[2015.05.20-16.20.26:860][339]LogContentBrowser:Verbose: The content browser source was changed by the sources view to '/Game/FirstPersonBP/Blueprints'
[2015.05.20-16.20.27:525][364]LogContentBrowser:Verbose: The content browser source was changed by the sources view to '/Game/FirstPersonBP/Character'
[2015.05.20-16.20.33:239][549]BlueprintLog: New page: Pre-PIE auto-recompile
[2015.05.20-16.20.33:242][549]LogPlayLevel: [PIE] Compiling FirstPersonExampleMap before PIE...
[2015.05.20-16.20.33:276][549]LogActorComponent: UnregisterComponent: (/Engine/Transient.ProjectileMovementComponent_40__A6522401) Not registered. Aborting.
[2015.05.20-16.20.33:276][549]LogActorComponent: UnregisterComponent: (/Engine/Transient.CharMoveComp) Not registered. Aborting.
[2015.05.20-16.20.33:300][549]LogPlayLevel: PIE:  Blueprint regeneration took 60 ms (1 blueprints)
[2015.05.20-16.20.33:300][549]PIE: New page: PIE session: FirstPersonExampleMap (May 20, 2015, 8:20:33 AM)
[2015.05.20-16.20.33:323][549]LogPlayLevel: PIE: StaticDuplicateObject took: (0.022577s)
[2015.05.20-16.20.33:325][549]LogPlayLevel: PIE: World Init took: (0.001369s)
[2015.05.20-16.20.33:325][549]LogPlayLevel: PIE: Created PIE world by copying editor world from /Game/FirstPersonBP/Maps/FirstPersonExampleMap.FirstPersonExampleMap to /Game/FirstPersonBP/Maps/UEDPIE_0_FirstPersonExampleMap.FirstPersonExampleMap (0.024178s)
[2015.05.20-16.20.33:370][549]LogWorld: Game class is 'FirstPersonGameMode_C'
[2015.05.20-16.20.33:372][549]LogAIModule: Creating AISystem for world FirstPersonExampleMap
[2015.05.20-16.20.33:379][549]LogWorld: Bringing World /Game/FirstPersonBP/Maps/UEDPIE_0_FirstPersonExampleMap.FirstPersonExampleMap up for play (max tick rate 60) at 2015.05.20-12.20.33
[2015.05.20-16.20.33:380][549]LogWorld: Bringing up level for play took: 0.007568
[2015.05.20-16.20.33:381][549]PIE: Info Play in editor start time for /Game/FirstPersonBP/Maps/UEDPIE_0_FirstPersonExampleMap -0.004
[2015.05.20-16.21.01:846][249]LogParticles: Destroying 0 GPU particle simulations for FXSystem 0x00000057A29C4400
[2015.05.20-16.21.18:356][221]LogEditorViewport: Clicking on Actor (LMB): Cube_Blueprint_C (Cube_Blueprint)
[2015.05.20-16.21.19:140][265]LogEditorViewport: Clicking on Actor (LMB): Cube_Blueprint_C (Cube_Blueprint)
[2015.05.20-16.21.19:566][289]LogEditorViewport: Clicking on Actor (LMB): BP_Sky_Sphere_C (SkySphereBlueprint)
[2015.05.20-16.22.07:503][164]LogEditorViewport: Clicking on Actor (LMB): StaticMeshActor (Cylinder)
[2015.05.20-16.22.08:448][218]LogEditorViewport: Clicking on Actor (LMB): Cube_Blueprint_C (Cube_Blueprint)
[2015.05.20-16.22.10:532][341]LogEditorViewport: Clicking on Actor (LMB): StaticMeshActor (LargeCube)
[2015.05.20-17.24.29:276][938]LogD3D11RHI: Timed out while waiting for GPU to catch up. (500 ms)
[2015.05.20-17.24.29:365][939]LogHttp:Warning: Timeout processing Http request. 00000057AC3B9440 url=http://et2.epicgames.com/ET2/CollectData.1?SessionID=%7BEFDDB596-4DC7-DBF0-90E9-9094B626EE13%7D&AppID=Rocket.Release&AppVersion=4.7.6-2513093%2B%2B%2Bdepot%2BUE4-Releases%2B4.7&UserID=8a5f138b4f704bb37c44dcaf4b79d04d%7C0696c550c11542fd8dab8af134c02578%7Cf68160a7-2067-4ea7-beb0-3ab86f96e82e&IsEditor=1
[2015.05.20-17.24.29:365][939]LogHttp:Warning: InternetStatusCallbackWinInet: on invalid request 00000057AC3B9440. 
[2015.05.20-17.24.29:365][939]LogHttp:Warning: InternetStatusCallbackWinInet: on invalid request 00000057AC3B9440. 
[2015.05.20-17.24.29:365][939]LogHttp:Warning: InternetStatusCallbackWinInet: on invalid request 00000057AC3B9440. 
[2015.05.20-17.24.40:080][969]LogSavePackage: Save=120.249420ms
[2015.05.20-17.24.40:080][969]LogSavePackage: Moving 'C:/Users/Tarek/Documents/1) Isart/GD2/Level Design/Unreal/Arrow Shooter/Share/UDK_Project/Saved/FirstPersonExampleMap_Auto11B381E6F461D8949F682B0BD5C2850F9.tmp' to 'C:/Users/Tarek/Documents/1) Isart/GD2/Level Design/Unreal/Arrow Shooter/Share/UDK_Project/Saved/Autosaves/Game/FirstPersonBP/Maps/FirstPersonExampleMap_Auto1.umap'
[2015.05.20-17.24.40:086][969]LogFileHelpers: Editor autosave (incl. sublevels) for '/Game/FirstPersonBP/Maps/FirstPersonExampleMap' took 0.323
[2015.05.20-17.24.40:086][969]LogFileHelpers: Editor autosave (incl. sublevels) for all levels took 0.323
[2015.05.20-17.24.58:610][ 56]LogSavePackage: Save=103.289162ms
[2015.05.20-17.24.58:610][ 56]LogSavePackage: Moving 'C:/Users/Tarek/Documents/1) Isart/GD2/Level Design/Unreal/Arrow Shooter/Share/UDK_Project/Saved/FirstPersonExampleMapF20D554D472DC539BC6E3B8AF78124A5.tmp' to 'C:/Users/Tarek/Documents/1) Isart/GD2/Level Design/Unreal/Arrow Shooter/Share/UDK_Project/Content/FirstPersonBP/Maps/FirstPersonExampleMap.umap'
[2015.05.20-17.24.58:633][ 56]LogFileHelpers: Saving map 'FirstPersonExampleMap' took 0.227
[2015.05.20-17.24.59:155][ 57]Cmd: QUIT_EDITOR
[2015.05.20-17.24.59:346][ 57]LogExit: Preparing to exit.
[2015.05.20-17.24.59:576][ 57]LogExit: Editor shut down
[2015.05.20-17.24.59:576][ 57]LogExit: Transaction tracking system shut down
[2015.05.20-17.24.59:577][ 57]LogParticles: Destroying 0 GPU particle simulations for FXSystem 0x000000579710F420
[2015.05.20-17.24.59:577][ 57]LogParticles: Destroying 0 GPU particle simulations for FXSystem 0x00000057A29C4B80
[2015.05.20-17.24.59:577][ 57]LogParticles: Destroying 0 GPU particle simulations for FXSystem 0x000000579522FEC0
[2015.05.20-17.24.59:577][ 57]LogParticles: Destroying 0 GPU particle simulations for FXSystem 0x000000579522FB00
[2015.05.20-17.24.59:578][ 57]LogParticles: Destroying 0 GPU particle simulations for FXSystem 0x00000057A70AD800
[2015.05.20-17.24.59:578][ 57]LogParticles: Destroying 0 GPU particle simulations for FXSystem 0x00000057A29EA480
[2015.05.20-17.24.59:578][ 57]LogParticles: Destroying 0 GPU particle simulations for FXSystem 0x00000057ABFB13A0
[2015.05.20-17.24.59:579][ 57]LogParticles: Destroying 0 GPU particle simulations for FXSystem 0x000000579723AAC0
[2015.05.20-17.24.59:639][ 57]LogParticles: Destroying 0 GPU particle simulations for FXSystem 0x0000005799849940
[2015.05.20-17.24.59:639][ 57]LogExit: Object subsystem successfully closed.
[2015.05.20-17.24.59:682][ 57]LogModuleManager: Shutting down and abandoning module CrashTracker (177)
[2015.05.20-17.24.59:682][ 57]LogModuleManager: Shutting down and abandoning module SuperSearch (176)
[2015.05.20-17.24.59:682][ 57]LogModuleManager: Shutting down and abandoning module SceneOutliner (175)
[2015.05.20-17.24.59:682][ 57]LogModuleManager: Shutting down and abandoning module EditorWidgets (174)
[2015.05.20-17.24.59:682][ 57]LogModuleManager: Shutting down and abandoning module CollectionManager (173)
[2015.05.20-17.24.59:682][ 57]LogModuleManager: Shutting down and abandoning module StatsViewer (172)
[2015.05.20-17.24.59:682][ 57]LogModuleManager: Shutting down and abandoning module FoliageEdit (171)
[2015.05.20-17.24.59:682][ 57]LogModuleManager: Shutting down and abandoning module LandscapeEditor (170)
[2015.05.20-17.24.59:682][ 57]LogModuleManager: Shutting down and abandoning module MeshPaint (169)
[2015.05.20-17.24.59:682][ 57]LogModuleManager: Shutting down and abandoning module ActorPickerMode (168)
[2015.05.20-17.24.59:682][ 57]LogModuleManager: Shutting down and abandoning module GeometryMode (167)
[2015.05.20-17.24.59:682][ 57]LogModuleManager: Shutting down and abandoning module TextureAlignMode (166)
[2015.05.20-17.24.59:682][ 57]LogModuleManager: Shutting down and abandoning module BspMode (165)
[2015.05.20-17.24.59:683][ 57]LogModuleManager: Shutting down and abandoning module PlacementMode (164)
[2015.05.20-17.24.59:683][ 57]LogModuleManager: Shutting down and abandoning module AutomationWorker (163)
[2015.05.20-17.24.59:683][ 57]LogModuleManager: Shutting down and abandoning module CharacterAI (162)
[2015.05.20-17.24.59:683][ 57]LogModuleManager: Shutting down and abandoning module SmartSnapping (161)
[2015.05.20-17.24.59:683][ 57]LogModuleManager: Shutting down and abandoning module ViewportSnapping (160)
[2015.05.20-17.24.59:683][ 57]LogModuleManager: Shutting down and abandoning module LogVisualizer (159)
[2015.05.20-17.24.59:683][ 57]LogModuleManager: Shutting down and abandoning module GameProjectGeneration (158)
[2015.05.20-17.24.59:683][ 57]LogModuleManager: Shutting down and abandoning module IntroTutorials (157)
[2015.05.20-17.24.59:683][ 57]LogModuleManager: Shutting down and abandoning module EditorLiveStreaming (156)
[2015.05.20-17.24.59:683][ 57]LogModuleManager: Shutting down and abandoning module HardwareTargeting (155)
[2015.05.20-17.24.59:683][ 57]LogModuleManager: Shutting down and abandoning module DeviceProfileEditor (154)
[2015.05.20-17.24.59:683][ 57]LogModuleManager: Shutting down and abandoning module UndoHistory (153)
[2015.05.20-17.24.59:683][ 57]LogModuleManager: Shutting down and abandoning module GameplayTagsEditor (152)
[2015.05.20-17.24.59:683][ 57]LogModuleManager: Shutting down and abandoning module UserFeedback (151)
[2015.05.20-17.24.59:683][ 57]LogModuleManager: Shutting down and abandoning module XmlParser (150)
[2015.05.20-17.24.59:683][ 57]LogModuleManager: Shutting down and abandoning module Blutility (149)
[2015.05.20-17.24.59:683][ 57]LogModuleManager: Shutting down and abandoning module IOSPlatformEditor (148)
[2015.05.20-17.24.59:683][ 57]LogModuleManager: Shutting down and abandoning module IOSRuntimeSettings (147)
[2015.05.20-17.24.59:683][ 57]LogModuleManager: Shutting down and abandoning module AndroidDeviceDetection (146)
[2015.05.20-17.25.00:168][ 57]LogModuleManager: Shutting down and abandoning module AndroidPlatformEditor (145)
[2015.05.20-17.25.00:168][ 57]LogModuleManager: Shutting down and abandoning module AndroidRuntimeSettings (144)
[2015.05.20-17.25.00:168][ 57]LogModuleManager: Shutting down and abandoning module ProjectTargetPlatformEditor (143)
[2015.05.20-17.25.00:168][ 57]LogModuleManager: Shutting down and abandoning module ProjectSettingsViewer (142)
[2015.05.20-17.25.00:168][ 57]LogModuleManager: Shutting down and abandoning module InputBindingEditor (141)
[2015.05.20-17.25.00:168][ 57]LogModuleManager: Shutting down and abandoning module EditorSettingsViewer (140)
[2015.05.20-17.25.00:168][ 57]LogModuleManager: Shutting down and abandoning module SettingsEditor (139)
[2015.05.20-17.25.00:168][ 57]LogModuleManager: Shutting down and abandoning module ProjectLauncher (138)
[2015.05.20-17.25.00:168][ 57]LogModuleManager: Shutting down and abandoning module SessionFrontend (137)
[2015.05.20-17.25.00:168][ 57]LogModuleManager: Shutting down and abandoning module ProfilerClient (136)
[2015.05.20-17.25.00:168][ 57]LogModuleManager: Shutting down and abandoning module TargetDeviceServices (135)
[2015.05.20-17.25.00:168][ 57]LogModuleManager: Shutting down and abandoning module DeviceManager (134)
[2015.05.20-17.25.00:168][ 57]LogModuleManager: Shutting down and abandoning module AutomationController (133)
[2015.05.20-17.25.00:168][ 57]LogModuleManager: Shutting down and abandoning module AutomationWindow (132)
[2015.05.20-17.25.00:168][ 57]LogModuleManager: Shutting down and abandoning module Layers (131)
[2015.05.20-17.25.00:168][ 57]LogModuleManager: Shutting down and abandoning module ComponentVisualizers (130)
[2015.05.20-17.25.00:168][ 57]LogModuleManager: Shutting down and abandoning module DetailCustomizations (129)
[2015.05.20-17.25.00:168][ 57]LogModuleManager: Shutting down and abandoning module PackagesDialog (128)
[2015.05.20-17.25.00:168][ 57]LogModuleManager: Shutting down and abandoning module AssetRegistry (127)
[2015.05.20-17.25.00:200][ 57]LogModuleManager: Shutting down and abandoning module Persona (126)
[2015.05.20-17.25.00:200][ 57]LogModuleManager: Shutting down and abandoning module SlateReflector (125)
[2015.05.20-17.25.00:200][ 57]LogModuleManager: Shutting down and abandoning module LevelEditor (124)
[2015.05.20-17.25.00:201][ 57]LogModuleManager: Shutting down and abandoning module Kismet (123)
[2015.05.20-17.25.00:201][ 57]LogModuleManager: Shutting down and abandoning module GraphEditor (122)
[2015.05.20-17.25.00:201][ 57]LogModuleManager: Shutting down and abandoning module ClassViewer (121)
[2015.05.20-17.25.00:201][ 57]LogModuleManager: Shutting down and abandoning module Toolbox (120)
[2015.05.20-17.25.00:201][ 57]LogModuleManager: Shutting down and abandoning module ModuleUI (119)
[2015.05.20-17.25.00:201][ 57]LogModuleManager: Shutting down and abandoning module MovieSceneTools (118)
[2015.05.20-17.25.00:201][ 57]LogModuleManager: Shutting down and abandoning module OutputLog (117)
[2015.05.20-17.25.00:201][ 57]LogModuleManager: Shutting down and abandoning module GammaUI (116)
[2015.05.20-17.25.00:201][ 57]LogModuleManager: Shutting down and abandoning module Documentation (115)
[2015.05.20-17.25.00:201][ 57]LogModuleManager: Shutting down and abandoning module GameLiveStreaming (114)
[2015.05.20-17.25.00:201][ 57]LogModuleManager: Shutting down and abandoning module StreamingPauseRendering (113)
[2015.05.20-17.25.00:201][ 57]LogModuleManager: Shutting down and abandoning module HTTP (112)
[2015.05.20-17.25.00:202][ 57]LogModuleManager: Shutting down and abandoning module AnalyticsET (111)
[2015.05.20-17.25.00:202][ 57]LogModuleManager: Shutting down and abandoning module Analytics (110)
[2015.05.20-17.25.00:202][ 57]LogModuleManager: Shutting down and abandoning module AITestSuite (109)
[2015.05.20-17.25.00:202][ 57]LogModuleManager: Shutting down and abandoning module GameplayDebugger (108)
[2015.05.20-17.25.00:202][ 57]LogModuleManager: Shutting down and abandoning module AIModule (107)
[2015.05.20-17.25.00:202][ 57]LogModuleManager: Shutting down and abandoning module ProfilerService (106)
[2015.05.20-17.25.00:278][ 57]LogModuleManager: Shutting down and abandoning module TaskGraph (105)
[2015.05.20-17.25.00:278][ 57]LogModuleManager: Shutting down and abandoning module SlateRemote (104)
[2015.05.20-17.25.00:278][ 57]LogModuleManager: Shutting down and abandoning module ScriptEditorPlugin (103)
[2015.05.20-17.25.00:278][ 57]LogModuleManager: Shutting down and abandoning module CustomMeshComponent (102)
[2015.05.20-17.25.00:278][ 57]LogModuleManager: Shutting down and abandoning module CableComponent (101)
[2015.05.20-17.25.00:278][ 57]LogModuleManager: Shutting down and abandoning module MessagingDebugger (100)
[2015.05.20-17.25.00:278][ 57]LogModuleManager: Shutting down and abandoning module MediaPlayerEditor (99)
[2015.05.20-17.25.00:278][ 57]LogModuleManager: Shutting down and abandoning module SpeedTreeImporter (98)
[2015.05.20-17.25.00:278][ 57]LogModuleManager: Shutting down and abandoning module PluginsEditor (97)
[2015.05.20-17.25.00:278][ 57]LogModuleManager: Shutting down and abandoning module MainFrame (96)
[2015.05.20-17.25.00:278][ 57]LogModuleManager: Shutting down and abandoning module EpicSurvey (95)
[2015.05.20-17.25.00:278][ 57]LogModuleManager: Shutting down and abandoning module DesktopPlatform (94)
[2015.05.20-17.25.00:278][ 57]LogModuleManager: Shutting down and abandoning module DirectoryWatcher (93)
[2015.05.20-17.25.00:278][ 57]LogModuleManager: Shutting down and abandoning module HotReload (92)
[2015.05.20-17.25.00:278][ 57]LogModuleManager: Shutting down and abandoning module VisualStudioSourceCodeAccess (91)
[2015.05.20-17.25.00:278][ 57]LogModuleManager: Shutting down and abandoning module UObjectPlugin (90)
[2015.05.20-17.25.00:278][ 57]LogModuleManager: Shutting down and abandoning module SubversionSourceControl (89)
[2015.05.20-17.25.00:278][ 57]LogModuleManager: Shutting down and abandoning module PerforceSourceControl (88)
[2015.05.20-17.25.00:278][ 57]LogModuleManager: Shutting down and abandoning module SourceControl (87)
[2015.05.20-17.25.00:278][ 57]LogModuleManager: Shutting down and abandoning module GitSourceControl (86)
[2015.05.20-17.25.00:278][ 57]LogModuleManager: Shutting down and abandoning module BlankPlugin (85)
[2015.05.20-17.25.00:278][ 57]LogModuleManager: Shutting down and abandoning module PaperTiledImporter (84)
[2015.05.20-17.25.00:278][ 57]LogModuleManager: Shutting down and abandoning module PaperJsonImporter (83)
[2015.05.20-17.25.00:278][ 57]LogModuleManager: Shutting down and abandoning module ContentBrowser (82)
[2015.05.20-17.25.00:279][ 57]LogModuleManager: Shutting down and abandoning module Paper2DEditor (81)
[2015.05.20-17.25.00:279][ 57]LogModuleManager: Shutting down and abandoning module ScriptPlugin (80)
[2015.05.20-17.25.00:279][ 57]LogModuleManager: Shutting down and abandoning module UdpMessaging (79)
[2015.05.20-17.25.00:381][ 57]LogModuleManager: Shutting down and abandoning module Paper2D (78)
[2015.05.20-17.25.00:381][ 57]LogModuleManager: Shutting down and abandoning module WindowsMoviePlayer (77)
[2015.05.20-17.25.00:383][ 57]LogModuleManager: Shutting down and abandoning module Media (76)
[2015.05.20-17.25.00:383][ 57]LogModuleManager: Shutting down and abandoning module WmfMedia (75)
[2015.05.20-17.25.00:383][ 57]LogModuleManager: Shutting down and abandoning module OnlineBlueprintSupport (74)
[2015.05.20-17.25.00:383][ 57]LogModuleManager: Shutting down and abandoning module PropertyEditor (73)
[2015.05.20-17.25.00:383][ 57]LogModuleManager: Shutting down and abandoning module BehaviorTreeEditor (72)
[2015.05.20-17.25.00:383][ 57]LogModuleManager: Shutting down and abandoning module FunctionalTesting (71)
[2015.05.20-17.25.00:383][ 57]LogModuleManager: Shutting down and abandoning module CollisionAnalyzer (70)
[2015.05.20-17.25.00:383][ 57]LogModuleManager: Shutting down and abandoning module WorkspaceMenuStructure (69)
[2015.05.20-17.25.00:383][ 57]LogModuleManager: Shutting down and abandoning module MessageLog (68)
[2015.05.20-17.25.00:383][ 57]LogModuleManager: Shutting down and abandoning module Sequencer (67)
[2015.05.20-17.25.00:383][ 57]LogModuleManager: Shutting down and abandoning module AssetTools (66)
[2015.05.20-17.25.00:383][ 57]LogModuleManager: Shutting down and abandoning module UMGEditor (65)
[2015.05.20-17.25.00:383][ 57]LogModuleManager: Shutting down and abandoning module UMG (64)
[2015.05.20-17.25.00:383][ 57]LogModuleManager: Shutting down and abandoning module Slate (63)
[2015.05.20-17.25.00:383][ 57]LogModuleManager: Shutting down and abandoning module EditorStyle (62)
[2015.05.20-17.25.00:386][ 57]LogModuleManager: Shutting down and abandoning module SessionServices (61)
[2015.05.20-17.25.00:386][ 57]LogModuleManager: Shutting down and abandoning module SourceCodeAccess (60)
[2015.05.20-17.25.00:386][ 57]LogModuleManager: Shutting down and abandoning module HeadMountedDisplay (59)
[2015.05.20-17.25.00:386][ 57]LogModuleManager: Shutting down and abandoning module XAudio2 (58)
[2015.05.20-17.25.00:386][ 57]LogModuleManager: Shutting down and abandoning module Networking (56)
[2015.05.20-17.25.00:386][ 57]LogModuleManager: Shutting down and abandoning module Core (55)
[2015.05.20-17.25.00:386][ 57]LogModuleManager: Shutting down and abandoning module KismetCompiler (54)
[2015.05.20-17.25.00:386][ 57]LogModuleManager: Shutting down and abandoning module PhysXFormats (53)
[2015.05.20-17.25.00:386][ 57]LogModuleManager: Shutting down and abandoning module MeshUtilities (52)
[2015.05.20-17.25.00:386][ 57]LogModuleManager: Shutting down and abandoning module DerivedDataCache (51)
[2015.05.20-17.25.00:399][ 57]LogDerivedDataCache: Shutdown
[2015.05.20-17.25.00:399][ 57]LogModuleManager: Shutting down and abandoning module ShaderFormatOpenGL (50)
[2015.05.20-17.25.00:399][ 57]LogModuleManager: Shutting down and abandoning module ShaderFormatD3D (49)
[2015.05.20-17.25.00:399][ 57]LogModuleManager: Shutting down and abandoning module MetalShaderFormat (48)
[2015.05.20-17.25.00:399][ 57]LogModuleManager: Shutting down and abandoning module TextureFormatUncompressed (47)
[2015.05.20-17.25.00:399][ 57]LogModuleManager: Shutting down and abandoning module TextureFormatPVR (46)
[2015.05.20-17.25.00:399][ 57]LogModuleManager: Shutting down and abandoning module TextureFormatIntelISPCTexComp (45)
[2015.05.20-17.25.00:399][ 57]LogModuleManager: Shutting down and abandoning module TextureFormatDXT (44)
[2015.05.20-17.25.00:399][ 57]LogModuleManager: Shutting down and abandoning module ImageWrapper (43)
[2015.05.20-17.25.00:399][ 57]LogModuleManager: Shutting down and abandoning module TextureFormatASTC (42)
[2015.05.20-17.25.00:399][ 57]LogModuleManager: Shutting down and abandoning module TextureFormatAndroid (41)
[2015.05.20-17.25.00:399][ 57]LogModuleManager: Shutting down and abandoning module AudioFormatOpus (40)
[2015.05.20-17.25.00:399][ 57]LogModuleManager: Shutting down and abandoning module AudioFormatOgg (39)
[2015.05.20-17.25.00:399][ 57]LogModuleManager: Shutting down and abandoning module AudioFormatADPCM (38)
[2015.05.20-17.25.00:399][ 57]LogModuleManager: Shutting down and abandoning module LinuxTargetPlatform (37)
[2015.05.20-17.25.00:399][ 57]LogModuleManager: Shutting down and abandoning module LinuxServerTargetPlatform (36)
[2015.05.20-17.25.00:399][ 57]LogModuleManager: Shutting down and abandoning module LinuxNoEditorTargetPlatform (35)
[2015.05.20-17.25.00:399][ 57]LogModuleManager: Shutting down and abandoning module Messaging (34)
[2015.05.20-17.25.00:399][ 57]LogModuleManager: Shutting down and abandoning module IOSTargetPlatform (33)
[2015.05.20-17.25.00:399][ 57]LogModuleManager: Shutting down and abandoning module HTML5TargetPlatform (32)
[2015.05.20-17.25.00:399][ 57]LogModuleManager: Shutting down and abandoning module Android_PVRTCTargetPlatform (31)
[2015.05.20-17.25.00:399][ 57]LogModuleManager: Shutting down and abandoning module Android_ETC2TargetPlatform (30)
[2015.05.20-17.25.00:399][ 57]LogModuleManager: Shutting down and abandoning module Android_ETC1TargetPlatform (29)
[2015.05.20-17.25.00:399][ 57]LogModuleManager: Shutting down and abandoning module Android_ES31TargetPlatform (28)
[2015.05.20-17.25.00:399][ 57]LogModuleManager: Shutting down and abandoning module Android_DXTTargetPlatform (27)
[2015.05.20-17.25.00:399][ 57]LogModuleManager: Shutting down and abandoning module Android_ATCTargetPlatform (26)
[2015.05.20-17.25.00:399][ 57]LogModuleManager: Shutting down and abandoning module AndroidTargetPlatform (25)
[2015.05.20-17.25.00:399][ 57]LogModuleManager: Shutting down and abandoning module WindowsTargetPlatform (24)
[2015.05.20-17.25.00:399][ 57]LogModuleManager: Shutting down and abandoning module WindowsServerTargetPlatform (23)
[2015.05.20-17.25.00:399][ 57]LogModuleManager: Shutting down and abandoning module WindowsNoEditorTargetPlatform (22)
[2015.05.20-17.25.00:399][ 57]LogModuleManager: Shutting down and abandoning module WindowsClientTargetPlatform (21)
[2015.05.20-17.25.00:399][ 57]LogModuleManager: Shutting down and abandoning module TargetPlatform (20)
[2015.05.20-17.25.00:399][ 57]LogModuleManager: Shutting down and abandoning module InputCore (19)
[2015.05.20-17.25.00:399][ 57]LogModuleManager: Shutting down and abandoning module Settings (18)
[2015.05.20-17.25.00:399][ 57]LogModuleManager: Shutting down and abandoning module OnlineSubsystem (16)
[2015.05.20-17.25.00:399][ 57]LogModuleManager: Shutting down and abandoning module OculusRift (15)
[2015.05.20-17.25.00:399][ 57]LogModuleManager: Shutting down and abandoning module ExampleDeviceProfileSelector (14)
[2015.05.20-17.25.00:399][ 57]LogModuleManager: Shutting down and abandoning module TextureCompressor (13)
[2015.05.20-17.25.00:399][ 57]LogModuleManager: Shutting down and abandoning module ShaderCore (12)
[2015.05.20-17.25.00:399][ 57]LogModuleManager: Shutting down and abandoning module Landscape (11)
[2015.05.20-17.25.00:399][ 57]LogModuleManager: Shutting down and abandoning module SlateRHIRenderer (10)
[2015.05.20-17.25.00:401][ 57]LogModuleManager: Shutting down and abandoning module OpenGLDrv (9)
[2015.05.20-17.25.00:401][ 57]LogModuleManager: Shutting down and abandoning module D3D11RHI (8)
[2015.05.20-17.25.00:401][ 57]LogModuleManager: Shutting down and abandoning module Renderer (7)
[2015.05.20-17.25.00:401][ 57]LogModuleManager: Shutting down and abandoning module Engine (6)
[2015.05.20-17.25.00:401][ 57]LogModuleManager: Shutting down and abandoning module CoreUObject (5)
[2015.05.20-17.25.00:401][ 57]LogModuleManager: Shutting down and abandoning module NetworkFile (4)
[2015.05.20-17.25.00:401][ 57]LogModuleManager: Shutting down and abandoning module StreamingFile (3)
[2015.05.20-17.25.00:401][ 57]LogModuleManager: Shutting down and abandoning module SandboxFile (2)
[2015.05.20-17.25.00:401][ 57]LogModuleManager: Shutting down and abandoning module PakFile (1)
[2015.05.20-17.25.00:401][ 57]LogExit: Exiting.
[2015.05.20-17.25.00:405][ 57]Log file closed, 05/20/15 13:25:00
